Thu 22 Sep 20:36:22 UTC 2016;hci0;1E 02 01 1A 1A FF 4C 00 02 15;4a 4e ce 60 7e b0 11 e4 b4 a9 08 00 20 0c 9a 66;6c 66;00 14;61 00
Thu 22 Sep 20:36:36 UTC 2016;hci0;1E 02 01 1A 1A FF 4C 00 02 15;4a 4e ce 60 7e b0 11 e4 b4 a9 08 00 20 0c 9a 66;6c 66;00 14;61 00
Thu 22 Sep 20:36:45 UTC 2016;hci0;1E 02 01 1A 1A FF 4C 00 02 15;4a 4e ce 60 7e b0 11 e4 b4 a9 08 00 20 0c 9a 66;6c 66;00 14;61 00
Thu 22 Sep 20:36:57 UTC 2016;hci0;1E 02 01 1A 1A FF 4C 00 02 15;4a 4e ce 60 7e b0 11 e4 b4 a9 08 00 20 0c 9a 66;6c 66;00 14;61 00
Thu 22 Sep 20:37:07 UTC 2016;hci0;1E 02 01 1A 1A FF 4C 00 02 15;4a 4e ce 60 7e b0 11 e4 b4 a9 08 00 20 0c 9a 66;6c 66;00 14;61 00
Thu 22 Sep 20:37:15 UTC 2016;hci0;1E 02 01 1A 1A FF 4C 00 02 15;4a 4e ce 60 7e b0 11 e4 b4 a9 08 00 20 0c 9a 66;6c 66;00 14;61 00
Thu 22 Sep 20:37:21 UTC 2016;hci0;1E 02 01 1A 1A FF 4C 00 02 15;4a 4e ce 60 7e b0 11 e4 b4 a9 08 00 20 0c 9a 66;6c 66;00 14;61 00
Thu 22 Sep 20:37:27 UTC 2016;hci0;1E 02 01 1A 1A FF 4C 00 02 15;4a 4e ce 60 7e b0 11 e4 b4 a9 08 00 20 0c 9a 66;6c 66;00 14;61 00
Thu 22 Sep 20:37:33 UTC 2016;hci0;1E 02 01 1A 1A FF 4C 00 02 15;4a 4e ce 60 7e b0 11 e4 b4 a9 08 00 20 0c 9a 66;6c 66;00 14;61 00
Thu 22 Sep 20:37:39 UTC 2016;hci0;1E 02 01 1A 1A FF 4C 00 02 15;4a 4e ce 60 7e b0 11 e4 b4 a9 08 00 20 0c 9a 66;6c 66;00 14;61 00
Thu 22 Sep 20:37:45 UTC 2016;hci0;1E 02 01 1A 1A FF 4C 00 02 15;4a 4e ce 60 7e b0 11 e4 b4 a9 08 00 20 0c 9a 66;6c 66;00 14;61 00
Thu 22 Sep 20:37:51 UTC 2016;hci0;1E 02 01 1A 1A FF 4C 00 02 15;4a 4e ce 60 7e b0 11 e4 b4 a9 08 00 20 0c 9a 66;6c 66;00 14;61 00
Thu 22 Sep 20:37:57 UTC 2016;hci0;1E 02 01 1A 1A FF 4C 00 02 15;4a 4e ce 60 7e b0 11 e4 b4 a9 08 00 20 0c 9a 66;6c 66;00 14;61 00
Thu 22 Sep 20:38:02 UTC 2016;hci0;1E 02 01 1A 1A FF 4C 00 02 15;4a 4e ce 60 7e b0 11 e4 b4 a9 08 00 20 0c 9a 66;6c 66;00 14;61 00
Thu 22 Sep 20:38:09 UTC 2016;hci0;1E 02 01 1A 1A FF 4C 00 02 15;4a 4e ce 60 7e b0 11 e4 b4 a9 08 00 20 0c 9a 66;6c 66;00 14;61 00
Thu 22 Sep 20:38:16 UTC 2016;hci0;1E 02 01 1A 1A FF 4C 00 02 15;4a 4e ce 60 7e b0 11 e4 b4 a9 08 00 20 0c 9a 66;6c 66;00 14;61 00
Thu 22 Sep 20:38:21 UTC 2016;hci0;1E 02 01 1A 1A FF 4C 00 02 15;4a 4e ce 60 7e b0 11 e4 b4 a9 08 00 20 0c 9a 66;6c 66;00 14;61 00
Thu 22 Sep 20:38:27 UTC 2016;hci0;1E 02 01 1A 1A FF 4C 00 02 15;4a 4e ce 60 7e b0 11 e4 b4 a9 08 00 20 0c 9a 66;6c 66;00 14;61 00
Thu 22 Sep 20:38:33 UTC 2016;hci0;1E 02 01 1A 1A FF 4C 00 02 15;4a 4e ce 60 7e b0 11 e4 b4 a9 08 00 20 0c 9a 66;6c 66;00 14;61 00
Thu 22 Sep 20:38:39 UTC 2016;hci0;1E 02 01 1A 1A FF 4C 00 02 15;4a 4e ce 60 7e b0 11 e4 b4 a9 08 00 20 0c 9a 66;6c 66;00 14;61 00
Thu 22 Sep 20:38:45 UTC 2016;hci0;1E 02 01 1A 1A FF 4C 00 02 15;4a 4e ce 60 7e b0 11 e4 b4 a9 08 00 20 0c 9a 66;6c 66;00 14;61 00
Thu 22 Sep 20:38:51 UTC 2016;hci0;1E 02 01 1A 1A FF 4C 00 02 15;4a 4e ce 60 7e b0 11 e4 b4 a9 08 00 20 0c 9a 66;6c 66;00 14;61 00
Thu 22 Sep 20:38:57 UTC 2016;hci0;1E 02 01 1A 1A FF 4C 00 02 15;4a 4e ce 60 7e b0 11 e4 b4 a9 08 00 20 0c 9a 66;6c 66;00 14;61 00
Thu 22 Sep 20:39:03 UTC 2016;hci0;1E 02 01 1A 1A FF 4C 00 02 15;4a 4e ce 60 7e b0 11 e4 b4 a9 08 00 20 0c 9a 66;6c 66;00 14;61 00
Thu 22 Sep 20:39:11 UTC 2016;hci0;1E 02 01 1A 1A FF 4C 00 02 15;4a 4e ce 60 7e b0 11 e4 b4 a9 08 00 20 0c 9a 66;6c 66;00 14;61 00
Thu 22 Sep 20:39:17 UTC 2016;hci0;1E 02 01 1A 1A FF 4C 00 02 15;4a 4e ce 60 7e b0 11 e4 b4 a9 08 00 20 0c 9a 66;6c 66;00 14;61 00
Thu 22 Sep 20:39:23 UTC 2016;hci0;1E 02 01 1A 1A FF 4C 00 02 15;4a 4e ce 60 7e b0 11 e4 b4 a9 08 00 20 0c 9a 66;6c 66;00 14;61 00
Thu 22 Sep 20:39:29 UTC 2016;hci0;1E 02 01 1A 1A FF 4C 00 02 15;4a 4e ce 60 7e b0 11 e4 b4 a9 08 00 20 0c 9a 66;6c 66;00 14;61 00
Thu 22 Sep 20:39:35 UTC 2016;hci0;1E 02 01 1A 1A FF 4C 00 02 15;4a 4e ce 60 7e b0 11 e4 b4 a9 08 00 20 0c 9a 66;6c 66;00 14;61 00
Thu 22 Sep 20:39:41 UTC 2016;hci0;1E 02 01 1A 1A FF 4C 00 02 15;4a 4e ce 60 7e b0 11 e4 b4 a9 08 00 20 0c 9a 66;6c 66;00 14;61 00
Thu 22 Sep 20:39:47 UTC 2016;hci0;1E 02 01 1A 1A FF 4C 00 02 15;4a 4e ce 60 7e b0 11 e4 b4 a9 08 00 20 0c 9a 66;6c 66;00 14;61 00
Thu 22 Sep 20:39:53 UTC 2016;hci0;1E 02 01 1A 1A FF 4C 00 02 15;4a 4e ce 60 7e b0 11 e4 b4 a9 08 00 20 0c 9a 66;6c 66;00 14;61 00
Thu 22 Sep 20:39:59 UTC 2016;hci0;1E 02 01 1A 1A FF 4C 00 02 15;4a 4e ce 60 7e b0 11 e4 b4 a9 08 00 20 0c 9a 66;6c 66;00 14;61 00
Thu 22 Sep 20:40:05 UTC 2016;hci0;1E 02 01 1A 1A FF 4C 00 02 15;4a 4e ce 60 7e b0 11 e4 b4 a9 08 00 20 0c 9a 66;6c 66;00 14;61 00
Thu 22 Sep 20:40:10 UTC 2016;hci0;1E 02 01 1A 1A FF 4C 00 02 15;4a 4e ce 60 7e b0 11 e4 b4 a9 08 00 20 0c 9a 66;6c 66;00 14;61 00
Thu 22 Sep 20:40:16 UTC 2016;hci0;1E 02 01 1A 1A FF 4C 00 02 15;4a 4e ce 60 7e b0 11 e4 b4 a9 08 00 20 0c 9a 66;6c 66;00 14;61 00
Thu 22 Sep 20:40:22 UTC 2016;hci0;1E 02 01 1A 1A FF 4C 00 02 15;4a 4e ce 60 7e b0 11 e4 b4 a9 08 00 20 0c 9a 66;6c 66;00 14;61 00
Thu 22 Sep 20:40:28 UTC 2016;hci0;1E 02 01 1A 1A FF 4C 00 02 15;4a 4e ce 60 7e b0 11 e4 b4 a9 08 00 20 0c 9a 66;6c 66;00 14;61 00
Thu 22 Sep 20:40:34 UTC 2016;hci0;1E 02 01 1A 1A FF 4C 00 02 15;4a 4e ce 60 7e b0 11 e4 b4 a9 08 00 20 0c 9a 66;6c 66;00 14;61 00
Thu 22 Sep 20:40:41 UTC 2016;hci0;1E 02 01 1A 1A FF 4C 00 02 15;4a 4e ce 60 7e b0 11 e4 b4 a9 08 00 20 0c 9a 66;6c 66;00 14;61 00
Thu 22 Sep 20:40:47 UTC 2016;hci0;1E 02 01 1A 1A FF 4C 00 02 15;4a 4e ce 60 7e b0 11 e4 b4 a9 08 00 20 0c 9a 66;6c 66;00 14;61 00
Thu 22 Sep 20:40:53 UTC 2016;hci0;1E 02 01 1A 1A FF 4C 00 02 15;4a 4e ce 60 7e b0 11 e4 b4 a9 08 00 20 0c 9a 66;6c 66;00 14;61 00
Thu 22 Sep 20:40:59 UTC 2016;hci0;1E 02 01 1A 1A FF 4C 00 02 15;4a 4e ce 60 7e b0 11 e4 b4 a9 08 00 20 0c 9a 66;6c 66;00 14;61 00
Thu 22 Sep 20:41:05 UTC 2016;hci0;1E 02 01 1A 1A FF 4C 00 02 15;4a 4e ce 60 7e b0 11 e4 b4 a9 08 00 20 0c 9a 66;6c 66;00 14;61 00
Thu 22 Sep 20:41:11 UTC 2016;hci0;1E 02 01 1A 1A FF 4C 00 02 15;4a 4e ce 60 7e b0 11 e4 b4 a9 08 00 20 0c 9a 66;6c 66;00 14;61 00
Thu 22 Sep 20:41:17 UTC 2016;hci0;1E 02 01 1A 1A FF 4C 00 02 15;4a 4e ce 60 7e b0 11 e4 b4 a9 08 00 20 0c 9a 66;6c 66;00 14;61 00
Thu 22 Sep 20:41:23 UTC 2016;hci0;1E 02 01 1A 1A FF 4C 00 02 15;4a 4e ce 60 7e b0 11 e4 b4 a9 08 00 20 0c 9a 66;6c 66;00 14;61 00
Thu 22 Sep 20:41:29 UTC 2016;hci0;1E 02 01 1A 1A FF 4C 00 02 15;4a 4e ce 60 7e b0 11 e4 b4 a9 08 00 20 0c 9a 66;6c 66;00 14;61 00
Thu 22 Sep 20:41:35 UTC 2016;hci0;1E 02 01 1A 1A FF 4C 00 02 15;4a 4e ce 60 7e b0 11 e4 b4 a9 08 00 20 0c 9a 66;6c 66;00 14;61 00
Thu 22 Sep 20:41:41 UTC 2016;hci0;1E 02 01 1A 1A FF 4C 00 02 15;4a 4e ce 60 7e b0 11 e4 b4 a9 08 00 20 0c 9a 66;6c 66;00 14;61 00
Thu 22 Sep 20:41:47 UTC 2016;hci0;1E 02 01 1A 1A FF 4C 00 02 15;4a 4e ce 60 7e b0 11 e4 b4 a9 08 00 20 0c 9a 66;6c 66;00 14;61 00
Thu 22 Sep 20:41:53 UTC 2016;hci0;1E 02 01 1A 1A FF 4C 00 02 15;4a 4e ce 60 7e b0 11 e4 b4 a9 08 00 20 0c 9a 66;6c 66;00 14;61 00
Thu 22 Sep 20:41:59 UTC 2016;hci0;1E 02 01 1A 1A FF 4C 00 02 15;4a 4e ce 60 7e b0 11 e4 b4 a9 08 00 20 0c 9a 66;6c 66;00 14;61 00
Thu 22 Sep 20:42:04 UTC 2016;hci0;1E 02 01 1A 1A FF 4C 00 02 15;4a 4e ce 60 7e b0 11 e4 b4 a9 08 00 20 0c 9a 66;6c 66;00 14;61 00
Thu 22 Sep 20:42:10 UTC 2016;hci0;1E 02 01 1A 1A FF 4C 00 02 15;4a 4e ce 60 7e b0 11 e4 b4 a9 08 00 20 0c 9a 66;6c 66;00 14;61 00
Thu 22 Sep 20:42:16 UTC 2016;hci0;1E 02 01 1A 1A FF 4C 00 02 15;4a 4e ce 60 7e b0 11 e4 b4 a9 08 00 20 0c 9a 66;6c 66;00 14;61 00
Thu 22 Sep 20:42:23 UTC 2016;hci0;1E 02 01 1A 1A FF 4C 00 02 15;4a 4e ce 60 7e b0 11 e4 b4 a9 08 00 20 0c 9a 66;6c 66;00 14;61 00
Thu 22 Sep 20:42:29 UTC 2016;hci0;1E 02 01 1A 1A FF 4C 00 02 15;4a 4e ce 60 7e b0 11 e4 b4 a9 08 00 20 0c 9a 66;6c 66;00 14;61 00
Thu 22 Sep 20:42:34 UTC 2016;hci0;1E 02 01 1A 1A FF 4C 00 02 15;4a 4e ce 60 7e b0 11 e4 b4 a9 08 00 20 0c 9a 66;6c 66;00 14;61 00
Thu 22 Sep 20:42:40 UTC 2016;hci0;1E 02 01 1A 1A FF 4C 00 02 15;4a 4e ce 60 7e b0 11 e4 b4 a9 08 00 20 0c 9a 66;6c 66;00 14;61 00
Thu 22 Sep 20:42:46 UTC 2016;hci0;1E 02 01 1A 1A FF 4C 00 02 15;4a 4e ce 60 7e b0 11 e4 b4 a9 08 00 20 0c 9a 66;6c 66;00 14;61 00
Thu 22 Sep 20:42:52 UTC 2016;hci0;1E 02 01 1A 1A FF 4C 00 02 15;4a 4e ce 60 7e b0 11 e4 b4 a9 08 00 20 0c 9a 66;6c 66;00 14;61 00
Thu 22 Sep 20:42:58 UTC 2016;hci0;1E 02 01 1A 1A FF 4C 00 02 15;4a 4e ce 60 7e b0 11 e4 b4 a9 08 00 20 0c 9a 66;6c 66;00 14;61 00
Thu 22 Sep 20:43:04 UTC 2016;hci0;1E 02 01 1A 1A FF 4C 00 02 15;4a 4e ce 60 7e b0 11 e4 b4 a9 08 00 20 0c 9a 66;6c 66;00 14;61 00
Thu 22 Sep 20:43:10 UTC 2016;hci0;1E 02 01 1A 1A FF 4C 00 02 15;4a 4e ce 60 7e b0 11 e4 b4 a9 08 00 20 0c 9a 66;6c 66;00 14;61 00
Thu 22 Sep 20:43:16 UTC 2016;hci0;1E 02 01 1A 1A FF 4C 00 02 15;4a 4e ce 60 7e b0 11 e4 b4 a9 08 00 20 0c 9a 66;6c 66;00 14;61 00
Thu 22 Sep 20:43:22 UTC 2016;hci0;1E 02 01 1A 1A FF 4C 00 02 15;4a 4e ce 60 7e b0 11 e4 b4 a9 08 00 20 0c 9a 66;6c 66;00 14;61 00
Thu 22 Sep 20:43:28 UTC 2016;hci0;1E 02 01 1A 1A FF 4C 00 02 15;4a 4e ce 60 7e b0 11 e4 b4 a9 08 00 20 0c 9a 66;6c 66;00 14;61 00
Thu 22 Sep 20:43:33 UTC 2016;hci0;1E 02 01 1A 1A FF 4C 00 02 15;4a 4e ce 60 7e b0 11 e4 b4 a9 08 00 20 0c 9a 66;6c 66;00 14;61 00
Thu 22 Sep 20:43:39 UTC 2016;hci0;1E 02 01 1A 1A FF 4C 00 02 15;4a 4e ce 60 7e b0 11 e4 b4 a9 08 00 20 0c 9a 66;6c 66;00 14;61 00
Thu 22 Sep 20:43:45 UTC 2016;hci0;1E 02 01 1A 1A FF 4C 00 02 15;4a 4e ce 60 7e b0 11 e4 b4 a9 08 00 20 0c 9a 66;6c 66;00 14;61 00
Thu 22 Sep 20:43:51 UTC 2016;hci0;1E 02 01 1A 1A FF 4C 00 02 15;4a 4e ce 60 7e b0 11 e4 b4 a9 08 00 20 0c 9a 66;6c 66;00 14;61 00
Thu 22 Sep 20:43:58 UTC 2016;hci0;1E 02 01 1A 1A FF 4C 00 02 15;4a 4e ce 60 7e b0 11 e4 b4 a9 08 00 20 0c 9a 66;6c 66;00 14;61 00
Thu 22 Sep 20:44:04 UTC 2016;hci0;1E 02 01 1A 1A FF 4C 00 02 15;4a 4e ce 60 7e b0 11 e4 b4 a9 08 00 20 0c 9a 66;6c 66;00 14;61 00
Thu 22 Sep 20:44:10 UTC 2016;hci0;1E 02 01 1A 1A FF 4C 00 02 15;4a 4e ce 60 7e b0 11 e4 b4 a9 08 00 20 0c 9a 66;6c 66;00 14;61 00
Thu 22 Sep 20:44:16 UTC 2016;hci0;1E 02 01 1A 1A FF 4C 00 02 15;4a 4e ce 60 7e b0 11 e4 b4 a9 08 00 20 0c 9a 66;6c 66;00 14;61 00
Thu 22 Sep 20:44:22 UTC 2016;hci0;1E 02 01 1A 1A FF 4C 00 02 15;4a 4e ce 60 7e b0 11 e4 b4 a9 08 00 20 0c 9a 66;6c 66;00 14;61 00
Thu 22 Sep 20:44:28 UTC 2016;hci0;1E 02 01 1A 1A FF 4C 00 02 15;4a 4e ce 60 7e b0 11 e4 b4 a9 08 00 20 0c 9a 66;6c 66;00 14;61 00
Thu 22 Sep 20:44:33 UTC 2016;hci0;1E 02 01 1A 1A FF 4C 00 02 15;4a 4e ce 60 7e b0 11 e4 b4 a9 08 00 20 0c 9a 66;6c 66;00 14;61 00
Thu 22 Sep 20:44:39 UTC 2016;hci0;1E 02 01 1A 1A FF 4C 00 02 15;4a 4e ce 60 7e b0 11 e4 b4 a9 08 00 20 0c 9a 66;6c 66;00 14;61 00
Thu 22 Sep 20:44:45 UTC 2016;hci0;1E 02 01 1A 1A FF 4C 00 02 15;4a 4e ce 60 7e b0 11 e4 b4 a9 08 00 20 0c 9a 66;6c 66;00 14;61 00
Thu 22 Sep 20:44:51 UTC 2016;hci0;1E 02 01 1A 1A FF 4C 00 02 15;4a 4e ce 60 7e b0 11 e4 b4 a9 08 00 20 0c 9a 66;6c 66;00 14;61 00
Thu 22 Sep 20:44:57 UTC 2016;hci0;1E 02 01 1A 1A FF 4C 00 02 15;4a 4e ce 60 7e b0 11 e4 b4 a9 08 00 20 0c 9a 66;6c 66;00 14;61 00
Thu 22 Sep 20:45:03 UTC 2016;hci0;1E 02 01 1A 1A FF 4C 00 02 15;4a 4e ce 60 7e b0 11 e4 b4 a9 08 00 20 0c 9a 66;6c 66;00 14;61 00
Thu 22 Sep 20:45:09 UTC 2016;hci0;1E 02 01 1A 1A FF 4C 00 02 15;4a 4e ce 60 7e b0 11 e4 b4 a9 08 00 20 0c 9a 66;6c 66;00 14;61 00
Thu 22 Sep 20:45:15 UTC 2016;hci0;1E 02 01 1A 1A FF 4C 00 02 15;4a 4e ce 60 7e b0 11 e4 b4 a9 08 00 20 0c 9a 66;6c 66;00 14;61 00
Thu 22 Sep 20:45:21 UTC 2016;hci0;1E 02 01 1A 1A FF 4C 00 02 15;4a 4e ce 60 7e b0 11 e4 b4 a9 08 00 20 0c 9a 66;6c 66;00 14;61 00
Thu 22 Sep 20:45:27 UTC 2016;hci0;1E 02 01 1A 1A FF 4C 00 02 15;4a 4e ce 60 7e b0 11 e4 b4 a9 08 00 20 0c 9a 66;6c 66;00 14;61 00
Thu 22 Sep 20:45:33 UTC 2016;hci0;1E 02 01 1A 1A FF 4C 00 02 15;4a 4e ce 60 7e b0 11 e4 b4 a9 08 00 20 0c 9a 66;6c 66;00 14;61 00
Thu 22 Sep 20:45:39 UTC 2016;hci0;1E 02 01 1A 1A FF 4C 00 02 15;4a 4e ce 60 7e b0 11 e4 b4 a9 08 00 20 0c 9a 66;6c 66;00 14;61 00
Thu 22 Sep 20:45:45 UTC 2016;hci0;1E 02 01 1A 1A FF 4C 00 02 15;4a 4e ce 60 7e b0 11 e4 b4 a9 08 00 20 0c 9a 66;6c 66;00 14;61 00
Thu 22 Sep 20:45:51 UTC 2016;hci0;1E 02 01 1A 1A FF 4C 00 02 15;4a 4e ce 60 7e b0 11 e4 b4 a9 08 00 20 0c 9a 66;6c 66;00 14;61 00
Thu 22 Sep 20:45:57 UTC 2016;hci0;1E 02 01 1A 1A FF 4C 00 02 15;4a 4e ce 60 7e b0 11 e4 b4 a9 08 00 20 0c 9a 66;6c 66;00 14;61 00
Thu 22 Sep 20:46:03 UTC 2016;hci0;1E 02 01 1A 1A FF 4C 00 02 15;4a 4e ce 60 7e b0 11 e4 b4 a9 08 00 20 0c 9a 66;6c 66;00 14;61 00
Thu 22 Sep 20:46:09 UTC 2016;hci0;1E 02 01 1A 1A FF 4C 00 02 15;4a 4e ce 60 7e b0 11 e4 b4 a9 08 00 20 0c 9a 66;6c 66;00 14;61 00
Thu 22 Sep 20:46:15 UTC 2016;hci0;1E 02 01 1A 1A FF 4C 00 02 15;4a 4e ce 60 7e b0 11 e4 b4 a9 08 00 20 0c 9a 66;6c 66;00 14;61 00
Thu 22 Sep 20:46:21 UTC 2016;hci0;1E 02 01 1A 1A FF 4C 00 02 15;4a 4e ce 60 7e b0 11 e4 b4 a9 08 00 20 0c 9a 66;6c 66;00 14;61 00
Thu 22 Sep 20:46:27 UTC 2016;hci0;1E 02 01 1A 1A FF 4C 00 02 15;4a 4e ce 60 7e b0 11 e4 b4 a9 08 00 20 0c 9a 66;6c 66;00 14;61 00
Thu 22 Sep 20:46:33 UTC 2016;hci0;1E 02 01 1A 1A FF 4C 00 02 15;4a 4e ce 60 7e b0 11 e4 b4 a9 08 00 20 0c 9a 66;6c 66;00 14;61 00
Thu 22 Sep 20:46:39 UTC 2016;hci0;1E 02 01 1A 1A FF 4C 00 02 15;4a 4e ce 60 7e b0 11 e4 b4 a9 08 00 20 0c 9a 66;6c 66;00 14;61 00
Thu 22 Sep 20:46:45 UTC 2016;hci0;1E 02 01 1A 1A FF 4C 00 02 15;4a 4e ce 60 7e b0 11 e4 b4 a9 08 00 20 0c 9a 66;6c 66;00 14;61 00
Thu 22 Sep 20:46:51 UTC 2016;hci0;1E 02 01 1A 1A FF 4C 00 02 15;4a 4e ce 60 7e b0 11 e4 b4 a9 08 00 20 0c 9a 66;6c 66;00 14;61 00
Thu 22 Sep 20:46:57 UTC 2016;hci0;1E 02 01 1A 1A FF 4C 00 02 15;4a 4e ce 60 7e b0 11 e4 b4 a9 08 00 20 0c 9a 66;6c 66;00 14;61 00
Thu 22 Sep 20:47:03 UTC 2016;hci0;1E 02 01 1A 1A FF 4C 00 02 15;4a 4e ce 60 7e b0 11 e4 b4 a9 08 00 20 0c 9a 66;6c 66;00 14;61 00
Thu 22 Sep 20:47:08 UTC 2016;hci0;1E 02 01 1A 1A FF 4C 00 02 15;4a 4e ce 60 7e b0 11 e4 b4 a9 08 00 20 0c 9a 66;6c 66;00 14;61 00
Thu 22 Sep 20:47:14 UTC 2016;hci0;1E 02 01 1A 1A FF 4C 00 02 15;4a 4e ce 60 7e b0 11 e4 b4 a9 08 00 20 0c 9a 66;6c 66;00 14;61 00
Thu 22 Sep 20:47:20 UTC 2016;hci0;1E 02 01 1A 1A FF 4C 00 02 15;4a 4e ce 60 7e b0 11 e4 b4 a9 08 00 20 0c 9a 66;6c 66;00 14;61 00
Thu 22 Sep 20:47:26 UTC 2016;hci0;1E 02 01 1A 1A FF 4C 00 02 15;4a 4e ce 60 7e b0 11 e4 b4 a9 08 00 20 0c 9a 66;6c 66;00 14;61 00
Thu 22 Sep 20:47:32 UTC 2016;hci0;1E 02 01 1A 1A FF 4C 00 02 15;4a 4e ce 60 7e b0 11 e4 b4 a9 08 00 20 0c 9a 66;6c 66;00 14;61 00
Thu 22 Sep 20:47:38 UTC 2016;hci0;1E 02 01 1A 1A FF 4C 00 02 15;4a 4e ce 60 7e b0 11 e4 b4 a9 08 00 20 0c 9a 66;6c 66;00 14;61 00
Thu 22 Sep 20:47:44 UTC 2016;hci0;1E 02 01 1A 1A FF 4C 00 02 15;4a 4e ce 60 7e b0 11 e4 b4 a9 08 00 20 0c 9a 66;6c 66;00 14;61 00
Thu 22 Sep 20:47:50 UTC 2016;hci0;1E 02 01 1A 1A FF 4C 00 02 15;4a 4e ce 60 7e b0 11 e4 b4 a9 08 00 20 0c 9a 66;6c 66;00 14;61 00
Thu 22 Sep 20:47:56 UTC 2016;hci0;1E 02 01 1A 1A FF 4C 00 02 15;4a 4e ce 60 7e b0 11 e4 b4 a9 08 00 20 0c 9a 66;6c 66;00 14;61 00
Thu 22 Sep 20:48:02 UTC 2016;hci0;1E 02 01 1A 1A FF 4C 00 02 15;4a 4e ce 60 7e b0 11 e4 b4 a9 08 00 20 0c 9a 66;6c 66;00 14;61 00
Thu 22 Sep 20:48:08 UTC 2016;hci0;1E 02 01 1A 1A FF 4C 00 02 15;4a 4e ce 60 7e b0 11 e4 b4 a9 08 00 20 0c 9a 66;6c 66;00 14;61 00
Thu 22 Sep 20:48:14 UTC 2016;hci0;1E 02 01 1A 1A FF 4C 00 02 15;4a 4e ce 60 7e b0 11 e4 b4 a9 08 00 20 0c 9a 66;6c 66;00 14;61 00
Thu 22 Sep 20:48:20 UTC 2016;hci0;1E 02 01 1A 1A FF 4C 00 02 15;4a 4e ce 60 7e b0 11 e4 b4 a9 08 00 20 0c 9a 66;6c 66;00 14;61 00
Thu 22 Sep 20:48:26 UTC 2016;hci0;1E 02 01 1A 1A FF 4C 00 02 15;4a 4e ce 60 7e b0 11 e4 b4 a9 08 00 20 0c 9a 66;6c 66;00 14;61 00
Thu 22 Sep 20:48:32 UTC 2016;hci0;1E 02 01 1A 1A FF 4C 00 02 15;4a 4e ce 60 7e b0 11 e4 b4 a9 08 00 20 0c 9a 66;6c 66;00 14;61 00
Thu 22 Sep 20:48:38 UTC 2016;hci0;1E 02 01 1A 1A FF 4C 00 02 15;4a 4e ce 60 7e b0 11 e4 b4 a9 08 00 20 0c 9a 66;6c 66;00 14;61 00
Thu 22 Sep 20:48:44 UTC 2016;hci0;1E 02 01 1A 1A FF 4C 00 02 15;4a 4e ce 60 7e b0 11 e4 b4 a9 08 00 20 0c 9a 66;6c 66;00 14;61 00
Thu 22 Sep 20:48:50 UTC 2016;hci0;1E 02 01 1A 1A FF 4C 00 02 15;4a 4e ce 60 7e b0 11 e4 b4 a9 08 00 20 0c 9a 66;6c 66;00 14;61 00
Thu 22 Sep 20:48:56 UTC 2016;hci0;1E 02 01 1A 1A FF 4C 00 02 15;4a 4e ce 60 7e b0 11 e4 b4 a9 08 00 20 0c 9a 66;6c 66;00 14;61 00
Thu 22 Sep 20:49:02 UTC 2016;hci0;1E 02 01 1A 1A FF 4C 00 02 15;4a 4e ce 60 7e b0 11 e4 b4 a9 08 00 20 0c 9a 66;6c 66;00 14;61 00
Thu 22 Sep 20:49:08 UTC 2016;hci0;1E 02 01 1A 1A FF 4C 00 02 15;4a 4e ce 60 7e b0 11 e4 b4 a9 08 00 20 0c 9a 66;6c 66;00 14;61 00
Thu 22 Sep 20:49:14 UTC 2016;hci0;1E 02 01 1A 1A FF 4C 00 02 15;4a 4e ce 60 7e b0 11 e4 b4 a9 08 00 20 0c 9a 66;6c 66;00 14;61 00
Thu 22 Sep 20:49:20 UTC 2016;hci0;1E 02 01 1A 1A FF 4C 00 02 15;4a 4e ce 60 7e b0 11 e4 b4 a9 08 00 20 0c 9a 66;6c 66;64 d4;61 00
Thu 22 Sep 20:49:26 UTC 2016;hci0;1E 02 01 1A 1A FF 4C 00 02 15;4a 4e ce 60 7e b0 11 e4 b4 a9 08 00 20 0c 9a 66;6c 66;64 d4;61 00
Thu 22 Sep 20:49:33 UTC 2016;hci0;1E 02 01 1A 1A FF 4C 00 02 15;4a 4e ce 60 7e b0 11 e4 b4 a9 08 00 20 0c 9a 66;6c 66;65 13;61 00
Thu 22 Sep 20:49:38 UTC 2016;hci0;1E 02 01 1A 1A FF 4C 00 02 15;4a 4e ce 60 7e b0 11 e4 b4 a9 08 00 20 0c 9a 66;6c 66;65 51;61 00
Thu 22 Sep 20:49:44 UTC 2016;hci0;1E 02 01 1A 1A FF 4C 00 02 15;4a 4e ce 60 7e b0 11 e4 b4 a9 08 00 20 0c 9a 66;6c 66;65 51;61 00
Thu 22 Sep 20:49:50 UTC 2016;hci0;1E 02 01 1A 1A FF 4C 00 02 15;4a 4e ce 60 7e b0 11 e4 b4 a9 08 00 20 0c 9a 66;6c 66;65 90;61 00
Thu 22 Sep 20:49:56 UTC 2016;hci0;1E 02 01 1A 1A FF 4C 00 02 15;4a 4e ce 60 7e b0 11 e4 b4 a9 08 00 20 0c 9a 66;6c 66;66 4b;61 00
Thu 22 Sep 20:50:02 UTC 2016;hci0;1E 02 01 1A 1A FF 4C 00 02 15;4a 4e ce 60 7e b0 11 e4 b4 a9 08 00 20 0c 9a 66;6c 66;66 8a;61 00
Thu 22 Sep 20:50:08 UTC 2016;hci0;1E 02 01 1A 1A FF 4C 00 02 15;4a 4e ce 60 7e b0 11 e4 b4 a9 08 00 20 0c 9a 66;6c 66;66 8a;61 00
Thu 22 Sep 20:50:14 UTC 2016;hci0;1E 02 01 1A 1A FF 4C 00 02 15;4a 4e ce 60 7e b0 11 e4 b4 a9 08 00 20 0c 9a 66;6c 66;66 4b;61 00
Thu 22 Sep 20:50:20 UTC 2016;hci0;1E 02 01 1A 1A FF 4C 00 02 15;4a 4e ce 60 7e b0 11 e4 b4 a9 08 00 20 0c 9a 66;6c 66;66 4b;61 00
Thu 22 Sep 20:50:26 UTC 2016;hci0;1E 02 01 1A 1A FF 4C 00 02 15;4a 4e ce 60 7e b0 11 e4 b4 a9 08 00 20 0c 9a 66;6c 66;66 4b;61 00
Thu 22 Sep 20:50:32 UTC 2016;hci0;1E 02 01 1A 1A FF 4C 00 02 15;4a 4e ce 60 7e b0 11 e4 b4 a9 08 00 20 0c 9a 66;6c 66;66 4b;61 00
Thu 22 Sep 20:50:37 UTC 2016;hci0;1E 02 01 1A 1A FF 4C 00 02 15;4a 4e ce 60 7e b0 11 e4 b4 a9 08 00 20 0c 9a 66;6c 66;66 4b;61 00
Thu 22 Sep 20:50:43 UTC 2016;hci0;1E 02 01 1A 1A FF 4C 00 02 15;4a 4e ce 60 7e b0 11 e4 b4 a9 08 00 20 0c 9a 66;6c 66;66 8a;61 00
Thu 22 Sep 20:50:49 UTC 2016;hci0;1E 02 01 1A 1A FF 4C 00 02 15;4a 4e ce 60 7e b0 11 e4 b4 a9 08 00 20 0c 9a 66;6c 66;67 84;61 00
Thu 22 Sep 20:50:55 UTC 2016;hci0;1E 02 01 1A 1A FF 4C 00 02 15;4a 4e ce 60 7e b0 11 e4 b4 a9 08 00 20 0c 9a 66;6c 66;67 c2;61 00
Thu 22 Sep 20:51:01 UTC 2016;hci0;1E 02 01 1A 1A FF 4C 00 02 15;4a 4e ce 60 7e b0 11 e4 b4 a9 08 00 20 0c 9a 66;6c 66;67 45;61 00
Thu 22 Sep 20:51:07 UTC 2016;hci0;1E 02 01 1A 1A FF 4C 00 02 15;4a 4e ce 60 7e b0 11 e4 b4 a9 08 00 20 0c 9a 66;6c 66;67 84;61 00
Thu 22 Sep 20:51:16 UTC 2016;hci0;1E 02 01 1A 1A FF 4C 00 02 15;4a 4e ce 60 7e b0 11 e4 b4 a9 08 00 20 0c 9a 66;6c 66;67 84;61 00
Thu 22 Sep 20:51:24 UTC 2016;hci0;1E 02 01 1A 1A FF 4C 00 02 15;4a 4e ce 60 7e b0 11 e4 b4 a9 08 00 20 0c 9a 66;6c 66;67 45;61 00
Thu 22 Sep 20:52:08 UTC 2016;hci0;1E 02 01 1A 1A FF 4C 00 02 15;4a 4e ce 60 7e b0 11 e4 b4 a9 08 00 20 0c 9a 66;6c 66;67 45;61 00
Thu 22 Sep 20:52:23 UTC 2016;hci0;1E 02 01 1A 1A FF 4C 00 02 15;4a 4e ce 60 7e b0 11 e4 b4 a9 08 00 20 0c 9a 66;6c 66;67 c2;61 00
Thu 22 Sep 20:52:31 UTC 2016;hci0;1E 02 01 1A 1A FF 4C 00 02 15;4a 4e ce 60 7e b0 11 e4 b4 a9 08 00 20 0c 9a 66;6c 66;67 45;61 00
Thu 22 Sep 20:52:44 UTC 2016;hci0;1E 02 01 1A 1A FF 4C 00 02 15;4a 4e ce 60 7e b0 11 e4 b4 a9 08 00 20 0c 9a 66;6c 66;67 c2;61 00
Thu 22 Sep 20:52:54 UTC 2016;hci0;1E 02 01 1A 1A FF 4C 00 02 15;4a 4e ce 60 7e b0 11 e4 b4 a9 08 00 20 0c 9a 66;6c 66;74 b3;61 00
Thu 22 Sep 20:53:02 UTC 2016;hci0;1E 02 01 1A 1A FF 4C 00 02 15;4a 4e ce 60 7e b0 11 e4 b4 a9 08 00 20 0c 9a 66;6c 66;74 b3;61 00
Thu 22 Sep 20:53:08 UTC 2016;hci0;1E 02 01 1A 1A FF 4C 00 02 15;4a 4e ce 60 7e b0 11 e4 b4 a9 08 00 20 0c 9a 66;6c 66;76 a7;61 00
Thu 22 Sep 20:53:14 UTC 2016;hci0;1E 02 01 1A 1A FF 4C 00 02 15;4a 4e ce 60 7e b0 11 e4 b4 a9 08 00 20 0c 9a 66;6c 66;74 b3;61 00
Thu 22 Sep 20:53:20 UTC 2016;hci0;1E 02 01 1A 1A FF 4C 00 02 15;4a 4e ce 60 7e b0 11 e4 b4 a9 08 00 20 0c 9a 66;6c 66;70 4e;61 00
Thu 22 Sep 20:53:26 UTC 2016;hci0;1E 02 01 1A 1A FF 4C 00 02 15;4a 4e ce 60 7e b0 11 e4 b4 a9 08 00 20 0c 9a 66;6c 66;6e 1b;61 00
Thu 22 Sep 20:53:32 UTC 2016;hci0;1E 02 01 1A 1A FF 4C 00 02 15;4a 4e ce 60 7e b0 11 e4 b4 a9 08 00 20 0c 9a 66;6c 66;6c 66;61 00
Thu 22 Sep 20:53:39 UTC 2016;hci0;1E 02 01 1A 1A FF 4C 00 02 15;4a 4e ce 60 7e b0 11 e4 b4 a9 08 00 20 0c 9a 66;6c 66;6b 2d;61 00
Thu 22 Sep 20:53:45 UTC 2016;hci0;1E 02 01 1A 1A FF 4C 00 02 15;4a 4e ce 60 7e b0 11 e4 b4 a9 08 00 20 0c 9a 66;6c 66;6a 72;61 00
Thu 22 Sep 20:53:52 UTC 2016;hci0;1E 02 01 1A 1A FF 4C 00 02 15;4a 4e ce 60 7e b0 11 e4 b4 a9 08 00 20 0c 9a 66;6c 66;69 b6;61 00
Thu 22 Sep 20:53:58 UTC 2016;hci0;1E 02 01 1A 1A FF 4C 00 02 15;4a 4e ce 60 7e b0 11 e4 b4 a9 08 00 20 0c 9a 66;6c 66;68 fb;61 00
Thu 22 Sep 20:54:03 UTC 2016;hci0;1E 02 01 1A 1A FF 4C 00 02 15;4a 4e ce 60 7e b0 11 e4 b4 a9 08 00 20 0c 9a 66;6c 66;69 39;61 00
Thu 22 Sep 20:54:10 UTC 2016;hci0;1E 02 01 1A 1A FF 4C 00 02 15;4a 4e ce 60 7e b0 11 e4 b4 a9 08 00 20 0c 9a 66;6c 66;69 78;61 00
Thu 22 Sep 20:54:16 UTC 2016;hci0;1E 02 01 1A 1A FF 4C 00 02 15;4a 4e ce 60 7e b0 11 e4 b4 a9 08 00 20 0c 9a 66;6c 66;68 fb;61 00
Thu 22 Sep 20:54:22 UTC 2016;hci0;1E 02 01 1A 1A FF 4C 00 02 15;4a 4e ce 60 7e b0 11 e4 b4 a9 08 00 20 0c 9a 66;6c 66;68 fb;61 00
Thu 22 Sep 20:54:28 UTC 2016;hci0;1E 02 01 1A 1A FF 4C 00 02 15;4a 4e ce 60 7e b0 11 e4 b4 a9 08 00 20 0c 9a 66;6c 66;68 7e;61 00
Thu 22 Sep 20:54:34 UTC 2016;hci0;1E 02 01 1A 1A FF 4C 00 02 15;4a 4e ce 60 7e b0 11 e4 b4 a9 08 00 20 0c 9a 66;6c 66;68 bc;61 00
Thu 22 Sep 20:54:40 UTC 2016;hci0;1E 02 01 1A 1A FF 4C 00 02 15;4a 4e ce 60 7e b0 11 e4 b4 a9 08 00 20 0c 9a 66;6c 66;68 7e;61 00
Thu 22 Sep 20:54:49 UTC 2016;hci0;1E 02 01 1A 1A FF 4C 00 02 15;4a 4e ce 60 7e b0 11 e4 b4 a9 08 00 20 0c 9a 66;68 bc;68 7e;61 00
Thu 22 Sep 20:54:57 UTC 2016;hci0;1E 02 01 1A 1A FF 4C 00 02 15;4a 4e ce 60 7e b0 11 e4 b4 a9 08 00 20 0c 9a 66;68 bc;68 7e;61 00
Thu 22 Sep 20:55:37 UTC 2016;hci0;1E 02 01 1A 1A FF 4C 00 02 15;4a 4e ce 60 7e b0 11 e4 b4 a9 08 00 20 0c 9a 66;69 78;68 7e;61 00
Thu 22 Sep 20:55:50 UTC 2016;hci0;1E 02 01 1A 1A FF 4C 00 02 15;4a 4e ce 60 7e b0 11 e4 b4 a9 08 00 20 0c 9a 66;69 78;68 7e;61 00
Thu 22 Sep 20:56:00 UTC 2016;hci0;1E 02 01 1A 1A FF 4C 00 02 15;4a 4e ce 60 7e b0 11 e4 b4 a9 08 00 20 0c 9a 66;69 f5;68 7e;61 00
Thu 22 Sep 20:56:12 UTC 2016;hci0;1E 02 01 1A 1A FF 4C 00 02 15;4a 4e ce 60 7e b0 11 e4 b4 a9 08 00 20 0c 9a 66;69 b6;68 7e;61 00
Thu 22 Sep 20:56:23 UTC 2016;hci0;1E 02 01 1A 1A FF 4C 00 02 15;4a 4e ce 60 7e b0 11 e4 b4 a9 08 00 20 0c 9a 66;6a 72;68 7e;61 00
Thu 22 Sep 20:56:31 UTC 2016;hci0;1E 02 01 1A 1A FF 4C 00 02 15;4a 4e ce 60 7e b0 11 e4 b4 a9 08 00 20 0c 9a 66;69 f5;68 7e;61 00
Thu 22 Sep 20:56:39 UTC 2016;hci0;1E 02 01 1A 1A FF 4C 00 02 15;4a 4e ce 60 7e b0 11 e4 b4 a9 08 00 20 0c 9a 66;69 78;68 7e;61 00
Thu 22 Sep 20:56:45 UTC 2016;hci0;1E 02 01 1A 1A FF 4C 00 02 15;4a 4e ce 60 7e b0 11 e4 b4 a9 08 00 20 0c 9a 66;69 39;68 7e;61 00
Thu 22 Sep 20:56:51 UTC 2016;hci0;1E 02 01 1A 1A FF 4C 00 02 15;4a 4e ce 60 7e b0 11 e4 b4 a9 08 00 20 0c 9a 66;69 39;68 7e;61 00
Thu 22 Sep 20:56:57 UTC 2016;hci0;1E 02 01 1A 1A FF 4C 00 02 15;4a 4e ce 60 7e b0 11 e4 b4 a9 08 00 20 0c 9a 66;69 39;68 7e;61 00
Thu 22 Sep 20:57:03 UTC 2016;hci0;1E 02 01 1A 1A FF 4C 00 02 15;4a 4e ce 60 7e b0 11 e4 b4 a9 08 00 20 0c 9a 66;69 78;68 7e;61 00
Thu 22 Sep 20:57:11 UTC 2016;hci0;1E 02 01 1A 1A FF 4C 00 02 15;4a 4e ce 60 7e b0 11 e4 b4 a9 08 00 20 0c 9a 66;69 39;68 7e;61 00
Thu 22 Sep 20:57:17 UTC 2016;hci0;1E 02 01 1A 1A FF 4C 00 02 15;4a 4e ce 60 7e b0 11 e4 b4 a9 08 00 20 0c 9a 66;69 78;68 7e;61 00
Thu 22 Sep 20:57:23 UTC 2016;hci0;1E 02 01 1A 1A FF 4C 00 02 15;4a 4e ce 60 7e b0 11 e4 b4 a9 08 00 20 0c 9a 66;6d 60;68 7e;61 00
Thu 22 Sep 20:57:29 UTC 2016;hci0;1E 02 01 1A 1A FF 4C 00 02 15;4a 4e ce 60 7e b0 11 e4 b4 a9 08 00 20 0c 9a 66;76 e5;68 7e;61 00
Thu 22 Sep 20:57:35 UTC 2016;hci0;1E 02 01 1A 1A FF 4C 00 02 15;4a 4e ce 60 7e b0 11 e4 b4 a9 08 00 20 0c 9a 66;76 68;68 7e;61 00
Thu 22 Sep 20:57:41 UTC 2016;hci0;1E 02 01 1A 1A FF 4C 00 02 15;4a 4e ce 60 7e b0 11 e4 b4 a9 08 00 20 0c 9a 66;71 86;68 7e;61 00
Thu 22 Sep 20:57:47 UTC 2016;hci0;1E 02 01 1A 1A FF 4C 00 02 15;4a 4e ce 60 7e b0 11 e4 b4 a9 08 00 20 0c 9a 66;6f 92;68 7e;61 00
Thu 22 Sep 20:57:53 UTC 2016;hci0;1E 02 01 1A 1A FF 4C 00 02 15;4a 4e ce 60 7e b0 11 e4 b4 a9 08 00 20 0c 9a 66;6d dd;68 7e;61 00
Thu 22 Sep 20:57:58 UTC 2016;hci0;1E 02 01 1A 1A FF 4C 00 02 15;4a 4e ce 60 7e b0 11 e4 b4 a9 08 00 20 0c 9a 66;6c e3;68 6e;61 00
Thu 22 Sep 20:58:04 UTC 2016;hci0;1E 02 01 1A 1A FF 4C 00 02 15;4a 4e ce 60 7e b0 11 e4 b4 a9 08 00 20 0c 9a 66;6c 66;68 6e;61 00
Thu 22 Sep 20:58:10 UTC 2016;hci0;1E 02 01 1A 1A FF 4C 00 02 15;4a 4e ce 60 7e b0 11 e4 b4 a9 08 00 20 0c 9a 66;6b e9;68 1e;61 00
Thu 22 Sep 20:58:16 UTC 2016;hci0;1E 02 01 1A 1A FF 4C 00 02 15;4a 4e ce 60 7e b0 11 e4 b4 a9 08 00 20 0c 9a 66;6b 6c;68 1e;61 00
Thu 22 Sep 20:58:22 UTC 2016;hci0;1E 02 01 1A 1A FF 4C 00 02 15;4a 4e ce 60 7e b0 11 e4 b4 a9 08 00 20 0c 9a 66;6b 6c;68 1e;61 00
Thu 22 Sep 20:58:28 UTC 2016;hci0;1E 02 01 1A 1A FF 4C 00 02 15;4a 4e ce 60 7e b0 11 e4 b4 a9 08 00 20 0c 9a 66;6b 2d;68 1e;61 00
Thu 22 Sep 20:58:34 UTC 2016;hci0;1E 02 01 1A 1A FF 4C 00 02 15;4a 4e ce 60 7e b0 11 e4 b4 a9 08 00 20 0c 9a 66;6b 2d;68 1e;61 00
Thu 22 Sep 20:58:40 UTC 2016;hci0;1E 02 01 1A 1A FF 4C 00 02 15;4a 4e ce 60 7e b0 11 e4 b4 a9 08 00 20 0c 9a 66;6a ef;68 1e;61 00
Thu 22 Sep 20:58:46 UTC 2016;hci0;1E 02 01 1A 1A FF 4C 00 02 15;4a 4e ce 60 7e b0 11 e4 b4 a9 08 00 20 0c 9a 66;6a b0;68 1e;61 00
Thu 22 Sep 20:58:52 UTC 2016;hci0;1E 02 01 1A 1A FF 4C 00 02 15;4a 4e ce 60 7e b0 11 e4 b4 a9 08 00 20 0c 9a 66;6a 33;68 1e;61 00
Thu 22 Sep 20:58:58 UTC 2016;hci0;1E 02 01 1A 1A FF 4C 00 02 15;4a 4e ce 60 7e b0 11 e4 b4 a9 08 00 20 0c 9a 66;69 f5;68 1e;61 00
Thu 22 Sep 20:59:04 UTC 2016;hci0;1E 02 01 1A 1A FF 4C 00 02 15;4a 4e ce 60 7e b0 11 e4 b4 a9 08 00 20 0c 9a 66;69 f5;68 1e;61 00
Thu 22 Sep 20:59:10 UTC 2016;hci0;1E 02 01 1A 1A FF 4C 00 02 15;4a 4e ce 60 7e b0 11 e4 b4 a9 08 00 20 0c 9a 66;6a 33;68 1e;61 00
Thu 22 Sep 20:59:16 UTC 2016;hci0;1E 02 01 1A 1A FF 4C 00 02 15;4a 4e ce 60 7e b0 11 e4 b4 a9 08 00 20 0c 9a 66;6b 2d;68 1e;61 00
Thu 22 Sep 20:59:22 UTC 2016;hci0;1E 02 01 1A 1A FF 4C 00 02 15;4a 4e ce 60 7e b0 11 e4 b4 a9 08 00 20 0c 9a 66;6c 66;68 1e;61 00
Thu 22 Sep 20:59:28 UTC 2016;hci0;1E 02 01 1A 1A FF 4C 00 02 15;4a 4e ce 60 7e b0 11 e4 b4 a9 08 00 20 0c 9a 66;6c 66;68 1e;61 00
Thu 22 Sep 20:59:34 UTC 2016;hci0;1E 02 01 1A 1A FF 4C 00 02 15;4a 4e ce 60 7e b0 11 e4 b4 a9 08 00 20 0c 9a 66;6c 66;68 1e;61 00
Thu 22 Sep 20:59:40 UTC 2016;hci0;1E 02 01 1A 1A FF 4C 00 02 15;4a 4e ce 60 7e b0 11 e4 b4 a9 08 00 20 0c 9a 66;6c e3;68 1e;61 00
Thu 22 Sep 20:59:45 UTC 2016;hci0;1E 02 01 1A 1A FF 4C 00 02 15;4a 4e ce 60 7e b0 11 e4 b4 a9 08 00 20 0c 9a 66;6d 21;68 1e;61 00
Thu 22 Sep 20:59:51 UTC 2016;hci0;1E 02 01 1A 1A FF 4C 00 02 15;4a 4e ce 60 7e b0 11 e4 b4 a9 08 00 20 0c 9a 66;6b e9;68 1e;61 00
Thu 22 Sep 20:59:57 UTC 2016;hci0;1E 02 01 1A 1A FF 4C 00 02 15;4a 4e ce 60 7e b0 11 e4 b4 a9 08 00 20 0c 9a 66;6b 6c;68 1e;61 00
Thu 22 Sep 21:00:03 UTC 2016;hci0;1E 02 01 1A 1A FF 4C 00 02 15;4a 4e ce 60 7e b0 11 e4 b4 a9 08 00 20 0c 9a 66;6a ef;68 1e;61 00
Thu 22 Sep 21:00:09 UTC 2016;hci0;1E 02 01 1A 1A FF 4C 00 02 15;4a 4e ce 60 7e b0 11 e4 b4 a9 08 00 20 0c 9a 66;6a ef;68 1e;61 00
Thu 22 Sep 21:00:15 UTC 2016;hci0;1E 02 01 1A 1A FF 4C 00 02 15;4a 4e ce 60 7e b0 11 e4 b4 a9 08 00 20 0c 9a 66;6a b0;68 1e;61 00
Thu 22 Sep 21:00:21 UTC 2016;hci0;1E 02 01 1A 1A FF 4C 00 02 15;4a 4e ce 60 7e b0 11 e4 b4 a9 08 00 20 0c 9a 66;6a 72;68 1e;61 00
Thu 22 Sep 21:00:27 UTC 2016;hci0;1E 02 01 1A 1A FF 4C 00 02 15;4a 4e ce 60 7e b0 11 e4 b4 a9 08 00 20 0c 9a 66;6a 72;68 1e;61 00
Thu 22 Sep 21:00:33 UTC 2016;hci0;1E 02 01 1A 1A FF 4C 00 02 15;4a 4e ce 60 7e b0 11 e4 b4 a9 08 00 20 0c 9a 66;6a ef;68 1e;61 00
Thu 22 Sep 21:00:39 UTC 2016;hci0;1E 02 01 1A 1A FF 4C 00 02 15;4a 4e ce 60 7e b0 11 e4 b4 a9 08 00 20 0c 9a 66;6b 2d;68 1e;61 00
Thu 22 Sep 21:00:44 UTC 2016;hci0;1E 02 01 1A 1A FF 4C 00 02 15;4a 4e ce 60 7e b0 11 e4 b4 a9 08 00 20 0c 9a 66;6b e9;68 1e;61 00
Thu 22 Sep 21:00:50 UTC 2016;hci0;1E 02 01 1A 1A FF 4C 00 02 15;4a 4e ce 60 7e b0 11 e4 b4 a9 08 00 20 0c 9a 66;6b aa;68 1e;61 00
Thu 22 Sep 21:00:56 UTC 2016;hci0;1E 02 01 1A 1A FF 4C 00 02 15;4a 4e ce 60 7e b0 11 e4 b4 a9 08 00 20 0c 9a 66;6b aa;68 1e;61 00
Thu 22 Sep 21:01:02 UTC 2016;hci0;1E 02 01 1A 1A FF 4C 00 02 15;4a 4e ce 60 7e b0 11 e4 b4 a9 08 00 20 0c 9a 66;6b aa;68 1e;61 00
Thu 22 Sep 21:01:08 UTC 2016;hci0;1E 02 01 1A 1A FF 4C 00 02 15;4a 4e ce 60 7e b0 11 e4 b4 a9 08 00 20 0c 9a 66;6b 2d;68 1e;61 00
Thu 22 Sep 21:01:14 UTC 2016;hci0;1E 02 01 1A 1A FF 4C 00 02 15;4a 4e ce 60 7e b0 11 e4 b4 a9 08 00 20 0c 9a 66;6a b0;68 1e;61 00
Thu 22 Sep 21:01:20 UTC 2016;hci0;1E 02 01 1A 1A FF 4C 00 02 15;4a 4e ce 60 7e b0 11 e4 b4 a9 08 00 20 0c 9a 66;6a 72;68 1e;61 00
Thu 22 Sep 21:01:26 UTC 2016;hci0;1E 02 01 1A 1A FF 4C 00 02 15;4a 4e ce 60 7e b0 11 e4 b4 a9 08 00 20 0c 9a 66;6a 33;68 1e;61 00
Thu 22 Sep 21:01:32 UTC 2016;hci0;1E 02 01 1A 1A FF 4C 00 02 15;4a 4e ce 60 7e b0 11 e4 b4 a9 08 00 20 0c 9a 66;6a 33;68 1e;61 00
Thu 22 Sep 21:01:38 UTC 2016;hci0;1E 02 01 1A 1A FF 4C 00 02 15;4a 4e ce 60 7e b0 11 e4 b4 a9 08 00 20 0c 9a 66;6a 33;68 1e;61 00
Thu 22 Sep 21:01:44 UTC 2016;hci0;1E 02 01 1A 1A FF 4C 00 02 15;4a 4e ce 60 7e b0 11 e4 b4 a9 08 00 20 0c 9a 66;69 b6;68 1e;61 00
Thu 22 Sep 21:01:49 UTC 2016;hci0;1E 02 01 1A 1A FF 4C 00 02 15;4a 4e ce 60 7e b0 11 e4 b4 a9 08 00 20 0c 9a 66;69 f5;68 1e;61 00
Thu 22 Sep 21:01:55 UTC 2016;hci0;1E 02 01 1A 1A FF 4C 00 02 15;4a 4e ce 60 7e b0 11 e4 b4 a9 08 00 20 0c 9a 66;6a 33;68 1e;61 00
Thu 22 Sep 21:02:01 UTC 2016;hci0;1E 02 01 1A 1A FF 4C 00 02 15;4a 4e ce 60 7e b0 11 e4 b4 a9 08 00 20 0c 9a 66;6a 33;68 1e;61 00
Thu 22 Sep 21:02:07 UTC 2016;hci0;1E 02 01 1A 1A FF 4C 00 02 15;4a 4e ce 60 7e b0 11 e4 b4 a9 08 00 20 0c 9a 66;6b aa;68 1e;61 00
Thu 22 Sep 21:02:13 UTC 2016;hci0;1E 02 01 1A 1A FF 4C 00 02 15;4a 4e ce 60 7e b0 11 e4 b4 a9 08 00 20 0c 9a 66;6b e9;68 1e;61 00
Thu 22 Sep 21:02:19 UTC 2016;hci0;1E 02 01 1A 1A FF 4C 00 02 15;4a 4e ce 60 7e b0 11 e4 b4 a9 08 00 20 0c 9a 66;6b aa;68 1e;61 00
Thu 22 Sep 21:02:25 UTC 2016;hci0;1E 02 01 1A 1A FF 4C 00 02 15;4a 4e ce 60 7e b0 11 e4 b4 a9 08 00 20 0c 9a 66;6b aa;68 1e;61 00
Thu 22 Sep 21:02:31 UTC 2016;hci0;1E 02 01 1A 1A FF 4C 00 02 15;4a 4e ce 60 7e b0 11 e4 b4 a9 08 00 20 0c 9a 66;6b e9;68 1e;61 00
Thu 22 Sep 21:02:37 UTC 2016;hci0;1E 02 01 1A 1A FF 4C 00 02 15;4a 4e ce 60 7e b0 11 e4 b4 a9 08 00 20 0c 9a 66;6b e9;68 1e;61 00
Thu 22 Sep 21:02:43 UTC 2016;hci0;1E 02 01 1A 1A FF 4C 00 02 15;4a 4e ce 60 7e b0 11 e4 b4 a9 08 00 20 0c 9a 66;6b 6c;68 1e;61 00
Thu 22 Sep 21:02:49 UTC 2016;hci0;1E 02 01 1A 1A FF 4C 00 02 15;4a 4e ce 60 7e b0 11 e4 b4 a9 08 00 20 0c 9a 66;6a b0;68 1e;61 00
Thu 22 Sep 21:02:55 UTC 2016;hci0;1E 02 01 1A 1A FF 4C 00 02 15;4a 4e ce 60 7e b0 11 e4 b4 a9 08 00 20 0c 9a 66;6a 33;68 1e;61 00
Thu 22 Sep 21:03:01 UTC 2016;hci0;1E 02 01 1A 1A FF 4C 00 02 15;4a 4e ce 60 7e b0 11 e4 b4 a9 08 00 20 0c 9a 66;6a b0;68 1e;61 00
Thu 22 Sep 21:03:06 UTC 2016;hci0;1E 02 01 1A 1A FF 4C 00 02 15;4a 4e ce 60 7e b0 11 e4 b4 a9 08 00 20 0c 9a 66;6b aa;68 1e;61 00
Thu 22 Sep 21:03:12 UTC 2016;hci0;1E 02 01 1A 1A FF 4C 00 02 15;4a 4e ce 60 7e b0 11 e4 b4 a9 08 00 20 0c 9a 66;6c 66;68 1e;61 00
Thu 22 Sep 21:03:18 UTC 2016;hci0;1E 02 01 1A 1A FF 4C 00 02 15;4a 4e ce 60 7e b0 11 e4 b4 a9 08 00 20 0c 9a 66;6b aa;68 1e;61 00
Thu 22 Sep 21:03:24 UTC 2016;hci0;1E 02 01 1A 1A FF 4C 00 02 15;4a 4e ce 60 7e b0 11 e4 b4 a9 08 00 20 0c 9a 66;6c 27;68 1e;61 00
Thu 22 Sep 21:03:30 UTC 2016;hci0;1E 02 01 1A 1A FF 4C 00 02 15;4a 4e ce 60 7e b0 11 e4 b4 a9 08 00 20 0c 9a 66;6c 27;68 1e;61 00
Thu 22 Sep 21:03:36 UTC 2016;hci0;1E 02 01 1A 1A FF 4C 00 02 15;4a 4e ce 60 7e b0 11 e4 b4 a9 08 00 20 0c 9a 66;6d 60;68 1e;61 00
Thu 22 Sep 21:03:42 UTC 2016;hci0;1E 02 01 1A 1A FF 4C 00 02 15;4a 4e ce 60 7e b0 11 e4 b4 a9 08 00 20 0c 9a 66;6d 60;68 1e;61 00
Thu 22 Sep 21:03:49 UTC 2016;hci0;1E 02 01 1A 1A FF 4C 00 02 15;4a 4e ce 60 7e b0 11 e4 b4 a9 08 00 20 0c 9a 66;6c e3;68 1e;61 00
Thu 22 Sep 21:03:55 UTC 2016;hci0;1E 02 01 1A 1A FF 4C 00 02 15;4a 4e ce 60 7e b0 11 e4 b4 a9 08 00 20 0c 9a 66;6c 66;68 1e;61 00
Thu 22 Sep 21:04:00 UTC 2016;hci0;1E 02 01 1A 1A FF 4C 00 02 15;4a 4e ce 60 7e b0 11 e4 b4 a9 08 00 20 0c 9a 66;6b e9;68 1e;61 00
Thu 22 Sep 21:04:06 UTC 2016;hci0;1E 02 01 1A 1A FF 4C 00 02 15;4a 4e ce 60 7e b0 11 e4 b4 a9 08 00 20 0c 9a 66;6c 27;68 1e;61 00
Thu 22 Sep 21:04:12 UTC 2016;hci0;1E 02 01 1A 1A FF 4C 00 02 15;4a 4e ce 60 7e b0 11 e4 b4 a9 08 00 20 0c 9a 66;6c e3;68 1e;61 00
Thu 22 Sep 21:04:18 UTC 2016;hci0;1E 02 01 1A 1A FF 4C 00 02 15;4a 4e ce 60 7e b0 11 e4 b4 a9 08 00 20 0c 9a 66;6c e3;68 1e;61 00
Thu 22 Sep 21:04:24 UTC 2016;hci0;1E 02 01 1A 1A FF 4C 00 02 15;4a 4e ce 60 7e b0 11 e4 b4 a9 08 00 20 0c 9a 66;6d 60;68 1e;61 00
Thu 22 Sep 21:04:30 UTC 2016;hci0;1E 02 01 1A 1A FF 4C 00 02 15;4a 4e ce 60 7e b0 11 e4 b4 a9 08 00 20 0c 9a 66;6d 21;68 1e;61 00
Thu 22 Sep 21:04:36 UTC 2016;hci0;1E 02 01 1A 1A FF 4C 00 02 15;4a 4e ce 60 7e b0 11 e4 b4 a9 08 00 20 0c 9a 66;6d 21;68 1e;61 00
Thu 22 Sep 21:04:42 UTC 2016;hci0;1E 02 01 1A 1A FF 4C 00 02 15;4a 4e ce 60 7e b0 11 e4 b4 a9 08 00 20 0c 9a 66;6d 9e;68 1e;61 00
Thu 22 Sep 21:04:48 UTC 2016;hci0;1E 02 01 1A 1A FF 4C 00 02 15;4a 4e ce 60 7e b0 11 e4 b4 a9 08 00 20 0c 9a 66;6d 60;68 1e;61 00
Thu 22 Sep 21:04:54 UTC 2016;hci0;1E 02 01 1A 1A FF 4C 00 02 15;4a 4e ce 60 7e b0 11 e4 b4 a9 08 00 20 0c 9a 66;6d 21;68 1e;61 00
Thu 22 Sep 21:05:00 UTC 2016;hci0;1E 02 01 1A 1A FF 4C 00 02 15;4a 4e ce 60 7e b0 11 e4 b4 a9 08 00 20 0c 9a 66;6c e3;68 1e;61 00
Thu 22 Sep 21:05:05 UTC 2016;hci0;1E 02 01 1A 1A FF 4C 00 02 15;4a 4e ce 60 7e b0 11 e4 b4 a9 08 00 20 0c 9a 66;6d 21;68 1e;61 00
Thu 22 Sep 21:05:11 UTC 2016;hci0;1E 02 01 1A 1A FF 4C 00 02 15;4a 4e ce 60 7e b0 11 e4 b4 a9 08 00 20 0c 9a 66;6d 60;68 1e;61 00
Thu 22 Sep 21:05:17 UTC 2016;hci0;1E 02 01 1A 1A FF 4C 00 02 15;4a 4e ce 60 7e b0 11 e4 b4 a9 08 00 20 0c 9a 66;6d 60;68 1e;61 00
Thu 22 Sep 21:05:23 UTC 2016;hci0;1E 02 01 1A 1A FF 4C 00 02 15;4a 4e ce 60 7e b0 11 e4 b4 a9 08 00 20 0c 9a 66;6d dd;68 1e;61 00
Thu 22 Sep 21:05:29 UTC 2016;hci0;1E 02 01 1A 1A FF 4C 00 02 15;4a 4e ce 60 7e b0 11 e4 b4 a9 08 00 20 0c 9a 66;6d 21;68 1e;61 00
Thu 22 Sep 21:05:35 UTC 2016;hci0;1E 02 01 1A 1A FF 4C 00 02 15;4a 4e ce 60 7e b0 11 e4 b4 a9 08 00 20 0c 9a 66;6d 60;68 1e;61 00
Thu 22 Sep 21:05:41 UTC 2016;hci0;1E 02 01 1A 1A FF 4C 00 02 15;4a 4e ce 60 7e b0 11 e4 b4 a9 08 00 20 0c 9a 66;6c e3;68 1e;61 00
Thu 22 Sep 21:05:47 UTC 2016;hci0;1E 02 01 1A 1A FF 4C 00 02 15;4a 4e ce 60 7e b0 11 e4 b4 a9 08 00 20 0c 9a 66;6c e3;68 1e;61 00
Thu 22 Sep 21:05:53 UTC 2016;hci0;1E 02 01 1A 1A FF 4C 00 02 15;4a 4e ce 60 7e b0 11 e4 b4 a9 08 00 20 0c 9a 66;6d 60;68 1e;61 00
Thu 22 Sep 21:05:59 UTC 2016;hci0;1E 02 01 1A 1A FF 4C 00 02 15;4a 4e ce 60 7e b0 11 e4 b4 a9 08 00 20 0c 9a 66;6d 9e;68 1e;61 00
Thu 22 Sep 21:06:04 UTC 2016;hci0;1E 02 01 1A 1A FF 4C 00 02 15;4a 4e ce 60 7e b0 11 e4 b4 a9 08 00 20 0c 9a 66;6d dd;68 1e;61 00
Thu 22 Sep 21:06:10 UTC 2016;hci0;1E 02 01 1A 1A FF 4C 00 02 15;4a 4e ce 60 7e b0 11 e4 b4 a9 08 00 20 0c 9a 66;6d dd;68 1e;61 00
Thu 22 Sep 21:06:16 UTC 2016;hci0;1E 02 01 1A 1A FF 4C 00 02 15;4a 4e ce 60 7e b0 11 e4 b4 a9 08 00 20 0c 9a 66;6e 5a;68 1e;61 00
Thu 22 Sep 21:06:22 UTC 2016;hci0;1E 02 01 1A 1A FF 4C 00 02 15;4a 4e ce 60 7e b0 11 e4 b4 a9 08 00 20 0c 9a 66;6e d7;68 1e;61 00
Thu 22 Sep 21:06:28 UTC 2016;hci0;1E 02 01 1A 1A FF 4C 00 02 15;4a 4e ce 60 7e b0 11 e4 b4 a9 08 00 20 0c 9a 66;6f 15;68 1e;61 00
Thu 22 Sep 21:06:34 UTC 2016;hci0;1E 02 01 1A 1A FF 4C 00 02 15;4a 4e ce 60 7e b0 11 e4 b4 a9 08 00 20 0c 9a 66;6e d7;68 1e;61 00
Thu 22 Sep 21:06:40 UTC 2016;hci0;1E 02 01 1A 1A FF 4C 00 02 15;4a 4e ce 60 7e b0 11 e4 b4 a9 08 00 20 0c 9a 66;6e 98;68 1e;61 00
Thu 22 Sep 21:06:46 UTC 2016;hci0;1E 02 01 1A 1A FF 4C 00 02 15;4a 4e ce 60 7e b0 11 e4 b4 a9 08 00 20 0c 9a 66;6f 54;68 1e;61 00
Thu 22 Sep 21:06:51 UTC 2016;hci0;1E 02 01 1A 1A FF 4C 00 02 15;4a 4e ce 60 7e b0 11 e4 b4 a9 08 00 20 0c 9a 66;6f d1;68 1e;61 00
Thu 22 Sep 21:06:57 UTC 2016;hci0;1E 02 01 1A 1A FF 4C 00 02 15;4a 4e ce 60 7e b0 11 e4 b4 a9 08 00 20 0c 9a 66;6f d1;68 1e;61 00
Thu 22 Sep 21:07:03 UTC 2016;hci0;1E 02 01 1A 1A FF 4C 00 02 15;4a 4e ce 60 7e b0 11 e4 b4 a9 08 00 20 0c 9a 66;70 4e;68 1e;61 00
Thu 22 Sep 21:07:09 UTC 2016;hci0;1E 02 01 1A 1A FF 4C 00 02 15;4a 4e ce 60 7e b0 11 e4 b4 a9 08 00 20 0c 9a 66;70 4e;68 1e;61 00
Thu 22 Sep 21:07:15 UTC 2016;hci0;1E 02 01 1A 1A FF 4C 00 02 15;4a 4e ce 60 7e b0 11 e4 b4 a9 08 00 20 0c 9a 66;70 cb;68 1e;61 00
Thu 22 Sep 21:07:21 UTC 2016;hci0;1E 02 01 1A 1A FF 4C 00 02 15;4a 4e ce 60 7e b0 11 e4 b4 a9 08 00 20 0c 9a 66;70 8c;68 1e;61 00
Thu 22 Sep 21:07:27 UTC 2016;hci0;1E 02 01 1A 1A FF 4C 00 02 15;4a 4e ce 60 7e b0 11 e4 b4 a9 08 00 20 0c 9a 66;71 09;68 1e;61 00
Thu 22 Sep 21:07:33 UTC 2016;hci0;1E 02 01 1A 1A FF 4C 00 02 15;4a 4e ce 60 7e b0 11 e4 b4 a9 08 00 20 0c 9a 66;70 8c;68 1e;61 00
Thu 22 Sep 21:07:39 UTC 2016;hci0;1E 02 01 1A 1A FF 4C 00 02 15;4a 4e ce 60 7e b0 11 e4 b4 a9 08 00 20 0c 9a 66;6f 92;68 1e;61 00
Thu 22 Sep 21:07:44 UTC 2016;hci0;1E 02 01 1A 1A FF 4C 00 02 15;4a 4e ce 60 7e b0 11 e4 b4 a9 08 00 20 0c 9a 66;6e d7;68 1e;61 00
Thu 22 Sep 21:07:50 UTC 2016;hci0;1E 02 01 1A 1A FF 4C 00 02 15;4a 4e ce 60 7e b0 11 e4 b4 a9 08 00 20 0c 9a 66;6e 1b;68 1e;61 00
Thu 22 Sep 21:07:56 UTC 2016;hci0;1E 02 01 1A 1A FF 4C 00 02 15;4a 4e ce 60 7e b0 11 e4 b4 a9 08 00 20 0c 9a 66;6e 1b;68 1e;61 00
Thu 22 Sep 21:08:02 UTC 2016;hci0;1E 02 01 1A 1A FF 4C 00 02 15;4a 4e ce 60 7e b0 11 e4 b4 a9 08 00 20 0c 9a 66;6f 15;68 1e;61 00
Thu 22 Sep 21:08:08 UTC 2016;hci0;1E 02 01 1A 1A FF 4C 00 02 15;4a 4e ce 60 7e b0 11 e4 b4 a9 08 00 20 0c 9a 66;6f 54;68 1e;61 00
Thu 22 Sep 21:08:14 UTC 2016;hci0;1E 02 01 1A 1A FF 4C 00 02 15;4a 4e ce 60 7e b0 11 e4 b4 a9 08 00 20 0c 9a 66;6f 92;68 1e;61 00
Thu 22 Sep 21:08:20 UTC 2016;hci0;1E 02 01 1A 1A FF 4C 00 02 15;4a 4e ce 60 7e b0 11 e4 b4 a9 08 00 20 0c 9a 66;6f 92;68 1e;61 00
Thu 22 Sep 21:08:26 UTC 2016;hci0;1E 02 01 1A 1A FF 4C 00 02 15;4a 4e ce 60 7e b0 11 e4 b4 a9 08 00 20 0c 9a 66;6f 54;68 1e;61 00
Thu 22 Sep 21:08:32 UTC 2016;hci0;1E 02 01 1A 1A FF 4C 00 02 15;4a 4e ce 60 7e b0 11 e4 b4 a9 08 00 20 0c 9a 66;70 4e;68 1e;61 00
Thu 22 Sep 21:08:37 UTC 2016;hci0;1E 02 01 1A 1A FF 4C 00 02 15;4a 4e ce 60 7e b0 11 e4 b4 a9 08 00 20 0c 9a 66;70 8c;68 1e;61 00
Thu 22 Sep 21:08:44 UTC 2016;hci0;1E 02 01 1A 1A FF 4C 00 02 15;4a 4e ce 60 7e b0 11 e4 b4 a9 08 00 20 0c 9a 66;6f d1;68 1e;61 00
Thu 22 Sep 21:08:49 UTC 2016;hci0;1E 02 01 1A 1A FF 4C 00 02 15;4a 4e ce 60 7e b0 11 e4 b4 a9 08 00 20 0c 9a 66;6f 92;68 1e;61 00
Thu 22 Sep 21:08:55 UTC 2016;hci0;1E 02 01 1A 1A FF 4C 00 02 15;4a 4e ce 60 7e b0 11 e4 b4 a9 08 00 20 0c 9a 66;6f 54;68 1e;61 00
Thu 22 Sep 21:09:01 UTC 2016;hci0;1E 02 01 1A 1A FF 4C 00 02 15;4a 4e ce 60 7e b0 11 e4 b4 a9 08 00 20 0c 9a 66;6e 98;68 1e;61 00
Thu 22 Sep 21:09:07 UTC 2016;hci0;1E 02 01 1A 1A FF 4C 00 02 15;4a 4e ce 60 7e b0 11 e4 b4 a9 08 00 20 0c 9a 66;6f 54;68 1e;61 00
Thu 22 Sep 21:09:13 UTC 2016;hci0;1E 02 01 1A 1A FF 4C 00 02 15;4a 4e ce 60 7e b0 11 e4 b4 a9 08 00 20 0c 9a 66;6f 92;68 1e;61 00
Thu 22 Sep 21:09:19 UTC 2016;hci0;1E 02 01 1A 1A FF 4C 00 02 15;4a 4e ce 60 7e b0 11 e4 b4 a9 08 00 20 0c 9a 66;6f d1;68 1e;61 00
Thu 22 Sep 21:09:25 UTC 2016;hci0;1E 02 01 1A 1A FF 4C 00 02 15;4a 4e ce 60 7e b0 11 e4 b4 a9 08 00 20 0c 9a 66;6f 15;68 1e;61 00
Thu 22 Sep 21:09:31 UTC 2016;hci0;1E 02 01 1A 1A FF 4C 00 02 15;4a 4e ce 60 7e b0 11 e4 b4 a9 08 00 20 0c 9a 66;6f 15;68 1e;61 00
Thu 22 Sep 21:09:37 UTC 2016;hci0;1E 02 01 1A 1A FF 4C 00 02 15;4a 4e ce 60 7e b0 11 e4 b4 a9 08 00 20 0c 9a 66;6f 92;68 1e;61 00
Thu 22 Sep 21:09:42 UTC 2016;hci0;1E 02 01 1A 1A FF 4C 00 02 15;4a 4e ce 60 7e b0 11 e4 b4 a9 08 00 20 0c 9a 66;6f d1;68 1e;61 00
Thu 22 Sep 21:09:48 UTC 2016;hci0;1E 02 01 1A 1A FF 4C 00 02 15;4a 4e ce 60 7e b0 11 e4 b4 a9 08 00 20 0c 9a 66;6f d1;68 1e;61 00
Thu 22 Sep 21:09:54 UTC 2016;hci0;1E 02 01 1A 1A FF 4C 00 02 15;4a 4e ce 60 7e b0 11 e4 b4 a9 08 00 20 0c 9a 66;6f 92;68 1e;61 00
Thu 22 Sep 21:10:00 UTC 2016;hci0;1E 02 01 1A 1A FF 4C 00 02 15;4a 4e ce 60 7e b0 11 e4 b4 a9 08 00 20 0c 9a 66;6f 15;68 1e;61 00
Thu 22 Sep 21:10:06 UTC 2016;hci0;1E 02 01 1A 1A FF 4C 00 02 15;4a 4e ce 60 7e b0 11 e4 b4 a9 08 00 20 0c 9a 66;6f 54;68 1e;61 00
Thu 22 Sep 21:10:12 UTC 2016;hci0;1E 02 01 1A 1A FF 4C 00 02 15;4a 4e ce 60 7e b0 11 e4 b4 a9 08 00 20 0c 9a 66;6f d1;68 1e;61 00
Thu 22 Sep 21:10:18 UTC 2016;hci0;1E 02 01 1A 1A FF 4C 00 02 15;4a 4e ce 60 7e b0 11 e4 b4 a9 08 00 20 0c 9a 66;70 0f;68 1e;61 00
Thu 22 Sep 21:10:24 UTC 2016;hci0;1E 02 01 1A 1A FF 4C 00 02 15;4a 4e ce 60 7e b0 11 e4 b4 a9 08 00 20 0c 9a 66;6f d1;68 1e;61 00
Thu 22 Sep 21:10:29 UTC 2016;hci0;1E 02 01 1A 1A FF 4C 00 02 15;4a 4e ce 60 7e b0 11 e4 b4 a9 08 00 20 0c 9a 66;6f 92;68 1e;61 00
Thu 22 Sep 21:10:35 UTC 2016;hci0;1E 02 01 1A 1A FF 4C 00 02 15;4a 4e ce 60 7e b0 11 e4 b4 a9 08 00 20 0c 9a 66;6f 92;68 1e;61 00
Thu 22 Sep 21:10:41 UTC 2016;hci0;1E 02 01 1A 1A FF 4C 00 02 15;4a 4e ce 60 7e b0 11 e4 b4 a9 08 00 20 0c 9a 66;6f 15;68 1e;61 00
Thu 22 Sep 21:10:47 UTC 2016;hci0;1E 02 01 1A 1A FF 4C 00 02 15;4a 4e ce 60 7e b0 11 e4 b4 a9 08 00 20 0c 9a 66;6f 54;68 1e;61 00
Thu 22 Sep 21:10:53 UTC 2016;hci0;1E 02 01 1A 1A FF 4C 00 02 15;4a 4e ce 60 7e b0 11 e4 b4 a9 08 00 20 0c 9a 66;6f 15;68 1e;61 00
Thu 22 Sep 21:10:59 UTC 2016;hci0;1E 02 01 1A 1A FF 4C 00 02 15;4a 4e ce 60 7e b0 11 e4 b4 a9 08 00 20 0c 9a 66;6e 98;68 1e;61 00
Thu 22 Sep 21:11:05 UTC 2016;hci0;1E 02 01 1A 1A FF 4C 00 02 15;4a 4e ce 60 7e b0 11 e4 b4 a9 08 00 20 0c 9a 66;6c a4;68 1e;61 00
Thu 22 Sep 21:11:11 UTC 2016;hci0;1E 02 01 1A 1A FF 4C 00 02 15;4a 4e ce 60 7e b0 11 e4 b4 a9 08 00 20 0c 9a 66;6d dd;68 1e;61 00
Thu 22 Sep 21:11:17 UTC 2016;hci0;1E 02 01 1A 1A FF 4C 00 02 15;4a 4e ce 60 7e b0 11 e4 b4 a9 08 00 20 0c 9a 66;6e 1b;68 1e;61 00
Thu 22 Sep 21:11:22 UTC 2016;hci0;1E 02 01 1A 1A FF 4C 00 02 15;4a 4e ce 60 7e b0 11 e4 b4 a9 08 00 20 0c 9a 66;6e d7;68 1e;61 00
Thu 22 Sep 21:11:28 UTC 2016;hci0;1E 02 01 1A 1A FF 4C 00 02 15;4a 4e ce 60 7e b0 11 e4 b4 a9 08 00 20 0c 9a 66;6f 15;68 1e;61 00
Thu 22 Sep 21:11:34 UTC 2016;hci0;1E 02 01 1A 1A FF 4C 00 02 15;4a 4e ce 60 7e b0 11 e4 b4 a9 08 00 20 0c 9a 66;6f 92;68 1e;61 00
Thu 22 Sep 21:11:40 UTC 2016;hci0;1E 02 01 1A 1A FF 4C 00 02 15;4a 4e ce 60 7e b0 11 e4 b4 a9 08 00 20 0c 9a 66;6f d1;68 1e;61 00
Thu 22 Sep 21:11:46 UTC 2016;hci0;1E 02 01 1A 1A FF 4C 00 02 15;4a 4e ce 60 7e b0 11 e4 b4 a9 08 00 20 0c 9a 66;6f 92;68 1e;61 00
Thu 22 Sep 21:11:52 UTC 2016;hci0;1E 02 01 1A 1A FF 4C 00 02 15;4a 4e ce 60 7e b0 11 e4 b4 a9 08 00 20 0c 9a 66;70 4e;68 1e;61 00
Thu 22 Sep 21:11:58 UTC 2016;hci0;1E 02 01 1A 1A FF 4C 00 02 15;4a 4e ce 60 7e b0 11 e4 b4 a9 08 00 20 0c 9a 66;70 cb;68 1e;61 00
Thu 22 Sep 21:12:04 UTC 2016;hci0;1E 02 01 1A 1A FF 4C 00 02 15;4a 4e ce 60 7e b0 11 e4 b4 a9 08 00 20 0c 9a 66;6f d1;68 1e;61 00
Thu 22 Sep 21:12:09 UTC 2016;hci0;1E 02 01 1A 1A FF 4C 00 02 15;4a 4e ce 60 7e b0 11 e4 b4 a9 08 00 20 0c 9a 66;6f d1;68 1e;61 00
Thu 22 Sep 21:12:16 UTC 2016;hci0;1E 02 01 1A 1A FF 4C 00 02 15;4a 4e ce 60 7e b0 11 e4 b4 a9 08 00 20 0c 9a 66;6f 15;68 1e;61 00
Thu 22 Sep 21:12:22 UTC 2016;hci0;1E 02 01 1A 1A FF 4C 00 02 15;4a 4e ce 60 7e b0 11 e4 b4 a9 08 00 20 0c 9a 66;6f 15;68 1e;61 00
Thu 22 Sep 21:12:28 UTC 2016;hci0;1E 02 01 1A 1A FF 4C 00 02 15;4a 4e ce 60 7e b0 11 e4 b4 a9 08 00 20 0c 9a 66;6f 54;68 1e;61 00
Thu 22 Sep 21:12:34 UTC 2016;hci0;1E 02 01 1A 1A FF 4C 00 02 15;4a 4e ce 60 7e b0 11 e4 b4 a9 08 00 20 0c 9a 66;6f 15;68 1e;61 00
Thu 22 Sep 21:12:40 UTC 2016;hci0;1E 02 01 1A 1A FF 4C 00 02 15;4a 4e ce 60 7e b0 11 e4 b4 a9 08 00 20 0c 9a 66;6e d7;68 1e;61 00
Thu 22 Sep 21:12:46 UTC 2016;hci0;1E 02 01 1A 1A FF 4C 00 02 15;4a 4e ce 60 7e b0 11 e4 b4 a9 08 00 20 0c 9a 66;6e 5a;68 1e;61 00
Thu 22 Sep 21:12:51 UTC 2016;hci0;1E 02 01 1A 1A FF 4C 00 02 15;4a 4e ce 60 7e b0 11 e4 b4 a9 08 00 20 0c 9a 66;6c e3;68 1e;61 00
Thu 22 Sep 21:12:57 UTC 2016;hci0;1E 02 01 1A 1A FF 4C 00 02 15;4a 4e ce 60 7e b0 11 e4 b4 a9 08 00 20 0c 9a 66;6c 27;68 1e;61 00
Thu 22 Sep 21:13:03 UTC 2016;hci0;1E 02 01 1A 1A FF 4C 00 02 15;4a 4e ce 60 7e b0 11 e4 b4 a9 08 00 20 0c 9a 66;6c 27;68 1e;61 00
Thu 22 Sep 21:13:09 UTC 2016;hci0;1E 02 01 1A 1A FF 4C 00 02 15;4a 4e ce 60 7e b0 11 e4 b4 a9 08 00 20 0c 9a 66;6b 6c;68 1e;61 00
Thu 22 Sep 21:13:15 UTC 2016;hci0;1E 02 01 1A 1A FF 4C 00 02 15;4a 4e ce 60 7e b0 11 e4 b4 a9 08 00 20 0c 9a 66;6a 33;68 1e;61 00
Thu 22 Sep 21:13:21 UTC 2016;hci0;1E 02 01 1A 1A FF 4C 00 02 15;4a 4e ce 60 7e b0 11 e4 b4 a9 08 00 20 0c 9a 66;69 f5;68 1e;61 00
Thu 22 Sep 21:13:27 UTC 2016;hci0;1E 02 01 1A 1A FF 4C 00 02 15;4a 4e ce 60 7e b0 11 e4 b4 a9 08 00 20 0c 9a 66;69 39;68 1e;61 00
Thu 22 Sep 21:13:33 UTC 2016;hci0;1E 02 01 1A 1A FF 4C 00 02 15;4a 4e ce 60 7e b0 11 e4 b4 a9 08 00 20 0c 9a 66;69 39;68 1e;61 00
Thu 22 Sep 21:13:38 UTC 2016;hci0;1E 02 01 1A 1A FF 4C 00 02 15;4a 4e ce 60 7e b0 11 e4 b4 a9 08 00 20 0c 9a 66;69 b6;68 1e;61 00
Thu 22 Sep 21:13:44 UTC 2016;hci0;1E 02 01 1A 1A FF 4C 00 02 15;4a 4e ce 60 7e b0 11 e4 b4 a9 08 00 20 0c 9a 66;69 f5;68 1e;61 00
Thu 22 Sep 21:13:50 UTC 2016;hci0;1E 02 01 1A 1A FF 4C 00 02 15;4a 4e ce 60 7e b0 11 e4 b4 a9 08 00 20 0c 9a 66;6a 72;68 1e;61 00
Thu 22 Sep 21:13:56 UTC 2016;hci0;1E 02 01 1A 1A FF 4C 00 02 15;4a 4e ce 60 7e b0 11 e4 b4 a9 08 00 20 0c 9a 66;6b 6c;68 1e;61 00
Thu 22 Sep 21:14:02 UTC 2016;hci0;1E 02 01 1A 1A FF 4C 00 02 15;4a 4e ce 60 7e b0 11 e4 b4 a9 08 00 20 0c 9a 66;6c 27;68 1e;61 00
Thu 22 Sep 21:14:08 UTC 2016;hci0;1E 02 01 1A 1A FF 4C 00 02 15;4a 4e ce 60 7e b0 11 e4 b4 a9 08 00 20 0c 9a 66;6c a4;68 1e;61 00
Thu 22 Sep 21:14:14 UTC 2016;hci0;1E 02 01 1A 1A FF 4C 00 02 15;4a 4e ce 60 7e b0 11 e4 b4 a9 08 00 20 0c 9a 66;6c e3;68 1e;61 00
Thu 22 Sep 21:14:20 UTC 2016;hci0;1E 02 01 1A 1A FF 4C 00 02 15;4a 4e ce 60 7e b0 11 e4 b4 a9 08 00 20 0c 9a 66;6c e3;68 1e;61 00
Thu 22 Sep 21:14:26 UTC 2016;hci0;1E 02 01 1A 1A FF 4C 00 02 15;4a 4e ce 60 7e b0 11 e4 b4 a9 08 00 20 0c 9a 66;6c e3;68 1e;61 00
Thu 22 Sep 21:14:31 UTC 2016;hci0;1E 02 01 1A 1A FF 4C 00 02 15;4a 4e ce 60 7e b0 11 e4 b4 a9 08 00 20 0c 9a 66;6c e3;68 1e;61 00
Thu 22 Sep 21:14:37 UTC 2016;hci0;1E 02 01 1A 1A FF 4C 00 02 15;4a 4e ce 60 7e b0 11 e4 b4 a9 08 00 20 0c 9a 66;6c e3;68 1e;61 00
Thu 22 Sep 21:14:43 UTC 2016;hci0;1E 02 01 1A 1A FF 4C 00 02 15;4a 4e ce 60 7e b0 11 e4 b4 a9 08 00 20 0c 9a 66;6d dd;68 1e;61 00
Thu 22 Sep 21:14:49 UTC 2016;hci0;1E 02 01 1A 1A FF 4C 00 02 15;4a 4e ce 60 7e b0 11 e4 b4 a9 08 00 20 0c 9a 66;6d dd;68 1e;61 00
Thu 22 Sep 21:14:55 UTC 2016;hci0;1E 02 01 1A 1A FF 4C 00 02 15;4a 4e ce 60 7e b0 11 e4 b4 a9 08 00 20 0c 9a 66;6d 9e;68 1e;61 00
Thu 22 Sep 21:15:01 UTC 2016;hci0;1E 02 01 1A 1A FF 4C 00 02 15;4a 4e ce 60 7e b0 11 e4 b4 a9 08 00 20 0c 9a 66;6d 60;68 1e;61 00
Thu 22 Sep 21:15:07 UTC 2016;hci0;1E 02 01 1A 1A FF 4C 00 02 15;4a 4e ce 60 7e b0 11 e4 b4 a9 08 00 20 0c 9a 66;6c e3;68 1e;61 00
Thu 22 Sep 21:15:13 UTC 2016;hci0;1E 02 01 1A 1A FF 4C 00 02 15;4a 4e ce 60 7e b0 11 e4 b4 a9 08 00 20 0c 9a 66;6c e3;68 1e;61 00
Thu 22 Sep 21:15:19 UTC 2016;hci0;1E 02 01 1A 1A FF 4C 00 02 15;4a 4e ce 60 7e b0 11 e4 b4 a9 08 00 20 0c 9a 66;6c a4;68 1e;61 00
Thu 22 Sep 21:15:25 UTC 2016;hci0;1E 02 01 1A 1A FF 4C 00 02 15;4a 4e ce 60 7e b0 11 e4 b4 a9 08 00 20 0c 9a 66;6e 1b;68 1e;61 00
Thu 22 Sep 21:15:31 UTC 2016;hci0;1E 02 01 1A 1A FF 4C 00 02 15;4a 4e ce 60 7e b0 11 e4 b4 a9 08 00 20 0c 9a 66;6f 15;68 1e;61 00
Thu 22 Sep 21:15:37 UTC 2016;hci0;1E 02 01 1A 1A FF 4C 00 02 15;4a 4e ce 60 7e b0 11 e4 b4 a9 08 00 20 0c 9a 66;6f 15;68 1e;61 00
Thu 22 Sep 21:15:42 UTC 2016;hci0;1E 02 01 1A 1A FF 4C 00 02 15;4a 4e ce 60 7e b0 11 e4 b4 a9 08 00 20 0c 9a 66;6e d7;68 1e;61 00
Thu 22 Sep 21:15:48 UTC 2016;hci0;1E 02 01 1A 1A FF 4C 00 02 15;4a 4e ce 60 7e b0 11 e4 b4 a9 08 00 20 0c 9a 66;6e d7;68 1e;61 00
Thu 22 Sep 21:15:54 UTC 2016;hci0;1E 02 01 1A 1A FF 4C 00 02 15;4a 4e ce 60 7e b0 11 e4 b4 a9 08 00 20 0c 9a 66;6e d7;68 1e;61 00
Thu 22 Sep 21:16:00 UTC 2016;hci0;1E 02 01 1A 1A FF 4C 00 02 15;4a 4e ce 60 7e b0 11 e4 b4 a9 08 00 20 0c 9a 66;6f 15;68 1e;61 00
Thu 22 Sep 21:16:06 UTC 2016;hci0;1E 02 01 1A 1A FF 4C 00 02 15;4a 4e ce 60 7e b0 11 e4 b4 a9 08 00 20 0c 9a 66;6f 92;68 1e;61 00
Thu 22 Sep 21:16:12 UTC 2016;hci0;1E 02 01 1A 1A FF 4C 00 02 15;4a 4e ce 60 7e b0 11 e4 b4 a9 08 00 20 0c 9a 66;6f 54;68 1e;61 00
Thu 22 Sep 21:16:19 UTC 2016;hci0;1E 02 01 1A 1A FF 4C 00 02 15;4a 4e ce 60 7e b0 11 e4 b4 a9 08 00 20 0c 9a 66;6e d7;68 1e;61 00
Thu 22 Sep 21:16:25 UTC 2016;hci0;1E 02 01 1A 1A FF 4C 00 02 15;4a 4e ce 60 7e b0 11 e4 b4 a9 08 00 20 0c 9a 66;6e d7;68 1e;61 00
Thu 22 Sep 21:16:31 UTC 2016;hci0;1E 02 01 1A 1A FF 4C 00 02 15;4a 4e ce 60 7e b0 11 e4 b4 a9 08 00 20 0c 9a 66;6f 15;68 1e;61 00
Thu 22 Sep 21:16:37 UTC 2016;hci0;1E 02 01 1A 1A FF 4C 00 02 15;4a 4e ce 60 7e b0 11 e4 b4 a9 08 00 20 0c 9a 66;6e 98;68 1e;61 00
Thu 22 Sep 21:16:43 UTC 2016;hci0;1E 02 01 1A 1A FF 4C 00 02 15;4a 4e ce 60 7e b0 11 e4 b4 a9 08 00 20 0c 9a 66;6d dd;68 1e;61 00
Thu 22 Sep 21:16:49 UTC 2016;hci0;1E 02 01 1A 1A FF 4C 00 02 15;4a 4e ce 60 7e b0 11 e4 b4 a9 08 00 20 0c 9a 66;6d 9e;68 1e;61 00
Thu 22 Sep 21:16:55 UTC 2016;hci0;1E 02 01 1A 1A FF 4C 00 02 15;4a 4e ce 60 7e b0 11 e4 b4 a9 08 00 20 0c 9a 66;6d dd;68 1e;61 00
Thu 22 Sep 21:17:01 UTC 2016;hci0;1E 02 01 1A 1A FF 4C 00 02 15;4a 4e ce 60 7e b0 11 e4 b4 a9 08 00 20 0c 9a 66;6e 98;68 1e;61 00
Thu 22 Sep 21:17:07 UTC 2016;hci0;1E 02 01 1A 1A FF 4C 00 02 15;4a 4e ce 60 7e b0 11 e4 b4 a9 08 00 20 0c 9a 66;6f 15;68 1e;61 00
Thu 22 Sep 21:17:12 UTC 2016;hci0;1E 02 01 1A 1A FF 4C 00 02 15;4a 4e ce 60 7e b0 11 e4 b4 a9 08 00 20 0c 9a 66;6f 15;68 1e;61 00
Thu 22 Sep 21:17:18 UTC 2016;hci0;1E 02 01 1A 1A FF 4C 00 02 15;4a 4e ce 60 7e b0 11 e4 b4 a9 08 00 20 0c 9a 66;6e d7;68 1e;61 00
Thu 22 Sep 21:17:24 UTC 2016;hci0;1E 02 01 1A 1A FF 4C 00 02 15;4a 4e ce 60 7e b0 11 e4 b4 a9 08 00 20 0c 9a 66;6e 1b;68 1e;61 00
Thu 22 Sep 21:17:30 UTC 2016;hci0;1E 02 01 1A 1A FF 4C 00 02 15;4a 4e ce 60 7e b0 11 e4 b4 a9 08 00 20 0c 9a 66;6d dd;68 1e;61 00
Thu 22 Sep 21:17:36 UTC 2016;hci0;1E 02 01 1A 1A FF 4C 00 02 15;4a 4e ce 60 7e b0 11 e4 b4 a9 08 00 20 0c 9a 66;6e 1b;68 1e;61 00
Thu 22 Sep 21:17:42 UTC 2016;hci0;1E 02 01 1A 1A FF 4C 00 02 15;4a 4e ce 60 7e b0 11 e4 b4 a9 08 00 20 0c 9a 66;6e 5a;68 1e;61 00
Thu 22 Sep 21:17:48 UTC 2016;hci0;1E 02 01 1A 1A FF 4C 00 02 15;4a 4e ce 60 7e b0 11 e4 b4 a9 08 00 20 0c 9a 66;6e 5a;68 1e;61 00
Thu 22 Sep 21:17:54 UTC 2016;hci0;1E 02 01 1A 1A FF 4C 00 02 15;4a 4e ce 60 7e b0 11 e4 b4 a9 08 00 20 0c 9a 66;6f 15;68 1e;61 00
Thu 22 Sep 21:18:00 UTC 2016;hci0;1E 02 01 1A 1A FF 4C 00 02 15;4a 4e ce 60 7e b0 11 e4 b4 a9 08 00 20 0c 9a 66;6f 54;68 1e;61 00
Thu 22 Sep 21:18:06 UTC 2016;hci0;1E 02 01 1A 1A FF 4C 00 02 15;4a 4e ce 60 7e b0 11 e4 b4 a9 08 00 20 0c 9a 66;70 4e;68 1e;61 00
Thu 22 Sep 21:18:12 UTC 2016;hci0;1E 02 01 1A 1A FF 4C 00 02 15;4a 4e ce 60 7e b0 11 e4 b4 a9 08 00 20 0c 9a 66;70 4e;68 1e;61 00
Thu 22 Sep 21:18:18 UTC 2016;hci0;1E 02 01 1A 1A FF 4C 00 02 15;4a 4e ce 60 7e b0 11 e4 b4 a9 08 00 20 0c 9a 66;70 4e;68 1e;61 00
Thu 22 Sep 21:18:24 UTC 2016;hci0;1E 02 01 1A 1A FF 4C 00 02 15;4a 4e ce 60 7e b0 11 e4 b4 a9 08 00 20 0c 9a 66;70 0f;68 1e;61 00
Thu 22 Sep 21:18:30 UTC 2016;hci0;1E 02 01 1A 1A FF 4C 00 02 15;4a 4e ce 60 7e b0 11 e4 b4 a9 08 00 20 0c 9a 66;6f d1;68 1e;61 00
Thu 22 Sep 21:18:36 UTC 2016;hci0;1E 02 01 1A 1A FF 4C 00 02 15;4a 4e ce 60 7e b0 11 e4 b4 a9 08 00 20 0c 9a 66;70 0f;68 1e;61 00
Thu 22 Sep 21:18:42 UTC 2016;hci0;1E 02 01 1A 1A FF 4C 00 02 15;4a 4e ce 60 7e b0 11 e4 b4 a9 08 00 20 0c 9a 66;6f d1;68 1e;61 00
Thu 22 Sep 21:18:48 UTC 2016;hci0;1E 02 01 1A 1A FF 4C 00 02 15;4a 4e ce 60 7e b0 11 e4 b4 a9 08 00 20 0c 9a 66;6f 15;68 1e;61 00
Thu 22 Sep 21:18:54 UTC 2016;hci0;1E 02 01 1A 1A FF 4C 00 02 15;4a 4e ce 60 7e b0 11 e4 b4 a9 08 00 20 0c 9a 66;6e d7;68 1e;61 00
Thu 22 Sep 21:18:59 UTC 2016;hci0;1E 02 01 1A 1A FF 4C 00 02 15;4a 4e ce 60 7e b0 11 e4 b4 a9 08 00 20 0c 9a 66;6e 98;68 1e;61 00
Thu 22 Sep 21:19:05 UTC 2016;hci0;1E 02 01 1A 1A FF 4C 00 02 15;4a 4e ce 60 7e b0 11 e4 b4 a9 08 00 20 0c 9a 66;6e 98;68 1e;61 00
Thu 22 Sep 21:19:11 UTC 2016;hci0;1E 02 01 1A 1A FF 4C 00 02 15;4a 4e ce 60 7e b0 11 e4 b4 a9 08 00 20 0c 9a 66;6e d7;68 1e;61 00
Thu 22 Sep 21:19:17 UTC 2016;hci0;1E 02 01 1A 1A FF 4C 00 02 15;4a 4e ce 60 7e b0 11 e4 b4 a9 08 00 20 0c 9a 66;6f 54;68 1e;61 00
Thu 22 Sep 21:19:23 UTC 2016;hci0;1E 02 01 1A 1A FF 4C 00 02 15;4a 4e ce 60 7e b0 11 e4 b4 a9 08 00 20 0c 9a 66;6f d1;68 1e;61 00
Thu 22 Sep 21:19:29 UTC 2016;hci0;1E 02 01 1A 1A FF 4C 00 02 15;4a 4e ce 60 7e b0 11 e4 b4 a9 08 00 20 0c 9a 66;6f d1;68 1e;61 00
Thu 22 Sep 21:19:35 UTC 2016;hci0;1E 02 01 1A 1A FF 4C 00 02 15;4a 4e ce 60 7e b0 11 e4 b4 a9 08 00 20 0c 9a 66;6f d1;68 1e;61 00
Thu 22 Sep 21:19:41 UTC 2016;hci0;1E 02 01 1A 1A FF 4C 00 02 15;4a 4e ce 60 7e b0 11 e4 b4 a9 08 00 20 0c 9a 66;6f 54;68 1e;61 00
Thu 22 Sep 21:19:46 UTC 2016;hci0;1E 02 01 1A 1A FF 4C 00 02 15;4a 4e ce 60 7e b0 11 e4 b4 a9 08 00 20 0c 9a 66;6f 54;68 1e;61 00
Thu 22 Sep 21:19:52 UTC 2016;hci0;1E 02 01 1A 1A FF 4C 00 02 15;4a 4e ce 60 7e b0 11 e4 b4 a9 08 00 20 0c 9a 66;6f d1;68 1e;61 00
Thu 22 Sep 21:19:58 UTC 2016;hci0;1E 02 01 1A 1A FF 4C 00 02 15;4a 4e ce 60 7e b0 11 e4 b4 a9 08 00 20 0c 9a 66;6f 92;68 1e;61 00
Thu 22 Sep 21:20:04 UTC 2016;hci0;1E 02 01 1A 1A FF 4C 00 02 15;4a 4e ce 60 7e b0 11 e4 b4 a9 08 00 20 0c 9a 66;6f 54;68 1e;61 00
Thu 22 Sep 21:20:10 UTC 2016;hci0;1E 02 01 1A 1A FF 4C 00 02 15;4a 4e ce 60 7e b0 11 e4 b4 a9 08 00 20 0c 9a 66;6f 15;68 1e;61 00
Thu 22 Sep 21:20:16 UTC 2016;hci0;1E 02 01 1A 1A FF 4C 00 02 15;4a 4e ce 60 7e b0 11 e4 b4 a9 08 00 20 0c 9a 66;6e d7;68 1e;61 00
Thu 22 Sep 21:20:22 UTC 2016;hci0;1E 02 01 1A 1A FF 4C 00 02 15;4a 4e ce 60 7e b0 11 e4 b4 a9 08 00 20 0c 9a 66;6e d7;68 1e;61 00
Thu 22 Sep 21:20:28 UTC 2016;hci0;1E 02 01 1A 1A FF 4C 00 02 15;4a 4e ce 60 7e b0 11 e4 b4 a9 08 00 20 0c 9a 66;6e 98;68 1e;61 00
Thu 22 Sep 21:20:34 UTC 2016;hci0;1E 02 01 1A 1A FF 4C 00 02 15;4a 4e ce 60 7e b0 11 e4 b4 a9 08 00 20 0c 9a 66;6f 92;68 1e;61 00
Thu 22 Sep 21:20:39 UTC 2016;hci0;1E 02 01 1A 1A FF 4C 00 02 15;4a 4e ce 60 7e b0 11 e4 b4 a9 08 00 20 0c 9a 66;6f 92;68 1e;61 00
Thu 22 Sep 21:20:45 UTC 2016;hci0;1E 02 01 1A 1A FF 4C 00 02 15;4a 4e ce 60 7e b0 11 e4 b4 a9 08 00 20 0c 9a 66;6e d7;68 1e;61 00
Thu 22 Sep 21:20:51 UTC 2016;hci0;1E 02 01 1A 1A FF 4C 00 02 15;4a 4e ce 60 7e b0 11 e4 b4 a9 08 00 20 0c 9a 66;6e 5a;68 1e;61 00
Thu 22 Sep 21:20:57 UTC 2016;hci0;1E 02 01 1A 1A FF 4C 00 02 15;4a 4e ce 60 7e b0 11 e4 b4 a9 08 00 20 0c 9a 66;6d dd;68 1e;61 00
Thu 22 Sep 21:21:03 UTC 2016;hci0;1E 02 01 1A 1A FF 4C 00 02 15;4a 4e ce 60 7e b0 11 e4 b4 a9 08 00 20 0c 9a 66;6d 9e;68 1e;61 00
Thu 22 Sep 21:21:09 UTC 2016;hci0;1E 02 01 1A 1A FF 4C 00 02 15;4a 4e ce 60 7e b0 11 e4 b4 a9 08 00 20 0c 9a 66;6d 60;68 1e;61 00
Thu 22 Sep 21:21:15 UTC 2016;hci0;1E 02 01 1A 1A FF 4C 00 02 15;4a 4e ce 60 7e b0 11 e4 b4 a9 08 00 20 0c 9a 66;6d 21;68 1e;61 00
Thu 22 Sep 21:21:21 UTC 2016;hci0;1E 02 01 1A 1A FF 4C 00 02 15;4a 4e ce 60 7e b0 11 e4 b4 a9 08 00 20 0c 9a 66;6c e3;68 1e;61 00
Thu 22 Sep 21:21:26 UTC 2016;hci0;1E 02 01 1A 1A FF 4C 00 02 15;4a 4e ce 60 7e b0 11 e4 b4 a9 08 00 20 0c 9a 66;6c a4;68 1e;61 00
Thu 22 Sep 21:21:32 UTC 2016;hci0;1E 02 01 1A 1A FF 4C 00 02 15;4a 4e ce 60 7e b0 11 e4 b4 a9 08 00 20 0c 9a 66;6c 66;68 1e;61 00
Thu 22 Sep 21:21:38 UTC 2016;hci0;1E 02 01 1A 1A FF 4C 00 02 15;4a 4e ce 60 7e b0 11 e4 b4 a9 08 00 20 0c 9a 66;6c 66;68 1e;61 00
Thu 22 Sep 21:21:44 UTC 2016;hci0;1E 02 01 1A 1A FF 4C 00 02 15;4a 4e ce 60 7e b0 11 e4 b4 a9 08 00 20 0c 9a 66;6d 60;68 1e;61 00
Thu 22 Sep 21:21:50 UTC 2016;hci0;1E 02 01 1A 1A FF 4C 00 02 15;4a 4e ce 60 7e b0 11 e4 b4 a9 08 00 20 0c 9a 66;6e 1b;68 1e;61 00
Thu 22 Sep 21:21:56 UTC 2016;hci0;1E 02 01 1A 1A FF 4C 00 02 15;4a 4e ce 60 7e b0 11 e4 b4 a9 08 00 20 0c 9a 66;6e 98;68 1e;61 00
Thu 22 Sep 21:22:02 UTC 2016;hci0;1E 02 01 1A 1A FF 4C 00 02 15;4a 4e ce 60 7e b0 11 e4 b4 a9 08 00 20 0c 9a 66;6d dd;68 1e;61 00
Thu 22 Sep 21:22:08 UTC 2016;hci0;1E 02 01 1A 1A FF 4C 00 02 15;4a 4e ce 60 7e b0 11 e4 b4 a9 08 00 20 0c 9a 66;6d 60;68 1e;61 00
Thu 22 Sep 21:22:14 UTC 2016;hci0;1E 02 01 1A 1A FF 4C 00 02 15;4a 4e ce 60 7e b0 11 e4 b4 a9 08 00 20 0c 9a 66;6e 1b;68 1e;61 00
Thu 22 Sep 21:22:19 UTC 2016;hci0;1E 02 01 1A 1A FF 4C 00 02 15;4a 4e ce 60 7e b0 11 e4 b4 a9 08 00 20 0c 9a 66;6e 5a;68 1e;61 00
Thu 22 Sep 21:22:25 UTC 2016;hci0;1E 02 01 1A 1A FF 4C 00 02 15;4a 4e ce 60 7e b0 11 e4 b4 a9 08 00 20 0c 9a 66;6e 1b;68 1e;61 00
Thu 22 Sep 21:22:31 UTC 2016;hci0;1E 02 01 1A 1A FF 4C 00 02 15;4a 4e ce 60 7e b0 11 e4 b4 a9 08 00 20 0c 9a 66;6e 98;68 1e;61 00
Thu 22 Sep 21:22:37 UTC 2016;hci0;1E 02 01 1A 1A FF 4C 00 02 15;4a 4e ce 60 7e b0 11 e4 b4 a9 08 00 20 0c 9a 66;6e d7;68 1e;61 00
Thu 22 Sep 21:22:43 UTC 2016;hci0;1E 02 01 1A 1A FF 4C 00 02 15;4a 4e ce 60 7e b0 11 e4 b4 a9 08 00 20 0c 9a 66;6e d7;68 1e;61 00
Thu 22 Sep 21:22:49 UTC 2016;hci0;1E 02 01 1A 1A FF 4C 00 02 15;4a 4e ce 60 7e b0 11 e4 b4 a9 08 00 20 0c 9a 66;70 cb;68 1e;61 00
Thu 22 Sep 21:22:55 UTC 2016;hci0;1E 02 01 1A 1A FF 4C 00 02 15;4a 4e ce 60 7e b0 11 e4 b4 a9 08 00 20 0c 9a 66;71 86;68 1e;61 00
Thu 22 Sep 21:23:01 UTC 2016;hci0;1E 02 01 1A 1A FF 4C 00 02 15;4a 4e ce 60 7e b0 11 e4 b4 a9 08 00 20 0c 9a 66;72 42;68 1e;61 00
Thu 22 Sep 21:23:07 UTC 2016;hci0;1E 02 01 1A 1A FF 4C 00 02 15;4a 4e ce 60 7e b0 11 e4 b4 a9 08 00 20 0c 9a 66;72 42;68 1e;61 00
Thu 22 Sep 21:23:12 UTC 2016;hci0;1E 02 01 1A 1A FF 4C 00 02 15;4a 4e ce 60 7e b0 11 e4 b4 a9 08 00 20 0c 9a 66;73 3c;68 1e;61 00
Thu 22 Sep 21:23:18 UTC 2016;hci0;1E 02 01 1A 1A FF 4C 00 02 15;4a 4e ce 60 7e b0 11 e4 b4 a9 08 00 20 0c 9a 66;71 86;68 1e;61 00
Thu 22 Sep 21:23:24 UTC 2016;hci0;1E 02 01 1A 1A FF 4C 00 02 15;4a 4e ce 60 7e b0 11 e4 b4 a9 08 00 20 0c 9a 66;70 8c;68 1e;61 00
Thu 22 Sep 21:23:30 UTC 2016;hci0;1E 02 01 1A 1A FF 4C 00 02 15;4a 4e ce 60 7e b0 11 e4 b4 a9 08 00 20 0c 9a 66;6f 92;68 1e;61 00
Thu 22 Sep 21:23:36 UTC 2016;hci0;1E 02 01 1A 1A FF 4C 00 02 15;4a 4e ce 60 7e b0 11 e4 b4 a9 08 00 20 0c 9a 66;70 4e;68 1e;61 00
Thu 22 Sep 21:23:42 UTC 2016;hci0;1E 02 01 1A 1A FF 4C 00 02 15;4a 4e ce 60 7e b0 11 e4 b4 a9 08 00 20 0c 9a 66;70 8c;68 1e;61 00
Thu 22 Sep 21:23:48 UTC 2016;hci0;1E 02 01 1A 1A FF 4C 00 02 15;4a 4e ce 60 7e b0 11 e4 b4 a9 08 00 20 0c 9a 66;70 8c;68 1e;61 00
Thu 22 Sep 21:23:54 UTC 2016;hci0;1E 02 01 1A 1A FF 4C 00 02 15;4a 4e ce 60 7e b0 11 e4 b4 a9 08 00 20 0c 9a 66;70 cb;68 1e;61 00
Thu 22 Sep 21:23:59 UTC 2016;hci0;1E 02 01 1A 1A FF 4C 00 02 15;4a 4e ce 60 7e b0 11 e4 b4 a9 08 00 20 0c 9a 66;70 8c;68 1e;61 00
Thu 22 Sep 21:24:05 UTC 2016;hci0;1E 02 01 1A 1A FF 4C 00 02 15;4a 4e ce 60 7e b0 11 e4 b4 a9 08 00 20 0c 9a 66;6f 54;68 1e;61 00
Thu 22 Sep 21:24:11 UTC 2016;hci0;1E 02 01 1A 1A FF 4C 00 02 15;4a 4e ce 60 7e b0 11 e4 b4 a9 08 00 20 0c 9a 66;6e d7;68 1e;61 00
Thu 22 Sep 21:24:17 UTC 2016;hci0;1E 02 01 1A 1A FF 4C 00 02 15;4a 4e ce 60 7e b0 11 e4 b4 a9 08 00 20 0c 9a 66;6e d7;68 1e;61 00
Thu 22 Sep 21:24:23 UTC 2016;hci0;1E 02 01 1A 1A FF 4C 00 02 15;4a 4e ce 60 7e b0 11 e4 b4 a9 08 00 20 0c 9a 66;6e 98;68 1e;61 00
Thu 22 Sep 21:24:29 UTC 2016;hci0;1E 02 01 1A 1A FF 4C 00 02 15;4a 4e ce 60 7e b0 11 e4 b4 a9 08 00 20 0c 9a 66;6e d7;68 1e;61 00
Thu 22 Sep 21:24:35 UTC 2016;hci0;1E 02 01 1A 1A FF 4C 00 02 15;4a 4e ce 60 7e b0 11 e4 b4 a9 08 00 20 0c 9a 66;6f d1;68 1e;61 00
Thu 22 Sep 21:24:41 UTC 2016;hci0;1E 02 01 1A 1A FF 4C 00 02 15;4a 4e ce 60 7e b0 11 e4 b4 a9 08 00 20 0c 9a 66;6f 92;68 1e;61 00
Thu 22 Sep 21:24:47 UTC 2016;hci0;1E 02 01 1A 1A FF 4C 00 02 15;4a 4e ce 60 7e b0 11 e4 b4 a9 08 00 20 0c 9a 66;6f 54;68 1e;61 00
Thu 22 Sep 21:24:53 UTC 2016;hci0;1E 02 01 1A 1A FF 4C 00 02 15;4a 4e ce 60 7e b0 11 e4 b4 a9 08 00 20 0c 9a 66;6f 54;68 1e;61 00
Thu 22 Sep 21:24:58 UTC 2016;hci0;1E 02 01 1A 1A FF 4C 00 02 15;4a 4e ce 60 7e b0 11 e4 b4 a9 08 00 20 0c 9a 66;6e d7;68 1e;61 00
Thu 22 Sep 21:25:04 UTC 2016;hci0;1E 02 01 1A 1A FF 4C 00 02 15;4a 4e ce 60 7e b0 11 e4 b4 a9 08 00 20 0c 9a 66;6e 1b;68 1e;61 00
Thu 22 Sep 21:25:10 UTC 2016;hci0;1E 02 01 1A 1A FF 4C 00 02 15;4a 4e ce 60 7e b0 11 e4 b4 a9 08 00 20 0c 9a 66;6d dd;68 1e;61 00
Thu 22 Sep 21:25:16 UTC 2016;hci0;1E 02 01 1A 1A FF 4C 00 02 15;4a 4e ce 60 7e b0 11 e4 b4 a9 08 00 20 0c 9a 66;6d dd;68 1e;61 00
Thu 22 Sep 21:25:22 UTC 2016;hci0;1E 02 01 1A 1A FF 4C 00 02 15;4a 4e ce 60 7e b0 11 e4 b4 a9 08 00 20 0c 9a 66;6e 1b;68 1e;61 00
Thu 22 Sep 21:25:28 UTC 2016;hci0;1E 02 01 1A 1A FF 4C 00 02 15;4a 4e ce 60 7e b0 11 e4 b4 a9 08 00 20 0c 9a 66;6e 1b;68 1e;61 00
Thu 22 Sep 21:25:34 UTC 2016;hci0;1E 02 01 1A 1A FF 4C 00 02 15;4a 4e ce 60 7e b0 11 e4 b4 a9 08 00 20 0c 9a 66;6d dd;68 1e;61 00
Thu 22 Sep 21:25:40 UTC 2016;hci0;1E 02 01 1A 1A FF 4C 00 02 15;4a 4e ce 60 7e b0 11 e4 b4 a9 08 00 20 0c 9a 66;6d dd;68 1e;61 00
Thu 22 Sep 21:25:46 UTC 2016;hci0;1E 02 01 1A 1A FF 4C 00 02 15;4a 4e ce 60 7e b0 11 e4 b4 a9 08 00 20 0c 9a 66;6d dd;68 1e;61 00
Thu 22 Sep 21:25:51 UTC 2016;hci0;1E 02 01 1A 1A FF 4C 00 02 15;4a 4e ce 60 7e b0 11 e4 b4 a9 08 00 20 0c 9a 66;6d 9e;68 1e;61 00
Thu 22 Sep 21:25:57 UTC 2016;hci0;1E 02 01 1A 1A FF 4C 00 02 15;4a 4e ce 60 7e b0 11 e4 b4 a9 08 00 20 0c 9a 66;6d 21;68 1e;61 00
Thu 22 Sep 21:26:03 UTC 2016;hci0;1E 02 01 1A 1A FF 4C 00 02 15;4a 4e ce 60 7e b0 11 e4 b4 a9 08 00 20 0c 9a 66;6d 60;68 1e;61 00
Thu 22 Sep 21:26:09 UTC 2016;hci0;1E 02 01 1A 1A FF 4C 00 02 15;4a 4e ce 60 7e b0 11 e4 b4 a9 08 00 20 0c 9a 66;6d 9e;68 1e;61 00
Thu 22 Sep 21:26:15 UTC 2016;hci0;1E 02 01 1A 1A FF 4C 00 02 15;4a 4e ce 60 7e b0 11 e4 b4 a9 08 00 20 0c 9a 66;6d dd;68 1e;61 00
Thu 22 Sep 21:26:21 UTC 2016;hci0;1E 02 01 1A 1A FF 4C 00 02 15;4a 4e ce 60 7e b0 11 e4 b4 a9 08 00 20 0c 9a 66;6e 1b;68 1e;61 00
Thu 22 Sep 21:26:27 UTC 2016;hci0;1E 02 01 1A 1A FF 4C 00 02 15;4a 4e ce 60 7e b0 11 e4 b4 a9 08 00 20 0c 9a 66;6d 9e;68 1e;61 00
Thu 22 Sep 21:26:33 UTC 2016;hci0;1E 02 01 1A 1A FF 4C 00 02 15;4a 4e ce 60 7e b0 11 e4 b4 a9 08 00 20 0c 9a 66;6e 5a;68 1e;61 00
Thu 22 Sep 21:26:39 UTC 2016;hci0;1E 02 01 1A 1A FF 4C 00 02 15;4a 4e ce 60 7e b0 11 e4 b4 a9 08 00 20 0c 9a 66;6e 98;68 1e;61 00
Thu 22 Sep 21:26:44 UTC 2016;hci0;1E 02 01 1A 1A FF 4C 00 02 15;4a 4e ce 60 7e b0 11 e4 b4 a9 08 00 20 0c 9a 66;6f d1;68 1e;61 00
Thu 22 Sep 21:26:50 UTC 2016;hci0;1E 02 01 1A 1A FF 4C 00 02 15;4a 4e ce 60 7e b0 11 e4 b4 a9 08 00 20 0c 9a 66;70 0f;68 1e;61 00
Thu 22 Sep 21:26:56 UTC 2016;hci0;1E 02 01 1A 1A FF 4C 00 02 15;4a 4e ce 60 7e b0 11 e4 b4 a9 08 00 20 0c 9a 66;79 56;68 1e;61 00
Thu 22 Sep 21:27:02 UTC 2016;hci0;1E 02 01 1A 1A FF 4C 00 02 15;4a 4e ce 60 7e b0 11 e4 b4 a9 08 00 20 0c 9a 66;79 95;68 1e;61 00
Thu 22 Sep 21:27:08 UTC 2016;hci0;1E 02 01 1A 1A FF 4C 00 02 15;4a 4e ce 60 7e b0 11 e4 b4 a9 08 00 20 0c 9a 66;75 ad;68 1e;61 00
Thu 22 Sep 21:27:14 UTC 2016;hci0;1E 02 01 1A 1A FF 4C 00 02 15;4a 4e ce 60 7e b0 11 e4 b4 a9 08 00 20 0c 9a 66;72 fd;68 1e;61 00
Thu 22 Sep 21:27:20 UTC 2016;hci0;1E 02 01 1A 1A FF 4C 00 02 15;4a 4e ce 60 7e b0 11 e4 b4 a9 08 00 20 0c 9a 66;71 c5;68 1e;61 00
Thu 22 Sep 21:27:26 UTC 2016;hci0;1E 02 01 1A 1A FF 4C 00 02 15;4a 4e ce 60 7e b0 11 e4 b4 a9 08 00 20 0c 9a 66;71 48;68 1e;61 00
Thu 22 Sep 21:27:32 UTC 2016;hci0;1E 02 01 1A 1A FF 4C 00 02 15;4a 4e ce 60 7e b0 11 e4 b4 a9 08 00 20 0c 9a 66;72 80;68 1e;61 00
Thu 22 Sep 21:27:37 UTC 2016;hci0;1E 02 01 1A 1A FF 4C 00 02 15;4a 4e ce 60 7e b0 11 e4 b4 a9 08 00 20 0c 9a 66;72 80;68 1e;61 00
Thu 22 Sep 21:27:43 UTC 2016;hci0;1E 02 01 1A 1A FF 4C 00 02 15;4a 4e ce 60 7e b0 11 e4 b4 a9 08 00 20 0c 9a 66;72 bf;68 1e;61 00
Thu 22 Sep 21:27:49 UTC 2016;hci0;1E 02 01 1A 1A FF 4C 00 02 15;4a 4e ce 60 7e b0 11 e4 b4 a9 08 00 20 0c 9a 66;72 fd;68 1e;61 00
Thu 22 Sep 21:27:55 UTC 2016;hci0;1E 02 01 1A 1A FF 4C 00 02 15;4a 4e ce 60 7e b0 11 e4 b4 a9 08 00 20 0c 9a 66;72 03;68 1e;61 00
Thu 22 Sep 21:28:01 UTC 2016;hci0;1E 02 01 1A 1A FF 4C 00 02 15;4a 4e ce 60 7e b0 11 e4 b4 a9 08 00 20 0c 9a 66;71 48;68 1e;61 00
Thu 22 Sep 21:28:07 UTC 2016;hci0;1E 02 01 1A 1A FF 4C 00 02 15;4a 4e ce 60 7e b0 11 e4 b4 a9 08 00 20 0c 9a 66;70 8c;68 1e;61 00
Thu 22 Sep 21:28:13 UTC 2016;hci0;1E 02 01 1A 1A FF 4C 00 02 15;4a 4e ce 60 7e b0 11 e4 b4 a9 08 00 20 0c 9a 66;70 0f;68 1e;61 00
Thu 22 Sep 21:28:19 UTC 2016;hci0;1E 02 01 1A 1A FF 4C 00 02 15;4a 4e ce 60 7e b0 11 e4 b4 a9 08 00 20 0c 9a 66;6f d1;68 1e;61 00
Thu 22 Sep 21:28:25 UTC 2016;hci0;1E 02 01 1A 1A FF 4C 00 02 15;4a 4e ce 60 7e b0 11 e4 b4 a9 08 00 20 0c 9a 66;6f 54;68 1e;61 00
Thu 22 Sep 21:28:31 UTC 2016;hci0;1E 02 01 1A 1A FF 4C 00 02 15;4a 4e ce 60 7e b0 11 e4 b4 a9 08 00 20 0c 9a 66;6f 15;68 1e;61 00
Thu 22 Sep 21:28:36 UTC 2016;hci0;1E 02 01 1A 1A FF 4C 00 02 15;4a 4e ce 60 7e b0 11 e4 b4 a9 08 00 20 0c 9a 66;6f 92;68 1e;61 00
Thu 22 Sep 21:28:43 UTC 2016;hci0;1E 02 01 1A 1A FF 4C 00 02 15;4a 4e ce 60 7e b0 11 e4 b4 a9 08 00 20 0c 9a 66;70 8c;68 1e;61 00
Thu 22 Sep 21:28:48 UTC 2016;hci0;1E 02 01 1A 1A FF 4C 00 02 15;4a 4e ce 60 7e b0 11 e4 b4 a9 08 00 20 0c 9a 66;70 0f;68 1e;61 00
Thu 22 Sep 21:28:54 UTC 2016;hci0;1E 02 01 1A 1A FF 4C 00 02 15;4a 4e ce 60 7e b0 11 e4 b4 a9 08 00 20 0c 9a 66;6f 92;68 1e;61 00
Thu 22 Sep 21:29:00 UTC 2016;hci0;1E 02 01 1A 1A FF 4C 00 02 15;4a 4e ce 60 7e b0 11 e4 b4 a9 08 00 20 0c 9a 66;6f 54;68 1e;61 00
Thu 22 Sep 21:29:06 UTC 2016;hci0;1E 02 01 1A 1A FF 4C 00 02 15;4a 4e ce 60 7e b0 11 e4 b4 a9 08 00 20 0c 9a 66;6f 92;68 1e;61 00
Thu 22 Sep 21:29:12 UTC 2016;hci0;1E 02 01 1A 1A FF 4C 00 02 15;4a 4e ce 60 7e b0 11 e4 b4 a9 08 00 20 0c 9a 66;6f 54;68 1e;61 00
Thu 22 Sep 21:29:18 UTC 2016;hci0;1E 02 01 1A 1A FF 4C 00 02 15;4a 4e ce 60 7e b0 11 e4 b4 a9 08 00 20 0c 9a 66;6f 15;68 1e;61 00
Thu 22 Sep 21:29:24 UTC 2016;hci0;1E 02 01 1A 1A FF 4C 00 02 15;4a 4e ce 60 7e b0 11 e4 b4 a9 08 00 20 0c 9a 66;6f 54;68 1e;61 00
Thu 22 Sep 21:29:30 UTC 2016;hci0;1E 02 01 1A 1A FF 4C 00 02 15;4a 4e ce 60 7e b0 11 e4 b4 a9 08 00 20 0c 9a 66;6e d7;68 1e;61 00
Thu 22 Sep 21:29:36 UTC 2016;hci0;1E 02 01 1A 1A FF 4C 00 02 15;4a 4e ce 60 7e b0 11 e4 b4 a9 08 00 20 0c 9a 66;6e 5a;68 1e;61 00
Thu 22 Sep 21:29:41 UTC 2016;hci0;1E 02 01 1A 1A FF 4C 00 02 15;4a 4e ce 60 7e b0 11 e4 b4 a9 08 00 20 0c 9a 66;6e 5a;68 1e;61 00
Thu 22 Sep 21:29:47 UTC 2016;hci0;1E 02 01 1A 1A FF 4C 00 02 15;4a 4e ce 60 7e b0 11 e4 b4 a9 08 00 20 0c 9a 66;6d dd;68 1e;61 00
Thu 22 Sep 21:29:53 UTC 2016;hci0;1E 02 01 1A 1A FF 4C 00 02 15;4a 4e ce 60 7e b0 11 e4 b4 a9 08 00 20 0c 9a 66;6d 60;68 1e;61 00
Thu 22 Sep 21:29:59 UTC 2016;hci0;1E 02 01 1A 1A FF 4C 00 02 15;4a 4e ce 60 7e b0 11 e4 b4 a9 08 00 20 0c 9a 66;6d 9e;68 1e;61 00
Thu 22 Sep 21:30:05 UTC 2016;hci0;1E 02 01 1A 1A FF 4C 00 02 15;4a 4e ce 60 7e b0 11 e4 b4 a9 08 00 20 0c 9a 66;6d 9e;68 1e;61 00
Thu 22 Sep 21:30:11 UTC 2016;hci0;1E 02 01 1A 1A FF 4C 00 02 15;4a 4e ce 60 7e b0 11 e4 b4 a9 08 00 20 0c 9a 66;6d dd;68 1e;61 00
Thu 22 Sep 21:30:17 UTC 2016;hci0;1E 02 01 1A 1A FF 4C 00 02 15;4a 4e ce 60 7e b0 11 e4 b4 a9 08 00 20 0c 9a 66;6e d7;68 1e;61 00
Thu 22 Sep 21:30:23 UTC 2016;hci0;1E 02 01 1A 1A FF 4C 00 02 15;4a 4e ce 60 7e b0 11 e4 b4 a9 08 00 20 0c 9a 66;70 0f;68 1e;61 00
Thu 22 Sep 21:30:29 UTC 2016;hci0;1E 02 01 1A 1A FF 4C 00 02 15;4a 4e ce 60 7e b0 11 e4 b4 a9 08 00 20 0c 9a 66;71 48;68 1e;61 00
Thu 22 Sep 21:30:35 UTC 2016;hci0;1E 02 01 1A 1A FF 4C 00 02 15;4a 4e ce 60 7e b0 11 e4 b4 a9 08 00 20 0c 9a 66;71 48;68 1e;61 00
Thu 22 Sep 21:30:40 UTC 2016;hci0;1E 02 01 1A 1A FF 4C 00 02 15;4a 4e ce 60 7e b0 11 e4 b4 a9 08 00 20 0c 9a 66;70 8c;68 1e;61 00
Thu 22 Sep 21:30:46 UTC 2016;hci0;1E 02 01 1A 1A FF 4C 00 02 15;4a 4e ce 60 7e b0 11 e4 b4 a9 08 00 20 0c 9a 66;70 cb;68 1e;61 00
Thu 22 Sep 21:30:52 UTC 2016;hci0;1E 02 01 1A 1A FF 4C 00 02 15;4a 4e ce 60 7e b0 11 e4 b4 a9 08 00 20 0c 9a 66;70 8c;68 1e;61 00
Thu 22 Sep 21:30:58 UTC 2016;hci0;1E 02 01 1A 1A FF 4C 00 02 15;4a 4e ce 60 7e b0 11 e4 b4 a9 08 00 20 0c 9a 66;70 8c;68 1e;61 00
Thu 22 Sep 21:31:04 UTC 2016;hci0;1E 02 01 1A 1A FF 4C 00 02 15;4a 4e ce 60 7e b0 11 e4 b4 a9 08 00 20 0c 9a 66;71 c5;68 1e;61 00
Thu 22 Sep 21:31:10 UTC 2016;hci0;1E 02 01 1A 1A FF 4C 00 02 15;4a 4e ce 60 7e b0 11 e4 b4 a9 08 00 20 0c 9a 66;71 86;68 1e;61 00
Thu 22 Sep 21:31:16 UTC 2016;hci0;1E 02 01 1A 1A FF 4C 00 02 15;4a 4e ce 60 7e b0 11 e4 b4 a9 08 00 20 0c 9a 66;71 48;68 1e;61 00
Thu 22 Sep 21:31:22 UTC 2016;hci0;1E 02 01 1A 1A FF 4C 00 02 15;4a 4e ce 60 7e b0 11 e4 b4 a9 08 00 20 0c 9a 66;71 09;68 1e;61 00
Thu 22 Sep 21:31:28 UTC 2016;hci0;1E 02 01 1A 1A FF 4C 00 02 15;4a 4e ce 60 7e b0 11 e4 b4 a9 08 00 20 0c 9a 66;71 48;68 1e;61 00
Thu 22 Sep 21:31:34 UTC 2016;hci0;1E 02 01 1A 1A FF 4C 00 02 15;4a 4e ce 60 7e b0 11 e4 b4 a9 08 00 20 0c 9a 66;71 48;68 1e;61 00
Thu 22 Sep 21:31:40 UTC 2016;hci0;1E 02 01 1A 1A FF 4C 00 02 15;4a 4e ce 60 7e b0 11 e4 b4 a9 08 00 20 0c 9a 66;71 09;68 1e;61 00
Thu 22 Sep 21:31:46 UTC 2016;hci0;1E 02 01 1A 1A FF 4C 00 02 15;4a 4e ce 60 7e b0 11 e4 b4 a9 08 00 20 0c 9a 66;70 0f;68 1e;61 00
Thu 22 Sep 21:31:51 UTC 2016;hci0;1E 02 01 1A 1A FF 4C 00 02 15;4a 4e ce 60 7e b0 11 e4 b4 a9 08 00 20 0c 9a 66;70 8c;68 1e;61 00
Thu 22 Sep 21:31:57 UTC 2016;hci0;1E 02 01 1A 1A FF 4C 00 02 15;4a 4e ce 60 7e b0 11 e4 b4 a9 08 00 20 0c 9a 66;70 4e;68 1e;61 00
Thu 22 Sep 21:32:03 UTC 2016;hci0;1E 02 01 1A 1A FF 4C 00 02 15;4a 4e ce 60 7e b0 11 e4 b4 a9 08 00 20 0c 9a 66;70 cb;68 1e;61 00
Thu 22 Sep 21:32:09 UTC 2016;hci0;1E 02 01 1A 1A FF 4C 00 02 15;4a 4e ce 60 7e b0 11 e4 b4 a9 08 00 20 0c 9a 66;71 86;68 1e;61 00
Thu 22 Sep 21:32:15 UTC 2016;hci0;1E 02 01 1A 1A FF 4C 00 02 15;4a 4e ce 60 7e b0 11 e4 b4 a9 08 00 20 0c 9a 66;71 48;68 1e;61 00
Thu 22 Sep 21:32:21 UTC 2016;hci0;1E 02 01 1A 1A FF 4C 00 02 15;4a 4e ce 60 7e b0 11 e4 b4 a9 08 00 20 0c 9a 66;71 c5;68 1e;61 00
Thu 22 Sep 21:32:27 UTC 2016;hci0;1E 02 01 1A 1A FF 4C 00 02 15;4a 4e ce 60 7e b0 11 e4 b4 a9 08 00 20 0c 9a 66;72 42;68 1e;61 00
Thu 22 Sep 21:32:33 UTC 2016;hci0;1E 02 01 1A 1A FF 4C 00 02 15;4a 4e ce 60 7e b0 11 e4 b4 a9 08 00 20 0c 9a 66;72 03;68 1e;61 00
Thu 22 Sep 21:32:39 UTC 2016;hci0;1E 02 01 1A 1A FF 4C 00 02 15;4a 4e ce 60 7e b0 11 e4 b4 a9 08 00 20 0c 9a 66;71 c5;68 1e;61 00
Thu 22 Sep 21:32:45 UTC 2016;hci0;1E 02 01 1A 1A FF 4C 00 02 15;4a 4e ce 60 7e b0 11 e4 b4 a9 08 00 20 0c 9a 66;71 86;68 1e;61 00
Thu 22 Sep 21:32:51 UTC 2016;hci0;1E 02 01 1A 1A FF 4C 00 02 15;4a 4e ce 60 7e b0 11 e4 b4 a9 08 00 20 0c 9a 66;71 86;68 1e;61 00
Thu 22 Sep 21:33:00 UTC 2016;hci0;1E 02 01 1A 1A FF 4C 00 02 15;4a 4e ce 60 7e b0 11 e4 b4 a9 08 00 20 0c 9a 66;72 03;68 1e;61 00
Thu 22 Sep 21:33:09 UTC 2016;hci0;1E 02 01 1A 1A FF 4C 00 02 15;4a 4e ce 60 7e b0 11 e4 b4 a9 08 00 20 0c 9a 66;72 42;68 1e;61 00
