Sat 13 Aug 20:23:50 UTC 2016;hci0;1E 02 01 1A 1A FF 4C 00 02 15;4a 4e ce 60 7e b0 11 e4 b4 a9 08 00 20 0c 9a 66;5c 87;00 13;C5 00
Sat 13 Aug 20:24:02 UTC 2016;hci0;1E 02 01 1A 1A FF 4C 00 02 15;4a 4e ce 60 7e b0 11 e4 b4 a9 08 00 20 0c 9a 66;5c 49;00 13;C5 00
Sat 13 Aug 20:24:12 UTC 2016;hci0;1E 02 01 1A 1A FF 4C 00 02 15;4a 4e ce 60 7e b0 11 e4 b4 a9 08 00 20 0c 9a 66;5c 87;00 13;C5 00
Sat 13 Aug 20:24:25 UTC 2016;hci0;1E 02 01 1A 1A FF 4C 00 02 15;4a 4e ce 60 7e b0 11 e4 b4 a9 08 00 20 0c 9a 66;5c c6;00 13;C5 00
Sat 13 Aug 20:24:35 UTC 2016;hci0;1E 02 01 1A 1A FF 4C 00 02 15;4a 4e ce 60 7e b0 11 e4 b4 a9 08 00 20 0c 9a 66;5d 43;00 13;C5 00
Sat 13 Aug 20:24:43 UTC 2016;hci0;1E 02 01 1A 1A FF 4C 00 02 15;4a 4e ce 60 7e b0 11 e4 b4 a9 08 00 20 0c 9a 66;5d 81;00 13;C5 00
Sat 13 Aug 20:24:48 UTC 2016;hci0;1E 02 01 1A 1A FF 4C 00 02 15;4a 4e ce 60 7e b0 11 e4 b4 a9 08 00 20 0c 9a 66;5d 81;00 13;C5 00
Sat 13 Aug 20:24:54 UTC 2016;hci0;1E 02 01 1A 1A FF 4C 00 02 15;4a 4e ce 60 7e b0 11 e4 b4 a9 08 00 20 0c 9a 66;5d c0;00 13;C5 00
Sat 13 Aug 20:25:00 UTC 2016;hci0;1E 02 01 1A 1A FF 4C 00 02 15;4a 4e ce 60 7e b0 11 e4 b4 a9 08 00 20 0c 9a 66;5d c0;00 13;C5 00
Sat 13 Aug 20:25:06 UTC 2016;hci0;1E 02 01 1A 1A FF 4C 00 02 15;4a 4e ce 60 7e b0 11 e4 b4 a9 08 00 20 0c 9a 66;5d c0;00 13;C5 00
Sat 13 Aug 20:25:12 UTC 2016;hci0;1E 02 01 1A 1A FF 4C 00 02 15;4a 4e ce 60 7e b0 11 e4 b4 a9 08 00 20 0c 9a 66;5d fe;00 13;C5 00
Sat 13 Aug 20:25:18 UTC 2016;hci0;1E 02 01 1A 1A FF 4C 00 02 15;4a 4e ce 60 7e b0 11 e4 b4 a9 08 00 20 0c 9a 66;5d fe;00 13;C5 00
Sat 13 Aug 20:25:24 UTC 2016;hci0;1E 02 01 1A 1A FF 4C 00 02 15;4a 4e ce 60 7e b0 11 e4 b4 a9 08 00 20 0c 9a 66;5e 3d;00 13;C5 00
Sat 13 Aug 20:25:29 UTC 2016;hci0;1E 02 01 1A 1A FF 4C 00 02 15;4a 4e ce 60 7e b0 11 e4 b4 a9 08 00 20 0c 9a 66;5e 7b;00 13;C5 00
Sat 13 Aug 20:25:35 UTC 2016;hci0;1E 02 01 1A 1A FF 4C 00 02 15;4a 4e ce 60 7e b0 11 e4 b4 a9 08 00 20 0c 9a 66;5e 7b;00 13;C5 00
Sat 13 Aug 20:25:41 UTC 2016;hci0;1E 02 01 1A 1A FF 4C 00 02 15;4a 4e ce 60 7e b0 11 e4 b4 a9 08 00 20 0c 9a 66;5e ba;00 13;C5 00
Sat 13 Aug 20:25:47 UTC 2016;hci0;1E 02 01 1A 1A FF 4C 00 02 15;4a 4e ce 60 7e b0 11 e4 b4 a9 08 00 20 0c 9a 66;5f 37;00 13;C5 00
Sat 13 Aug 20:25:53 UTC 2016;hci0;1E 02 01 1A 1A FF 4C 00 02 15;4a 4e ce 60 7e b0 11 e4 b4 a9 08 00 20 0c 9a 66;5f b4;00 13;C5 00
Sat 13 Aug 20:25:59 UTC 2016;hci0;1E 02 01 1A 1A FF 4C 00 02 15;4a 4e ce 60 7e b0 11 e4 b4 a9 08 00 20 0c 9a 66;5f f2;00 13;C5 00
Sat 13 Aug 20:26:05 UTC 2016;hci0;1E 02 01 1A 1A FF 4C 00 02 15;4a 4e ce 60 7e b0 11 e4 b4 a9 08 00 20 0c 9a 66;60 6f;00 13;C5 00
Sat 13 Aug 20:26:10 UTC 2016;hci0;1E 02 01 1A 1A FF 4C 00 02 15;4a 4e ce 60 7e b0 11 e4 b4 a9 08 00 20 0c 9a 66;60 ae;00 13;C5 00
Sat 13 Aug 20:26:16 UTC 2016;hci0;1E 02 01 1A 1A FF 4C 00 02 15;4a 4e ce 60 7e b0 11 e4 b4 a9 08 00 20 0c 9a 66;60 ae;00 13;C5 00
Sat 13 Aug 20:26:22 UTC 2016;hci0;1E 02 01 1A 1A FF 4C 00 02 15;4a 4e ce 60 7e b0 11 e4 b4 a9 08 00 20 0c 9a 66;60 ae;00 13;C5 00
Sat 13 Aug 20:26:28 UTC 2016;hci0;1E 02 01 1A 1A FF 4C 00 02 15;4a 4e ce 60 7e b0 11 e4 b4 a9 08 00 20 0c 9a 66;61 2b;00 13;C5 00
Sat 13 Aug 20:26:34 UTC 2016;hci0;1E 02 01 1A 1A FF 4C 00 02 15;4a 4e ce 60 7e b0 11 e4 b4 a9 08 00 20 0c 9a 66;61 2b;00 13;C5 00
Sat 13 Aug 20:26:40 UTC 2016;hci0;1E 02 01 1A 1A FF 4C 00 02 15;4a 4e ce 60 7e b0 11 e4 b4 a9 08 00 20 0c 9a 66;61 2b;00 13;C5 00
Sat 13 Aug 20:26:46 UTC 2016;hci0;1E 02 01 1A 1A FF 4C 00 02 15;4a 4e ce 60 7e b0 11 e4 b4 a9 08 00 20 0c 9a 66;61 2b;00 13;C5 00
Sat 13 Aug 20:26:52 UTC 2016;hci0;1E 02 01 1A 1A FF 4C 00 02 15;4a 4e ce 60 7e b0 11 e4 b4 a9 08 00 20 0c 9a 66;61 69;00 13;C5 00
Sat 13 Aug 20:26:58 UTC 2016;hci0;1E 02 01 1A 1A FF 4C 00 02 15;4a 4e ce 60 7e b0 11 e4 b4 a9 08 00 20 0c 9a 66;61 69;00 13;C5 00
Sat 13 Aug 20:27:04 UTC 2016;hci0;1E 02 01 1A 1A FF 4C 00 02 15;4a 4e ce 60 7e b0 11 e4 b4 a9 08 00 20 0c 9a 66;61 e6;00 13;C5 00
Sat 13 Aug 20:27:09 UTC 2016;hci0;1E 02 01 1A 1A FF 4C 00 02 15;4a 4e ce 60 7e b0 11 e4 b4 a9 08 00 20 0c 9a 66;62 25;00 13;C5 00
Sat 13 Aug 20:27:15 UTC 2016;hci0;1E 02 01 1A 1A FF 4C 00 02 15;4a 4e ce 60 7e b0 11 e4 b4 a9 08 00 20 0c 9a 66;62 63;00 13;C5 00
Sat 13 Aug 20:27:21 UTC 2016;hci0;1E 02 01 1A 1A FF 4C 00 02 15;4a 4e ce 60 7e b0 11 e4 b4 a9 08 00 20 0c 9a 66;62 a2;00 13;C5 00
Sat 13 Aug 20:27:27 UTC 2016;hci0;1E 02 01 1A 1A FF 4C 00 02 15;4a 4e ce 60 7e b0 11 e4 b4 a9 08 00 20 0c 9a 66;62 e0;00 13;C5 00
Sat 13 Aug 20:27:33 UTC 2016;hci0;1E 02 01 1A 1A FF 4C 00 02 15;4a 4e ce 60 7e b0 11 e4 b4 a9 08 00 20 0c 9a 66;62 e0;00 13;C5 00
Sat 13 Aug 20:27:39 UTC 2016;hci0;1E 02 01 1A 1A FF 4C 00 02 15;4a 4e ce 60 7e b0 11 e4 b4 a9 08 00 20 0c 9a 66;62 e0;00 13;C5 00
Sat 13 Aug 20:27:45 UTC 2016;hci0;1E 02 01 1A 1A FF 4C 00 02 15;4a 4e ce 60 7e b0 11 e4 b4 a9 08 00 20 0c 9a 66;63 1f;00 13;C5 00
Sat 13 Aug 20:27:51 UTC 2016;hci0;1E 02 01 1A 1A FF 4C 00 02 15;4a 4e ce 60 7e b0 11 e4 b4 a9 08 00 20 0c 9a 66;63 da;00 13;C5 00
Sat 13 Aug 20:27:56 UTC 2016;hci0;1E 02 01 1A 1A FF 4C 00 02 15;4a 4e ce 60 7e b0 11 e4 b4 a9 08 00 20 0c 9a 66;63 da;00 13;C5 00
Sat 13 Aug 20:28:02 UTC 2016;hci0;1E 02 01 1A 1A FF 4C 00 02 15;4a 4e ce 60 7e b0 11 e4 b4 a9 08 00 20 0c 9a 66;64 19;00 13;C5 00
Sat 13 Aug 20:28:08 UTC 2016;hci0;1E 02 01 1A 1A FF 4C 00 02 15;4a 4e ce 60 7e b0 11 e4 b4 a9 08 00 20 0c 9a 66;64 57;00 13;C5 00
Sat 13 Aug 20:28:14 UTC 2016;hci0;1E 02 01 1A 1A FF 4C 00 02 15;4a 4e ce 60 7e b0 11 e4 b4 a9 08 00 20 0c 9a 66;64 d4;00 13;C5 00
Sat 13 Aug 20:28:20 UTC 2016;hci0;1E 02 01 1A 1A FF 4C 00 02 15;4a 4e ce 60 7e b0 11 e4 b4 a9 08 00 20 0c 9a 66;65 51;00 13;C5 00
Sat 13 Aug 20:28:26 UTC 2016;hci0;1E 02 01 1A 1A FF 4C 00 02 15;4a 4e ce 60 7e b0 11 e4 b4 a9 08 00 20 0c 9a 66;65 ce;00 13;C5 00
Sat 13 Aug 20:28:32 UTC 2016;hci0;1E 02 01 1A 1A FF 4C 00 02 15;4a 4e ce 60 7e b0 11 e4 b4 a9 08 00 20 0c 9a 66;66 0d;00 13;C5 00
Sat 13 Aug 20:28:38 UTC 2016;hci0;1E 02 01 1A 1A FF 4C 00 02 15;4a 4e ce 60 7e b0 11 e4 b4 a9 08 00 20 0c 9a 66;66 8a;00 13;C5 00
Sat 13 Aug 20:28:43 UTC 2016;hci0;1E 02 01 1A 1A FF 4C 00 02 15;4a 4e ce 60 7e b0 11 e4 b4 a9 08 00 20 0c 9a 66;66 c8;00 13;C5 00
Sat 13 Aug 20:28:49 UTC 2016;hci0;1E 02 01 1A 1A FF 4C 00 02 15;4a 4e ce 60 7e b0 11 e4 b4 a9 08 00 20 0c 9a 66;67 07;00 13;C5 00
Sat 13 Aug 20:28:55 UTC 2016;hci0;1E 02 01 1A 1A FF 4C 00 02 15;4a 4e ce 60 7e b0 11 e4 b4 a9 08 00 20 0c 9a 66;67 45;00 13;C5 00
Sat 13 Aug 20:29:01 UTC 2016;hci0;1E 02 01 1A 1A FF 4C 00 02 15;4a 4e ce 60 7e b0 11 e4 b4 a9 08 00 20 0c 9a 66;67 84;00 13;C5 00
Sat 13 Aug 20:29:07 UTC 2016;hci0;1E 02 01 1A 1A FF 4C 00 02 15;4a 4e ce 60 7e b0 11 e4 b4 a9 08 00 20 0c 9a 66;67 c2;00 13;C5 00
Sat 13 Aug 20:29:13 UTC 2016;hci0;1E 02 01 1A 1A FF 4C 00 02 15;4a 4e ce 60 7e b0 11 e4 b4 a9 08 00 20 0c 9a 66;67 07;00 13;C5 00
Sat 13 Aug 20:29:19 UTC 2016;hci0;1E 02 01 1A 1A FF 4C 00 02 15;4a 4e ce 60 7e b0 11 e4 b4 a9 08 00 20 0c 9a 66;67 45;00 13;C5 00
Sat 13 Aug 20:29:25 UTC 2016;hci0;1E 02 01 1A 1A FF 4C 00 02 15;4a 4e ce 60 7e b0 11 e4 b4 a9 08 00 20 0c 9a 66;67 84;00 13;C5 00
Sat 13 Aug 20:29:30 UTC 2016;hci0;1E 02 01 1A 1A FF 4C 00 02 15;4a 4e ce 60 7e b0 11 e4 b4 a9 08 00 20 0c 9a 66;67 c2;00 13;C5 00
Sat 13 Aug 20:29:36 UTC 2016;hci0;1E 02 01 1A 1A FF 4C 00 02 15;4a 4e ce 60 7e b0 11 e4 b4 a9 08 00 20 0c 9a 66;67 c2;00 13;C5 00
Sat 13 Aug 20:29:42 UTC 2016;hci0;1E 02 01 1A 1A FF 4C 00 02 15;4a 4e ce 60 7e b0 11 e4 b4 a9 08 00 20 0c 9a 66;68 01;00 13;C5 00
Sat 13 Aug 20:29:48 UTC 2016;hci0;1E 02 01 1A 1A FF 4C 00 02 15;4a 4e ce 60 7e b0 11 e4 b4 a9 08 00 20 0c 9a 66;68 7e;00 13;C5 00
Sat 13 Aug 20:29:54 UTC 2016;hci0;1E 02 01 1A 1A FF 4C 00 02 15;4a 4e ce 60 7e b0 11 e4 b4 a9 08 00 20 0c 9a 66;68 7e;00 13;C5 00
Sat 13 Aug 20:30:00 UTC 2016;hci0;1E 02 01 1A 1A FF 4C 00 02 15;4a 4e ce 60 7e b0 11 e4 b4 a9 08 00 20 0c 9a 66;68 fb;00 13;C5 00
Sat 13 Aug 20:30:06 UTC 2016;hci0;1E 02 01 1A 1A FF 4C 00 02 15;4a 4e ce 60 7e b0 11 e4 b4 a9 08 00 20 0c 9a 66;69 78;00 13;C5 00
Sat 13 Aug 20:30:12 UTC 2016;hci0;1E 02 01 1A 1A FF 4C 00 02 15;4a 4e ce 60 7e b0 11 e4 b4 a9 08 00 20 0c 9a 66;69 78;00 13;C5 00
Sat 13 Aug 20:30:17 UTC 2016;hci0;1E 02 01 1A 1A FF 4C 00 02 15;4a 4e ce 60 7e b0 11 e4 b4 a9 08 00 20 0c 9a 66;69 b6;00 13;C5 00
Sat 13 Aug 20:30:23 UTC 2016;hci0;1E 02 01 1A 1A FF 4C 00 02 15;4a 4e ce 60 7e b0 11 e4 b4 a9 08 00 20 0c 9a 66;69 b6;00 13;C5 00
Sat 13 Aug 20:30:29 UTC 2016;hci0;1E 02 01 1A 1A FF 4C 00 02 15;4a 4e ce 60 7e b0 11 e4 b4 a9 08 00 20 0c 9a 66;69 b6;00 13;C5 00
Sat 13 Aug 20:30:35 UTC 2016;hci0;1E 02 01 1A 1A FF 4C 00 02 15;4a 4e ce 60 7e b0 11 e4 b4 a9 08 00 20 0c 9a 66;69 f5;00 13;C5 00
Sat 13 Aug 20:30:41 UTC 2016;hci0;1E 02 01 1A 1A FF 4C 00 02 15;4a 4e ce 60 7e b0 11 e4 b4 a9 08 00 20 0c 9a 66;6a 72;00 13;C5 00
Sat 13 Aug 20:30:47 UTC 2016;hci0;1E 02 01 1A 1A FF 4C 00 02 15;4a 4e ce 60 7e b0 11 e4 b4 a9 08 00 20 0c 9a 66;6a ef;00 13;C5 00
Sat 13 Aug 20:30:53 UTC 2016;hci0;1E 02 01 1A 1A FF 4C 00 02 15;4a 4e ce 60 7e b0 11 e4 b4 a9 08 00 20 0c 9a 66;6a ef;00 13;C5 00
Sat 13 Aug 20:30:58 UTC 2016;hci0;1E 02 01 1A 1A FF 4C 00 02 15;4a 4e ce 60 7e b0 11 e4 b4 a9 08 00 20 0c 9a 66;6b 6c;00 13;C5 00
Sat 13 Aug 20:31:04 UTC 2016;hci0;1E 02 01 1A 1A FF 4C 00 02 15;4a 4e ce 60 7e b0 11 e4 b4 a9 08 00 20 0c 9a 66;6b e9;00 13;C5 00
Sat 13 Aug 20:31:10 UTC 2016;hci0;1E 02 01 1A 1A FF 4C 00 02 15;4a 4e ce 60 7e b0 11 e4 b4 a9 08 00 20 0c 9a 66;6c 66;00 13;C5 00
Sat 13 Aug 20:31:16 UTC 2016;hci0;1E 02 01 1A 1A FF 4C 00 02 15;4a 4e ce 60 7e b0 11 e4 b4 a9 08 00 20 0c 9a 66;6c 66;00 13;C5 00
Sat 13 Aug 20:31:22 UTC 2016;hci0;1E 02 01 1A 1A FF 4C 00 02 15;4a 4e ce 60 7e b0 11 e4 b4 a9 08 00 20 0c 9a 66;6c e3;00 13;C5 00
Sat 13 Aug 20:31:28 UTC 2016;hci0;1E 02 01 1A 1A FF 4C 00 02 15;4a 4e ce 60 7e b0 11 e4 b4 a9 08 00 20 0c 9a 66;6c e3;00 13;C5 00
Sat 13 Aug 20:31:34 UTC 2016;hci0;1E 02 01 1A 1A FF 4C 00 02 15;4a 4e ce 60 7e b0 11 e4 b4 a9 08 00 20 0c 9a 66;6d 60;00 13;C5 00
Sat 13 Aug 20:31:40 UTC 2016;hci0;1E 02 01 1A 1A FF 4C 00 02 15;4a 4e ce 60 7e b0 11 e4 b4 a9 08 00 20 0c 9a 66;6d 9e;00 13;C5 00
Sat 13 Aug 20:31:45 UTC 2016;hci0;1E 02 01 1A 1A FF 4C 00 02 15;4a 4e ce 60 7e b0 11 e4 b4 a9 08 00 20 0c 9a 66;6d 9e;00 13;C5 00
Sat 13 Aug 20:31:51 UTC 2016;hci0;1E 02 01 1A 1A FF 4C 00 02 15;4a 4e ce 60 7e b0 11 e4 b4 a9 08 00 20 0c 9a 66;6c e3;00 13;C5 00
Sat 13 Aug 20:31:57 UTC 2016;hci0;1E 02 01 1A 1A FF 4C 00 02 15;4a 4e ce 60 7e b0 11 e4 b4 a9 08 00 20 0c 9a 66;6d 21;00 13;C5 00
Sat 13 Aug 20:32:03 UTC 2016;hci0;1E 02 01 1A 1A FF 4C 00 02 15;4a 4e ce 60 7e b0 11 e4 b4 a9 08 00 20 0c 9a 66;6d 60;00 13;C5 00
Sat 13 Aug 20:32:09 UTC 2016;hci0;1E 02 01 1A 1A FF 4C 00 02 15;4a 4e ce 60 7e b0 11 e4 b4 a9 08 00 20 0c 9a 66;6d 9e;00 13;C5 00
Sat 13 Aug 20:32:15 UTC 2016;hci0;1E 02 01 1A 1A FF 4C 00 02 15;4a 4e ce 60 7e b0 11 e4 b4 a9 08 00 20 0c 9a 66;6d 60;00 13;C5 00
Sat 13 Aug 20:32:21 UTC 2016;hci0;1E 02 01 1A 1A FF 4C 00 02 15;4a 4e ce 60 7e b0 11 e4 b4 a9 08 00 20 0c 9a 66;6d 60;00 13;C5 00
Sat 13 Aug 20:32:27 UTC 2016;hci0;1E 02 01 1A 1A FF 4C 00 02 15;4a 4e ce 60 7e b0 11 e4 b4 a9 08 00 20 0c 9a 66;6e 1b;00 13;C5 00
Sat 13 Aug 20:32:32 UTC 2016;hci0;1E 02 01 1A 1A FF 4C 00 02 15;4a 4e ce 60 7e b0 11 e4 b4 a9 08 00 20 0c 9a 66;6d 9e;00 13;C5 00
Sat 13 Aug 20:32:38 UTC 2016;hci0;1E 02 01 1A 1A FF 4C 00 02 15;4a 4e ce 60 7e b0 11 e4 b4 a9 08 00 20 0c 9a 66;6d 21;00 13;C5 00
Sat 13 Aug 20:32:44 UTC 2016;hci0;1E 02 01 1A 1A FF 4C 00 02 15;4a 4e ce 60 7e b0 11 e4 b4 a9 08 00 20 0c 9a 66;6d 60;00 13;C5 00
Sat 13 Aug 20:32:50 UTC 2016;hci0;1E 02 01 1A 1A FF 4C 00 02 15;4a 4e ce 60 7e b0 11 e4 b4 a9 08 00 20 0c 9a 66;6d 9e;00 13;C5 00
Sat 13 Aug 20:32:56 UTC 2016;hci0;1E 02 01 1A 1A FF 4C 00 02 15;4a 4e ce 60 7e b0 11 e4 b4 a9 08 00 20 0c 9a 66;6d 21;00 13;C5 00
Sat 13 Aug 20:33:02 UTC 2016;hci0;1E 02 01 1A 1A FF 4C 00 02 15;4a 4e ce 60 7e b0 11 e4 b4 a9 08 00 20 0c 9a 66;6c a4;00 13;C5 00
Sat 13 Aug 20:33:08 UTC 2016;hci0;1E 02 01 1A 1A FF 4C 00 02 15;4a 4e ce 60 7e b0 11 e4 b4 a9 08 00 20 0c 9a 66;6c a4;00 13;C5 00
Sat 13 Aug 20:33:14 UTC 2016;hci0;1E 02 01 1A 1A FF 4C 00 02 15;4a 4e ce 60 7e b0 11 e4 b4 a9 08 00 20 0c 9a 66;6c a4;00 13;C5 00
Sat 13 Aug 20:33:19 UTC 2016;hci0;1E 02 01 1A 1A FF 4C 00 02 15;4a 4e ce 60 7e b0 11 e4 b4 a9 08 00 20 0c 9a 66;6d 60;00 13;C5 00
Sat 13 Aug 20:33:25 UTC 2016;hci0;1E 02 01 1A 1A FF 4C 00 02 15;4a 4e ce 60 7e b0 11 e4 b4 a9 08 00 20 0c 9a 66;6d 21;00 13;C5 00
Sat 13 Aug 20:33:31 UTC 2016;hci0;1E 02 01 1A 1A FF 4C 00 02 15;4a 4e ce 60 7e b0 11 e4 b4 a9 08 00 20 0c 9a 66;6c a4;00 13;C5 00
Sat 13 Aug 20:33:37 UTC 2016;hci0;1E 02 01 1A 1A FF 4C 00 02 15;4a 4e ce 60 7e b0 11 e4 b4 a9 08 00 20 0c 9a 66;6c 27;00 13;C5 00
Sat 13 Aug 20:33:43 UTC 2016;hci0;1E 02 01 1A 1A FF 4C 00 02 15;4a 4e ce 60 7e b0 11 e4 b4 a9 08 00 20 0c 9a 66;6b e9;00 13;C5 00
Sat 13 Aug 20:33:49 UTC 2016;hci0;1E 02 01 1A 1A FF 4C 00 02 15;4a 4e ce 60 7e b0 11 e4 b4 a9 08 00 20 0c 9a 66;6b aa;00 13;C5 00
Sat 13 Aug 20:33:55 UTC 2016;hci0;1E 02 01 1A 1A FF 4C 00 02 15;4a 4e ce 60 7e b0 11 e4 b4 a9 08 00 20 0c 9a 66;6b aa;00 13;C5 00
Sat 13 Aug 20:34:01 UTC 2016;hci0;1E 02 01 1A 1A FF 4C 00 02 15;4a 4e ce 60 7e b0 11 e4 b4 a9 08 00 20 0c 9a 66;6b e9;00 13;C5 00
Sat 13 Aug 20:34:07 UTC 2016;hci0;1E 02 01 1A 1A FF 4C 00 02 15;4a 4e ce 60 7e b0 11 e4 b4 a9 08 00 20 0c 9a 66;6b aa;00 13;C5 00
Sat 13 Aug 20:34:12 UTC 2016;hci0;1E 02 01 1A 1A FF 4C 00 02 15;4a 4e ce 60 7e b0 11 e4 b4 a9 08 00 20 0c 9a 66;6c 66;00 13;C5 00
Sat 13 Aug 20:34:18 UTC 2016;hci0;1E 02 01 1A 1A FF 4C 00 02 15;4a 4e ce 60 7e b0 11 e4 b4 a9 08 00 20 0c 9a 66;6d 21;00 13;C5 00
Sat 13 Aug 20:34:24 UTC 2016;hci0;1E 02 01 1A 1A FF 4C 00 02 15;4a 4e ce 60 7e b0 11 e4 b4 a9 08 00 20 0c 9a 66;6d 9e;00 13;C5 00
Sat 13 Aug 20:34:30 UTC 2016;hci0;1E 02 01 1A 1A FF 4C 00 02 15;4a 4e ce 60 7e b0 11 e4 b4 a9 08 00 20 0c 9a 66;6e 1b;00 13;C5 00
Sat 13 Aug 20:34:36 UTC 2016;hci0;1E 02 01 1A 1A FF 4C 00 02 15;4a 4e ce 60 7e b0 11 e4 b4 a9 08 00 20 0c 9a 66;6e 5a;00 13;C5 00
Sat 13 Aug 20:34:42 UTC 2016;hci0;1E 02 01 1A 1A FF 4C 00 02 15;4a 4e ce 60 7e b0 11 e4 b4 a9 08 00 20 0c 9a 66;6e 5a;00 13;C5 00
Sat 13 Aug 20:34:48 UTC 2016;hci0;1E 02 01 1A 1A FF 4C 00 02 15;4a 4e ce 60 7e b0 11 e4 b4 a9 08 00 20 0c 9a 66;6f 15;00 13;C5 00
Sat 13 Aug 20:34:53 UTC 2016;hci0;1E 02 01 1A 1A FF 4C 00 02 15;4a 4e ce 60 7e b0 11 e4 b4 a9 08 00 20 0c 9a 66;6f d1;00 13;C5 00
Sat 13 Aug 20:34:59 UTC 2016;hci0;1E 02 01 1A 1A FF 4C 00 02 15;4a 4e ce 60 7e b0 11 e4 b4 a9 08 00 20 0c 9a 66;70 0f;00 13;C5 00
Sat 13 Aug 20:35:05 UTC 2016;hci0;1E 02 01 1A 1A FF 4C 00 02 15;4a 4e ce 60 7e b0 11 e4 b4 a9 08 00 20 0c 9a 66;70 4e;00 13;C5 00
Sat 13 Aug 20:35:11 UTC 2016;hci0;1E 02 01 1A 1A FF 4C 00 02 15;4a 4e ce 60 7e b0 11 e4 b4 a9 08 00 20 0c 9a 66;70 4e;00 13;C5 00
Sat 13 Aug 20:35:17 UTC 2016;hci0;1E 02 01 1A 1A FF 4C 00 02 15;4a 4e ce 60 7e b0 11 e4 b4 a9 08 00 20 0c 9a 66;6f 54;00 13;C5 00
Sat 13 Aug 20:35:23 UTC 2016;hci0;1E 02 01 1A 1A FF 4C 00 02 15;4a 4e ce 60 7e b0 11 e4 b4 a9 08 00 20 0c 9a 66;6f 15;00 13;C5 00
Sat 13 Aug 20:35:28 UTC 2016;hci0;1E 02 01 1A 1A FF 4C 00 02 15;4a 4e ce 60 7e b0 11 e4 b4 a9 08 00 20 0c 9a 66;6e d7;00 13;C5 00
Sat 13 Aug 20:35:34 UTC 2016;hci0;1E 02 01 1A 1A FF 4C 00 02 15;4a 4e ce 60 7e b0 11 e4 b4 a9 08 00 20 0c 9a 66;6e 5a;00 13;C5 00
Sat 13 Aug 20:35:40 UTC 2016;hci0;1E 02 01 1A 1A FF 4C 00 02 15;4a 4e ce 60 7e b0 11 e4 b4 a9 08 00 20 0c 9a 66;6e 5a;00 13;C5 00
Sat 13 Aug 20:35:46 UTC 2016;hci0;1E 02 01 1A 1A FF 4C 00 02 15;4a 4e ce 60 7e b0 11 e4 b4 a9 08 00 20 0c 9a 66;6e d7;00 13;C5 00
Sat 13 Aug 20:35:52 UTC 2016;hci0;1E 02 01 1A 1A FF 4C 00 02 15;4a 4e ce 60 7e b0 11 e4 b4 a9 08 00 20 0c 9a 66;6d dd;00 13;C5 00
Sat 13 Aug 20:35:58 UTC 2016;hci0;1E 02 01 1A 1A FF 4C 00 02 15;4a 4e ce 60 7e b0 11 e4 b4 a9 08 00 20 0c 9a 66;6e 98;00 13;C5 00
Sat 13 Aug 20:36:04 UTC 2016;hci0;1E 02 01 1A 1A FF 4C 00 02 15;4a 4e ce 60 7e b0 11 e4 b4 a9 08 00 20 0c 9a 66;6f 15;00 13;C5 00
Sat 13 Aug 20:36:09 UTC 2016;hci0;1E 02 01 1A 1A FF 4C 00 02 15;4a 4e ce 60 7e b0 11 e4 b4 a9 08 00 20 0c 9a 66;6f 54;00 13;C5 00
Sat 13 Aug 20:36:15 UTC 2016;hci0;1E 02 01 1A 1A FF 4C 00 02 15;4a 4e ce 60 7e b0 11 e4 b4 a9 08 00 20 0c 9a 66;6f 92;00 13;C5 00
Sat 13 Aug 20:36:21 UTC 2016;hci0;1E 02 01 1A 1A FF 4C 00 02 15;4a 4e ce 60 7e b0 11 e4 b4 a9 08 00 20 0c 9a 66;70 0f;00 13;C5 00
Sat 13 Aug 20:36:27 UTC 2016;hci0;1E 02 01 1A 1A FF 4C 00 02 15;4a 4e ce 60 7e b0 11 e4 b4 a9 08 00 20 0c 9a 66;70 0f;00 13;C5 00
Sat 13 Aug 20:36:33 UTC 2016;hci0;1E 02 01 1A 1A FF 4C 00 02 15;4a 4e ce 60 7e b0 11 e4 b4 a9 08 00 20 0c 9a 66;70 8c;00 13;C5 00
Sat 13 Aug 20:36:39 UTC 2016;hci0;1E 02 01 1A 1A FF 4C 00 02 15;4a 4e ce 60 7e b0 11 e4 b4 a9 08 00 20 0c 9a 66;70 cb;00 13;C5 00
Sat 13 Aug 20:36:46 UTC 2016;hci0;1E 02 01 1A 1A FF 4C 00 02 15;4a 4e ce 60 7e b0 11 e4 b4 a9 08 00 20 0c 9a 66;70 cb;00 13;C5 00
Sat 13 Aug 20:36:52 UTC 2016;hci0;1E 02 01 1A 1A FF 4C 00 02 15;4a 4e ce 60 7e b0 11 e4 b4 a9 08 00 20 0c 9a 66;70 cb;00 13;C5 00
Sat 13 Aug 20:36:58 UTC 2016;hci0;1E 02 01 1A 1A FF 4C 00 02 15;4a 4e ce 60 7e b0 11 e4 b4 a9 08 00 20 0c 9a 66;72 42;00 13;C5 00
Sat 13 Aug 20:37:04 UTC 2016;hci0;1E 02 01 1A 1A FF 4C 00 02 15;4a 4e ce 60 7e b0 11 e4 b4 a9 08 00 20 0c 9a 66;72 bf;00 13;C5 00
Sat 13 Aug 20:37:10 UTC 2016;hci0;1E 02 01 1A 1A FF 4C 00 02 15;4a 4e ce 60 7e b0 11 e4 b4 a9 08 00 20 0c 9a 66;72 fd;00 13;C5 00
Sat 13 Aug 20:37:16 UTC 2016;hci0;1E 02 01 1A 1A FF 4C 00 02 15;4a 4e ce 60 7e b0 11 e4 b4 a9 08 00 20 0c 9a 66;73 3c;00 13;C5 00
Sat 13 Aug 20:37:22 UTC 2016;hci0;1E 02 01 1A 1A FF 4C 00 02 15;4a 4e ce 60 7e b0 11 e4 b4 a9 08 00 20 0c 9a 66;73 3c;00 13;C5 00
Sat 13 Aug 20:37:27 UTC 2016;hci0;1E 02 01 1A 1A FF 4C 00 02 15;4a 4e ce 60 7e b0 11 e4 b4 a9 08 00 20 0c 9a 66;73 7a;00 13;C5 00
Sat 13 Aug 20:37:33 UTC 2016;hci0;1E 02 01 1A 1A FF 4C 00 02 15;4a 4e ce 60 7e b0 11 e4 b4 a9 08 00 20 0c 9a 66;74 36;00 13;C5 00
Sat 13 Aug 20:37:39 UTC 2016;hci0;1E 02 01 1A 1A FF 4C 00 02 15;4a 4e ce 60 7e b0 11 e4 b4 a9 08 00 20 0c 9a 66;74 f1;00 13;C5 00
Sat 13 Aug 20:37:45 UTC 2016;hci0;1E 02 01 1A 1A FF 4C 00 02 15;4a 4e ce 60 7e b0 11 e4 b4 a9 08 00 20 0c 9a 66;75 6e;00 13;C5 00
Sat 13 Aug 20:37:51 UTC 2016;hci0;1E 02 01 1A 1A FF 4C 00 02 15;4a 4e ce 60 7e b0 11 e4 b4 a9 08 00 20 0c 9a 66;74 74;00 13;C5 00
Sat 13 Aug 20:37:57 UTC 2016;hci0;1E 02 01 1A 1A FF 4C 00 02 15;4a 4e ce 60 7e b0 11 e4 b4 a9 08 00 20 0c 9a 66;74 36;00 13;C5 00
Sat 13 Aug 20:38:03 UTC 2016;hci0;1E 02 01 1A 1A FF 4C 00 02 15;4a 4e ce 60 7e b0 11 e4 b4 a9 08 00 20 0c 9a 66;73 7a;00 13;C5 00
Sat 13 Aug 20:38:08 UTC 2016;hci0;1E 02 01 1A 1A FF 4C 00 02 15;4a 4e ce 60 7e b0 11 e4 b4 a9 08 00 20 0c 9a 66;72 bf;00 13;C5 00
Sat 13 Aug 20:38:14 UTC 2016;hci0;1E 02 01 1A 1A FF 4C 00 02 15;4a 4e ce 60 7e b0 11 e4 b4 a9 08 00 20 0c 9a 66;71 c5;00 13;C5 00
Sat 13 Aug 20:38:20 UTC 2016;hci0;1E 02 01 1A 1A FF 4C 00 02 15;4a 4e ce 60 7e b0 11 e4 b4 a9 08 00 20 0c 9a 66;72 42;00 13;C5 00
Sat 13 Aug 20:38:26 UTC 2016;hci0;1E 02 01 1A 1A FF 4C 00 02 15;4a 4e ce 60 7e b0 11 e4 b4 a9 08 00 20 0c 9a 66;72 bf;00 13;C5 00
Sat 13 Aug 20:38:32 UTC 2016;hci0;1E 02 01 1A 1A FF 4C 00 02 15;4a 4e ce 60 7e b0 11 e4 b4 a9 08 00 20 0c 9a 66;71 c5;00 13;C5 00
Sat 13 Aug 20:38:38 UTC 2016;hci0;1E 02 01 1A 1A FF 4C 00 02 15;4a 4e ce 60 7e b0 11 e4 b4 a9 08 00 20 0c 9a 66;71 86;00 13;C5 00
Sat 13 Aug 20:38:44 UTC 2016;hci0;1E 02 01 1A 1A FF 4C 00 02 15;4a 4e ce 60 7e b0 11 e4 b4 a9 08 00 20 0c 9a 66;72 42;00 13;C5 00
Sat 13 Aug 20:38:50 UTC 2016;hci0;1E 02 01 1A 1A FF 4C 00 02 15;4a 4e ce 60 7e b0 11 e4 b4 a9 08 00 20 0c 9a 66;72 bf;00 13;C5 00
Sat 13 Aug 20:38:55 UTC 2016;hci0;1E 02 01 1A 1A FF 4C 00 02 15;4a 4e ce 60 7e b0 11 e4 b4 a9 08 00 20 0c 9a 66;72 bf;00 13;C5 00
Sat 13 Aug 20:39:01 UTC 2016;hci0;1E 02 01 1A 1A FF 4C 00 02 15;4a 4e ce 60 7e b0 11 e4 b4 a9 08 00 20 0c 9a 66;73 b9;00 13;C5 00
Sat 13 Aug 20:39:07 UTC 2016;hci0;1E 02 01 1A 1A FF 4C 00 02 15;4a 4e ce 60 7e b0 11 e4 b4 a9 08 00 20 0c 9a 66;73 f7;00 13;C5 00
Sat 13 Aug 20:39:13 UTC 2016;hci0;1E 02 01 1A 1A FF 4C 00 02 15;4a 4e ce 60 7e b0 11 e4 b4 a9 08 00 20 0c 9a 66;74 b3;00 13;C5 00
Sat 13 Aug 20:39:19 UTC 2016;hci0;1E 02 01 1A 1A FF 4C 00 02 15;4a 4e ce 60 7e b0 11 e4 b4 a9 08 00 20 0c 9a 66;75 ad;00 13;C5 00
Sat 13 Aug 20:39:25 UTC 2016;hci0;1E 02 01 1A 1A FF 4C 00 02 15;4a 4e ce 60 7e b0 11 e4 b4 a9 08 00 20 0c 9a 66;75 ad;00 13;C5 00
Sat 13 Aug 20:39:31 UTC 2016;hci0;1E 02 01 1A 1A FF 4C 00 02 15;4a 4e ce 60 7e b0 11 e4 b4 a9 08 00 20 0c 9a 66;75 6e;00 13;C5 00
Sat 13 Aug 20:39:36 UTC 2016;hci0;1E 02 01 1A 1A FF 4C 00 02 15;4a 4e ce 60 7e b0 11 e4 b4 a9 08 00 20 0c 9a 66;75 6e;00 13;C5 00
Sat 13 Aug 20:39:42 UTC 2016;hci0;1E 02 01 1A 1A FF 4C 00 02 15;4a 4e ce 60 7e b0 11 e4 b4 a9 08 00 20 0c 9a 66;75 30;00 13;C5 00
Sat 13 Aug 20:39:48 UTC 2016;hci0;1E 02 01 1A 1A FF 4C 00 02 15;4a 4e ce 60 7e b0 11 e4 b4 a9 08 00 20 0c 9a 66;75 6e;00 13;C5 00
Sat 13 Aug 20:39:54 UTC 2016;hci0;1E 02 01 1A 1A FF 4C 00 02 15;4a 4e ce 60 7e b0 11 e4 b4 a9 08 00 20 0c 9a 66;75 ad;00 13;C5 00
Sat 13 Aug 20:40:00 UTC 2016;hci0;1E 02 01 1A 1A FF 4C 00 02 15;4a 4e ce 60 7e b0 11 e4 b4 a9 08 00 20 0c 9a 66;76 68;00 13;C5 00
Sat 13 Aug 20:40:06 UTC 2016;hci0;1E 02 01 1A 1A FF 4C 00 02 15;4a 4e ce 60 7e b0 11 e4 b4 a9 08 00 20 0c 9a 66;76 68;00 13;C5 00
Sat 13 Aug 20:40:12 UTC 2016;hci0;1E 02 01 1A 1A FF 4C 00 02 15;4a 4e ce 60 7e b0 11 e4 b4 a9 08 00 20 0c 9a 66;75 eb;00 13;C5 00
Sat 13 Aug 20:40:17 UTC 2016;hci0;1E 02 01 1A 1A FF 4C 00 02 15;4a 4e ce 60 7e b0 11 e4 b4 a9 08 00 20 0c 9a 66;75 30;00 13;C5 00
Sat 13 Aug 20:40:23 UTC 2016;hci0;1E 02 01 1A 1A FF 4C 00 02 15;4a 4e ce 60 7e b0 11 e4 b4 a9 08 00 20 0c 9a 66;75 30;00 13;C5 00
Sat 13 Aug 20:40:29 UTC 2016;hci0;1E 02 01 1A 1A FF 4C 00 02 15;4a 4e ce 60 7e b0 11 e4 b4 a9 08 00 20 0c 9a 66;74 b3;00 13;C5 00
Sat 13 Aug 20:40:35 UTC 2016;hci0;1E 02 01 1A 1A FF 4C 00 02 15;4a 4e ce 60 7e b0 11 e4 b4 a9 08 00 20 0c 9a 66;74 74;00 13;C5 00
Sat 13 Aug 20:40:41 UTC 2016;hci0;1E 02 01 1A 1A FF 4C 00 02 15;4a 4e ce 60 7e b0 11 e4 b4 a9 08 00 20 0c 9a 66;74 36;00 13;C5 00
Sat 13 Aug 20:40:47 UTC 2016;hci0;1E 02 01 1A 1A FF 4C 00 02 15;4a 4e ce 60 7e b0 11 e4 b4 a9 08 00 20 0c 9a 66;74 36;00 13;C5 00
Sat 13 Aug 20:40:53 UTC 2016;hci0;1E 02 01 1A 1A FF 4C 00 02 15;4a 4e ce 60 7e b0 11 e4 b4 a9 08 00 20 0c 9a 66;74 b3;00 13;C5 00
Sat 13 Aug 20:40:58 UTC 2016;hci0;1E 02 01 1A 1A FF 4C 00 02 15;4a 4e ce 60 7e b0 11 e4 b4 a9 08 00 20 0c 9a 66;75 ad;00 13;C5 00
Sat 13 Aug 20:41:04 UTC 2016;hci0;1E 02 01 1A 1A FF 4C 00 02 15;4a 4e ce 60 7e b0 11 e4 b4 a9 08 00 20 0c 9a 66;74 74;00 13;C5 00
Sat 13 Aug 20:41:10 UTC 2016;hci0;1E 02 01 1A 1A FF 4C 00 02 15;4a 4e ce 60 7e b0 11 e4 b4 a9 08 00 20 0c 9a 66;74 74;00 13;C5 00
Sat 13 Aug 20:41:16 UTC 2016;hci0;1E 02 01 1A 1A FF 4C 00 02 15;4a 4e ce 60 7e b0 11 e4 b4 a9 08 00 20 0c 9a 66;74 b3;00 13;C5 00
Sat 13 Aug 20:41:22 UTC 2016;hci0;1E 02 01 1A 1A FF 4C 00 02 15;4a 4e ce 60 7e b0 11 e4 b4 a9 08 00 20 0c 9a 66;75 ad;00 13;C5 00
Sat 13 Aug 20:41:28 UTC 2016;hci0;1E 02 01 1A 1A FF 4C 00 02 15;4a 4e ce 60 7e b0 11 e4 b4 a9 08 00 20 0c 9a 66;76 68;00 13;C5 00
Sat 13 Aug 20:41:34 UTC 2016;hci0;1E 02 01 1A 1A FF 4C 00 02 15;4a 4e ce 60 7e b0 11 e4 b4 a9 08 00 20 0c 9a 66;76 68;00 13;C5 00
Sat 13 Aug 20:41:39 UTC 2016;hci0;1E 02 01 1A 1A FF 4C 00 02 15;4a 4e ce 60 7e b0 11 e4 b4 a9 08 00 20 0c 9a 66;77 a1;00 13;C5 00
Sat 13 Aug 20:41:45 UTC 2016;hci0;1E 02 01 1A 1A FF 4C 00 02 15;4a 4e ce 60 7e b0 11 e4 b4 a9 08 00 20 0c 9a 66;76 e5;00 13;C5 00
Sat 13 Aug 20:41:51 UTC 2016;hci0;1E 02 01 1A 1A FF 4C 00 02 15;4a 4e ce 60 7e b0 11 e4 b4 a9 08 00 20 0c 9a 66;77 a1;00 13;C5 00
Sat 13 Aug 20:41:57 UTC 2016;hci0;1E 02 01 1A 1A FF 4C 00 02 15;4a 4e ce 60 7e b0 11 e4 b4 a9 08 00 20 0c 9a 66;77 a1;00 13;C5 00
Sat 13 Aug 20:42:03 UTC 2016;hci0;1E 02 01 1A 1A FF 4C 00 02 15;4a 4e ce 60 7e b0 11 e4 b4 a9 08 00 20 0c 9a 66;77 a1;00 13;C5 00
Sat 13 Aug 20:42:09 UTC 2016;hci0;1E 02 01 1A 1A FF 4C 00 02 15;4a 4e ce 60 7e b0 11 e4 b4 a9 08 00 20 0c 9a 66;78 9b;00 13;C5 00
Sat 13 Aug 20:42:14 UTC 2016;hci0;1E 02 01 1A 1A FF 4C 00 02 15;4a 4e ce 60 7e b0 11 e4 b4 a9 08 00 20 0c 9a 66;78 9b;00 13;C5 00
Sat 13 Aug 20:42:20 UTC 2016;hci0;1E 02 01 1A 1A FF 4C 00 02 15;4a 4e ce 60 7e b0 11 e4 b4 a9 08 00 20 0c 9a 66;78 d9;00 13;C5 00
Sat 13 Aug 20:42:26 UTC 2016;hci0;1E 02 01 1A 1A FF 4C 00 02 15;4a 4e ce 60 7e b0 11 e4 b4 a9 08 00 20 0c 9a 66;79 18;00 13;C5 00
Sat 13 Aug 20:42:32 UTC 2016;hci0;1E 02 01 1A 1A FF 4C 00 02 15;4a 4e ce 60 7e b0 11 e4 b4 a9 08 00 20 0c 9a 66;79 18;00 13;C5 00
Sat 13 Aug 20:42:38 UTC 2016;hci0;1E 02 01 1A 1A FF 4C 00 02 15;4a 4e ce 60 7e b0 11 e4 b4 a9 08 00 20 0c 9a 66;77 df;00 13;C5 00
Sat 13 Aug 20:42:44 UTC 2016;hci0;1E 02 01 1A 1A FF 4C 00 02 15;4a 4e ce 60 7e b0 11 e4 b4 a9 08 00 20 0c 9a 66;78 5c;00 13;C5 00
Sat 13 Aug 20:42:50 UTC 2016;hci0;1E 02 01 1A 1A FF 4C 00 02 15;4a 4e ce 60 7e b0 11 e4 b4 a9 08 00 20 0c 9a 66;78 d9;00 13;C5 00
Sat 13 Aug 20:42:55 UTC 2016;hci0;1E 02 01 1A 1A FF 4C 00 02 15;4a 4e ce 60 7e b0 11 e4 b4 a9 08 00 20 0c 9a 66;78 9b;00 13;C5 00
Sat 13 Aug 20:43:01 UTC 2016;hci0;1E 02 01 1A 1A FF 4C 00 02 15;4a 4e ce 60 7e b0 11 e4 b4 a9 08 00 20 0c 9a 66;79 18;00 13;C5 00
Sat 13 Aug 20:43:07 UTC 2016;hci0;1E 02 01 1A 1A FF 4C 00 02 15;4a 4e ce 60 7e b0 11 e4 b4 a9 08 00 20 0c 9a 66;79 18;00 13;C5 00
Sat 13 Aug 20:43:13 UTC 2016;hci0;1E 02 01 1A 1A FF 4C 00 02 15;4a 4e ce 60 7e b0 11 e4 b4 a9 08 00 20 0c 9a 66;79 d3;00 13;C5 00
Sat 13 Aug 20:43:19 UTC 2016;hci0;1E 02 01 1A 1A FF 4C 00 02 15;4a 4e ce 60 7e b0 11 e4 b4 a9 08 00 20 0c 9a 66;79 95;00 13;C5 00
Sat 13 Aug 20:43:25 UTC 2016;hci0;1E 02 01 1A 1A FF 4C 00 02 15;4a 4e ce 60 7e b0 11 e4 b4 a9 08 00 20 0c 9a 66;79 56;00 13;C5 00
Sat 13 Aug 20:43:31 UTC 2016;hci0;1E 02 01 1A 1A FF 4C 00 02 15;4a 4e ce 60 7e b0 11 e4 b4 a9 08 00 20 0c 9a 66;78 5c;00 13;C5 00
Sat 13 Aug 20:43:37 UTC 2016;hci0;1E 02 01 1A 1A FF 4C 00 02 15;4a 4e ce 60 7e b0 11 e4 b4 a9 08 00 20 0c 9a 66;77 df;00 13;C5 00
Sat 13 Aug 20:43:42 UTC 2016;hci0;1E 02 01 1A 1A FF 4C 00 02 15;4a 4e ce 60 7e b0 11 e4 b4 a9 08 00 20 0c 9a 66;78 9b;00 13;C5 00
Sat 13 Aug 20:43:48 UTC 2016;hci0;1E 02 01 1A 1A FF 4C 00 02 15;4a 4e ce 60 7e b0 11 e4 b4 a9 08 00 20 0c 9a 66;79 56;00 13;C5 00
Sat 13 Aug 20:43:54 UTC 2016;hci0;1E 02 01 1A 1A FF 4C 00 02 15;4a 4e ce 60 7e b0 11 e4 b4 a9 08 00 20 0c 9a 66;79 56;00 13;C5 00
Sat 13 Aug 20:44:00 UTC 2016;hci0;1E 02 01 1A 1A FF 4C 00 02 15;4a 4e ce 60 7e b0 11 e4 b4 a9 08 00 20 0c 9a 66;78 d9;00 13;C5 00
Sat 13 Aug 20:44:06 UTC 2016;hci0;1E 02 01 1A 1A FF 4C 00 02 15;4a 4e ce 60 7e b0 11 e4 b4 a9 08 00 20 0c 9a 66;79 95;00 13;C5 00
Sat 13 Aug 20:44:12 UTC 2016;hci0;1E 02 01 1A 1A FF 4C 00 02 15;4a 4e ce 60 7e b0 11 e4 b4 a9 08 00 20 0c 9a 66;7a 50;00 13;C5 00
Sat 13 Aug 20:44:17 UTC 2016;hci0;1E 02 01 1A 1A FF 4C 00 02 15;4a 4e ce 60 7e b0 11 e4 b4 a9 08 00 20 0c 9a 66;7a 12;00 13;C5 00
Sat 13 Aug 20:44:23 UTC 2016;hci0;1E 02 01 1A 1A FF 4C 00 02 15;4a 4e ce 60 7e b0 11 e4 b4 a9 08 00 20 0c 9a 66;7a 12;00 13;C5 00
Sat 13 Aug 20:44:29 UTC 2016;hci0;1E 02 01 1A 1A FF 4C 00 02 15;4a 4e ce 60 7e b0 11 e4 b4 a9 08 00 20 0c 9a 66;7a 8f;00 13;C5 00
Sat 13 Aug 20:44:35 UTC 2016;hci0;1E 02 01 1A 1A FF 4C 00 02 15;4a 4e ce 60 7e b0 11 e4 b4 a9 08 00 20 0c 9a 66;7a 8f;00 13;C5 00
Sat 13 Aug 20:44:41 UTC 2016;hci0;1E 02 01 1A 1A FF 4C 00 02 15;4a 4e ce 60 7e b0 11 e4 b4 a9 08 00 20 0c 9a 66;79 56;00 13;C5 00
Sat 13 Aug 20:44:47 UTC 2016;hci0;1E 02 01 1A 1A FF 4C 00 02 15;4a 4e ce 60 7e b0 11 e4 b4 a9 08 00 20 0c 9a 66;79 18;00 13;C5 00
Sat 13 Aug 20:44:53 UTC 2016;hci0;1E 02 01 1A 1A FF 4C 00 02 15;4a 4e ce 60 7e b0 11 e4 b4 a9 08 00 20 0c 9a 66;79 18;00 13;C5 00
Sat 13 Aug 20:44:58 UTC 2016;hci0;1E 02 01 1A 1A FF 4C 00 02 15;4a 4e ce 60 7e b0 11 e4 b4 a9 08 00 20 0c 9a 66;79 95;00 13;C5 00
Sat 13 Aug 20:45:04 UTC 2016;hci0;1E 02 01 1A 1A FF 4C 00 02 15;4a 4e ce 60 7e b0 11 e4 b4 a9 08 00 20 0c 9a 66;7a 12;00 13;C5 00
Sat 13 Aug 20:45:10 UTC 2016;hci0;1E 02 01 1A 1A FF 4C 00 02 15;4a 4e ce 60 7e b0 11 e4 b4 a9 08 00 20 0c 9a 66;79 18;00 13;C5 00
Sat 13 Aug 20:45:16 UTC 2016;hci0;1E 02 01 1A 1A FF 4C 00 02 15;4a 4e ce 60 7e b0 11 e4 b4 a9 08 00 20 0c 9a 66;79 56;00 13;C5 00
Sat 13 Aug 20:45:22 UTC 2016;hci0;1E 02 01 1A 1A FF 4C 00 02 15;4a 4e ce 60 7e b0 11 e4 b4 a9 08 00 20 0c 9a 66;79 56;00 13;C5 00
Sat 13 Aug 20:45:28 UTC 2016;hci0;1E 02 01 1A 1A FF 4C 00 02 15;4a 4e ce 60 7e b0 11 e4 b4 a9 08 00 20 0c 9a 66;79 95;00 13;C5 00
Sat 13 Aug 20:45:34 UTC 2016;hci0;1E 02 01 1A 1A FF 4C 00 02 15;4a 4e ce 60 7e b0 11 e4 b4 a9 08 00 20 0c 9a 66;7a 12;00 13;C5 00
Sat 13 Aug 20:45:39 UTC 2016;hci0;1E 02 01 1A 1A FF 4C 00 02 15;4a 4e ce 60 7e b0 11 e4 b4 a9 08 00 20 0c 9a 66;7a 8f;00 13;C5 00
Sat 13 Aug 20:45:45 UTC 2016;hci0;1E 02 01 1A 1A FF 4C 00 02 15;4a 4e ce 60 7e b0 11 e4 b4 a9 08 00 20 0c 9a 66;79 d3;00 13;C5 00
Sat 13 Aug 20:45:51 UTC 2016;hci0;1E 02 01 1A 1A FF 4C 00 02 15;4a 4e ce 60 7e b0 11 e4 b4 a9 08 00 20 0c 9a 66;79 d3;00 13;C5 00
Sat 13 Aug 20:45:57 UTC 2016;hci0;1E 02 01 1A 1A FF 4C 00 02 15;4a 4e ce 60 7e b0 11 e4 b4 a9 08 00 20 0c 9a 66;79 56;00 13;C5 00
Sat 13 Aug 20:46:03 UTC 2016;hci0;1E 02 01 1A 1A FF 4C 00 02 15;4a 4e ce 60 7e b0 11 e4 b4 a9 08 00 20 0c 9a 66;79 56;00 13;C5 00
Sat 13 Aug 20:46:09 UTC 2016;hci0;1E 02 01 1A 1A FF 4C 00 02 15;4a 4e ce 60 7e b0 11 e4 b4 a9 08 00 20 0c 9a 66;79 56;00 13;C5 00
Sat 13 Aug 20:46:15 UTC 2016;hci0;1E 02 01 1A 1A FF 4C 00 02 15;4a 4e ce 60 7e b0 11 e4 b4 a9 08 00 20 0c 9a 66;7a 12;00 13;C5 00
Sat 13 Aug 20:46:20 UTC 2016;hci0;1E 02 01 1A 1A FF 4C 00 02 15;4a 4e ce 60 7e b0 11 e4 b4 a9 08 00 20 0c 9a 66;7a 12;00 13;C5 00
Sat 13 Aug 20:46:26 UTC 2016;hci0;1E 02 01 1A 1A FF 4C 00 02 15;4a 4e ce 60 7e b0 11 e4 b4 a9 08 00 20 0c 9a 66;79 56;00 13;C5 00
Sat 13 Aug 20:46:32 UTC 2016;hci0;1E 02 01 1A 1A FF 4C 00 02 15;4a 4e ce 60 7e b0 11 e4 b4 a9 08 00 20 0c 9a 66;79 18;00 13;C5 00
Sat 13 Aug 20:46:38 UTC 2016;hci0;1E 02 01 1A 1A FF 4C 00 02 15;4a 4e ce 60 7e b0 11 e4 b4 a9 08 00 20 0c 9a 66;78 d9;00 13;C5 00
Sat 13 Aug 20:46:44 UTC 2016;hci0;1E 02 01 1A 1A FF 4C 00 02 15;4a 4e ce 60 7e b0 11 e4 b4 a9 08 00 20 0c 9a 66;78 d9;00 13;C5 00
Sat 13 Aug 20:46:50 UTC 2016;hci0;1E 02 01 1A 1A FF 4C 00 02 15;4a 4e ce 60 7e b0 11 e4 b4 a9 08 00 20 0c 9a 66;79 56;00 13;C5 00
Sat 13 Aug 20:46:55 UTC 2016;hci0;1E 02 01 1A 1A FF 4C 00 02 15;4a 4e ce 60 7e b0 11 e4 b4 a9 08 00 20 0c 9a 66;78 5c;00 13;C5 00
Sat 13 Aug 20:47:01 UTC 2016;hci0;1E 02 01 1A 1A FF 4C 00 02 15;4a 4e ce 60 7e b0 11 e4 b4 a9 08 00 20 0c 9a 66;78 d9;00 13;C5 00
Sat 13 Aug 20:47:07 UTC 2016;hci0;1E 02 01 1A 1A FF 4C 00 02 15;4a 4e ce 60 7e b0 11 e4 b4 a9 08 00 20 0c 9a 66;79 56;00 13;C5 00
Sat 13 Aug 20:47:13 UTC 2016;hci0;1E 02 01 1A 1A FF 4C 00 02 15;4a 4e ce 60 7e b0 11 e4 b4 a9 08 00 20 0c 9a 66;79 56;00 13;C5 00
Sat 13 Aug 20:47:19 UTC 2016;hci0;1E 02 01 1A 1A FF 4C 00 02 15;4a 4e ce 60 7e b0 11 e4 b4 a9 08 00 20 0c 9a 66;79 18;00 13;C5 00
Sat 13 Aug 20:47:25 UTC 2016;hci0;1E 02 01 1A 1A FF 4C 00 02 15;4a 4e ce 60 7e b0 11 e4 b4 a9 08 00 20 0c 9a 66;79 56;00 13;C5 00
Sat 13 Aug 20:47:31 UTC 2016;hci0;1E 02 01 1A 1A FF 4C 00 02 15;4a 4e ce 60 7e b0 11 e4 b4 a9 08 00 20 0c 9a 66;79 d3;00 13;C5 00
Sat 13 Aug 20:47:37 UTC 2016;hci0;1E 02 01 1A 1A FF 4C 00 02 15;4a 4e ce 60 7e b0 11 e4 b4 a9 08 00 20 0c 9a 66;7a 50;00 13;C5 00
Sat 13 Aug 20:47:42 UTC 2016;hci0;1E 02 01 1A 1A FF 4C 00 02 15;4a 4e ce 60 7e b0 11 e4 b4 a9 08 00 20 0c 9a 66;7a 50;00 13;C5 00
Sat 13 Aug 20:47:48 UTC 2016;hci0;1E 02 01 1A 1A FF 4C 00 02 15;4a 4e ce 60 7e b0 11 e4 b4 a9 08 00 20 0c 9a 66;7b 0c;00 13;C5 00
Sat 13 Aug 20:47:54 UTC 2016;hci0;1E 02 01 1A 1A FF 4C 00 02 15;4a 4e ce 60 7e b0 11 e4 b4 a9 08 00 20 0c 9a 66;7b 89;00 13;C5 00
Sat 13 Aug 20:48:00 UTC 2016;hci0;1E 02 01 1A 1A FF 4C 00 02 15;4a 4e ce 60 7e b0 11 e4 b4 a9 08 00 20 0c 9a 66;7c 06;00 13;C5 00
Sat 13 Aug 20:48:06 UTC 2016;hci0;1E 02 01 1A 1A FF 4C 00 02 15;4a 4e ce 60 7e b0 11 e4 b4 a9 08 00 20 0c 9a 66;7a cd;00 13;C5 00
Sat 13 Aug 20:48:12 UTC 2016;hci0;1E 02 01 1A 1A FF 4C 00 02 15;4a 4e ce 60 7e b0 11 e4 b4 a9 08 00 20 0c 9a 66;7a 12;00 13;C5 00
Sat 13 Aug 20:48:18 UTC 2016;hci0;1E 02 01 1A 1A FF 4C 00 02 15;4a 4e ce 60 7e b0 11 e4 b4 a9 08 00 20 0c 9a 66;7a 12;00 13;C5 00
Sat 13 Aug 20:48:24 UTC 2016;hci0;1E 02 01 1A 1A FF 4C 00 02 15;4a 4e ce 60 7e b0 11 e4 b4 a9 08 00 20 0c 9a 66;7a 50;00 13;C5 00
Sat 13 Aug 20:48:30 UTC 2016;hci0;1E 02 01 1A 1A FF 4C 00 02 15;4a 4e ce 60 7e b0 11 e4 b4 a9 08 00 20 0c 9a 66;7a 50;00 13;C5 00
Sat 13 Aug 20:48:36 UTC 2016;hci0;1E 02 01 1A 1A FF 4C 00 02 15;4a 4e ce 60 7e b0 11 e4 b4 a9 08 00 20 0c 9a 66;7a 12;00 13;C5 00
Sat 13 Aug 20:48:45 UTC 2016;hci0;1E 02 01 1A 1A FF 4C 00 02 15;4a 4e ce 60 7e b0 11 e4 b4 a9 08 00 20 0c 9a 66;7a 12;00 13;C5 00
Sat 13 Aug 20:49:11 UTC 2016;hci0;1E 02 01 1A 1A FF 4C 00 02 15;4a 4e ce 60 7e b0 11 e4 b4 a9 08 00 20 0c 9a 66;5a 55;00 13;C5 00
Sat 13 Aug 20:49:22 UTC 2016;hci0;1E 02 01 1A 1A FF 4C 00 02 15;4a 4e ce 60 7e b0 11 e4 b4 a9 08 00 20 0c 9a 66;5a 93;00 13;C5 00
Sat 13 Aug 20:49:34 UTC 2016;hci0;1E 02 01 1A 1A FF 4C 00 02 15;4a 4e ce 60 7e b0 11 e4 b4 a9 08 00 20 0c 9a 66;5a d2;00 13;C5 00
