Thu 18 Aug 16:43:40 UTC 2016;hci0;1E 02 01 1A 1A FF 4C 00 02 15;4a 4e ce 60 7e b0 11 e4 b4 a9 08 00 20 0c 9a 66;5d 81;00 13;C5 00
Thu 18 Aug 16:43:56 UTC 2016;hci0;1E 02 01 1A 1A FF 4C 00 02 15;4a 4e ce 60 7e b0 11 e4 b4 a9 08 00 20 0c 9a 66;5d 81;00 13;C5 00
Thu 18 Aug 16:44:08 UTC 2016;hci0;1E 02 01 1A 1A FF 4C 00 02 15;4a 4e ce 60 7e b0 11 e4 b4 a9 08 00 20 0c 9a 66;5d c0;00 13;C5 00
Thu 18 Aug 16:44:19 UTC 2016;hci0;1E 02 01 1A 1A FF 4C 00 02 15;4a 4e ce 60 7e b0 11 e4 b4 a9 08 00 20 0c 9a 66;5e 7b;00 13;C5 00
Thu 18 Aug 16:44:28 UTC 2016;hci0;1E 02 01 1A 1A FF 4C 00 02 15;4a 4e ce 60 7e b0 11 e4 b4 a9 08 00 20 0c 9a 66;5e 7b;00 13;C5 00
Thu 18 Aug 16:44:34 UTC 2016;hci0;1E 02 01 1A 1A FF 4C 00 02 15;4a 4e ce 60 7e b0 11 e4 b4 a9 08 00 20 0c 9a 66;5e 7b;00 13;C5 00
Thu 18 Aug 16:44:40 UTC 2016;hci0;1E 02 01 1A 1A FF 4C 00 02 15;4a 4e ce 60 7e b0 11 e4 b4 a9 08 00 20 0c 9a 66;5e ba;00 13;C5 00
Thu 18 Aug 16:44:46 UTC 2016;hci0;1E 02 01 1A 1A FF 4C 00 02 15;4a 4e ce 60 7e b0 11 e4 b4 a9 08 00 20 0c 9a 66;5e ba;00 13;C5 00
Thu 18 Aug 16:44:52 UTC 2016;hci0;1E 02 01 1A 1A FF 4C 00 02 15;4a 4e ce 60 7e b0 11 e4 b4 a9 08 00 20 0c 9a 66;5e f8;00 13;C5 00
Thu 18 Aug 16:44:58 UTC 2016;hci0;1E 02 01 1A 1A FF 4C 00 02 15;4a 4e ce 60 7e b0 11 e4 b4 a9 08 00 20 0c 9a 66;5e f8;00 13;C5 00
Thu 18 Aug 16:45:04 UTC 2016;hci0;1E 02 01 1A 1A FF 4C 00 02 15;4a 4e ce 60 7e b0 11 e4 b4 a9 08 00 20 0c 9a 66;5f 37;00 13;C5 00
Thu 18 Aug 16:45:10 UTC 2016;hci0;1E 02 01 1A 1A FF 4C 00 02 15;4a 4e ce 60 7e b0 11 e4 b4 a9 08 00 20 0c 9a 66;5f 37;00 13;C5 00
Thu 18 Aug 16:45:16 UTC 2016;hci0;1E 02 01 1A 1A FF 4C 00 02 15;4a 4e ce 60 7e b0 11 e4 b4 a9 08 00 20 0c 9a 66;5f 75;00 13;C5 00
Thu 18 Aug 16:45:22 UTC 2016;hci0;1E 02 01 1A 1A FF 4C 00 02 15;4a 4e ce 60 7e b0 11 e4 b4 a9 08 00 20 0c 9a 66;5f 75;00 13;C5 00
Thu 18 Aug 16:45:28 UTC 2016;hci0;1E 02 01 1A 1A FF 4C 00 02 15;4a 4e ce 60 7e b0 11 e4 b4 a9 08 00 20 0c 9a 66;5f 75;00 13;C5 00
Thu 18 Aug 16:45:34 UTC 2016;hci0;1E 02 01 1A 1A FF 4C 00 02 15;4a 4e ce 60 7e b0 11 e4 b4 a9 08 00 20 0c 9a 66;5f 75;00 13;C5 00
Thu 18 Aug 16:45:39 UTC 2016;hci0;1E 02 01 1A 1A FF 4C 00 02 15;4a 4e ce 60 7e b0 11 e4 b4 a9 08 00 20 0c 9a 66;5f 75;00 13;C5 00
Thu 18 Aug 16:45:45 UTC 2016;hci0;1E 02 01 1A 1A FF 4C 00 02 15;4a 4e ce 60 7e b0 11 e4 b4 a9 08 00 20 0c 9a 66;5f 75;00 13;C5 00
Thu 18 Aug 16:45:51 UTC 2016;hci0;1E 02 01 1A 1A FF 4C 00 02 15;4a 4e ce 60 7e b0 11 e4 b4 a9 08 00 20 0c 9a 66;5f b4;00 13;C5 00
Thu 18 Aug 16:45:57 UTC 2016;hci0;1E 02 01 1A 1A FF 4C 00 02 15;4a 4e ce 60 7e b0 11 e4 b4 a9 08 00 20 0c 9a 66;5f f2;00 13;C5 00
Thu 18 Aug 16:46:03 UTC 2016;hci0;1E 02 01 1A 1A FF 4C 00 02 15;4a 4e ce 60 7e b0 11 e4 b4 a9 08 00 20 0c 9a 66;60 31;00 13;C5 00
Thu 18 Aug 16:46:09 UTC 2016;hci0;1E 02 01 1A 1A FF 4C 00 02 15;4a 4e ce 60 7e b0 11 e4 b4 a9 08 00 20 0c 9a 66;60 6f;00 13;C5 00
Thu 18 Aug 16:46:15 UTC 2016;hci0;1E 02 01 1A 1A FF 4C 00 02 15;4a 4e ce 60 7e b0 11 e4 b4 a9 08 00 20 0c 9a 66;60 6f;00 13;C5 00
Thu 18 Aug 16:46:21 UTC 2016;hci0;1E 02 01 1A 1A FF 4C 00 02 15;4a 4e ce 60 7e b0 11 e4 b4 a9 08 00 20 0c 9a 66;60 31;00 13;C5 00
Thu 18 Aug 16:46:27 UTC 2016;hci0;1E 02 01 1A 1A FF 4C 00 02 15;4a 4e ce 60 7e b0 11 e4 b4 a9 08 00 20 0c 9a 66;60 ae;00 13;C5 00
Thu 18 Aug 16:46:32 UTC 2016;hci0;1E 02 01 1A 1A FF 4C 00 02 15;4a 4e ce 60 7e b0 11 e4 b4 a9 08 00 20 0c 9a 66;60 ec;00 13;C5 00
Thu 18 Aug 16:46:39 UTC 2016;hci0;1E 02 01 1A 1A FF 4C 00 02 15;4a 4e ce 60 7e b0 11 e4 b4 a9 08 00 20 0c 9a 66;61 2b;00 13;C5 00
Thu 18 Aug 16:46:45 UTC 2016;hci0;1E 02 01 1A 1A FF 4C 00 02 15;4a 4e ce 60 7e b0 11 e4 b4 a9 08 00 20 0c 9a 66;61 69;00 13;C5 00
Thu 18 Aug 16:46:50 UTC 2016;hci0;1E 02 01 1A 1A FF 4C 00 02 15;4a 4e ce 60 7e b0 11 e4 b4 a9 08 00 20 0c 9a 66;61 69;00 13;C5 00
Thu 18 Aug 16:46:56 UTC 2016;hci0;1E 02 01 1A 1A FF 4C 00 02 15;4a 4e ce 60 7e b0 11 e4 b4 a9 08 00 20 0c 9a 66;61 e6;00 13;C5 00
Thu 18 Aug 16:47:02 UTC 2016;hci0;1E 02 01 1A 1A FF 4C 00 02 15;4a 4e ce 60 7e b0 11 e4 b4 a9 08 00 20 0c 9a 66;62 63;00 13;C5 00
Thu 18 Aug 16:47:08 UTC 2016;hci0;1E 02 01 1A 1A FF 4C 00 02 15;4a 4e ce 60 7e b0 11 e4 b4 a9 08 00 20 0c 9a 66;62 a2;00 13;C5 00
Thu 18 Aug 16:47:14 UTC 2016;hci0;1E 02 01 1A 1A FF 4C 00 02 15;4a 4e ce 60 7e b0 11 e4 b4 a9 08 00 20 0c 9a 66;62 e0;00 13;C5 00
Thu 18 Aug 16:47:20 UTC 2016;hci0;1E 02 01 1A 1A FF 4C 00 02 15;4a 4e ce 60 7e b0 11 e4 b4 a9 08 00 20 0c 9a 66;63 1f;00 13;C5 00
Thu 18 Aug 16:47:26 UTC 2016;hci0;1E 02 01 1A 1A FF 4C 00 02 15;4a 4e ce 60 7e b0 11 e4 b4 a9 08 00 20 0c 9a 66;63 9c;00 13;C5 00
Thu 18 Aug 16:47:32 UTC 2016;hci0;1E 02 01 1A 1A FF 4C 00 02 15;4a 4e ce 60 7e b0 11 e4 b4 a9 08 00 20 0c 9a 66;63 9c;00 13;C5 00
Thu 18 Aug 16:47:37 UTC 2016;hci0;1E 02 01 1A 1A FF 4C 00 02 15;4a 4e ce 60 7e b0 11 e4 b4 a9 08 00 20 0c 9a 66;63 9c;00 13;C5 00
Thu 18 Aug 16:47:43 UTC 2016;hci0;1E 02 01 1A 1A FF 4C 00 02 15;4a 4e ce 60 7e b0 11 e4 b4 a9 08 00 20 0c 9a 66;63 9c;00 13;C5 00
Thu 18 Aug 16:47:49 UTC 2016;hci0;1E 02 01 1A 1A FF 4C 00 02 15;4a 4e ce 60 7e b0 11 e4 b4 a9 08 00 20 0c 9a 66;63 da;00 13;C5 00
Thu 18 Aug 16:47:55 UTC 2016;hci0;1E 02 01 1A 1A FF 4C 00 02 15;4a 4e ce 60 7e b0 11 e4 b4 a9 08 00 20 0c 9a 66;64 19;00 13;C5 00
Thu 18 Aug 16:48:01 UTC 2016;hci0;1E 02 01 1A 1A FF 4C 00 02 15;4a 4e ce 60 7e b0 11 e4 b4 a9 08 00 20 0c 9a 66;64 96;00 13;C5 00
Thu 18 Aug 16:48:07 UTC 2016;hci0;1E 02 01 1A 1A FF 4C 00 02 15;4a 4e ce 60 7e b0 11 e4 b4 a9 08 00 20 0c 9a 66;64 d4;00 13;C5 00
Thu 18 Aug 16:48:13 UTC 2016;hci0;1E 02 01 1A 1A FF 4C 00 02 15;4a 4e ce 60 7e b0 11 e4 b4 a9 08 00 20 0c 9a 66;65 13;00 13;C5 00
Thu 18 Aug 16:48:19 UTC 2016;hci0;1E 02 01 1A 1A FF 4C 00 02 15;4a 4e ce 60 7e b0 11 e4 b4 a9 08 00 20 0c 9a 66;64 d4;00 13;C5 00
Thu 18 Aug 16:48:24 UTC 2016;hci0;1E 02 01 1A 1A FF 4C 00 02 15;4a 4e ce 60 7e b0 11 e4 b4 a9 08 00 20 0c 9a 66;65 51;00 13;C5 00
Thu 18 Aug 16:48:30 UTC 2016;hci0;1E 02 01 1A 1A FF 4C 00 02 15;4a 4e ce 60 7e b0 11 e4 b4 a9 08 00 20 0c 9a 66;65 51;00 13;C5 00
Thu 18 Aug 16:48:36 UTC 2016;hci0;1E 02 01 1A 1A FF 4C 00 02 15;4a 4e ce 60 7e b0 11 e4 b4 a9 08 00 20 0c 9a 66;65 13;00 13;C5 00
Thu 18 Aug 16:48:42 UTC 2016;hci0;1E 02 01 1A 1A FF 4C 00 02 15;4a 4e ce 60 7e b0 11 e4 b4 a9 08 00 20 0c 9a 66;65 13;00 13;C5 00
Thu 18 Aug 16:48:48 UTC 2016;hci0;1E 02 01 1A 1A FF 4C 00 02 15;4a 4e ce 60 7e b0 11 e4 b4 a9 08 00 20 0c 9a 66;65 13;00 13;C5 00
Thu 18 Aug 16:48:54 UTC 2016;hci0;1E 02 01 1A 1A FF 4C 00 02 15;4a 4e ce 60 7e b0 11 e4 b4 a9 08 00 20 0c 9a 66;65 51;00 13;C5 00
Thu 18 Aug 16:49:00 UTC 2016;hci0;1E 02 01 1A 1A FF 4C 00 02 15;4a 4e ce 60 7e b0 11 e4 b4 a9 08 00 20 0c 9a 66;65 51;00 13;C5 00
Thu 18 Aug 16:49:06 UTC 2016;hci0;1E 02 01 1A 1A FF 4C 00 02 15;4a 4e ce 60 7e b0 11 e4 b4 a9 08 00 20 0c 9a 66;65 51;00 13;C5 00
Thu 18 Aug 16:49:11 UTC 2016;hci0;1E 02 01 1A 1A FF 4C 00 02 15;4a 4e ce 60 7e b0 11 e4 b4 a9 08 00 20 0c 9a 66;65 90;00 13;C5 00
Thu 18 Aug 16:49:17 UTC 2016;hci0;1E 02 01 1A 1A FF 4C 00 02 15;4a 4e ce 60 7e b0 11 e4 b4 a9 08 00 20 0c 9a 66;66 0d;00 13;C5 00
Thu 18 Aug 16:49:23 UTC 2016;hci0;1E 02 01 1A 1A FF 4C 00 02 15;4a 4e ce 60 7e b0 11 e4 b4 a9 08 00 20 0c 9a 66;66 4b;00 13;C5 00
Thu 18 Aug 16:49:29 UTC 2016;hci0;1E 02 01 1A 1A FF 4C 00 02 15;4a 4e ce 60 7e b0 11 e4 b4 a9 08 00 20 0c 9a 66;66 4b;00 13;C5 00
Thu 18 Aug 16:49:35 UTC 2016;hci0;1E 02 01 1A 1A FF 4C 00 02 15;4a 4e ce 60 7e b0 11 e4 b4 a9 08 00 20 0c 9a 66;66 c8;00 13;C5 00
Thu 18 Aug 16:49:41 UTC 2016;hci0;1E 02 01 1A 1A FF 4C 00 02 15;4a 4e ce 60 7e b0 11 e4 b4 a9 08 00 20 0c 9a 66;67 45;00 13;C5 00
Thu 18 Aug 16:49:47 UTC 2016;hci0;1E 02 01 1A 1A FF 4C 00 02 15;4a 4e ce 60 7e b0 11 e4 b4 a9 08 00 20 0c 9a 66;67 07;00 13;C5 00
Thu 18 Aug 16:49:53 UTC 2016;hci0;1E 02 01 1A 1A FF 4C 00 02 15;4a 4e ce 60 7e b0 11 e4 b4 a9 08 00 20 0c 9a 66;66 c8;00 13;C5 00
Thu 18 Aug 16:49:59 UTC 2016;hci0;1E 02 01 1A 1A FF 4C 00 02 15;4a 4e ce 60 7e b0 11 e4 b4 a9 08 00 20 0c 9a 66;66 c8;00 13;C5 00
Thu 18 Aug 16:50:04 UTC 2016;hci0;1E 02 01 1A 1A FF 4C 00 02 15;4a 4e ce 60 7e b0 11 e4 b4 a9 08 00 20 0c 9a 66;66 8a;00 13;C5 00
Thu 18 Aug 16:50:10 UTC 2016;hci0;1E 02 01 1A 1A FF 4C 00 02 15;4a 4e ce 60 7e b0 11 e4 b4 a9 08 00 20 0c 9a 66;66 8a;00 13;C5 00
Thu 18 Aug 16:50:16 UTC 2016;hci0;1E 02 01 1A 1A FF 4C 00 02 15;4a 4e ce 60 7e b0 11 e4 b4 a9 08 00 20 0c 9a 66;66 0d;00 13;C5 00
Thu 18 Aug 16:50:23 UTC 2016;hci0;1E 02 01 1A 1A FF 4C 00 02 15;4a 4e ce 60 7e b0 11 e4 b4 a9 08 00 20 0c 9a 66;66 4b;00 13;C5 00
Thu 18 Aug 16:50:29 UTC 2016;hci0;1E 02 01 1A 1A FF 4C 00 02 15;4a 4e ce 60 7e b0 11 e4 b4 a9 08 00 20 0c 9a 66;66 4b;00 13;C5 00
Thu 18 Aug 16:50:35 UTC 2016;hci0;1E 02 01 1A 1A FF 4C 00 02 15;4a 4e ce 60 7e b0 11 e4 b4 a9 08 00 20 0c 9a 66;66 4b;00 13;C5 00
Thu 18 Aug 16:50:41 UTC 2016;hci0;1E 02 01 1A 1A FF 4C 00 02 15;4a 4e ce 60 7e b0 11 e4 b4 a9 08 00 20 0c 9a 66;66 8a;00 13;C5 00
Thu 18 Aug 16:50:46 UTC 2016;hci0;1E 02 01 1A 1A FF 4C 00 02 15;4a 4e ce 60 7e b0 11 e4 b4 a9 08 00 20 0c 9a 66;67 07;00 13;C5 00
Thu 18 Aug 16:50:52 UTC 2016;hci0;1E 02 01 1A 1A FF 4C 00 02 15;4a 4e ce 60 7e b0 11 e4 b4 a9 08 00 20 0c 9a 66;67 07;00 13;C5 00
Thu 18 Aug 16:50:58 UTC 2016;hci0;1E 02 01 1A 1A FF 4C 00 02 15;4a 4e ce 60 7e b0 11 e4 b4 a9 08 00 20 0c 9a 66;67 07;00 13;C5 00
Thu 18 Aug 16:51:04 UTC 2016;hci0;1E 02 01 1A 1A FF 4C 00 02 15;4a 4e ce 60 7e b0 11 e4 b4 a9 08 00 20 0c 9a 66;66 c8;00 13;C5 00
Thu 18 Aug 16:51:10 UTC 2016;hci0;1E 02 01 1A 1A FF 4C 00 02 15;4a 4e ce 60 7e b0 11 e4 b4 a9 08 00 20 0c 9a 66;66 c8;00 13;C5 00
Thu 18 Aug 16:51:16 UTC 2016;hci0;1E 02 01 1A 1A FF 4C 00 02 15;4a 4e ce 60 7e b0 11 e4 b4 a9 08 00 20 0c 9a 66;66 4b;00 13;C5 00
Thu 18 Aug 16:51:22 UTC 2016;hci0;1E 02 01 1A 1A FF 4C 00 02 15;4a 4e ce 60 7e b0 11 e4 b4 a9 08 00 20 0c 9a 66;66 4b;00 13;C5 00
Thu 18 Aug 16:51:28 UTC 2016;hci0;1E 02 01 1A 1A FF 4C 00 02 15;4a 4e ce 60 7e b0 11 e4 b4 a9 08 00 20 0c 9a 66;66 4b;00 13;C5 00
Thu 18 Aug 16:51:34 UTC 2016;hci0;1E 02 01 1A 1A FF 4C 00 02 15;4a 4e ce 60 7e b0 11 e4 b4 a9 08 00 20 0c 9a 66;66 0d;00 13;C5 00
Thu 18 Aug 16:51:40 UTC 2016;hci0;1E 02 01 1A 1A FF 4C 00 02 15;4a 4e ce 60 7e b0 11 e4 b4 a9 08 00 20 0c 9a 66;66 0d;00 13;C5 00
Thu 18 Aug 16:51:45 UTC 2016;hci0;1E 02 01 1A 1A FF 4C 00 02 15;4a 4e ce 60 7e b0 11 e4 b4 a9 08 00 20 0c 9a 66;66 4b;00 13;C5 00
Thu 18 Aug 16:51:51 UTC 2016;hci0;1E 02 01 1A 1A FF 4C 00 02 15;4a 4e ce 60 7e b0 11 e4 b4 a9 08 00 20 0c 9a 66;67 45;00 13;C5 00
Thu 18 Aug 16:51:57 UTC 2016;hci0;1E 02 01 1A 1A FF 4C 00 02 15;4a 4e ce 60 7e b0 11 e4 b4 a9 08 00 20 0c 9a 66;68 3f;00 13;C5 00
Thu 18 Aug 16:52:03 UTC 2016;hci0;1E 02 01 1A 1A FF 4C 00 02 15;4a 4e ce 60 7e b0 11 e4 b4 a9 08 00 20 0c 9a 66;69 39;00 13;C5 00
Thu 18 Aug 16:52:09 UTC 2016;hci0;1E 02 01 1A 1A FF 4C 00 02 15;4a 4e ce 60 7e b0 11 e4 b4 a9 08 00 20 0c 9a 66;69 f5;00 13;C5 00
Thu 18 Aug 16:52:15 UTC 2016;hci0;1E 02 01 1A 1A FF 4C 00 02 15;4a 4e ce 60 7e b0 11 e4 b4 a9 08 00 20 0c 9a 66;6a 33;00 13;C5 00
Thu 18 Aug 16:52:21 UTC 2016;hci0;1E 02 01 1A 1A FF 4C 00 02 15;4a 4e ce 60 7e b0 11 e4 b4 a9 08 00 20 0c 9a 66;6a 72;00 13;C5 00
Thu 18 Aug 16:52:27 UTC 2016;hci0;1E 02 01 1A 1A FF 4C 00 02 15;4a 4e ce 60 7e b0 11 e4 b4 a9 08 00 20 0c 9a 66;6a b0;00 13;C5 00
Thu 18 Aug 16:52:32 UTC 2016;hci0;1E 02 01 1A 1A FF 4C 00 02 15;4a 4e ce 60 7e b0 11 e4 b4 a9 08 00 20 0c 9a 66;6a b0;00 13;C5 00
Thu 18 Aug 16:52:38 UTC 2016;hci0;1E 02 01 1A 1A FF 4C 00 02 15;4a 4e ce 60 7e b0 11 e4 b4 a9 08 00 20 0c 9a 66;6a 72;00 13;C5 00
Thu 18 Aug 16:52:44 UTC 2016;hci0;1E 02 01 1A 1A FF 4C 00 02 15;4a 4e ce 60 7e b0 11 e4 b4 a9 08 00 20 0c 9a 66;6a 33;00 13;C5 00
Thu 18 Aug 16:52:50 UTC 2016;hci0;1E 02 01 1A 1A FF 4C 00 02 15;4a 4e ce 60 7e b0 11 e4 b4 a9 08 00 20 0c 9a 66;6a 72;00 13;C5 00
Thu 18 Aug 16:52:56 UTC 2016;hci0;1E 02 01 1A 1A FF 4C 00 02 15;4a 4e ce 60 7e b0 11 e4 b4 a9 08 00 20 0c 9a 66;69 f5;00 13;C5 00
Thu 18 Aug 16:53:02 UTC 2016;hci0;1E 02 01 1A 1A FF 4C 00 02 15;4a 4e ce 60 7e b0 11 e4 b4 a9 08 00 20 0c 9a 66;69 b6;00 13;C5 00
Thu 18 Aug 16:53:08 UTC 2016;hci0;1E 02 01 1A 1A FF 4C 00 02 15;4a 4e ce 60 7e b0 11 e4 b4 a9 08 00 20 0c 9a 66;6a 33;00 13;C5 00
Thu 18 Aug 16:53:14 UTC 2016;hci0;1E 02 01 1A 1A FF 4C 00 02 15;4a 4e ce 60 7e b0 11 e4 b4 a9 08 00 20 0c 9a 66;69 f5;00 13;C5 00
Thu 18 Aug 16:53:20 UTC 2016;hci0;1E 02 01 1A 1A FF 4C 00 02 15;4a 4e ce 60 7e b0 11 e4 b4 a9 08 00 20 0c 9a 66;69 b6;00 13;C5 00
Thu 18 Aug 16:53:25 UTC 2016;hci0;1E 02 01 1A 1A FF 4C 00 02 15;4a 4e ce 60 7e b0 11 e4 b4 a9 08 00 20 0c 9a 66;69 39;00 13;C5 00
Thu 18 Aug 16:53:31 UTC 2016;hci0;1E 02 01 1A 1A FF 4C 00 02 15;4a 4e ce 60 7e b0 11 e4 b4 a9 08 00 20 0c 9a 66;69 39;00 13;C5 00
Thu 18 Aug 16:53:37 UTC 2016;hci0;1E 02 01 1A 1A FF 4C 00 02 15;4a 4e ce 60 7e b0 11 e4 b4 a9 08 00 20 0c 9a 66;68 fb;00 13;C5 00
Thu 18 Aug 16:53:43 UTC 2016;hci0;1E 02 01 1A 1A FF 4C 00 02 15;4a 4e ce 60 7e b0 11 e4 b4 a9 08 00 20 0c 9a 66;68 fb;00 13;C5 00
Thu 18 Aug 16:53:49 UTC 2016;hci0;1E 02 01 1A 1A FF 4C 00 02 15;4a 4e ce 60 7e b0 11 e4 b4 a9 08 00 20 0c 9a 66;69 b6;00 13;C5 00
Thu 18 Aug 16:53:55 UTC 2016;hci0;1E 02 01 1A 1A FF 4C 00 02 15;4a 4e ce 60 7e b0 11 e4 b4 a9 08 00 20 0c 9a 66;69 f5;00 13;C5 00
Thu 18 Aug 16:54:01 UTC 2016;hci0;1E 02 01 1A 1A FF 4C 00 02 15;4a 4e ce 60 7e b0 11 e4 b4 a9 08 00 20 0c 9a 66;69 f5;00 13;C5 00
Thu 18 Aug 16:54:07 UTC 2016;hci0;1E 02 01 1A 1A FF 4C 00 02 15;4a 4e ce 60 7e b0 11 e4 b4 a9 08 00 20 0c 9a 66;6a 33;00 13;C5 00
Thu 18 Aug 16:54:13 UTC 2016;hci0;1E 02 01 1A 1A FF 4C 00 02 15;4a 4e ce 60 7e b0 11 e4 b4 a9 08 00 20 0c 9a 66;6a b0;00 13;C5 00
Thu 18 Aug 16:54:19 UTC 2016;hci0;1E 02 01 1A 1A FF 4C 00 02 15;4a 4e ce 60 7e b0 11 e4 b4 a9 08 00 20 0c 9a 66;6a b0;00 13;C5 00
Thu 18 Aug 16:54:24 UTC 2016;hci0;1E 02 01 1A 1A FF 4C 00 02 15;4a 4e ce 60 7e b0 11 e4 b4 a9 08 00 20 0c 9a 66;6a ef;00 13;C5 00
Thu 18 Aug 16:54:30 UTC 2016;hci0;1E 02 01 1A 1A FF 4C 00 02 15;4a 4e ce 60 7e b0 11 e4 b4 a9 08 00 20 0c 9a 66;6a b0;00 13;C5 00
Thu 18 Aug 16:54:36 UTC 2016;hci0;1E 02 01 1A 1A FF 4C 00 02 15;4a 4e ce 60 7e b0 11 e4 b4 a9 08 00 20 0c 9a 66;6a 72;00 13;C5 00
Thu 18 Aug 16:54:42 UTC 2016;hci0;1E 02 01 1A 1A FF 4C 00 02 15;4a 4e ce 60 7e b0 11 e4 b4 a9 08 00 20 0c 9a 66;6a 72;00 13;C5 00
Thu 18 Aug 16:54:48 UTC 2016;hci0;1E 02 01 1A 1A FF 4C 00 02 15;4a 4e ce 60 7e b0 11 e4 b4 a9 08 00 20 0c 9a 66;69 f5;00 13;C5 00
Thu 18 Aug 16:54:54 UTC 2016;hci0;1E 02 01 1A 1A FF 4C 00 02 15;4a 4e ce 60 7e b0 11 e4 b4 a9 08 00 20 0c 9a 66;69 78;00 13;C5 00
Thu 18 Aug 16:55:00 UTC 2016;hci0;1E 02 01 1A 1A FF 4C 00 02 15;4a 4e ce 60 7e b0 11 e4 b4 a9 08 00 20 0c 9a 66;68 fb;00 13;C5 00
Thu 18 Aug 16:55:06 UTC 2016;hci0;1E 02 01 1A 1A FF 4C 00 02 15;4a 4e ce 60 7e b0 11 e4 b4 a9 08 00 20 0c 9a 66;68 fb;00 13;C5 00
Thu 18 Aug 16:55:12 UTC 2016;hci0;1E 02 01 1A 1A FF 4C 00 02 15;4a 4e ce 60 7e b0 11 e4 b4 a9 08 00 20 0c 9a 66;69 78;00 13;C5 00
Thu 18 Aug 16:55:18 UTC 2016;hci0;1E 02 01 1A 1A FF 4C 00 02 15;4a 4e ce 60 7e b0 11 e4 b4 a9 08 00 20 0c 9a 66;69 f5;00 13;C5 00
Thu 18 Aug 16:55:24 UTC 2016;hci0;1E 02 01 1A 1A FF 4C 00 02 15;4a 4e ce 60 7e b0 11 e4 b4 a9 08 00 20 0c 9a 66;6a 33;00 13;C5 00
Thu 18 Aug 16:55:30 UTC 2016;hci0;1E 02 01 1A 1A FF 4C 00 02 15;4a 4e ce 60 7e b0 11 e4 b4 a9 08 00 20 0c 9a 66;69 f5;00 13;C5 00
Thu 18 Aug 16:55:35 UTC 2016;hci0;1E 02 01 1A 1A FF 4C 00 02 15;4a 4e ce 60 7e b0 11 e4 b4 a9 08 00 20 0c 9a 66;69 f5;00 13;C5 00
Thu 18 Aug 16:55:41 UTC 2016;hci0;1E 02 01 1A 1A FF 4C 00 02 15;4a 4e ce 60 7e b0 11 e4 b4 a9 08 00 20 0c 9a 66;6a 33;00 13;C5 00
Thu 18 Aug 16:55:47 UTC 2016;hci0;1E 02 01 1A 1A FF 4C 00 02 15;4a 4e ce 60 7e b0 11 e4 b4 a9 08 00 20 0c 9a 66;6a 72;00 13;C5 00
Thu 18 Aug 16:55:53 UTC 2016;hci0;1E 02 01 1A 1A FF 4C 00 02 15;4a 4e ce 60 7e b0 11 e4 b4 a9 08 00 20 0c 9a 66;6a ef;00 13;C5 00
Thu 18 Aug 16:55:59 UTC 2016;hci0;1E 02 01 1A 1A FF 4C 00 02 15;4a 4e ce 60 7e b0 11 e4 b4 a9 08 00 20 0c 9a 66;6b aa;00 13;C5 00
Thu 18 Aug 16:56:05 UTC 2016;hci0;1E 02 01 1A 1A FF 4C 00 02 15;4a 4e ce 60 7e b0 11 e4 b4 a9 08 00 20 0c 9a 66;6b aa;00 13;C5 00
Thu 18 Aug 16:56:11 UTC 2016;hci0;1E 02 01 1A 1A FF 4C 00 02 15;4a 4e ce 60 7e b0 11 e4 b4 a9 08 00 20 0c 9a 66;6b 2d;00 13;C5 00
Thu 18 Aug 16:56:16 UTC 2016;hci0;1E 02 01 1A 1A FF 4C 00 02 15;4a 4e ce 60 7e b0 11 e4 b4 a9 08 00 20 0c 9a 66;6b 6c;00 13;C5 00
Thu 18 Aug 16:56:22 UTC 2016;hci0;1E 02 01 1A 1A FF 4C 00 02 15;4a 4e ce 60 7e b0 11 e4 b4 a9 08 00 20 0c 9a 66;6b 2d;00 13;C5 00
Thu 18 Aug 16:56:28 UTC 2016;hci0;1E 02 01 1A 1A FF 4C 00 02 15;4a 4e ce 60 7e b0 11 e4 b4 a9 08 00 20 0c 9a 66;6b 6c;00 13;C5 00
Thu 18 Aug 16:56:34 UTC 2016;hci0;1E 02 01 1A 1A FF 4C 00 02 15;4a 4e ce 60 7e b0 11 e4 b4 a9 08 00 20 0c 9a 66;6b 6c;00 13;C5 00
Thu 18 Aug 16:56:40 UTC 2016;hci0;1E 02 01 1A 1A FF 4C 00 02 15;4a 4e ce 60 7e b0 11 e4 b4 a9 08 00 20 0c 9a 66;6b 6c;00 13;C5 00
Thu 18 Aug 16:56:46 UTC 2016;hci0;1E 02 01 1A 1A FF 4C 00 02 15;4a 4e ce 60 7e b0 11 e4 b4 a9 08 00 20 0c 9a 66;6b 2d;00 13;C5 00
Thu 18 Aug 16:56:52 UTC 2016;hci0;1E 02 01 1A 1A FF 4C 00 02 15;4a 4e ce 60 7e b0 11 e4 b4 a9 08 00 20 0c 9a 66;6b 6c;00 13;C5 00
Thu 18 Aug 16:56:58 UTC 2016;hci0;1E 02 01 1A 1A FF 4C 00 02 15;4a 4e ce 60 7e b0 11 e4 b4 a9 08 00 20 0c 9a 66;6b aa;00 13;C5 00
Thu 18 Aug 16:57:03 UTC 2016;hci0;1E 02 01 1A 1A FF 4C 00 02 15;4a 4e ce 60 7e b0 11 e4 b4 a9 08 00 20 0c 9a 66;6b 6c;00 13;C5 00
Thu 18 Aug 16:57:09 UTC 2016;hci0;1E 02 01 1A 1A FF 4C 00 02 15;4a 4e ce 60 7e b0 11 e4 b4 a9 08 00 20 0c 9a 66;6b e9;00 13;C5 00
Thu 18 Aug 16:57:15 UTC 2016;hci0;1E 02 01 1A 1A FF 4C 00 02 15;4a 4e ce 60 7e b0 11 e4 b4 a9 08 00 20 0c 9a 66;6c 27;00 13;C5 00
Thu 18 Aug 16:57:21 UTC 2016;hci0;1E 02 01 1A 1A FF 4C 00 02 15;4a 4e ce 60 7e b0 11 e4 b4 a9 08 00 20 0c 9a 66;6b e9;00 13;C5 00
Thu 18 Aug 16:57:27 UTC 2016;hci0;1E 02 01 1A 1A FF 4C 00 02 15;4a 4e ce 60 7e b0 11 e4 b4 a9 08 00 20 0c 9a 66;6b aa;00 13;C5 00
Thu 18 Aug 16:57:33 UTC 2016;hci0;1E 02 01 1A 1A FF 4C 00 02 15;4a 4e ce 60 7e b0 11 e4 b4 a9 08 00 20 0c 9a 66;6b 6c;00 13;C5 00
Thu 18 Aug 16:57:39 UTC 2016;hci0;1E 02 01 1A 1A FF 4C 00 02 15;4a 4e ce 60 7e b0 11 e4 b4 a9 08 00 20 0c 9a 66;6a ef;00 13;C5 00
Thu 18 Aug 16:57:44 UTC 2016;hci0;1E 02 01 1A 1A FF 4C 00 02 15;4a 4e ce 60 7e b0 11 e4 b4 a9 08 00 20 0c 9a 66;6a ef;00 13;C5 00
Thu 18 Aug 16:57:50 UTC 2016;hci0;1E 02 01 1A 1A FF 4C 00 02 15;4a 4e ce 60 7e b0 11 e4 b4 a9 08 00 20 0c 9a 66;6a 72;00 13;C5 00
Thu 18 Aug 16:57:56 UTC 2016;hci0;1E 02 01 1A 1A FF 4C 00 02 15;4a 4e ce 60 7e b0 11 e4 b4 a9 08 00 20 0c 9a 66;6a 33;00 13;C5 00
Thu 18 Aug 16:58:02 UTC 2016;hci0;1E 02 01 1A 1A FF 4C 00 02 15;4a 4e ce 60 7e b0 11 e4 b4 a9 08 00 20 0c 9a 66;6a ef;00 13;C5 00
Thu 18 Aug 16:58:08 UTC 2016;hci0;1E 02 01 1A 1A FF 4C 00 02 15;4a 4e ce 60 7e b0 11 e4 b4 a9 08 00 20 0c 9a 66;6c 66;00 13;C5 00
Thu 18 Aug 16:58:14 UTC 2016;hci0;1E 02 01 1A 1A FF 4C 00 02 15;4a 4e ce 60 7e b0 11 e4 b4 a9 08 00 20 0c 9a 66;6d 21;00 13;C5 00
Thu 18 Aug 16:58:20 UTC 2016;hci0;1E 02 01 1A 1A FF 4C 00 02 15;4a 4e ce 60 7e b0 11 e4 b4 a9 08 00 20 0c 9a 66;6e 5a;00 13;C5 00
Thu 18 Aug 16:58:26 UTC 2016;hci0;1E 02 01 1A 1A FF 4C 00 02 15;4a 4e ce 60 7e b0 11 e4 b4 a9 08 00 20 0c 9a 66;6e 98;00 13;C5 00
Thu 18 Aug 16:58:32 UTC 2016;hci0;1E 02 01 1A 1A FF 4C 00 02 15;4a 4e ce 60 7e b0 11 e4 b4 a9 08 00 20 0c 9a 66;6f 15;00 13;C5 00
Thu 18 Aug 16:58:38 UTC 2016;hci0;1E 02 01 1A 1A FF 4C 00 02 15;4a 4e ce 60 7e b0 11 e4 b4 a9 08 00 20 0c 9a 66;70 0f;00 13;C5 00
Thu 18 Aug 16:58:43 UTC 2016;hci0;1E 02 01 1A 1A FF 4C 00 02 15;4a 4e ce 60 7e b0 11 e4 b4 a9 08 00 20 0c 9a 66;6f d1;00 13;C5 00
Thu 18 Aug 16:58:49 UTC 2016;hci0;1E 02 01 1A 1A FF 4C 00 02 15;4a 4e ce 60 7e b0 11 e4 b4 a9 08 00 20 0c 9a 66;6f 92;00 13;C5 00
Thu 18 Aug 16:58:55 UTC 2016;hci0;1E 02 01 1A 1A FF 4C 00 02 15;4a 4e ce 60 7e b0 11 e4 b4 a9 08 00 20 0c 9a 66;6f 92;00 13;C5 00
Thu 18 Aug 16:59:01 UTC 2016;hci0;1E 02 01 1A 1A FF 4C 00 02 15;4a 4e ce 60 7e b0 11 e4 b4 a9 08 00 20 0c 9a 66;6f 54;00 13;C5 00
Thu 18 Aug 16:59:07 UTC 2016;hci0;1E 02 01 1A 1A FF 4C 00 02 15;4a 4e ce 60 7e b0 11 e4 b4 a9 08 00 20 0c 9a 66;6f d1;00 13;C5 00
Thu 18 Aug 16:59:13 UTC 2016;hci0;1E 02 01 1A 1A FF 4C 00 02 15;4a 4e ce 60 7e b0 11 e4 b4 a9 08 00 20 0c 9a 66;6f d1;00 13;C5 00
Thu 18 Aug 16:59:19 UTC 2016;hci0;1E 02 01 1A 1A FF 4C 00 02 15;4a 4e ce 60 7e b0 11 e4 b4 a9 08 00 20 0c 9a 66;6f 92;00 13;C5 00
Thu 18 Aug 16:59:25 UTC 2016;hci0;1E 02 01 1A 1A FF 4C 00 02 15;4a 4e ce 60 7e b0 11 e4 b4 a9 08 00 20 0c 9a 66;6f 54;00 13;C5 00
Thu 18 Aug 16:59:30 UTC 2016;hci0;1E 02 01 1A 1A FF 4C 00 02 15;4a 4e ce 60 7e b0 11 e4 b4 a9 08 00 20 0c 9a 66;6f 54;00 13;C5 00
Thu 18 Aug 16:59:36 UTC 2016;hci0;1E 02 01 1A 1A FF 4C 00 02 15;4a 4e ce 60 7e b0 11 e4 b4 a9 08 00 20 0c 9a 66;70 cb;00 13;C5 00
Thu 18 Aug 16:59:42 UTC 2016;hci0;1E 02 01 1A 1A FF 4C 00 02 15;4a 4e ce 60 7e b0 11 e4 b4 a9 08 00 20 0c 9a 66;71 48;00 13;C5 00
Thu 18 Aug 16:59:48 UTC 2016;hci0;1E 02 01 1A 1A FF 4C 00 02 15;4a 4e ce 60 7e b0 11 e4 b4 a9 08 00 20 0c 9a 66;71 c5;00 13;C5 00
Thu 18 Aug 16:59:54 UTC 2016;hci0;1E 02 01 1A 1A FF 4C 00 02 15;4a 4e ce 60 7e b0 11 e4 b4 a9 08 00 20 0c 9a 66;72 03;00 13;C5 00
Thu 18 Aug 17:00:00 UTC 2016;hci0;1E 02 01 1A 1A FF 4C 00 02 15;4a 4e ce 60 7e b0 11 e4 b4 a9 08 00 20 0c 9a 66;72 80;00 13;C5 00
Thu 18 Aug 17:00:05 UTC 2016;hci0;1E 02 01 1A 1A FF 4C 00 02 15;4a 4e ce 60 7e b0 11 e4 b4 a9 08 00 20 0c 9a 66;72 bf;00 13;C5 00
Thu 18 Aug 17:00:11 UTC 2016;hci0;1E 02 01 1A 1A FF 4C 00 02 15;4a 4e ce 60 7e b0 11 e4 b4 a9 08 00 20 0c 9a 66;72 bf;00 13;C5 00
Thu 18 Aug 17:00:17 UTC 2016;hci0;1E 02 01 1A 1A FF 4C 00 02 15;4a 4e ce 60 7e b0 11 e4 b4 a9 08 00 20 0c 9a 66;73 3c;00 13;C5 00
Thu 18 Aug 17:00:23 UTC 2016;hci0;1E 02 01 1A 1A FF 4C 00 02 15;4a 4e ce 60 7e b0 11 e4 b4 a9 08 00 20 0c 9a 66;74 36;00 13;C5 00
Thu 18 Aug 17:00:29 UTC 2016;hci0;1E 02 01 1A 1A FF 4C 00 02 15;4a 4e ce 60 7e b0 11 e4 b4 a9 08 00 20 0c 9a 66;74 36;00 13;C5 00
Thu 18 Aug 17:00:35 UTC 2016;hci0;1E 02 01 1A 1A FF 4C 00 02 15;4a 4e ce 60 7e b0 11 e4 b4 a9 08 00 20 0c 9a 66;75 30;00 13;C5 00
Thu 18 Aug 17:00:41 UTC 2016;hci0;1E 02 01 1A 1A FF 4C 00 02 15;4a 4e ce 60 7e b0 11 e4 b4 a9 08 00 20 0c 9a 66;75 30;00 13;C5 00
Thu 18 Aug 17:00:47 UTC 2016;hci0;1E 02 01 1A 1A FF 4C 00 02 15;4a 4e ce 60 7e b0 11 e4 b4 a9 08 00 20 0c 9a 66;75 6e;00 13;C5 00
Thu 18 Aug 17:00:52 UTC 2016;hci0;1E 02 01 1A 1A FF 4C 00 02 15;4a 4e ce 60 7e b0 11 e4 b4 a9 08 00 20 0c 9a 66;75 6e;00 13;C5 00
Thu 18 Aug 17:00:58 UTC 2016;hci0;1E 02 01 1A 1A FF 4C 00 02 15;4a 4e ce 60 7e b0 11 e4 b4 a9 08 00 20 0c 9a 66;74 b3;00 13;C5 00
Thu 18 Aug 17:01:04 UTC 2016;hci0;1E 02 01 1A 1A FF 4C 00 02 15;4a 4e ce 60 7e b0 11 e4 b4 a9 08 00 20 0c 9a 66;74 b3;00 13;C5 00
Thu 18 Aug 17:01:10 UTC 2016;hci0;1E 02 01 1A 1A FF 4C 00 02 15;4a 4e ce 60 7e b0 11 e4 b4 a9 08 00 20 0c 9a 66;74 74;00 13;C5 00
Thu 18 Aug 17:01:16 UTC 2016;hci0;1E 02 01 1A 1A FF 4C 00 02 15;4a 4e ce 60 7e b0 11 e4 b4 a9 08 00 20 0c 9a 66;74 74;00 13;C5 00
Thu 18 Aug 17:01:22 UTC 2016;hci0;1E 02 01 1A 1A FF 4C 00 02 15;4a 4e ce 60 7e b0 11 e4 b4 a9 08 00 20 0c 9a 66;75 30;00 13;C5 00
Thu 18 Aug 17:01:28 UTC 2016;hci0;1E 02 01 1A 1A FF 4C 00 02 15;4a 4e ce 60 7e b0 11 e4 b4 a9 08 00 20 0c 9a 66;75 eb;00 13;C5 00
Thu 18 Aug 17:01:33 UTC 2016;hci0;1E 02 01 1A 1A FF 4C 00 02 15;4a 4e ce 60 7e b0 11 e4 b4 a9 08 00 20 0c 9a 66;75 30;00 13;C5 00
Thu 18 Aug 17:01:39 UTC 2016;hci0;1E 02 01 1A 1A FF 4C 00 02 15;4a 4e ce 60 7e b0 11 e4 b4 a9 08 00 20 0c 9a 66;75 6e;00 13;C5 00
Thu 18 Aug 17:01:45 UTC 2016;hci0;1E 02 01 1A 1A FF 4C 00 02 15;4a 4e ce 60 7e b0 11 e4 b4 a9 08 00 20 0c 9a 66;75 ad;00 13;C5 00
Thu 18 Aug 17:01:51 UTC 2016;hci0;1E 02 01 1A 1A FF 4C 00 02 15;4a 4e ce 60 7e b0 11 e4 b4 a9 08 00 20 0c 9a 66;76 68;00 13;C5 00
Thu 18 Aug 17:01:57 UTC 2016;hci0;1E 02 01 1A 1A FF 4C 00 02 15;4a 4e ce 60 7e b0 11 e4 b4 a9 08 00 20 0c 9a 66;76 68;00 13;C5 00
Thu 18 Aug 17:02:03 UTC 2016;hci0;1E 02 01 1A 1A FF 4C 00 02 15;4a 4e ce 60 7e b0 11 e4 b4 a9 08 00 20 0c 9a 66;76 2a;00 13;C5 00
Thu 18 Aug 17:02:08 UTC 2016;hci0;1E 02 01 1A 1A FF 4C 00 02 15;4a 4e ce 60 7e b0 11 e4 b4 a9 08 00 20 0c 9a 66;75 ad;00 13;C5 00
Thu 18 Aug 17:02:14 UTC 2016;hci0;1E 02 01 1A 1A FF 4C 00 02 15;4a 4e ce 60 7e b0 11 e4 b4 a9 08 00 20 0c 9a 66;74 f1;00 13;C5 00
Thu 18 Aug 17:02:20 UTC 2016;hci0;1E 02 01 1A 1A FF 4C 00 02 15;4a 4e ce 60 7e b0 11 e4 b4 a9 08 00 20 0c 9a 66;75 30;00 13;C5 00
Thu 18 Aug 17:02:26 UTC 2016;hci0;1E 02 01 1A 1A FF 4C 00 02 15;4a 4e ce 60 7e b0 11 e4 b4 a9 08 00 20 0c 9a 66;74 b3;00 13;C5 00
Thu 18 Aug 17:02:32 UTC 2016;hci0;1E 02 01 1A 1A FF 4C 00 02 15;4a 4e ce 60 7e b0 11 e4 b4 a9 08 00 20 0c 9a 66;73 f7;00 13;C5 00
Thu 18 Aug 17:02:38 UTC 2016;hci0;1E 02 01 1A 1A FF 4C 00 02 15;4a 4e ce 60 7e b0 11 e4 b4 a9 08 00 20 0c 9a 66;73 3c;00 13;C5 00
Thu 18 Aug 17:02:44 UTC 2016;hci0;1E 02 01 1A 1A FF 4C 00 02 15;4a 4e ce 60 7e b0 11 e4 b4 a9 08 00 20 0c 9a 66;73 3c;00 13;C5 00
Thu 18 Aug 17:02:50 UTC 2016;hci0;1E 02 01 1A 1A FF 4C 00 02 15;4a 4e ce 60 7e b0 11 e4 b4 a9 08 00 20 0c 9a 66;72 fd;00 13;C5 00
Thu 18 Aug 17:02:55 UTC 2016;hci0;1E 02 01 1A 1A FF 4C 00 02 15;4a 4e ce 60 7e b0 11 e4 b4 a9 08 00 20 0c 9a 66;72 80;00 13;C5 00
Thu 18 Aug 17:03:01 UTC 2016;hci0;1E 02 01 1A 1A FF 4C 00 02 15;4a 4e ce 60 7e b0 11 e4 b4 a9 08 00 20 0c 9a 66;72 42;00 13;C5 00
Thu 18 Aug 17:03:07 UTC 2016;hci0;1E 02 01 1A 1A FF 4C 00 02 15;4a 4e ce 60 7e b0 11 e4 b4 a9 08 00 20 0c 9a 66;71 86;00 13;C5 00
Thu 18 Aug 17:03:13 UTC 2016;hci0;1E 02 01 1A 1A FF 4C 00 02 15;4a 4e ce 60 7e b0 11 e4 b4 a9 08 00 20 0c 9a 66;71 86;00 13;C5 00
Thu 18 Aug 17:03:19 UTC 2016;hci0;1E 02 01 1A 1A FF 4C 00 02 15;4a 4e ce 60 7e b0 11 e4 b4 a9 08 00 20 0c 9a 66;71 09;00 13;C5 00
Thu 18 Aug 17:03:25 UTC 2016;hci0;1E 02 01 1A 1A FF 4C 00 02 15;4a 4e ce 60 7e b0 11 e4 b4 a9 08 00 20 0c 9a 66;70 4e;00 13;C5 00
Thu 18 Aug 17:03:31 UTC 2016;hci0;1E 02 01 1A 1A FF 4C 00 02 15;4a 4e ce 60 7e b0 11 e4 b4 a9 08 00 20 0c 9a 66;6f d1;00 13;C5 00
Thu 18 Aug 17:03:36 UTC 2016;hci0;1E 02 01 1A 1A FF 4C 00 02 15;4a 4e ce 60 7e b0 11 e4 b4 a9 08 00 20 0c 9a 66;6f 54;00 13;C5 00
Thu 18 Aug 17:03:42 UTC 2016;hci0;1E 02 01 1A 1A FF 4C 00 02 15;4a 4e ce 60 7e b0 11 e4 b4 a9 08 00 20 0c 9a 66;6e 98;00 13;C5 00
Thu 18 Aug 17:03:48 UTC 2016;hci0;1E 02 01 1A 1A FF 4C 00 02 15;4a 4e ce 60 7e b0 11 e4 b4 a9 08 00 20 0c 9a 66;6e 5a;00 13;C5 00
Thu 18 Aug 17:03:54 UTC 2016;hci0;1E 02 01 1A 1A FF 4C 00 02 15;4a 4e ce 60 7e b0 11 e4 b4 a9 08 00 20 0c 9a 66;6e 1b;00 13;C5 00
Thu 18 Aug 17:04:00 UTC 2016;hci0;1E 02 01 1A 1A FF 4C 00 02 15;4a 4e ce 60 7e b0 11 e4 b4 a9 08 00 20 0c 9a 66;6e 1b;00 13;C5 00
Thu 18 Aug 17:04:06 UTC 2016;hci0;1E 02 01 1A 1A FF 4C 00 02 15;4a 4e ce 60 7e b0 11 e4 b4 a9 08 00 20 0c 9a 66;6d dd;00 13;C5 00
Thu 18 Aug 17:04:12 UTC 2016;hci0;1E 02 01 1A 1A FF 4C 00 02 15;4a 4e ce 60 7e b0 11 e4 b4 a9 08 00 20 0c 9a 66;6d dd;00 13;C5 00
Thu 18 Aug 17:04:17 UTC 2016;hci0;1E 02 01 1A 1A FF 4C 00 02 15;4a 4e ce 60 7e b0 11 e4 b4 a9 08 00 20 0c 9a 66;6d 9e;00 13;C5 00
Thu 18 Aug 17:04:23 UTC 2016;hci0;1E 02 01 1A 1A FF 4C 00 02 15;4a 4e ce 60 7e b0 11 e4 b4 a9 08 00 20 0c 9a 66;6d 60;00 13;C5 00
Thu 18 Aug 17:04:29 UTC 2016;hci0;1E 02 01 1A 1A FF 4C 00 02 15;4a 4e ce 60 7e b0 11 e4 b4 a9 08 00 20 0c 9a 66;6d 60;00 13;C5 00
Thu 18 Aug 17:04:35 UTC 2016;hci0;1E 02 01 1A 1A FF 4C 00 02 15;4a 4e ce 60 7e b0 11 e4 b4 a9 08 00 20 0c 9a 66;6d dd;00 13;C5 00
Thu 18 Aug 17:04:41 UTC 2016;hci0;1E 02 01 1A 1A FF 4C 00 02 15;4a 4e ce 60 7e b0 11 e4 b4 a9 08 00 20 0c 9a 66;6e 98;00 13;C5 00
Thu 18 Aug 17:04:47 UTC 2016;hci0;1E 02 01 1A 1A FF 4C 00 02 15;4a 4e ce 60 7e b0 11 e4 b4 a9 08 00 20 0c 9a 66;6e d7;00 13;C5 00
Thu 18 Aug 17:04:53 UTC 2016;hci0;1E 02 01 1A 1A FF 4C 00 02 15;4a 4e ce 60 7e b0 11 e4 b4 a9 08 00 20 0c 9a 66;6f 15;00 13;C5 00
Thu 18 Aug 17:04:58 UTC 2016;hci0;1E 02 01 1A 1A FF 4C 00 02 15;4a 4e ce 60 7e b0 11 e4 b4 a9 08 00 20 0c 9a 66;6f 54;00 13;C5 00
Thu 18 Aug 17:05:04 UTC 2016;hci0;1E 02 01 1A 1A FF 4C 00 02 15;4a 4e ce 60 7e b0 11 e4 b4 a9 08 00 20 0c 9a 66;6f 15;00 13;C5 00
Thu 18 Aug 17:05:10 UTC 2016;hci0;1E 02 01 1A 1A FF 4C 00 02 15;4a 4e ce 60 7e b0 11 e4 b4 a9 08 00 20 0c 9a 66;6f 54;00 13;C5 00
Thu 18 Aug 17:05:16 UTC 2016;hci0;1E 02 01 1A 1A FF 4C 00 02 15;4a 4e ce 60 7e b0 11 e4 b4 a9 08 00 20 0c 9a 66;70 8c;00 13;C5 00
Thu 18 Aug 17:05:22 UTC 2016;hci0;1E 02 01 1A 1A FF 4C 00 02 15;4a 4e ce 60 7e b0 11 e4 b4 a9 08 00 20 0c 9a 66;72 42;00 13;C5 00
Thu 18 Aug 17:05:28 UTC 2016;hci0;1E 02 01 1A 1A FF 4C 00 02 15;4a 4e ce 60 7e b0 11 e4 b4 a9 08 00 20 0c 9a 66;72 bf;00 13;C5 00
Thu 18 Aug 17:05:34 UTC 2016;hci0;1E 02 01 1A 1A FF 4C 00 02 15;4a 4e ce 60 7e b0 11 e4 b4 a9 08 00 20 0c 9a 66;73 3c;00 13;C5 00
Thu 18 Aug 17:05:39 UTC 2016;hci0;1E 02 01 1A 1A FF 4C 00 02 15;4a 4e ce 60 7e b0 11 e4 b4 a9 08 00 20 0c 9a 66;73 7a;00 13;C5 00
Thu 18 Aug 17:05:45 UTC 2016;hci0;1E 02 01 1A 1A FF 4C 00 02 15;4a 4e ce 60 7e b0 11 e4 b4 a9 08 00 20 0c 9a 66;73 3c;00 13;C5 00
Thu 18 Aug 17:05:51 UTC 2016;hci0;1E 02 01 1A 1A FF 4C 00 02 15;4a 4e ce 60 7e b0 11 e4 b4 a9 08 00 20 0c 9a 66;73 7a;00 13;C5 00
Thu 18 Aug 17:05:57 UTC 2016;hci0;1E 02 01 1A 1A FF 4C 00 02 15;4a 4e ce 60 7e b0 11 e4 b4 a9 08 00 20 0c 9a 66;73 f7;00 13;C5 00
Thu 18 Aug 17:06:03 UTC 2016;hci0;1E 02 01 1A 1A FF 4C 00 02 15;4a 4e ce 60 7e b0 11 e4 b4 a9 08 00 20 0c 9a 66;73 7a;00 13;C5 00
Thu 18 Aug 17:06:09 UTC 2016;hci0;1E 02 01 1A 1A FF 4C 00 02 15;4a 4e ce 60 7e b0 11 e4 b4 a9 08 00 20 0c 9a 66;73 f7;00 13;C5 00
Thu 18 Aug 17:06:15 UTC 2016;hci0;1E 02 01 1A 1A FF 4C 00 02 15;4a 4e ce 60 7e b0 11 e4 b4 a9 08 00 20 0c 9a 66;73 b9;00 13;C5 00
Thu 18 Aug 17:06:20 UTC 2016;hci0;1E 02 01 1A 1A FF 4C 00 02 15;4a 4e ce 60 7e b0 11 e4 b4 a9 08 00 20 0c 9a 66;75 30;00 13;C5 00
Thu 18 Aug 17:06:26 UTC 2016;hci0;1E 02 01 1A 1A FF 4C 00 02 15;4a 4e ce 60 7e b0 11 e4 b4 a9 08 00 20 0c 9a 66;75 6e;00 13;C5 00
Thu 18 Aug 17:06:32 UTC 2016;hci0;1E 02 01 1A 1A FF 4C 00 02 15;4a 4e ce 60 7e b0 11 e4 b4 a9 08 00 20 0c 9a 66;74 b3;00 13;C5 00
Thu 18 Aug 17:06:38 UTC 2016;hci0;1E 02 01 1A 1A FF 4C 00 02 15;4a 4e ce 60 7e b0 11 e4 b4 a9 08 00 20 0c 9a 66;73 f7;00 13;C5 00
Thu 18 Aug 17:06:44 UTC 2016;hci0;1E 02 01 1A 1A FF 4C 00 02 15;4a 4e ce 60 7e b0 11 e4 b4 a9 08 00 20 0c 9a 66;74 74;00 13;C5 00
Thu 18 Aug 17:06:50 UTC 2016;hci0;1E 02 01 1A 1A FF 4C 00 02 15;4a 4e ce 60 7e b0 11 e4 b4 a9 08 00 20 0c 9a 66;74 36;00 13;C5 00
Thu 18 Aug 17:06:56 UTC 2016;hci0;1E 02 01 1A 1A FF 4C 00 02 15;4a 4e ce 60 7e b0 11 e4 b4 a9 08 00 20 0c 9a 66;74 36;00 13;C5 00
Thu 18 Aug 17:07:02 UTC 2016;hci0;1E 02 01 1A 1A FF 4C 00 02 15;4a 4e ce 60 7e b0 11 e4 b4 a9 08 00 20 0c 9a 66;73 b9;00 13;C5 00
Thu 18 Aug 17:07:07 UTC 2016;hci0;1E 02 01 1A 1A FF 4C 00 02 15;4a 4e ce 60 7e b0 11 e4 b4 a9 08 00 20 0c 9a 66;73 7a;00 13;C5 00
Thu 18 Aug 17:07:13 UTC 2016;hci0;1E 02 01 1A 1A FF 4C 00 02 15;4a 4e ce 60 7e b0 11 e4 b4 a9 08 00 20 0c 9a 66;73 b9;00 13;C5 00
Thu 18 Aug 17:07:19 UTC 2016;hci0;1E 02 01 1A 1A FF 4C 00 02 15;4a 4e ce 60 7e b0 11 e4 b4 a9 08 00 20 0c 9a 66;74 36;00 13;C5 00
Thu 18 Aug 17:07:25 UTC 2016;hci0;1E 02 01 1A 1A FF 4C 00 02 15;4a 4e ce 60 7e b0 11 e4 b4 a9 08 00 20 0c 9a 66;75 6e;00 13;C5 00
Thu 18 Aug 17:07:31 UTC 2016;hci0;1E 02 01 1A 1A FF 4C 00 02 15;4a 4e ce 60 7e b0 11 e4 b4 a9 08 00 20 0c 9a 66;76 2a;00 13;C5 00
Thu 18 Aug 17:07:37 UTC 2016;hci0;1E 02 01 1A 1A FF 4C 00 02 15;4a 4e ce 60 7e b0 11 e4 b4 a9 08 00 20 0c 9a 66;77 24;00 13;C5 00
Thu 18 Aug 17:07:43 UTC 2016;hci0;1E 02 01 1A 1A FF 4C 00 02 15;4a 4e ce 60 7e b0 11 e4 b4 a9 08 00 20 0c 9a 66;77 24;00 13;C5 00
Thu 18 Aug 17:07:49 UTC 2016;hci0;1E 02 01 1A 1A FF 4C 00 02 15;4a 4e ce 60 7e b0 11 e4 b4 a9 08 00 20 0c 9a 66;77 24;00 13;C5 00
Thu 18 Aug 17:07:54 UTC 2016;hci0;1E 02 01 1A 1A FF 4C 00 02 15;4a 4e ce 60 7e b0 11 e4 b4 a9 08 00 20 0c 9a 66;77 24;00 13;C5 00
Thu 18 Aug 17:08:00 UTC 2016;hci0;1E 02 01 1A 1A FF 4C 00 02 15;4a 4e ce 60 7e b0 11 e4 b4 a9 08 00 20 0c 9a 66;77 a1;00 13;C5 00
Thu 18 Aug 17:08:06 UTC 2016;hci0;1E 02 01 1A 1A FF 4C 00 02 15;4a 4e ce 60 7e b0 11 e4 b4 a9 08 00 20 0c 9a 66;77 24;00 13;C5 00
Thu 18 Aug 17:08:12 UTC 2016;hci0;1E 02 01 1A 1A FF 4C 00 02 15;4a 4e ce 60 7e b0 11 e4 b4 a9 08 00 20 0c 9a 66;76 2a;00 13;C5 00
Thu 18 Aug 17:08:18 UTC 2016;hci0;1E 02 01 1A 1A FF 4C 00 02 15;4a 4e ce 60 7e b0 11 e4 b4 a9 08 00 20 0c 9a 66;75 30;00 13;C5 00
Thu 18 Aug 17:08:24 UTC 2016;hci0;1E 02 01 1A 1A FF 4C 00 02 15;4a 4e ce 60 7e b0 11 e4 b4 a9 08 00 20 0c 9a 66;74 74;00 13;C5 00
Thu 18 Aug 17:08:30 UTC 2016;hci0;1E 02 01 1A 1A FF 4C 00 02 15;4a 4e ce 60 7e b0 11 e4 b4 a9 08 00 20 0c 9a 66;75 6e;00 13;C5 00
Thu 18 Aug 17:08:35 UTC 2016;hci0;1E 02 01 1A 1A FF 4C 00 02 15;4a 4e ce 60 7e b0 11 e4 b4 a9 08 00 20 0c 9a 66;76 2a;00 13;C5 00
Thu 18 Aug 17:08:41 UTC 2016;hci0;1E 02 01 1A 1A FF 4C 00 02 15;4a 4e ce 60 7e b0 11 e4 b4 a9 08 00 20 0c 9a 66;75 eb;00 13;C5 00
Thu 18 Aug 17:08:47 UTC 2016;hci0;1E 02 01 1A 1A FF 4C 00 02 15;4a 4e ce 60 7e b0 11 e4 b4 a9 08 00 20 0c 9a 66;75 ad;00 13;C5 00
Thu 18 Aug 17:08:53 UTC 2016;hci0;1E 02 01 1A 1A FF 4C 00 02 15;4a 4e ce 60 7e b0 11 e4 b4 a9 08 00 20 0c 9a 66;75 6e;00 13;C5 00
Thu 18 Aug 17:08:59 UTC 2016;hci0;1E 02 01 1A 1A FF 4C 00 02 15;4a 4e ce 60 7e b0 11 e4 b4 a9 08 00 20 0c 9a 66;75 6e;00 13;C5 00
Thu 18 Aug 17:09:05 UTC 2016;hci0;1E 02 01 1A 1A FF 4C 00 02 15;4a 4e ce 60 7e b0 11 e4 b4 a9 08 00 20 0c 9a 66;74 f1;00 13;C5 00
Thu 18 Aug 17:09:11 UTC 2016;hci0;1E 02 01 1A 1A FF 4C 00 02 15;4a 4e ce 60 7e b0 11 e4 b4 a9 08 00 20 0c 9a 66;74 74;00 13;C5 00
Thu 18 Aug 17:09:16 UTC 2016;hci0;1E 02 01 1A 1A FF 4C 00 02 15;4a 4e ce 60 7e b0 11 e4 b4 a9 08 00 20 0c 9a 66;73 f7;00 13;C5 00
Thu 18 Aug 17:09:22 UTC 2016;hci0;1E 02 01 1A 1A FF 4C 00 02 15;4a 4e ce 60 7e b0 11 e4 b4 a9 08 00 20 0c 9a 66;74 b3;00 13;C5 00
Thu 18 Aug 17:09:28 UTC 2016;hci0;1E 02 01 1A 1A FF 4C 00 02 15;4a 4e ce 60 7e b0 11 e4 b4 a9 08 00 20 0c 9a 66;75 ad;00 13;C5 00
Thu 18 Aug 17:09:34 UTC 2016;hci0;1E 02 01 1A 1A FF 4C 00 02 15;4a 4e ce 60 7e b0 11 e4 b4 a9 08 00 20 0c 9a 66;75 30;00 13;C5 00
Thu 18 Aug 17:09:40 UTC 2016;hci0;1E 02 01 1A 1A FF 4C 00 02 15;4a 4e ce 60 7e b0 11 e4 b4 a9 08 00 20 0c 9a 66;74 f1;00 13;C5 00
Thu 18 Aug 17:09:46 UTC 2016;hci0;1E 02 01 1A 1A FF 4C 00 02 15;4a 4e ce 60 7e b0 11 e4 b4 a9 08 00 20 0c 9a 66;74 b3;00 13;C5 00
Thu 18 Aug 17:09:52 UTC 2016;hci0;1E 02 01 1A 1A FF 4C 00 02 15;4a 4e ce 60 7e b0 11 e4 b4 a9 08 00 20 0c 9a 66;75 30;00 13;C5 00
Thu 18 Aug 17:09:57 UTC 2016;hci0;1E 02 01 1A 1A FF 4C 00 02 15;4a 4e ce 60 7e b0 11 e4 b4 a9 08 00 20 0c 9a 66;75 eb;00 13;C5 00
Thu 18 Aug 17:10:03 UTC 2016;hci0;1E 02 01 1A 1A FF 4C 00 02 15;4a 4e ce 60 7e b0 11 e4 b4 a9 08 00 20 0c 9a 66;75 6e;00 13;C5 00
Thu 18 Aug 17:10:09 UTC 2016;hci0;1E 02 01 1A 1A FF 4C 00 02 15;4a 4e ce 60 7e b0 11 e4 b4 a9 08 00 20 0c 9a 66;75 30;00 13;C5 00
Thu 18 Aug 17:10:15 UTC 2016;hci0;1E 02 01 1A 1A FF 4C 00 02 15;4a 4e ce 60 7e b0 11 e4 b4 a9 08 00 20 0c 9a 66;75 30;00 13;C5 00
Thu 18 Aug 17:10:21 UTC 2016;hci0;1E 02 01 1A 1A FF 4C 00 02 15;4a 4e ce 60 7e b0 11 e4 b4 a9 08 00 20 0c 9a 66;75 ad;00 13;C5 00
Thu 18 Aug 17:10:27 UTC 2016;hci0;1E 02 01 1A 1A FF 4C 00 02 15;4a 4e ce 60 7e b0 11 e4 b4 a9 08 00 20 0c 9a 66;74 f1;00 13;C5 00
Thu 18 Aug 17:10:33 UTC 2016;hci0;1E 02 01 1A 1A FF 4C 00 02 15;4a 4e ce 60 7e b0 11 e4 b4 a9 08 00 20 0c 9a 66;74 74;00 13;C5 00
Thu 18 Aug 17:10:38 UTC 2016;hci0;1E 02 01 1A 1A FF 4C 00 02 15;4a 4e ce 60 7e b0 11 e4 b4 a9 08 00 20 0c 9a 66;73 f7;00 13;C5 00
Thu 18 Aug 17:10:44 UTC 2016;hci0;1E 02 01 1A 1A FF 4C 00 02 15;4a 4e ce 60 7e b0 11 e4 b4 a9 08 00 20 0c 9a 66;73 b9;00 13;C5 00
Thu 18 Aug 17:10:50 UTC 2016;hci0;1E 02 01 1A 1A FF 4C 00 02 15;4a 4e ce 60 7e b0 11 e4 b4 a9 08 00 20 0c 9a 66;73 7a;00 13;C5 00
Thu 18 Aug 17:10:56 UTC 2016;hci0;1E 02 01 1A 1A FF 4C 00 02 15;4a 4e ce 60 7e b0 11 e4 b4 a9 08 00 20 0c 9a 66;73 7a;00 13;C5 00
Thu 18 Aug 17:11:02 UTC 2016;hci0;1E 02 01 1A 1A FF 4C 00 02 15;4a 4e ce 60 7e b0 11 e4 b4 a9 08 00 20 0c 9a 66;73 f7;00 13;C5 00
Thu 18 Aug 17:11:08 UTC 2016;hci0;1E 02 01 1A 1A FF 4C 00 02 15;4a 4e ce 60 7e b0 11 e4 b4 a9 08 00 20 0c 9a 66;74 36;00 13;C5 00
Thu 18 Aug 17:11:14 UTC 2016;hci0;1E 02 01 1A 1A FF 4C 00 02 15;4a 4e ce 60 7e b0 11 e4 b4 a9 08 00 20 0c 9a 66;74 36;00 13;C5 00
Thu 18 Aug 17:11:19 UTC 2016;hci0;1E 02 01 1A 1A FF 4C 00 02 15;4a 4e ce 60 7e b0 11 e4 b4 a9 08 00 20 0c 9a 66;74 36;00 13;C5 00
Thu 18 Aug 17:11:25 UTC 2016;hci0;1E 02 01 1A 1A FF 4C 00 02 15;4a 4e ce 60 7e b0 11 e4 b4 a9 08 00 20 0c 9a 66;73 f7;00 13;C5 00
Thu 18 Aug 17:11:31 UTC 2016;hci0;1E 02 01 1A 1A FF 4C 00 02 15;4a 4e ce 60 7e b0 11 e4 b4 a9 08 00 20 0c 9a 66;73 b9;00 13;C5 00
Thu 18 Aug 17:11:37 UTC 2016;hci0;1E 02 01 1A 1A FF 4C 00 02 15;4a 4e ce 60 7e b0 11 e4 b4 a9 08 00 20 0c 9a 66;74 f1;00 13;C5 00
Thu 18 Aug 17:11:43 UTC 2016;hci0;1E 02 01 1A 1A FF 4C 00 02 15;4a 4e ce 60 7e b0 11 e4 b4 a9 08 00 20 0c 9a 66;75 6e;00 13;C5 00
Thu 18 Aug 17:11:49 UTC 2016;hci0;1E 02 01 1A 1A FF 4C 00 02 15;4a 4e ce 60 7e b0 11 e4 b4 a9 08 00 20 0c 9a 66;76 2a;00 13;C5 00
Thu 18 Aug 17:11:55 UTC 2016;hci0;1E 02 01 1A 1A FF 4C 00 02 15;4a 4e ce 60 7e b0 11 e4 b4 a9 08 00 20 0c 9a 66;75 ad;00 13;C5 00
Thu 18 Aug 17:12:00 UTC 2016;hci0;1E 02 01 1A 1A FF 4C 00 02 15;4a 4e ce 60 7e b0 11 e4 b4 a9 08 00 20 0c 9a 66;74 f1;00 13;C5 00
Thu 18 Aug 17:12:06 UTC 2016;hci0;1E 02 01 1A 1A FF 4C 00 02 15;4a 4e ce 60 7e b0 11 e4 b4 a9 08 00 20 0c 9a 66;74 36;00 13;C5 00
Thu 18 Aug 17:12:12 UTC 2016;hci0;1E 02 01 1A 1A FF 4C 00 02 15;4a 4e ce 60 7e b0 11 e4 b4 a9 08 00 20 0c 9a 66;73 b9;00 13;C5 00
Thu 18 Aug 17:12:18 UTC 2016;hci0;1E 02 01 1A 1A FF 4C 00 02 15;4a 4e ce 60 7e b0 11 e4 b4 a9 08 00 20 0c 9a 66;73 b9;00 13;C5 00
Thu 18 Aug 17:12:24 UTC 2016;hci0;1E 02 01 1A 1A FF 4C 00 02 15;4a 4e ce 60 7e b0 11 e4 b4 a9 08 00 20 0c 9a 66;73 3c;00 13;C5 00
Thu 18 Aug 17:12:30 UTC 2016;hci0;1E 02 01 1A 1A FF 4C 00 02 15;4a 4e ce 60 7e b0 11 e4 b4 a9 08 00 20 0c 9a 66;73 3c;00 13;C5 00
Thu 18 Aug 17:12:36 UTC 2016;hci0;1E 02 01 1A 1A FF 4C 00 02 15;4a 4e ce 60 7e b0 11 e4 b4 a9 08 00 20 0c 9a 66;73 3c;00 13;C5 00
Thu 18 Aug 17:12:42 UTC 2016;hci0;1E 02 01 1A 1A FF 4C 00 02 15;4a 4e ce 60 7e b0 11 e4 b4 a9 08 00 20 0c 9a 66;73 3c;00 13;C5 00
Thu 18 Aug 17:12:47 UTC 2016;hci0;1E 02 01 1A 1A FF 4C 00 02 15;4a 4e ce 60 7e b0 11 e4 b4 a9 08 00 20 0c 9a 66;73 b9;00 13;C5 00
Thu 18 Aug 17:12:53 UTC 2016;hci0;1E 02 01 1A 1A FF 4C 00 02 15;4a 4e ce 60 7e b0 11 e4 b4 a9 08 00 20 0c 9a 66;73 b9;00 13;C5 00
Thu 18 Aug 17:12:59 UTC 2016;hci0;1E 02 01 1A 1A FF 4C 00 02 15;4a 4e ce 60 7e b0 11 e4 b4 a9 08 00 20 0c 9a 66;73 b9;00 13;C5 00
Thu 18 Aug 17:13:05 UTC 2016;hci0;1E 02 01 1A 1A FF 4C 00 02 15;4a 4e ce 60 7e b0 11 e4 b4 a9 08 00 20 0c 9a 66;73 7a;00 13;C5 00
Thu 18 Aug 17:13:11 UTC 2016;hci0;1E 02 01 1A 1A FF 4C 00 02 15;4a 4e ce 60 7e b0 11 e4 b4 a9 08 00 20 0c 9a 66;73 7a;00 13;C5 00
Thu 18 Aug 17:13:17 UTC 2016;hci0;1E 02 01 1A 1A FF 4C 00 02 15;4a 4e ce 60 7e b0 11 e4 b4 a9 08 00 20 0c 9a 66;73 3c;00 13;C5 00
Thu 18 Aug 17:13:23 UTC 2016;hci0;1E 02 01 1A 1A FF 4C 00 02 15;4a 4e ce 60 7e b0 11 e4 b4 a9 08 00 20 0c 9a 66;72 fd;00 13;C5 00
Thu 18 Aug 17:13:29 UTC 2016;hci0;1E 02 01 1A 1A FF 4C 00 02 15;4a 4e ce 60 7e b0 11 e4 b4 a9 08 00 20 0c 9a 66;73 3c;00 13;C5 00
Thu 18 Aug 17:13:34 UTC 2016;hci0;1E 02 01 1A 1A FF 4C 00 02 15;4a 4e ce 60 7e b0 11 e4 b4 a9 08 00 20 0c 9a 66;74 74;00 13;C5 00
Thu 18 Aug 17:13:40 UTC 2016;hci0;1E 02 01 1A 1A FF 4C 00 02 15;4a 4e ce 60 7e b0 11 e4 b4 a9 08 00 20 0c 9a 66;75 eb;00 13;C5 00
Thu 18 Aug 17:13:46 UTC 2016;hci0;1E 02 01 1A 1A FF 4C 00 02 15;4a 4e ce 60 7e b0 11 e4 b4 a9 08 00 20 0c 9a 66;76 a7;00 13;C5 00
Thu 18 Aug 17:13:52 UTC 2016;hci0;1E 02 01 1A 1A FF 4C 00 02 15;4a 4e ce 60 7e b0 11 e4 b4 a9 08 00 20 0c 9a 66;76 68;00 13;C5 00
Thu 18 Aug 17:13:58 UTC 2016;hci0;1E 02 01 1A 1A FF 4C 00 02 15;4a 4e ce 60 7e b0 11 e4 b4 a9 08 00 20 0c 9a 66;76 68;00 13;C5 00
Thu 18 Aug 17:14:04 UTC 2016;hci0;1E 02 01 1A 1A FF 4C 00 02 15;4a 4e ce 60 7e b0 11 e4 b4 a9 08 00 20 0c 9a 66;76 68;00 13;C5 00
Thu 18 Aug 17:14:10 UTC 2016;hci0;1E 02 01 1A 1A FF 4C 00 02 15;4a 4e ce 60 7e b0 11 e4 b4 a9 08 00 20 0c 9a 66;76 a7;00 13;C5 00
Thu 18 Aug 17:14:15 UTC 2016;hci0;1E 02 01 1A 1A FF 4C 00 02 15;4a 4e ce 60 7e b0 11 e4 b4 a9 08 00 20 0c 9a 66;77 24;00 13;C5 00
Thu 18 Aug 17:14:21 UTC 2016;hci0;1E 02 01 1A 1A FF 4C 00 02 15;4a 4e ce 60 7e b0 11 e4 b4 a9 08 00 20 0c 9a 66;77 a1;00 13;C5 00
Thu 18 Aug 17:14:27 UTC 2016;hci0;1E 02 01 1A 1A FF 4C 00 02 15;4a 4e ce 60 7e b0 11 e4 b4 a9 08 00 20 0c 9a 66;77 62;00 13;C5 00
Thu 18 Aug 17:14:33 UTC 2016;hci0;1E 02 01 1A 1A FF 4C 00 02 15;4a 4e ce 60 7e b0 11 e4 b4 a9 08 00 20 0c 9a 66;77 24;00 13;C5 00
Thu 18 Aug 17:14:39 UTC 2016;hci0;1E 02 01 1A 1A FF 4C 00 02 15;4a 4e ce 60 7e b0 11 e4 b4 a9 08 00 20 0c 9a 66;77 a1;00 13;C5 00
Thu 18 Aug 17:14:45 UTC 2016;hci0;1E 02 01 1A 1A FF 4C 00 02 15;4a 4e ce 60 7e b0 11 e4 b4 a9 08 00 20 0c 9a 66;76 e5;00 13;C5 00
Thu 18 Aug 17:14:51 UTC 2016;hci0;1E 02 01 1A 1A FF 4C 00 02 15;4a 4e ce 60 7e b0 11 e4 b4 a9 08 00 20 0c 9a 66;76 2a;00 13;C5 00
Thu 18 Aug 17:14:57 UTC 2016;hci0;1E 02 01 1A 1A FF 4C 00 02 15;4a 4e ce 60 7e b0 11 e4 b4 a9 08 00 20 0c 9a 66;77 62;00 13;C5 00
Thu 18 Aug 17:15:02 UTC 2016;hci0;1E 02 01 1A 1A FF 4C 00 02 15;4a 4e ce 60 7e b0 11 e4 b4 a9 08 00 20 0c 9a 66;77 62;00 13;C5 00
Thu 18 Aug 17:15:08 UTC 2016;hci0;1E 02 01 1A 1A FF 4C 00 02 15;4a 4e ce 60 7e b0 11 e4 b4 a9 08 00 20 0c 9a 66;77 24;00 13;C5 00
Thu 18 Aug 17:15:14 UTC 2016;hci0;1E 02 01 1A 1A FF 4C 00 02 15;4a 4e ce 60 7e b0 11 e4 b4 a9 08 00 20 0c 9a 66;77 24;00 13;C5 00
Thu 18 Aug 17:15:20 UTC 2016;hci0;1E 02 01 1A 1A FF 4C 00 02 15;4a 4e ce 60 7e b0 11 e4 b4 a9 08 00 20 0c 9a 66;77 df;00 13;C5 00
Thu 18 Aug 17:15:26 UTC 2016;hci0;1E 02 01 1A 1A FF 4C 00 02 15;4a 4e ce 60 7e b0 11 e4 b4 a9 08 00 20 0c 9a 66;78 d9;00 13;C5 00
Thu 18 Aug 17:15:32 UTC 2016;hci0;1E 02 01 1A 1A FF 4C 00 02 15;4a 4e ce 60 7e b0 11 e4 b4 a9 08 00 20 0c 9a 66;7a 12;00 13;C5 00
Thu 18 Aug 17:15:38 UTC 2016;hci0;1E 02 01 1A 1A FF 4C 00 02 15;4a 4e ce 60 7e b0 11 e4 b4 a9 08 00 20 0c 9a 66;7a 8f;00 13;C5 00
Thu 18 Aug 17:15:44 UTC 2016;hci0;1E 02 01 1A 1A FF 4C 00 02 15;4a 4e ce 60 7e b0 11 e4 b4 a9 08 00 20 0c 9a 66;7b 89;00 13;C5 00
Thu 18 Aug 17:15:50 UTC 2016;hci0;1E 02 01 1A 1A FF 4C 00 02 15;4a 4e ce 60 7e b0 11 e4 b4 a9 08 00 20 0c 9a 66;7a 8f;00 13;C5 00
Thu 18 Aug 17:15:56 UTC 2016;hci0;1E 02 01 1A 1A FF 4C 00 02 15;4a 4e ce 60 7e b0 11 e4 b4 a9 08 00 20 0c 9a 66;79 56;00 13;C5 00
Thu 18 Aug 17:16:02 UTC 2016;hci0;1E 02 01 1A 1A FF 4C 00 02 15;4a 4e ce 60 7e b0 11 e4 b4 a9 08 00 20 0c 9a 66;79 18;00 13;C5 00
Thu 18 Aug 17:16:08 UTC 2016;hci0;1E 02 01 1A 1A FF 4C 00 02 15;4a 4e ce 60 7e b0 11 e4 b4 a9 08 00 20 0c 9a 66;79 95;00 13;C5 00
Thu 18 Aug 17:16:14 UTC 2016;hci0;1E 02 01 1A 1A FF 4C 00 02 15;4a 4e ce 60 7e b0 11 e4 b4 a9 08 00 20 0c 9a 66;7a 12;00 13;C5 00
Thu 18 Aug 17:16:20 UTC 2016;hci0;1E 02 01 1A 1A FF 4C 00 02 15;4a 4e ce 60 7e b0 11 e4 b4 a9 08 00 20 0c 9a 66;7a 12;00 13;C5 00
Thu 18 Aug 17:16:25 UTC 2016;hci0;1E 02 01 1A 1A FF 4C 00 02 15;4a 4e ce 60 7e b0 11 e4 b4 a9 08 00 20 0c 9a 66;79 18;00 13;C5 00
Thu 18 Aug 17:16:31 UTC 2016;hci0;1E 02 01 1A 1A FF 4C 00 02 15;4a 4e ce 60 7e b0 11 e4 b4 a9 08 00 20 0c 9a 66;78 d9;00 13;C5 00
Thu 18 Aug 17:16:37 UTC 2016;hci0;1E 02 01 1A 1A FF 4C 00 02 15;4a 4e ce 60 7e b0 11 e4 b4 a9 08 00 20 0c 9a 66;78 d9;00 13;C5 00
Thu 18 Aug 17:16:43 UTC 2016;hci0;1E 02 01 1A 1A FF 4C 00 02 15;4a 4e ce 60 7e b0 11 e4 b4 a9 08 00 20 0c 9a 66;78 9b;00 13;C5 00
Thu 18 Aug 17:16:49 UTC 2016;hci0;1E 02 01 1A 1A FF 4C 00 02 15;4a 4e ce 60 7e b0 11 e4 b4 a9 08 00 20 0c 9a 66;77 62;00 13;C5 00
Thu 18 Aug 17:16:55 UTC 2016;hci0;1E 02 01 1A 1A FF 4C 00 02 15;4a 4e ce 60 7e b0 11 e4 b4 a9 08 00 20 0c 9a 66;77 a1;00 13;C5 00
Thu 18 Aug 17:17:01 UTC 2016;hci0;1E 02 01 1A 1A FF 4C 00 02 15;4a 4e ce 60 7e b0 11 e4 b4 a9 08 00 20 0c 9a 66;77 a1;00 13;C5 00
Thu 18 Aug 17:17:07 UTC 2016;hci0;1E 02 01 1A 1A FF 4C 00 02 15;4a 4e ce 60 7e b0 11 e4 b4 a9 08 00 20 0c 9a 66;78 9b;00 13;C5 00
Thu 18 Aug 17:17:13 UTC 2016;hci0;1E 02 01 1A 1A FF 4C 00 02 15;4a 4e ce 60 7e b0 11 e4 b4 a9 08 00 20 0c 9a 66;78 9b;00 13;C5 00
Thu 18 Aug 17:17:19 UTC 2016;hci0;1E 02 01 1A 1A FF 4C 00 02 15;4a 4e ce 60 7e b0 11 e4 b4 a9 08 00 20 0c 9a 66;79 56;00 13;C5 00
Thu 18 Aug 17:17:24 UTC 2016;hci0;1E 02 01 1A 1A FF 4C 00 02 15;4a 4e ce 60 7e b0 11 e4 b4 a9 08 00 20 0c 9a 66;79 d3;00 13;C5 00
Thu 18 Aug 17:17:30 UTC 2016;hci0;1E 02 01 1A 1A FF 4C 00 02 15;4a 4e ce 60 7e b0 11 e4 b4 a9 08 00 20 0c 9a 66;79 56;00 13;C5 00
Thu 18 Aug 17:17:36 UTC 2016;hci0;1E 02 01 1A 1A FF 4C 00 02 15;4a 4e ce 60 7e b0 11 e4 b4 a9 08 00 20 0c 9a 66;79 56;00 13;C5 00
Thu 18 Aug 17:17:42 UTC 2016;hci0;1E 02 01 1A 1A FF 4C 00 02 15;4a 4e ce 60 7e b0 11 e4 b4 a9 08 00 20 0c 9a 66;76 e5;00 13;C5 00
Thu 18 Aug 17:17:48 UTC 2016;hci0;1E 02 01 1A 1A FF 4C 00 02 15;4a 4e ce 60 7e b0 11 e4 b4 a9 08 00 20 0c 9a 66;76 a7;00 13;C5 00
Thu 18 Aug 17:17:54 UTC 2016;hci0;1E 02 01 1A 1A FF 4C 00 02 15;4a 4e ce 60 7e b0 11 e4 b4 a9 08 00 20 0c 9a 66;75 eb;00 13;C5 00
Thu 18 Aug 17:18:00 UTC 2016;hci0;1E 02 01 1A 1A FF 4C 00 02 15;4a 4e ce 60 7e b0 11 e4 b4 a9 08 00 20 0c 9a 66;75 6e;00 13;C5 00
Thu 18 Aug 17:18:05 UTC 2016;hci0;1E 02 01 1A 1A FF 4C 00 02 15;4a 4e ce 60 7e b0 11 e4 b4 a9 08 00 20 0c 9a 66;74 f1;00 13;C5 00
Thu 18 Aug 17:18:11 UTC 2016;hci0;1E 02 01 1A 1A FF 4C 00 02 15;4a 4e ce 60 7e b0 11 e4 b4 a9 08 00 20 0c 9a 66;73 f7;00 13;C5 00
Thu 18 Aug 17:18:17 UTC 2016;hci0;1E 02 01 1A 1A FF 4C 00 02 15;4a 4e ce 60 7e b0 11 e4 b4 a9 08 00 20 0c 9a 66;73 b9;00 13;C5 00
Thu 18 Aug 17:18:23 UTC 2016;hci0;1E 02 01 1A 1A FF 4C 00 02 15;4a 4e ce 60 7e b0 11 e4 b4 a9 08 00 20 0c 9a 66;74 36;00 13;C5 00
Thu 18 Aug 17:18:29 UTC 2016;hci0;1E 02 01 1A 1A FF 4C 00 02 15;4a 4e ce 60 7e b0 11 e4 b4 a9 08 00 20 0c 9a 66;73 f7;00 13;C5 00
Thu 18 Aug 17:18:35 UTC 2016;hci0;1E 02 01 1A 1A FF 4C 00 02 15;4a 4e ce 60 7e b0 11 e4 b4 a9 08 00 20 0c 9a 66;74 36;00 13;C5 00
Thu 18 Aug 17:18:41 UTC 2016;hci0;1E 02 01 1A 1A FF 4C 00 02 15;4a 4e ce 60 7e b0 11 e4 b4 a9 08 00 20 0c 9a 66;74 74;00 13;C5 00
Thu 18 Aug 17:18:47 UTC 2016;hci0;1E 02 01 1A 1A FF 4C 00 02 15;4a 4e ce 60 7e b0 11 e4 b4 a9 08 00 20 0c 9a 66;74 f1;00 13;C5 00
Thu 18 Aug 17:18:52 UTC 2016;hci0;1E 02 01 1A 1A FF 4C 00 02 15;4a 4e ce 60 7e b0 11 e4 b4 a9 08 00 20 0c 9a 66;75 ad;00 13;C5 00
Thu 18 Aug 17:18:58 UTC 2016;hci0;1E 02 01 1A 1A FF 4C 00 02 15;4a 4e ce 60 7e b0 11 e4 b4 a9 08 00 20 0c 9a 66;76 68;00 13;C5 00
Thu 18 Aug 17:19:04 UTC 2016;hci0;1E 02 01 1A 1A FF 4C 00 02 15;4a 4e ce 60 7e b0 11 e4 b4 a9 08 00 20 0c 9a 66;76 68;00 13;C5 00
Thu 18 Aug 17:19:10 UTC 2016;hci0;1E 02 01 1A 1A FF 4C 00 02 15;4a 4e ce 60 7e b0 11 e4 b4 a9 08 00 20 0c 9a 66;75 ad;00 13;C5 00
Thu 18 Aug 17:19:16 UTC 2016;hci0;1E 02 01 1A 1A FF 4C 00 02 15;4a 4e ce 60 7e b0 11 e4 b4 a9 08 00 20 0c 9a 66;75 6e;00 13;C5 00
Thu 18 Aug 17:19:22 UTC 2016;hci0;1E 02 01 1A 1A FF 4C 00 02 15;4a 4e ce 60 7e b0 11 e4 b4 a9 08 00 20 0c 9a 66;75 ad;00 13;C5 00
Thu 18 Aug 17:19:28 UTC 2016;hci0;1E 02 01 1A 1A FF 4C 00 02 15;4a 4e ce 60 7e b0 11 e4 b4 a9 08 00 20 0c 9a 66;75 ad;00 13;C5 00
Thu 18 Aug 17:19:34 UTC 2016;hci0;1E 02 01 1A 1A FF 4C 00 02 15;4a 4e ce 60 7e b0 11 e4 b4 a9 08 00 20 0c 9a 66;75 6e;00 13;C5 00
Thu 18 Aug 17:19:40 UTC 2016;hci0;1E 02 01 1A 1A FF 4C 00 02 15;4a 4e ce 60 7e b0 11 e4 b4 a9 08 00 20 0c 9a 66;74 b3;00 13;C5 00
Thu 18 Aug 17:19:45 UTC 2016;hci0;1E 02 01 1A 1A FF 4C 00 02 15;4a 4e ce 60 7e b0 11 e4 b4 a9 08 00 20 0c 9a 66;74 36;00 13;C5 00
Thu 18 Aug 17:19:51 UTC 2016;hci0;1E 02 01 1A 1A FF 4C 00 02 15;4a 4e ce 60 7e b0 11 e4 b4 a9 08 00 20 0c 9a 66;74 36;00 13;C5 00
Thu 18 Aug 17:19:57 UTC 2016;hci0;1E 02 01 1A 1A FF 4C 00 02 15;4a 4e ce 60 7e b0 11 e4 b4 a9 08 00 20 0c 9a 66;74 b3;00 13;C5 00
Thu 18 Aug 17:20:03 UTC 2016;hci0;1E 02 01 1A 1A FF 4C 00 02 15;4a 4e ce 60 7e b0 11 e4 b4 a9 08 00 20 0c 9a 66;76 2a;00 13;C5 00
Thu 18 Aug 17:20:09 UTC 2016;hci0;1E 02 01 1A 1A FF 4C 00 02 15;4a 4e ce 60 7e b0 11 e4 b4 a9 08 00 20 0c 9a 66;77 24;00 13;C5 00
Thu 18 Aug 17:20:15 UTC 2016;hci0;1E 02 01 1A 1A FF 4C 00 02 15;4a 4e ce 60 7e b0 11 e4 b4 a9 08 00 20 0c 9a 66;77 24;00 13;C5 00
Thu 18 Aug 17:20:21 UTC 2016;hci0;1E 02 01 1A 1A FF 4C 00 02 15;4a 4e ce 60 7e b0 11 e4 b4 a9 08 00 20 0c 9a 66;75 eb;00 13;C5 00
Thu 18 Aug 17:20:27 UTC 2016;hci0;1E 02 01 1A 1A FF 4C 00 02 15;4a 4e ce 60 7e b0 11 e4 b4 a9 08 00 20 0c 9a 66;74 74;00 13;C5 00
Thu 18 Aug 17:20:33 UTC 2016;hci0;1E 02 01 1A 1A FF 4C 00 02 15;4a 4e ce 60 7e b0 11 e4 b4 a9 08 00 20 0c 9a 66;72 fd;00 13;C5 00
Thu 18 Aug 17:20:38 UTC 2016;hci0;1E 02 01 1A 1A FF 4C 00 02 15;4a 4e ce 60 7e b0 11 e4 b4 a9 08 00 20 0c 9a 66;71 48;00 13;C5 00
Thu 18 Aug 17:20:45 UTC 2016;hci0;1E 02 01 1A 1A FF 4C 00 02 15;4a 4e ce 60 7e b0 11 e4 b4 a9 08 00 20 0c 9a 66;71 09;00 13;C5 00
Thu 18 Aug 17:20:51 UTC 2016;hci0;1E 02 01 1A 1A FF 4C 00 02 15;4a 4e ce 60 7e b0 11 e4 b4 a9 08 00 20 0c 9a 66;70 8c;00 13;C5 00
Thu 18 Aug 17:20:56 UTC 2016;hci0;1E 02 01 1A 1A FF 4C 00 02 15;4a 4e ce 60 7e b0 11 e4 b4 a9 08 00 20 0c 9a 66;70 0f;00 13;C5 00
Thu 18 Aug 17:21:02 UTC 2016;hci0;1E 02 01 1A 1A FF 4C 00 02 15;4a 4e ce 60 7e b0 11 e4 b4 a9 08 00 20 0c 9a 66;6f d1;00 13;C5 00
Thu 18 Aug 17:21:08 UTC 2016;hci0;1E 02 01 1A 1A FF 4C 00 02 15;4a 4e ce 60 7e b0 11 e4 b4 a9 08 00 20 0c 9a 66;6f d1;00 13;C5 00
Thu 18 Aug 17:21:14 UTC 2016;hci0;1E 02 01 1A 1A FF 4C 00 02 15;4a 4e ce 60 7e b0 11 e4 b4 a9 08 00 20 0c 9a 66;6e d7;00 13;C5 00
Thu 18 Aug 17:21:20 UTC 2016;hci0;1E 02 01 1A 1A FF 4C 00 02 15;4a 4e ce 60 7e b0 11 e4 b4 a9 08 00 20 0c 9a 66;6e 1b;00 13;C5 00
Thu 18 Aug 17:21:26 UTC 2016;hci0;1E 02 01 1A 1A FF 4C 00 02 15;4a 4e ce 60 7e b0 11 e4 b4 a9 08 00 20 0c 9a 66;6d 21;00 13;C5 00
Thu 18 Aug 17:21:32 UTC 2016;hci0;1E 02 01 1A 1A FF 4C 00 02 15;4a 4e ce 60 7e b0 11 e4 b4 a9 08 00 20 0c 9a 66;6c e3;00 13;C5 00
Thu 18 Aug 17:21:38 UTC 2016;hci0;1E 02 01 1A 1A FF 4C 00 02 15;4a 4e ce 60 7e b0 11 e4 b4 a9 08 00 20 0c 9a 66;6c e3;00 13;C5 00
Thu 18 Aug 17:21:43 UTC 2016;hci0;1E 02 01 1A 1A FF 4C 00 02 15;4a 4e ce 60 7e b0 11 e4 b4 a9 08 00 20 0c 9a 66;6c a4;00 13;C5 00
Thu 18 Aug 17:21:49 UTC 2016;hci0;1E 02 01 1A 1A FF 4C 00 02 15;4a 4e ce 60 7e b0 11 e4 b4 a9 08 00 20 0c 9a 66;6c e3;00 13;C5 00
Thu 18 Aug 17:21:55 UTC 2016;hci0;1E 02 01 1A 1A FF 4C 00 02 15;4a 4e ce 60 7e b0 11 e4 b4 a9 08 00 20 0c 9a 66;6d 21;00 13;C5 00
Thu 18 Aug 17:22:01 UTC 2016;hci0;1E 02 01 1A 1A FF 4C 00 02 15;4a 4e ce 60 7e b0 11 e4 b4 a9 08 00 20 0c 9a 66;6d 60;00 13;C5 00
Thu 18 Aug 17:22:07 UTC 2016;hci0;1E 02 01 1A 1A FF 4C 00 02 15;4a 4e ce 60 7e b0 11 e4 b4 a9 08 00 20 0c 9a 66;6d 9e;00 13;C5 00
Thu 18 Aug 17:22:13 UTC 2016;hci0;1E 02 01 1A 1A FF 4C 00 02 15;4a 4e ce 60 7e b0 11 e4 b4 a9 08 00 20 0c 9a 66;6e 5a;00 13;C5 00
Thu 18 Aug 17:22:19 UTC 2016;hci0;1E 02 01 1A 1A FF 4C 00 02 15;4a 4e ce 60 7e b0 11 e4 b4 a9 08 00 20 0c 9a 66;6e 98;00 13;C5 00
Thu 18 Aug 17:22:25 UTC 2016;hci0;1E 02 01 1A 1A FF 4C 00 02 15;4a 4e ce 60 7e b0 11 e4 b4 a9 08 00 20 0c 9a 66;6e 1b;00 13;C5 00
Thu 18 Aug 17:22:30 UTC 2016;hci0;1E 02 01 1A 1A FF 4C 00 02 15;4a 4e ce 60 7e b0 11 e4 b4 a9 08 00 20 0c 9a 66;6d 9e;00 13;C5 00
Thu 18 Aug 17:22:36 UTC 2016;hci0;1E 02 01 1A 1A FF 4C 00 02 15;4a 4e ce 60 7e b0 11 e4 b4 a9 08 00 20 0c 9a 66;6d 21;00 13;C5 00
Thu 18 Aug 17:22:42 UTC 2016;hci0;1E 02 01 1A 1A FF 4C 00 02 15;4a 4e ce 60 7e b0 11 e4 b4 a9 08 00 20 0c 9a 66;6c e3;00 13;C5 00
Thu 18 Aug 17:22:48 UTC 2016;hci0;1E 02 01 1A 1A FF 4C 00 02 15;4a 4e ce 60 7e b0 11 e4 b4 a9 08 00 20 0c 9a 66;6c e3;00 13;C5 00
Thu 18 Aug 17:22:54 UTC 2016;hci0;1E 02 01 1A 1A FF 4C 00 02 15;4a 4e ce 60 7e b0 11 e4 b4 a9 08 00 20 0c 9a 66;6e d7;00 13;C5 00
Thu 18 Aug 17:23:00 UTC 2016;hci0;1E 02 01 1A 1A FF 4C 00 02 15;4a 4e ce 60 7e b0 11 e4 b4 a9 08 00 20 0c 9a 66;6f 92;00 13;C5 00
Thu 18 Aug 17:23:06 UTC 2016;hci0;1E 02 01 1A 1A FF 4C 00 02 15;4a 4e ce 60 7e b0 11 e4 b4 a9 08 00 20 0c 9a 66;6e 98;00 13;C5 00
Thu 18 Aug 17:23:11 UTC 2016;hci0;1E 02 01 1A 1A FF 4C 00 02 15;4a 4e ce 60 7e b0 11 e4 b4 a9 08 00 20 0c 9a 66;6e 5a;00 13;C5 00
Thu 18 Aug 17:23:17 UTC 2016;hci0;1E 02 01 1A 1A FF 4C 00 02 15;4a 4e ce 60 7e b0 11 e4 b4 a9 08 00 20 0c 9a 66;6d 60;00 13;C5 00
Thu 18 Aug 17:23:23 UTC 2016;hci0;1E 02 01 1A 1A FF 4C 00 02 15;4a 4e ce 60 7e b0 11 e4 b4 a9 08 00 20 0c 9a 66;6d 60;00 13;C5 00
Thu 18 Aug 17:23:29 UTC 2016;hci0;1E 02 01 1A 1A FF 4C 00 02 15;4a 4e ce 60 7e b0 11 e4 b4 a9 08 00 20 0c 9a 66;6a ef;00 13;C5 00
Thu 18 Aug 17:23:35 UTC 2016;hci0;1E 02 01 1A 1A FF 4C 00 02 15;4a 4e ce 60 7e b0 11 e4 b4 a9 08 00 20 0c 9a 66;6b 6c;00 13;C5 00
Thu 18 Aug 17:23:41 UTC 2016;hci0;1E 02 01 1A 1A FF 4C 00 02 15;4a 4e ce 60 7e b0 11 e4 b4 a9 08 00 20 0c 9a 66;6b aa;00 13;C5 00
Thu 18 Aug 17:23:47 UTC 2016;hci0;1E 02 01 1A 1A FF 4C 00 02 15;4a 4e ce 60 7e b0 11 e4 b4 a9 08 00 20 0c 9a 66;6b 2d;00 13;C5 00
Thu 18 Aug 17:23:52 UTC 2016;hci0;1E 02 01 1A 1A FF 4C 00 02 15;4a 4e ce 60 7e b0 11 e4 b4 a9 08 00 20 0c 9a 66;6b e9;00 13;C5 00
Thu 18 Aug 17:23:58 UTC 2016;hci0;1E 02 01 1A 1A FF 4C 00 02 15;4a 4e ce 60 7e b0 11 e4 b4 a9 08 00 20 0c 9a 66;6b aa;00 13;C5 00
Thu 18 Aug 17:24:04 UTC 2016;hci0;1E 02 01 1A 1A FF 4C 00 02 15;4a 4e ce 60 7e b0 11 e4 b4 a9 08 00 20 0c 9a 66;6a ef;00 13;C5 00
Thu 18 Aug 17:24:10 UTC 2016;hci0;1E 02 01 1A 1A FF 4C 00 02 15;4a 4e ce 60 7e b0 11 e4 b4 a9 08 00 20 0c 9a 66;6b 6c;00 13;C5 00
Thu 18 Aug 17:24:17 UTC 2016;hci0;1E 02 01 1A 1A FF 4C 00 02 15;4a 4e ce 60 7e b0 11 e4 b4 a9 08 00 20 0c 9a 66;6d 21;00 13;C5 00
Thu 18 Aug 17:24:28 UTC 2016;hci0;1E 02 01 1A 1A FF 4C 00 02 15;4a 4e ce 60 7e b0 11 e4 b4 a9 08 00 20 0c 9a 66;6e 98;00 13;C5 00
Thu 18 Aug 17:24:36 UTC 2016;hci0;1E 02 01 1A 1A FF 4C 00 02 15;4a 4e ce 60 7e b0 11 e4 b4 a9 08 00 20 0c 9a 66;6f 92;00 13;C5 00
Thu 18 Aug 17:24:57 UTC 2016;hci0;1E 02 01 1A 1A FF 4C 00 02 15;4a 4e ce 60 7e b0 11 e4 b4 a9 08 00 20 0c 9a 66;62 a2;00 13;C5 00
Thu 18 Aug 17:25:12 UTC 2016;hci0;1E 02 01 1A 1A FF 4C 00 02 15;4a 4e ce 60 7e b0 11 e4 b4 a9 08 00 20 0c 9a 66;62 a2;00 13;C5 00
Thu 18 Aug 17:25:22 UTC 2016;hci0;1E 02 01 1A 1A FF 4C 00 02 15;4a 4e ce 60 7e b0 11 e4 b4 a9 08 00 20 0c 9a 66;62 a2;00 13;C5 00
