2016-09-20 20:55:13.560;4A4ECE60-7EB0-11E4-B4A9-0800200C9A66;;;-256;0.2
2016-09-20 20:55:14.801;4A4ECE60-7EB0-11E4-B4A9-0800200C9A66;;;-256;0.2
2016-09-20 20:55:16.155;4A4ECE60-7EB0-11E4-B4A9-0800200C9A66;;;-256;0.2
2016-09-20 20:55:17.440;4A4ECE60-7EB0-11E4-B4A9-0800200C9A66;;;-256;0.2
2016-09-20 20:55:18.683;4A4ECE60-7EB0-11E4-B4A9-0800200C9A66;;;-256;0.2
2016-09-20 20:55:22.506;4A4ECE60-7EB0-11E4-B4A9-0800200C9A66;;;-256;0.2
2016-09-20 20:55:23.855;4A4ECE60-7EB0-11E4-B4A9-0800200C9A66;;;-256;0.2
2016-09-20 20:56:22.905;4A4ECE60-7EB0-11E4-B4A9-0800200C9A66;27750;20;-159;0.2
2016-09-20 20:56:24.235;4A4ECE60-7EB0-11E4-B4A9-0800200C9A66;27750;20;-159;0.2
2016-09-20 20:56:25.468;4A4ECE60-7EB0-11E4-B4A9-0800200C9A66;27750;20;-159;0.2
2016-09-20 20:56:25.641;4A4ECE60-7EB0-11E4-B4A9-0800200C9A66;27750;20;-159;0.2
2016-09-20 20:56:26.749;4A4ECE60-7EB0-11E4-B4A9-0800200C9A66;27750;20;-159;0.2
2016-09-20 20:56:28.038;4A4ECE60-7EB0-11E4-B4A9-0800200C9A66;27750;20;-159;0.2
2016-09-20 20:56:29.385;4A4ECE60-7EB0-11E4-B4A9-0800200C9A66;27750;20;-159;0.2
2016-09-20 20:56:31.893;4A4ECE60-7EB0-11E4-B4A9-0800200C9A66;27750;20;-159;0.2
2016-09-20 20:56:35.786;4A4ECE60-7EB0-11E4-B4A9-0800200C9A66;27750;20;-159;0.2
2016-09-20 20:56:35.979;4A4ECE60-7EB0-11E4-B4A9-0800200C9A66;27750;20;-159;0.2
2016-09-20 20:56:37.040;4A4ECE60-7EB0-11E4-B4A9-0800200C9A66;27750;20;-159;0.2
2016-09-20 20:56:39.634;4A4ECE60-7EB0-11E4-B4A9-0800200C9A66;27750;20;-159;0.2
2016-09-20 20:56:40.889;4A4ECE60-7EB0-11E4-B4A9-0800200C9A66;27750;20;-159;0.2
2016-09-20 20:56:43.484;4A4ECE60-7EB0-11E4-B4A9-0800200C9A66;27750;20;-159;0.2
2016-09-20 20:56:44.728;4A4ECE60-7EB0-11E4-B4A9-0800200C9A66;27750;20;-159;0.2
2016-09-20 20:56:44.906;4A4ECE60-7EB0-11E4-B4A9-0800200C9A66;27750;20;-159;0.2
2016-09-20 20:56:46.022;4A4ECE60-7EB0-11E4-B4A9-0800200C9A66;27750;20;-159;0.2
2016-09-20 20:56:47.310;4A4ECE60-7EB0-11E4-B4A9-0800200C9A66;27750;20;-159;0.2
2016-09-20 20:56:48.676;4A4ECE60-7EB0-11E4-B4A9-0800200C9A66;27750;20;-159;0.2
2016-09-20 20:56:49.880;4A4ECE60-7EB0-11E4-B4A9-0800200C9A66;27750;20;-159;0.2
2016-09-20 20:56:51.174;4A4ECE60-7EB0-11E4-B4A9-0800200C9A66;27750;20;-159;0.2
2016-09-20 20:56:52.452;4A4ECE60-7EB0-11E4-B4A9-0800200C9A66;27750;20;-159;0.2
2016-09-20 20:56:53.806;4A4ECE60-7EB0-11E4-B4A9-0800200C9A66;27750;20;-159;0.2
2016-09-20 20:56:56.309;4A4ECE60-7EB0-11E4-B4A9-0800200C9A66;27750;20;-159;0.2
2016-09-20 20:57:00.197;4A4ECE60-7EB0-11E4-B4A9-0800200C9A66;27750;20;-159;0.2
2016-09-20 20:57:00.403;4A4ECE60-7EB0-11E4-B4A9-0800200C9A66;27750;20;-159;0.2
2016-09-20 20:57:02.802;4A4ECE60-7EB0-11E4-B4A9-0800200C9A66;27750;20;-159;0.2
2016-09-20 20:57:04.085;4A4ECE60-7EB0-11E4-B4A9-0800200C9A66;27750;20;-159;0.2
2016-09-20 20:57:05.302;4A4ECE60-7EB0-11E4-B4A9-0800200C9A66;27750;20;-159;0.2
2016-09-20 20:57:07.754;4A4ECE60-7EB0-11E4-B4A9-0800200C9A66;27750;20;-159;0.2
2016-09-20 20:57:07.941;4A4ECE60-7EB0-11E4-B4A9-0800200C9A66;27750;20;-159;0.2
2016-09-20 20:57:09.225;4A4ECE60-7EB0-11E4-B4A9-0800200C9A66;27750;20;-159;0.2
2016-09-20 20:57:11.706;4A4ECE60-7EB0-11E4-B4A9-0800200C9A66;27750;20;-159;0.2
2016-09-20 20:57:11.878;4A4ECE60-7EB0-11E4-B4A9-0800200C9A66;27750;20;-159;0.2
2016-09-20 20:57:16.891;4A4ECE60-7EB0-11E4-B4A9-0800200C9A66;27750;20;-159;0.2
2016-09-20 20:57:18.206;4A4ECE60-7EB0-11E4-B4A9-0800200C9A66;27750;20;-159;0.2
2016-09-20 20:57:18.451;4A4ECE60-7EB0-11E4-B4A9-0800200C9A66;27750;20;-159;0.2
2016-09-20 20:57:19.507;4A4ECE60-7EB0-11E4-B4A9-0800200C9A66;27750;20;-159;0.2
2016-09-20 20:57:20.792;4A4ECE60-7EB0-11E4-B4A9-0800200C9A66;27750;20;-159;0.2
2016-09-20 20:57:22.013;4A4ECE60-7EB0-11E4-B4A9-0800200C9A66;27750;20;-159;0.2
2016-09-20 20:57:23.351;4A4ECE60-7EB0-11E4-B4A9-0800200C9A66;27750;20;-159;0.2


sdsd
