2016-09-01 19:42:43.466;4A4ECE60-7EB0-11E4-B4A9-0800200C9A66;27750;20;-159
2016-09-01 19:42:44.863;4A4ECE60-7EB0-11E4-B4A9-0800200C9A66;27750;20;-159
2016-09-01 19:42:46.088;4A4ECE60-7EB0-11E4-B4A9-0800200C9A66;27750;20;-159
2016-09-01 19:42:47.408;4A4ECE60-7EB0-11E4-B4A9-0800200C9A66;27750;20;-159
2016-09-01 19:42:47.571;4A4ECE60-7EB0-11E4-B4A9-0800200C9A66;27750;20;-159
2016-09-01 19:42:52.392;4A4ECE60-7EB0-11E4-B4A9-0800200C9A66;27750;20;-159
2016-09-01 19:42:53.800;4A4ECE60-7EB0-11E4-B4A9-0800200C9A66;27750;20;-159
2016-09-01 19:42:55.078;4A4ECE60-7EB0-11E4-B4A9-0800200C9A66;27750;20;-159
2016-09-01 19:42:56.367;4A4ECE60-7EB0-11E4-B4A9-0800200C9A66;27750;20;-159
2016-09-01 19:42:57.702;4A4ECE60-7EB0-11E4-B4A9-0800200C9A66;27750;20;-159
2016-09-01 19:42:58.926;4A4ECE60-7EB0-11E4-B4A9-0800200C9A66;27750;20;-159
2016-09-01 19:43:01.514;4A4ECE60-7EB0-11E4-B4A9-0800200C9A66;27750;20;-159
2016-09-01 19:43:02.783;4A4ECE60-7EB0-11E4-B4A9-0800200C9A66;27750;20;-159
2016-09-01 19:43:04.072;4A4ECE60-7EB0-11E4-B4A9-0800200C9A66;27750;20;-159
2016-09-01 19:43:05.354;4A4ECE60-7EB0-11E4-B4A9-0800200C9A66;27750;20;-159
2016-09-01 19:43:07.986;4A4ECE60-7EB0-11E4-B4A9-0800200C9A66;27750;20;-159
2016-09-01 19:43:09.268;4A4ECE60-7EB0-11E4-B4A9-0800200C9A66;27750;20;-159
2016-09-01 19:43:10.495;4A4ECE60-7EB0-11E4-B4A9-0800200C9A66;27750;20;-159
2016-09-01 19:43:11.781;4A4ECE60-7EB0-11E4-B4A9-0800200C9A66;27750;20;-159
2016-09-01 19:43:14.390;4A4ECE60-7EB0-11E4-B4A9-0800200C9A66;27750;20;-159
2016-09-01 19:43:15.638;4A4ECE60-7EB0-11E4-B4A9-0800200C9A66;27750;20;-159
2016-09-01 19:43:16.927;4A4ECE60-7EB0-11E4-B4A9-0800200C9A66;27750;20;-159
2016-09-01 19:43:19.550;4A4ECE60-7EB0-11E4-B4A9-0800200C9A66;27750;20;-159
2016-09-01 19:43:20.835;4A4ECE60-7EB0-11E4-B4A9-0800200C9A66;27750;20;-159
2016-09-01 19:43:22.057;4A4ECE60-7EB0-11E4-B4A9-0800200C9A66;27750;20;-159
2016-09-01 19:43:23.392;4A4ECE60-7EB0-11E4-B4A9-0800200C9A66;27750;20;-159
2016-09-01 19:43:24.650;4A4ECE60-7EB0-11E4-B4A9-0800200C9A66;27750;20;-159
2016-09-01 19:43:25.915;4A4ECE60-7EB0-11E4-B4A9-0800200C9A66;27750;20;-159
2016-09-01 19:43:26.257;4A4ECE60-7EB0-11E4-B4A9-0800200C9A66;27750;20;-159
2016-09-01 19:43:31.060;4A4ECE60-7EB0-11E4-B4A9-0800200C9A66;27750;20;-159
2016-09-01 19:43:32.376;4A4ECE60-7EB0-11E4-B4A9-0800200C9A66;27750;20;-159
2016-09-01 19:43:33.635;4A4ECE60-7EB0-11E4-B4A9-0800200C9A66;27750;20;-159
2016-09-01 19:43:34.925;4A4ECE60-7EB0-11E4-B4A9-0800200C9A66;27750;20;-159
2016-09-01 19:43:36.965;4A4ECE60-7EB0-11E4-B4A9-0800200C9A66;27750;20;-159
2016-09-01 19:43:38.826;4A4ECE60-7EB0-11E4-B4A9-0800200C9A66;27750;20;-159
2016-09-01 19:43:40.052;4A4ECE60-7EB0-11E4-B4A9-0800200C9A66;27750;20;-159
2016-09-01 19:43:41.336;4A4ECE60-7EB0-11E4-B4A9-0800200C9A66;27750;20;-159
2016-09-01 19:43:42.667;4A4ECE60-7EB0-11E4-B4A9-0800200C9A66;27750;20;-159
2016-09-01 19:43:45.197;4A4ECE60-7EB0-11E4-B4A9-0800200C9A66;27750;20;-159
2016-09-01 19:43:46.491;4A4ECE60-7EB0-11E4-B4A9-0800200C9A66;27750;20;-159
2016-09-01 19:43:49.087;4A4ECE60-7EB0-11E4-B4A9-0800200C9A66;27750;20;-159
2016-09-01 19:43:50.337;4A4ECE60-7EB0-11E4-B4A9-0800200C9A66;27750;20;-159
2016-09-01 19:43:51.631;4A4ECE60-7EB0-11E4-B4A9-0800200C9A66;27750;20;-159
2016-09-01 19:43:52.913;4A4ECE60-7EB0-11E4-B4A9-0800200C9A66;27750;20;-159
2016-09-01 19:43:54.191;4A4ECE60-7EB0-11E4-B4A9-0800200C9A66;27750;20;-159
2016-09-01 19:43:55.478;4A4ECE60-7EB0-11E4-B4A9-0800200C9A66;27750;20;-159
2016-09-01 19:43:56.761;4A4ECE60-7EB0-11E4-B4A9-0800200C9A66;27750;20;-159
2016-09-01 19:43:57.164;4A4ECE60-7EB0-11E4-B4A9-0800200C9A66;27750;20;-159
2016-09-01 19:44:00.452;4A4ECE60-7EB0-11E4-B4A9-0800200C9A66;27750;20;-159
2016-09-01 19:44:01.958;4A4ECE60-7EB0-11E4-B4A9-0800200C9A66;27750;20;-159
2016-09-01 19:44:03.205;4A4ECE60-7EB0-11E4-B4A9-0800200C9A66;27750;20;-159
2016-09-01 19:44:04.472;4A4ECE60-7EB0-11E4-B4A9-0800200C9A66;27750;20;-159
2016-09-01 19:44:05.754;4A4ECE60-7EB0-11E4-B4A9-0800200C9A66;27750;20;-159
2016-09-01 19:44:07.036;4A4ECE60-7EB0-11E4-B4A9-0800200C9A66;27750;20;-159
2016-09-01 19:44:07.711;4A4ECE60-7EB0-11E4-B4A9-0800200C9A66;27750;20;-159
2016-09-01 19:44:09.618;4A4ECE60-7EB0-11E4-B4A9-0800200C9A66;27750;20;-159
2016-09-01 19:44:10.893;4A4ECE60-7EB0-11E4-B4A9-0800200C9A66;27750;20;-159
2016-09-01 19:44:12.177;4A4ECE60-7EB0-11E4-B4A9-0800200C9A66;27750;20;-159
2016-09-01 19:44:13.498;4A4ECE60-7EB0-11E4-B4A9-0800200C9A66;27750;20;-159
2016-09-01 19:44:14.758;4A4ECE60-7EB0-11E4-B4A9-0800200C9A66;27750;20;-159
2016-09-01 19:44:16.037;4A4ECE60-7EB0-11E4-B4A9-0800200C9A66;27750;20;-159
2016-09-01 19:44:18.658;4A4ECE60-7EB0-11E4-B4A9-0800200C9A66;27750;20;-159
2016-09-01 19:44:19.890;4A4ECE60-7EB0-11E4-B4A9-0800200C9A66;27750;20;-159
2016-09-01 19:44:21.171;4A4ECE60-7EB0-11E4-B4A9-0800200C9A66;27750;20;-159
2016-09-01 19:44:22.494;4A4ECE60-7EB0-11E4-B4A9-0800200C9A66;27750;20;-159
2016-09-01 19:44:23.744;4A4ECE60-7EB0-11E4-B4A9-0800200C9A66;27750;20;-159
2016-09-01 19:44:25.034;4A4ECE60-7EB0-11E4-B4A9-0800200C9A66;27750;20;-159
2016-09-01 19:44:26.324;4A4ECE60-7EB0-11E4-B4A9-0800200C9A66;27750;20;-159
2016-09-01 19:44:27.606;4A4ECE60-7EB0-11E4-B4A9-0800200C9A66;27750;20;-159
2016-09-01 19:44:31.456;4A4ECE60-7EB0-11E4-B4A9-0800200C9A66;27750;20;-159
2016-09-01 19:44:32.775;4A4ECE60-7EB0-11E4-B4A9-0800200C9A66;27750;20;-159
2016-09-01 19:44:34.064;4A4ECE60-7EB0-11E4-B4A9-0800200C9A66;27750;20;-159
2016-09-01 19:44:36.600;4A4ECE60-7EB0-11E4-B4A9-0800200C9A66;27750;20;-159
2016-09-01 19:44:37.905;4A4ECE60-7EB0-11E4-B4A9-0800200C9A66;27750;20;-159
2016-09-01 19:44:39.163;4A4ECE60-7EB0-11E4-B4A9-0800200C9A66;27750;20;-159
2016-09-01 19:44:40.446;4A4ECE60-7EB0-11E4-B4A9-0800200C9A66;27750;20;-159
2016-09-01 19:44:41.047;4A4ECE60-7EB0-11E4-B4A9-0800200C9A66;27750;20;-159
2016-09-01 19:44:41.833;4A4ECE60-7EB0-11E4-B4A9-0800200C9A66;27750;20;-159
2016-09-01 19:44:45.639;4A4ECE60-7EB0-11E4-B4A9-0800200C9A66;27750;20;-159
2016-09-01 19:44:49.487;4A4ECE60-7EB0-11E4-B4A9-0800200C9A66;27750;20;-159
2016-09-01 19:44:50.733;4A4ECE60-7EB0-11E4-B4A9-0800200C9A66;27750;20;-159
2016-09-01 19:44:52.018;4A4ECE60-7EB0-11E4-B4A9-0800200C9A66;27750;20;-159
2016-09-01 19:44:54.581;4A4ECE60-7EB0-11E4-B4A9-0800200C9A66;27750;20;-159
2016-09-01 19:44:54.743;4A4ECE60-7EB0-11E4-B4A9-0800200C9A66;27750;20;-159
2016-09-01 19:44:57.147;4A4ECE60-7EB0-11E4-B4A9-0800200C9A66;27750;20;-159
2016-09-01 19:44:59.795;4A4ECE60-7EB0-11E4-B4A9-0800200C9A66;27750;20;-159
2016-09-01 19:45:01.063;4A4ECE60-7EB0-11E4-B4A9-0800200C9A66;27750;20;-159
2016-09-01 19:45:03.581;4A4ECE60-7EB0-11E4-B4A9-0800200C9A66;27750;20;-159
2016-09-01 19:45:04.868;4A4ECE60-7EB0-11E4-B4A9-0800200C9A66;27750;20;-159
2016-09-01 19:45:06.154;4A4ECE60-7EB0-11E4-B4A9-0800200C9A66;27750;20;-159
2016-09-01 19:45:07.478;4A4ECE60-7EB0-11E4-B4A9-0800200C9A66;27750;20;-159
2016-09-01 19:45:08.721;4A4ECE60-7EB0-11E4-B4A9-0800200C9A66;27750;20;-159
2016-09-01 19:45:09.486;4A4ECE60-7EB0-11E4-B4A9-0800200C9A66;27750;20;-159
2016-09-01 19:45:11.296;4A4ECE60-7EB0-11E4-B4A9-0800200C9A66;27750;20;-159
2016-09-01 19:45:12.124;4A4ECE60-7EB0-11E4-B4A9-0800200C9A66;27750;20;-159
2016-09-01 19:45:12.603;4A4ECE60-7EB0-11E4-B4A9-0800200C9A66;27750;20;-159
2016-09-01 19:45:13.862;4A4ECE60-7EB0-11E4-B4A9-0800200C9A66;27750;20;-159
2016-09-01 19:45:14.285;4A4ECE60-7EB0-11E4-B4A9-0800200C9A66;27750;20;-159
2016-09-01 19:45:17.765;4A4ECE60-7EB0-11E4-B4A9-0800200C9A66;27750;20;-159
2016-09-01 19:45:18.996;4A4ECE60-7EB0-11E4-B4A9-0800200C9A66;27750;20;-159
2016-09-01 19:45:20.285;4A4ECE60-7EB0-11E4-B4A9-0800200C9A66;27750;20;-159
2016-09-01 19:45:21.567;4A4ECE60-7EB0-11E4-B4A9-0800200C9A66;27750;20;-159
2016-09-01 19:45:22.892;4A4ECE60-7EB0-11E4-B4A9-0800200C9A66;27750;20;-159
2016-09-01 19:45:24.143;4A4ECE60-7EB0-11E4-B4A9-0800200C9A66;27750;20;-159
2016-09-01 19:45:25.431;4A4ECE60-7EB0-11E4-B4A9-0800200C9A66;27750;20;-159
2016-09-01 19:45:29.279;4A4ECE60-7EB0-11E4-B4A9-0800200C9A66;27750;20;-159
2016-09-01 19:45:30.564;4A4ECE60-7EB0-11E4-B4A9-0800200C9A66;27750;20;-159
2016-09-01 19:45:33.185;4A4ECE60-7EB0-11E4-B4A9-0800200C9A66;27750;20;-159
2016-09-01 19:45:34.421;4A4ECE60-7EB0-11E4-B4A9-0800200C9A66;27750;20;-159
2016-09-01 19:45:34.997;4A4ECE60-7EB0-11E4-B4A9-0800200C9A66;27750;20;-159
2016-09-01 19:45:36.988;4A4ECE60-7EB0-11E4-B4A9-0800200C9A66;27750;20;-159
2016-09-01 19:45:38.334;4A4ECE60-7EB0-11E4-B4A9-0800200C9A66;27750;20;-159
2016-09-01 19:45:39.568;4A4ECE60-7EB0-11E4-B4A9-0800200C9A66;27750;20;-159
2016-09-01 19:45:40.849;4A4ECE60-7EB0-11E4-B4A9-0800200C9A66;27750;20;-159
2016-09-01 19:45:42.130;4A4ECE60-7EB0-11E4-B4A9-0800200C9A66;27750;20;-159
2016-09-01 19:45:43.468;4A4ECE60-7EB0-11E4-B4A9-0800200C9A66;27750;20;-159
2016-09-01 19:45:44.756;4A4ECE60-7EB0-11E4-B4A9-0800200C9A66;27750;20;-159
2016-09-01 19:45:48.594;4A4ECE60-7EB0-11E4-B4A9-0800200C9A66;27750;20;-159
2016-09-01 19:45:49.050;4A4ECE60-7EB0-11E4-B4A9-0800200C9A66;27750;20;-159
2016-09-01 19:45:50.768;4A4ECE60-7EB0-11E4-B4A9-0800200C9A66;27750;20;-159
2016-09-01 19:45:52.465;4A4ECE60-7EB0-11E4-B4A9-0800200C9A66;27750;20;-159
2016-09-01 19:45:53.718;4A4ECE60-7EB0-11E4-B4A9-0800200C9A66;27750;20;-159
2016-09-01 19:45:54.965;4A4ECE60-7EB0-11E4-B4A9-0800200C9A66;27750;20;-159
2016-09-01 19:45:56.343;4A4ECE60-7EB0-11E4-B4A9-0800200C9A66;27750;20;-159
2016-09-01 19:46:00.166;4A4ECE60-7EB0-11E4-B4A9-0800200C9A66;27750;20;-159
2016-09-01 19:46:01.412;4A4ECE60-7EB0-11E4-B4A9-0800200C9A66;27750;20;-159
2016-09-01 19:46:03.980;4A4ECE60-7EB0-11E4-B4A9-0800200C9A66;27750;20;-159
2016-09-01 19:46:05.263;4A4ECE60-7EB0-11E4-B4A9-0800200C9A66;27750;20;-159
2016-09-01 19:46:06.556;4A4ECE60-7EB0-11E4-B4A9-0800200C9A66;27750;20;-159
2016-09-01 19:46:06.903;4A4ECE60-7EB0-11E4-B4A9-0800200C9A66;27750;20;-159
2016-09-01 19:46:08.308;4A4ECE60-7EB0-11E4-B4A9-0800200C9A66;27750;20;-159
2016-09-01 19:46:09.133;4A4ECE60-7EB0-11E4-B4A9-0800200C9A66;27750;20;-159
2016-09-01 19:46:13.031;4A4ECE60-7EB0-11E4-B4A9-0800200C9A66;27750;20;-159
2016-09-01 19:46:13.276;4A4ECE60-7EB0-11E4-B4A9-0800200C9A66;27750;20;-159
2016-09-01 19:46:15.555;4A4ECE60-7EB0-11E4-B4A9-0800200C9A66;27750;20;-159
2016-09-01 19:46:16.824;4A4ECE60-7EB0-11E4-B4A9-0800200C9A66;27750;20;-159
2016-09-01 19:46:18.162;4A4ECE60-7EB0-11E4-B4A9-0800200C9A66;27750;20;-159
2016-09-01 19:46:18.813;4A4ECE60-7EB0-11E4-B4A9-0800200C9A66;27750;20;-159
2016-09-01 19:46:20.673;4A4ECE60-7EB0-11E4-B4A9-0800200C9A66;27750;20;-159
2016-09-01 19:46:23.290;4A4ECE60-7EB0-11E4-B4A9-0800200C9A66;27750;20;-159
2016-09-01 19:46:23.451;4A4ECE60-7EB0-11E4-B4A9-0800200C9A66;27750;20;-159
2016-09-01 19:46:25.819;4A4ECE60-7EB0-11E4-B4A9-0800200C9A66;27750;20;-159
2016-09-01 19:46:27.004;4A4ECE60-7EB0-11E4-B4A9-0800200C9A66;27750;20;-159
2016-09-01 19:46:28.392;4A4ECE60-7EB0-11E4-B4A9-0800200C9A66;27750;20;-159
2016-09-01 19:46:28.715;4A4ECE60-7EB0-11E4-B4A9-0800200C9A66;27750;20;-159
2016-09-01 19:46:30.968;4A4ECE60-7EB0-11E4-B4A9-0800200C9A66;27750;20;-159
2016-09-01 19:46:32.251;4A4ECE60-7EB0-11E4-B4A9-0800200C9A66;27750;20;-159
2016-09-01 19:46:33.573;4A4ECE60-7EB0-11E4-B4A9-0800200C9A66;27750;20;-159
2016-09-01 19:46:34.817;4A4ECE60-7EB0-11E4-B4A9-0800200C9A66;27750;20;-159
2016-09-01 19:46:35.646;4A4ECE60-7EB0-11E4-B4A9-0800200C9A66;27750;20;-159
2016-09-01 19:46:36.728;4A4ECE60-7EB0-11E4-B4A9-0800200C9A66;27750;20;-159
2016-09-01 19:46:37.860;4A4ECE60-7EB0-11E4-B4A9-0800200C9A66;27750;20;-159
2016-09-01 19:46:42.569;4A4ECE60-7EB0-11E4-B4A9-0800200C9A66;27750;20;-159
2016-09-01 19:46:43.812;4A4ECE60-7EB0-11E4-B4A9-0800200C9A66;27750;20;-159
2016-09-01 19:46:45.099;4A4ECE60-7EB0-11E4-B4A9-0800200C9A66;27750;20;-159
2016-09-01 19:46:47.717;4A4ECE60-7EB0-11E4-B4A9-0800200C9A66;27750;20;-159
2016-09-01 19:46:48.961;4A4ECE60-7EB0-11E4-B4A9-0800200C9A66;27750;20;-159
2016-09-01 19:46:50.236;4A4ECE60-7EB0-11E4-B4A9-0800200C9A66;27750;20;-159
2016-09-01 19:46:52.858;4A4ECE60-7EB0-11E4-B4A9-0800200C9A66;27750;20;-159
2016-09-01 19:46:54.092;4A4ECE60-7EB0-11E4-B4A9-0800200C9A66;27750;20;-159
2016-09-01 19:46:55.370;4A4ECE60-7EB0-11E4-B4A9-0800200C9A66;27750;20;-159
2016-09-01 19:46:57.947;4A4ECE60-7EB0-11E4-B4A9-0800200C9A66;27750;20;-159
2016-09-01 19:46:59.231;4A4ECE60-7EB0-11E4-B4A9-0800200C9A66;27750;20;-159
2016-09-01 19:47:00.517;4A4ECE60-7EB0-11E4-B4A9-0800200C9A66;27750;20;-159
2016-09-01 19:47:01.810;4A4ECE60-7EB0-11E4-B4A9-0800200C9A66;27750;20;-159
2016-09-01 19:47:03.086;4A4ECE60-7EB0-11E4-B4A9-0800200C9A66;27750;20;-159
2016-09-01 19:47:05.656;4A4ECE60-7EB0-11E4-B4A9-0800200C9A66;27750;20;-159
2016-09-01 19:47:06.941;4A4ECE60-7EB0-11E4-B4A9-0800200C9A66;27750;20;-159
2016-09-01 19:47:07.829;4A4ECE60-7EB0-11E4-B4A9-0800200C9A66;27750;20;-159
2016-09-01 19:47:12.080;4A4ECE60-7EB0-11E4-B4A9-0800200C9A66;27750;20;-159
2016-09-01 19:47:13.398;4A4ECE60-7EB0-11E4-B4A9-0800200C9A66;27750;20;-159
2016-09-01 19:47:14.656;4A4ECE60-7EB0-11E4-B4A9-0800200C9A66;27750;20;-159
2016-09-01 19:47:15.944;4A4ECE60-7EB0-11E4-B4A9-0800200C9A66;27750;20;-159
2016-09-01 19:47:17.221;4A4ECE60-7EB0-11E4-B4A9-0800200C9A66;27750;20;-159
2016-09-01 19:47:18.528;4A4ECE60-7EB0-11E4-B4A9-0800200C9A66;27750;20;-159
2016-09-01 19:47:19.792;4A4ECE60-7EB0-11E4-B4A9-0800200C9A66;27750;20;-159
2016-09-01 19:47:19.958;4A4ECE60-7EB0-11E4-B4A9-0800200C9A66;27750;20;-159
2016-09-01 19:47:23.323;4A4ECE60-7EB0-11E4-B4A9-0800200C9A66;27750;20;-159
2016-09-01 19:47:26.209;4A4ECE60-7EB0-11E4-B4A9-0800200C9A66;27750;20;-159
2016-09-01 19:47:28.794;4A4ECE60-7EB0-11E4-B4A9-0800200C9A66;27750;20;-159
2016-09-01 19:47:30.077;4A4ECE60-7EB0-11E4-B4A9-0800200C9A66;27750;20;-159
2016-09-01 19:47:31.366;4A4ECE60-7EB0-11E4-B4A9-0800200C9A66;27750;20;-159
2016-09-01 19:47:32.689;4A4ECE60-7EB0-11E4-B4A9-0800200C9A66;27750;20;-159
2016-09-01 19:47:33.926;4A4ECE60-7EB0-11E4-B4A9-0800200C9A66;27750;20;-159
2016-09-01 19:47:35.218;4A4ECE60-7EB0-11E4-B4A9-0800200C9A66;27750;20;-159
2016-09-01 19:47:36.495;4A4ECE60-7EB0-11E4-B4A9-0800200C9A66;27750;20;-159
2016-09-01 19:47:37.817;4A4ECE60-7EB0-11E4-B4A9-0800200C9A66;27750;20;-159
2016-09-01 19:47:40.361;4A4ECE60-7EB0-11E4-B4A9-0800200C9A66;27750;20;-159
2016-09-01 19:47:41.639;4A4ECE60-7EB0-11E4-B4A9-0800200C9A66;27750;20;-159
2016-09-01 19:47:42.288;4A4ECE60-7EB0-11E4-B4A9-0800200C9A66;27750;20;-159
2016-09-01 19:47:44.263;4A4ECE60-7EB0-11E4-B4A9-0800200C9A66;27750;20;-159
2016-09-01 19:47:45.494;4A4ECE60-7EB0-11E4-B4A9-0800200C9A66;27750;20;-159
2016-09-01 19:47:48.120;4A4ECE60-7EB0-11E4-B4A9-0800200C9A66;27750;20;-159
2016-09-01 19:47:50.616;4A4ECE60-7EB0-11E4-B4A9-0800200C9A66;27750;20;-159
2016-09-01 19:47:53.251;4A4ECE60-7EB0-11E4-B4A9-0800200C9A66;27750;20;-159
2016-09-01 19:47:54.483;4A4ECE60-7EB0-11E4-B4A9-0800200C9A66;27750;20;-159
2016-09-01 19:47:57.064;4A4ECE60-7EB0-11E4-B4A9-0800200C9A66;27750;20;-159
2016-09-01 19:47:59.021;4A4ECE60-7EB0-11E4-B4A9-0800200C9A66;27750;20;-159
2016-09-01 19:47:59.891;4A4ECE60-7EB0-11E4-B4A9-0800200C9A66;27750;20;-159
2016-09-01 19:48:03.482;4A4ECE60-7EB0-11E4-B4A9-0800200C9A66;27750;20;-159
2016-09-01 19:48:03.753;4A4ECE60-7EB0-11E4-B4A9-0800200C9A66;27750;20;-159
2016-09-01 19:48:07.382;4A4ECE60-7EB0-11E4-B4A9-0800200C9A66;27750;20;-159
2016-09-01 19:48:08.622;4A4ECE60-7EB0-11E4-B4A9-0800200C9A66;27750;20;-159
2016-09-01 19:48:09.903;4A4ECE60-7EB0-11E4-B4A9-0800200C9A66;27750;20;-159
2016-09-01 19:48:11.188;4A4ECE60-7EB0-11E4-B4A9-0800200C9A66;27750;20;-159
2016-09-01 19:48:13.756;4A4ECE60-7EB0-11E4-B4A9-0800200C9A66;27750;20;-159
2016-09-01 19:48:15.058;4A4ECE60-7EB0-11E4-B4A9-0800200C9A66;27750;20;-159
2016-09-01 19:48:15.996;4A4ECE60-7EB0-11E4-B4A9-0800200C9A66;27750;20;-159
2016-09-01 19:48:17.660;4A4ECE60-7EB0-11E4-B4A9-0800200C9A66;27750;20;-159
2016-09-01 19:48:18.896;4A4ECE60-7EB0-11E4-B4A9-0800200C9A66;27750;20;-159
2016-09-01 19:48:22.792;4A4ECE60-7EB0-11E4-B4A9-0800200C9A66;27750;20;-159
2016-09-01 19:48:24.042;4A4ECE60-7EB0-11E4-B4A9-0800200C9A66;27750;20;-159
2016-09-01 19:48:25.323;4A4ECE60-7EB0-11E4-B4A9-0800200C9A66;27750;20;-159
2016-09-01 19:48:26.614;4A4ECE60-7EB0-11E4-B4A9-0800200C9A66;27750;20;-159
2016-09-01 19:48:29.232;4A4ECE60-7EB0-11E4-B4A9-0800200C9A66;27750;20;-159
2016-09-01 19:48:30.453;4A4ECE60-7EB0-11E4-B4A9-0800200C9A66;27750;20;-159
2016-09-01 19:48:32.201;4A4ECE60-7EB0-11E4-B4A9-0800200C9A66;27750;20;-159
2016-09-01 19:48:34.364;4A4ECE60-7EB0-11E4-B4A9-0800200C9A66;27750;20;-159
2016-09-01 19:48:35.603;4A4ECE60-7EB0-11E4-B4A9-0800200C9A66;27750;20;-159
2016-09-01 19:48:36.888;4A4ECE60-7EB0-11E4-B4A9-0800200C9A66;27750;20;-159
2016-09-01 19:48:38.183;4A4ECE60-7EB0-11E4-B4A9-0800200C9A66;27750;20;-159
2016-09-01 19:48:38.345;4A4ECE60-7EB0-11E4-B4A9-0800200C9A66;27750;20;-159
2016-09-01 19:48:40.735;4A4ECE60-7EB0-11E4-B4A9-0800200C9A66;27750;20;-159
2016-09-01 19:48:43.304;4A4ECE60-7EB0-11E4-B4A9-0800200C9A66;27750;20;-159
2016-09-01 19:48:47.165;4A4ECE60-7EB0-11E4-B4A9-0800200C9A66;27750;20;-159
2016-09-01 19:48:48.211;4A4ECE60-7EB0-11E4-B4A9-0800200C9A66;27750;20;-159
2016-09-01 19:48:48.459;4A4ECE60-7EB0-11E4-B4A9-0800200C9A66;27750;20;-159
2016-09-01 19:48:51.028;4A4ECE60-7EB0-11E4-B4A9-0800200C9A66;27750;20;-159
2016-09-01 19:48:52.351;4A4ECE60-7EB0-11E4-B4A9-0800200C9A66;27750;20;-159
2016-09-01 19:48:53.657;4A4ECE60-7EB0-11E4-B4A9-0800200C9A66;27750;20;-159
2016-09-01 19:48:54.888;4A4ECE60-7EB0-11E4-B4A9-0800200C9A66;27750;20;-159
2016-09-01 19:48:56.170;4A4ECE60-7EB0-11E4-B4A9-0800200C9A66;27750;20;-159
2016-09-01 19:48:57.491;4A4ECE60-7EB0-11E4-B4A9-0800200C9A66;27750;20;-159
2016-09-01 19:48:58.783;4A4ECE60-7EB0-11E4-B4A9-0800200C9A66;27750;20;-159
2016-09-01 19:49:02.594;4A4ECE60-7EB0-11E4-B4A9-0800200C9A66;27750;20;-159
2016-09-01 19:49:03.876;4A4ECE60-7EB0-11E4-B4A9-0800200C9A66;27750;20;-159
2016-09-01 19:49:04.689;4A4ECE60-7EB0-11E4-B4A9-0800200C9A66;27750;20;-159
2016-09-01 19:49:06.448;4A4ECE60-7EB0-11E4-B4A9-0800200C9A66;27750;20;-159
2016-09-01 19:49:07.789;4A4ECE60-7EB0-11E4-B4A9-0800200C9A66;27750;20;-159
2016-09-01 19:49:10.355;4A4ECE60-7EB0-11E4-B4A9-0800200C9A66;27750;20;-159
2016-09-01 19:49:11.582;4A4ECE60-7EB0-11E4-B4A9-0800200C9A66;27750;20;-159
2016-09-01 19:49:12.907;4A4ECE60-7EB0-11E4-B4A9-0800200C9A66;27750;20;-159
2016-09-01 19:49:15.439;4A4ECE60-7EB0-11E4-B4A9-0800200C9A66;27750;20;-159
2016-09-01 19:49:16.723;4A4ECE60-7EB0-11E4-B4A9-0800200C9A66;27750;20;-159
2016-09-01 19:49:18.057;4A4ECE60-7EB0-11E4-B4A9-0800200C9A66;27750;20;-159
2016-09-01 19:49:19.297;4A4ECE60-7EB0-11E4-B4A9-0800200C9A66;27750;20;-159
2016-09-01 19:49:19.989;4A4ECE60-7EB0-11E4-B4A9-0800200C9A66;27750;20;-159
2016-09-01 19:49:21.870;4A4ECE60-7EB0-11E4-B4A9-0800200C9A66;27750;20;-159
2016-09-01 19:49:23.217;4A4ECE60-7EB0-11E4-B4A9-0800200C9A66;27750;20;-159
2016-09-01 19:49:25.723;4A4ECE60-7EB0-11E4-B4A9-0800200C9A66;27750;20;-159
2016-09-01 19:49:26.177;4A4ECE60-7EB0-11E4-B4A9-0800200C9A66;27750;20;-159
2016-09-01 19:49:27.255;4A4ECE60-7EB0-11E4-B4A9-0800200C9A66;27750;20;-159
2016-09-01 19:49:29.636;4A4ECE60-7EB0-11E4-B4A9-0800200C9A66;27750;20;-159
2016-09-01 19:49:31.321;4A4ECE60-7EB0-11E4-B4A9-0800200C9A66;27750;20;-159
2016-09-01 19:49:33.483;4A4ECE60-7EB0-11E4-B4A9-0800200C9A66;27750;20;-159
2016-09-01 19:49:34.758;4A4ECE60-7EB0-11E4-B4A9-0800200C9A66;27750;20;-159
2016-09-01 19:49:36.058;4A4ECE60-7EB0-11E4-B4A9-0800200C9A66;27750;20;-159
2016-09-01 19:49:37.287;4A4ECE60-7EB0-11E4-B4A9-0800200C9A66;27750;20;-159
2016-09-01 19:49:39.859;4A4ECE60-7EB0-11E4-B4A9-0800200C9A66;27750;20;-159
2016-09-01 19:49:41.145;4A4ECE60-7EB0-11E4-B4A9-0800200C9A66;27750;20;-159
2016-09-01 19:49:43.762;4A4ECE60-7EB0-11E4-B4A9-0800200C9A66;27750;20;-159
2016-09-01 19:49:45.000;4A4ECE60-7EB0-11E4-B4A9-0800200C9A66;27750;20;-159
2016-09-01 19:49:46.297;4A4ECE60-7EB0-11E4-B4A9-0800200C9A66;27750;20;-159
2016-09-01 19:49:48.910;4A4ECE60-7EB0-11E4-B4A9-0800200C9A66;27750;20;-159
2016-09-01 19:49:50.138;4A4ECE60-7EB0-11E4-B4A9-0800200C9A66;27750;20;-159
2016-09-01 19:49:51.416;4A4ECE60-7EB0-11E4-B4A9-0800200C9A66;27750;20;-159
2016-09-01 19:49:52.756;4A4ECE60-7EB0-11E4-B4A9-0800200C9A66;27750;20;-159
2016-09-01 19:49:55.285;4A4ECE60-7EB0-11E4-B4A9-0800200C9A66;27750;20;-159
2016-09-01 19:49:56.568;4A4ECE60-7EB0-11E4-B4A9-0800200C9A66;27750;20;-159
2016-09-01 19:49:57.192;4A4ECE60-7EB0-11E4-B4A9-0800200C9A66;27750;20;-159
2016-09-01 19:49:59.180;4A4ECE60-7EB0-11E4-B4A9-0800200C9A66;27750;20;-159
2016-09-01 19:50:01.712;4A4ECE60-7EB0-11E4-B4A9-0800200C9A66;27750;20;-159
2016-09-01 19:50:02.985;4A4ECE60-7EB0-11E4-B4A9-0800200C9A66;27750;20;-159
2016-09-01 19:50:04.275;4A4ECE60-7EB0-11E4-B4A9-0800200C9A66;27750;20;-159
2016-09-01 19:50:04.435;4A4ECE60-7EB0-11E4-B4A9-0800200C9A66;27750;20;-159
2016-09-01 19:50:08.174;4A4ECE60-7EB0-11E4-B4A9-0800200C9A66;27750;20;-159
2016-09-01 19:50:09.411;4A4ECE60-7EB0-11E4-B4A9-0800200C9A66;27750;20;-159
2016-09-01 19:50:11.990;4A4ECE60-7EB0-11E4-B4A9-0800200C9A66;27750;20;-159
2016-09-01 19:50:13.270;4A4ECE60-7EB0-11E4-B4A9-0800200C9A66;27750;20;-159
2016-09-01 19:50:13.778;4A4ECE60-7EB0-11E4-B4A9-0800200C9A66;27750;20;-159
2016-09-01 19:50:17.119;4A4ECE60-7EB0-11E4-B4A9-0800200C9A66;27750;20;-159
2016-09-01 19:50:19.749;4A4ECE60-7EB0-11E4-B4A9-0800200C9A66;27750;20;-159
2016-09-01 19:50:20.974;4A4ECE60-7EB0-11E4-B4A9-0800200C9A66;27750;20;-159
2016-09-01 19:50:22.263;4A4ECE60-7EB0-11E4-B4A9-0800200C9A66;27750;20;-159
2016-09-01 19:50:23.601;4A4ECE60-7EB0-11E4-B4A9-0800200C9A66;27750;20;-159
2016-09-01 19:50:24.848;4A4ECE60-7EB0-11E4-B4A9-0800200C9A66;27750;20;-159
2016-09-01 19:50:25.035;4A4ECE60-7EB0-11E4-B4A9-0800200C9A66;27750;20;-159
2016-09-01 19:50:27.452;4A4ECE60-7EB0-11E4-B4A9-0800200C9A66;27750;20;-159
2016-09-01 19:50:28.707;4A4ECE60-7EB0-11E4-B4A9-0800200C9A66;27750;20;-159
2016-09-01 19:50:31.259;4A4ECE60-7EB0-11E4-B4A9-0800200C9A66;27750;20;-159
2016-09-01 19:50:32.600;4A4ECE60-7EB0-11E4-B4A9-0800200C9A66;27750;20;-159
2016-09-01 19:50:33.888;4A4ECE60-7EB0-11E4-B4A9-0800200C9A66;27750;20;-159
2016-09-01 19:50:35.130;4A4ECE60-7EB0-11E4-B4A9-0800200C9A66;27750;20;-159
2016-09-01 19:50:36.401;4A4ECE60-7EB0-11E4-B4A9-0800200C9A66;27750;20;-159
2016-09-01 19:50:37.687;4A4ECE60-7EB0-11E4-B4A9-0800200C9A66;27750;20;-159
2016-09-01 19:50:38.973;4A4ECE60-7EB0-11E4-B4A9-0800200C9A66;27750;20;-159
2016-09-01 19:50:40.261;4A4ECE60-7EB0-11E4-B4A9-0800200C9A66;27750;20;-159
2016-09-01 19:50:41.736;4A4ECE60-7EB0-11E4-B4A9-0800200C9A66;27750;20;-159
2016-09-01 19:50:44.161;4A4ECE60-7EB0-11E4-B4A9-0800200C9A66;27750;20;-159
2016-09-01 19:50:45.444;4A4ECE60-7EB0-11E4-B4A9-0800200C9A66;27750;20;-159
2016-09-01 19:50:46.677;4A4ECE60-7EB0-11E4-B4A9-0800200C9A66;27750;20;-159
2016-09-01 19:50:47.997;4A4ECE60-7EB0-11E4-B4A9-0800200C9A66;27750;20;-159
2016-09-01 19:50:49.251;4A4ECE60-7EB0-11E4-B4A9-0800200C9A66;27750;20;-159
2016-09-01 19:50:50.532;4A4ECE60-7EB0-11E4-B4A9-0800200C9A66;27750;20;-159
2016-09-01 19:50:50.691;4A4ECE60-7EB0-11E4-B4A9-0800200C9A66;27750;20;-159
2016-09-01 19:50:53.123;4A4ECE60-7EB0-11E4-B4A9-0800200C9A66;27750;20;-159
2016-09-01 19:50:53.288;4A4ECE60-7EB0-11E4-B4A9-0800200C9A66;27750;20;-159
2016-09-01 19:50:56.953;4A4ECE60-7EB0-11E4-B4A9-0800200C9A66;27750;20;-159
2016-09-01 19:50:58.286;4A4ECE60-7EB0-11E4-B4A9-0800200C9A66;27750;20;-159
2016-09-01 19:51:00.816;4A4ECE60-7EB0-11E4-B4A9-0800200C9A66;27750;20;-159
2016-09-01 19:51:03.386;4A4ECE60-7EB0-11E4-B4A9-0800200C9A66;27750;20;-159
2016-09-01 19:51:04.675;4A4ECE60-7EB0-11E4-B4A9-0800200C9A66;27750;20;-159
2016-09-01 19:51:05.049;4A4ECE60-7EB0-11E4-B4A9-0800200C9A66;27750;20;-159
2016-09-01 19:51:07.247;4A4ECE60-7EB0-11E4-B4A9-0800200C9A66;27750;20;-159
2016-09-01 19:51:08.574;4A4ECE60-7EB0-11E4-B4A9-0800200C9A66;27750;20;-159
2016-09-01 19:51:09.817;4A4ECE60-7EB0-11E4-B4A9-0800200C9A66;27750;20;-159
2016-09-01 19:51:12.423;4A4ECE60-7EB0-11E4-B4A9-0800200C9A66;27750;20;-159
2016-09-01 19:51:13.690;4A4ECE60-7EB0-11E4-B4A9-0800200C9A66;27750;20;-159
2016-09-01 19:51:14.947;4A4ECE60-7EB0-11E4-B4A9-0800200C9A66;27750;20;-159
2016-09-01 19:51:15.109;4A4ECE60-7EB0-11E4-B4A9-0800200C9A66;27750;20;-159
2016-09-01 19:51:16.241;4A4ECE60-7EB0-11E4-B4A9-0800200C9A66;27750;20;-159
2016-09-01 19:51:20.115;4A4ECE60-7EB0-11E4-B4A9-0800200C9A66;27750;20;-159
2016-09-01 19:51:21.370;4A4ECE60-7EB0-11E4-B4A9-0800200C9A66;27750;20;-159
2016-09-01 19:51:23.986;4A4ECE60-7EB0-11E4-B4A9-0800200C9A66;27750;20;-159
2016-09-01 19:51:24.148;4A4ECE60-7EB0-11E4-B4A9-0800200C9A66;27750;20;-159
2016-09-01 19:51:26.506;4A4ECE60-7EB0-11E4-B4A9-0800200C9A66;27750;20;-159
2016-09-01 19:51:27.817;4A4ECE60-7EB0-11E4-B4A9-0800200C9A66;27750;20;-159
2016-09-01 19:51:27.979;4A4ECE60-7EB0-11E4-B4A9-0800200C9A66;27750;20;-159
2016-09-01 19:51:29.102;4A4ECE60-7EB0-11E4-B4A9-0800200C9A66;27750;20;-159
2016-09-01 19:51:30.383;4A4ECE60-7EB0-11E4-B4A9-0800200C9A66;27750;20;-159
2016-09-01 19:51:31.661;4A4ECE60-7EB0-11E4-B4A9-0800200C9A66;27750;20;-159
2016-09-01 19:51:33.011;4A4ECE60-7EB0-11E4-B4A9-0800200C9A66;27750;20;-159
2016-09-01 19:51:34.241;4A4ECE60-7EB0-11E4-B4A9-0800200C9A66;27750;20;-159
2016-09-01 19:51:35.527;4A4ECE60-7EB0-11E4-B4A9-0800200C9A66;27750;20;-159
2016-09-01 19:51:36.823;4A4ECE60-7EB0-11E4-B4A9-0800200C9A66;27750;20;-159
2016-09-01 19:51:39.384;4A4ECE60-7EB0-11E4-B4A9-0800200C9A66;27750;20;-159
2016-09-01 19:51:41.954;4A4ECE60-7EB0-11E4-B4A9-0800200C9A66;27750;20;-159
2016-09-01 19:51:43.287;4A4ECE60-7EB0-11E4-B4A9-0800200C9A66;27750;20;-159
2016-09-01 19:51:44.522;4A4ECE60-7EB0-11E4-B4A9-0800200C9A66;27750;20;-159
2016-09-01 19:51:45.803;4A4ECE60-7EB0-11E4-B4A9-0800200C9A66;27750;20;-159
2016-09-01 19:51:47.092;4A4ECE60-7EB0-11E4-B4A9-0800200C9A66;27750;20;-159
2016-09-01 19:51:48.409;4A4ECE60-7EB0-11E4-B4A9-0800200C9A66;27750;20;-159
2016-09-01 19:51:50.931;4A4ECE60-7EB0-11E4-B4A9-0800200C9A66;27750;20;-159
2016-09-01 19:51:51.090;4A4ECE60-7EB0-11E4-B4A9-0800200C9A66;27750;20;-159
2016-09-01 19:51:53.582;4A4ECE60-7EB0-11E4-B4A9-0800200C9A66;27750;20;-159
2016-09-01 19:51:56.112;4A4ECE60-7EB0-11E4-B4A9-0800200C9A66;27750;20;-159
2016-09-01 19:51:58.697;4A4ECE60-7EB0-11E4-B4A9-0800200C9A66;27750;20;-159
2016-09-01 19:51:59.937;4A4ECE60-7EB0-11E4-B4A9-0800200C9A66;27750;20;-159
2016-09-01 19:52:05.099;4A4ECE60-7EB0-11E4-B4A9-0800200C9A66;27750;20;-159
2016-09-01 19:52:05.257;4A4ECE60-7EB0-11E4-B4A9-0800200C9A66;27750;20;-159
2016-09-01 19:52:06.370;4A4ECE60-7EB0-11E4-B4A9-0800200C9A66;27750;20;-159
2016-09-01 19:52:07.698;4A4ECE60-7EB0-11E4-B4A9-0800200C9A66;27750;20;-159
2016-09-01 19:52:08.935;4A4ECE60-7EB0-11E4-B4A9-0800200C9A66;27750;20;-159
2016-09-01 19:52:10.220;4A4ECE60-7EB0-11E4-B4A9-0800200C9A66;27750;20;-159
2016-09-01 19:52:11.503;4A4ECE60-7EB0-11E4-B4A9-0800200C9A66;27750;20;-159
2016-09-01 19:52:12.800;4A4ECE60-7EB0-11E4-B4A9-0800200C9A66;27750;20;-159
2016-09-01 19:52:14.070;4A4ECE60-7EB0-11E4-B4A9-0800200C9A66;27750;20;-159
2016-09-01 19:52:15.357;4A4ECE60-7EB0-11E4-B4A9-0800200C9A66;27750;20;-159
2016-09-01 19:52:16.644;4A4ECE60-7EB0-11E4-B4A9-0800200C9A66;27750;20;-159
2016-09-01 19:52:17.978;4A4ECE60-7EB0-11E4-B4A9-0800200C9A66;27750;20;-159
2016-09-01 19:52:19.216;4A4ECE60-7EB0-11E4-B4A9-0800200C9A66;27750;20;-159
2016-09-01 19:52:20.504;4A4ECE60-7EB0-11E4-B4A9-0800200C9A66;27750;20;-159
2016-09-01 19:52:23.134;4A4ECE60-7EB0-11E4-B4A9-0800200C9A66;27750;20;-159
2016-09-01 19:52:25.629;4A4ECE60-7EB0-11E4-B4A9-0800200C9A66;27750;20;-159
2016-09-01 19:52:25.803;4A4ECE60-7EB0-11E4-B4A9-0800200C9A66;27750;20;-159
2016-09-01 19:52:26.928;4A4ECE60-7EB0-11E4-B4A9-0800200C9A66;27750;20;-159
2016-09-01 19:52:28.235;4A4ECE60-7EB0-11E4-B4A9-0800200C9A66;27750;20;-159
2016-09-01 19:52:30.785;4A4ECE60-7EB0-11E4-B4A9-0800200C9A66;27750;20;-159
2016-09-01 19:52:32.065;4A4ECE60-7EB0-11E4-B4A9-0800200C9A66;27750;20;-159
2016-09-01 19:52:37.199;4A4ECE60-7EB0-11E4-B4A9-0800200C9A66;27750;20;-159
2016-09-01 19:52:37.386;4A4ECE60-7EB0-11E4-B4A9-0800200C9A66;27750;20;-159
2016-09-01 19:52:38.491;4A4ECE60-7EB0-11E4-B4A9-0800200C9A66;27750;20;-159
2016-09-01 19:52:39.776;4A4ECE60-7EB0-11E4-B4A9-0800200C9A66;27750;20;-159
2016-09-01 19:52:41.052;4A4ECE60-7EB0-11E4-B4A9-0800200C9A66;27750;20;-159
2016-09-01 19:52:42.374;4A4ECE60-7EB0-11E4-B4A9-0800200C9A66;27750;20;-159
2016-09-01 19:52:43.633;4A4ECE60-7EB0-11E4-B4A9-0800200C9A66;27750;20;-159
2016-09-01 19:52:46.202;4A4ECE60-7EB0-11E4-B4A9-0800200C9A66;27750;20;-159
2016-09-01 19:52:47.520;4A4ECE60-7EB0-11E4-B4A9-0800200C9A66;27750;20;-159
2016-09-01 19:52:48.777;4A4ECE60-7EB0-11E4-B4A9-0800200C9A66;27750;20;-159
2016-09-01 19:52:50.053;4A4ECE60-7EB0-11E4-B4A9-0800200C9A66;27750;20;-159
2016-09-01 19:52:51.340;4A4ECE60-7EB0-11E4-B4A9-0800200C9A66;27750;20;-159
2016-09-01 19:52:52.676;4A4ECE60-7EB0-11E4-B4A9-0800200C9A66;27750;20;-159
2016-09-01 19:52:53.915;4A4ECE60-7EB0-11E4-B4A9-0800200C9A66;27750;20;-159
2016-09-01 19:52:56.590;4A4ECE60-7EB0-11E4-B4A9-0800200C9A66;27750;20;-159
2016-09-01 19:52:57.828;4A4ECE60-7EB0-11E4-B4A9-0800200C9A66;27750;20;-159
2016-09-01 19:52:59.117;4A4ECE60-7EB0-11E4-B4A9-0800200C9A66;27750;20;-159
2016-09-01 19:53:00.338;4A4ECE60-7EB0-11E4-B4A9-0800200C9A66;27750;20;-159
2016-09-01 19:53:01.638;4A4ECE60-7EB0-11E4-B4A9-0800200C9A66;27750;20;-159
2016-09-01 19:53:02.963;4A4ECE60-7EB0-11E4-B4A9-0800200C9A66;27750;20;-159
2016-09-01 19:53:04.186;4A4ECE60-7EB0-11E4-B4A9-0800200C9A66;27750;20;-159
2016-09-01 19:53:05.466;4A4ECE60-7EB0-11E4-B4A9-0800200C9A66;27750;20;-159
2016-09-01 19:53:06.757;4A4ECE60-7EB0-11E4-B4A9-0800200C9A66;27750;20;-159
2016-09-01 19:53:08.086;4A4ECE60-7EB0-11E4-B4A9-0800200C9A66;27750;20;-159
2016-09-01 19:53:09.333;4A4ECE60-7EB0-11E4-B4A9-0800200C9A66;27750;20;-159
2016-09-01 19:53:10.623;4A4ECE60-7EB0-11E4-B4A9-0800200C9A66;27750;20;-159
2016-09-01 19:53:11.907;4A4ECE60-7EB0-11E4-B4A9-0800200C9A66;27750;20;-159
2016-09-01 19:53:15.187;4A4ECE60-7EB0-11E4-B4A9-0800200C9A66;27750;20;-159
2016-09-01 19:53:17.019;4A4ECE60-7EB0-11E4-B4A9-0800200C9A66;27750;20;-159
2016-09-01 19:53:17.181;4A4ECE60-7EB0-11E4-B4A9-0800200C9A66;27750;20;-159
2016-09-01 19:53:19.618;4A4ECE60-7EB0-11E4-B4A9-0800200C9A66;27750;20;-159
2016-09-01 19:53:19.779;4A4ECE60-7EB0-11E4-B4A9-0800200C9A66;27750;20;-159
2016-09-01 19:53:20.896;4A4ECE60-7EB0-11E4-B4A9-0800200C9A66;27750;20;-159
2016-09-01 19:53:22.186;4A4ECE60-7EB0-11E4-B4A9-0800200C9A66;27750;20;-159
2016-09-01 19:53:23.528;4A4ECE60-7EB0-11E4-B4A9-0800200C9A66;27750;20;-159
2016-09-01 19:53:24.752;4A4ECE60-7EB0-11E4-B4A9-0800200C9A66;27750;20;-159
2016-09-01 19:53:27.353;4A4ECE60-7EB0-11E4-B4A9-0800200C9A66;27750;20;-159
2016-09-01 19:53:28.600;4A4ECE60-7EB0-11E4-B4A9-0800200C9A66;27750;20;-159
2016-09-01 19:53:29.889;4A4ECE60-7EB0-11E4-B4A9-0800200C9A66;27750;20;-159
2016-09-01 19:53:31.175;4A4ECE60-7EB0-11E4-B4A9-0800200C9A66;27750;20;-159
2016-09-01 19:53:32.502;4A4ECE60-7EB0-11E4-B4A9-0800200C9A66;27750;20;-159
2016-09-01 19:53:33.750;4A4ECE60-7EB0-11E4-B4A9-0800200C9A66;27750;20;-159
2016-09-01 19:53:35.032;4A4ECE60-7EB0-11E4-B4A9-0800200C9A66;27750;20;-159
2016-09-01 19:53:36.318;4A4ECE60-7EB0-11E4-B4A9-0800200C9A66;27750;20;-159
2016-09-01 19:53:38.888;4A4ECE60-7EB0-11E4-B4A9-0800200C9A66;27750;20;-159
2016-09-01 19:53:40.179;4A4ECE60-7EB0-11E4-B4A9-0800200C9A66;27750;20;-159
2016-09-01 19:53:44.060;4A4ECE60-7EB0-11E4-B4A9-0800200C9A66;27750;20;-159
2016-09-01 19:53:44.224;4A4ECE60-7EB0-11E4-B4A9-0800200C9A66;27750;20;-159
2016-09-01 19:53:45.318;4A4ECE60-7EB0-11E4-B4A9-0800200C9A66;27750;20;-159
2016-09-01 19:53:46.597;4A4ECE60-7EB0-11E4-B4A9-0800200C9A66;27750;20;-159
2016-09-01 19:53:47.885;4A4ECE60-7EB0-11E4-B4A9-0800200C9A66;27750;20;-159
2016-09-01 19:53:50.434;4A4ECE60-7EB0-11E4-B4A9-0800200C9A66;27750;20;-159
2016-09-01 19:53:50.598;4A4ECE60-7EB0-11E4-B4A9-0800200C9A66;27750;20;-159
2016-09-01 19:53:51.743;4A4ECE60-7EB0-11E4-B4A9-0800200C9A66;27750;20;-159
2016-09-01 19:53:53.075;4A4ECE60-7EB0-11E4-B4A9-0800200C9A66;27750;20;-159
2016-09-01 19:53:54.313;4A4ECE60-7EB0-11E4-B4A9-0800200C9A66;27750;20;-159
2016-09-01 19:53:56.878;4A4ECE60-7EB0-11E4-B4A9-0800200C9A66;27750;20;-159
2016-09-01 19:53:58.230;4A4ECE60-7EB0-11E4-B4A9-0800200C9A66;27750;20;-159
2016-09-01 19:53:59.506;4A4ECE60-7EB0-11E4-B4A9-0800200C9A66;27750;20;-159
2016-09-01 19:54:00.728;4A4ECE60-7EB0-11E4-B4A9-0800200C9A66;27750;20;-159
2016-09-01 19:54:03.312;4A4ECE60-7EB0-11E4-B4A9-0800200C9A66;27750;20;-159
2016-09-01 19:54:03.472;4A4ECE60-7EB0-11E4-B4A9-0800200C9A66;27750;20;-159
2016-09-01 19:54:04.589;4A4ECE60-7EB0-11E4-B4A9-0800200C9A66;27750;20;-159
2016-09-01 19:54:05.867;4A4ECE60-7EB0-11E4-B4A9-0800200C9A66;27750;20;-159
2016-09-01 19:54:08.490;4A4ECE60-7EB0-11E4-B4A9-0800200C9A66;27750;20;-159
2016-09-01 19:54:09.724;4A4ECE60-7EB0-11E4-B4A9-0800200C9A66;27750;20;-159
2016-09-01 19:54:12.320;4A4ECE60-7EB0-11E4-B4A9-0800200C9A66;27750;20;-159
2016-09-01 19:54:13.585;4A4ECE60-7EB0-11E4-B4A9-0800200C9A66;27750;20;-159
2016-09-01 19:54:14.867;4A4ECE60-7EB0-11E4-B4A9-0800200C9A66;27750;20;-159
2016-09-01 19:54:15.026;4A4ECE60-7EB0-11E4-B4A9-0800200C9A66;27750;20;-159
2016-09-01 19:54:16.158;4A4ECE60-7EB0-11E4-B4A9-0800200C9A66;27750;20;-159
2016-09-01 19:54:18.759;4A4ECE60-7EB0-11E4-B4A9-0800200C9A66;27750;20;-159
2016-09-01 19:54:18.923;4A4ECE60-7EB0-11E4-B4A9-0800200C9A66;27750;20;-159
2016-09-01 19:54:20.007;4A4ECE60-7EB0-11E4-B4A9-0800200C9A66;27750;20;-159
2016-09-01 19:54:21.290;4A4ECE60-7EB0-11E4-B4A9-0800200C9A66;27750;20;-159
2016-09-01 19:54:21.450;4A4ECE60-7EB0-11E4-B4A9-0800200C9A66;27750;20;-159
2016-09-01 19:54:22.633;4A4ECE60-7EB0-11E4-B4A9-0800200C9A66;27750;20;-159
2016-09-01 19:54:23.861;4A4ECE60-7EB0-11E4-B4A9-0800200C9A66;27750;20;-159
2016-09-01 19:54:26.433;4A4ECE60-7EB0-11E4-B4A9-0800200C9A66;27750;20;-159
2016-09-01 19:54:27.781;4A4ECE60-7EB0-11E4-B4A9-0800200C9A66;27750;20;-159
2016-09-01 19:54:29.031;4A4ECE60-7EB0-11E4-B4A9-0800200C9A66;27750;20;-159
2016-09-01 19:54:30.320;4A4ECE60-7EB0-11E4-B4A9-0800200C9A66;27750;20;-159
2016-09-01 19:54:31.572;4A4ECE60-7EB0-11E4-B4A9-0800200C9A66;27750;20;-159
2016-09-01 19:54:32.898;4A4ECE60-7EB0-11E4-B4A9-0800200C9A66;27750;20;-159
2016-09-01 19:54:34.144;4A4ECE60-7EB0-11E4-B4A9-0800200C9A66;27750;20;-159
2016-09-01 19:54:35.428;4A4ECE60-7EB0-11E4-B4A9-0800200C9A66;27750;20;-159
2016-09-01 19:54:38.027;4A4ECE60-7EB0-11E4-B4A9-0800200C9A66;27750;20;-159
2016-09-01 19:54:39.283;4A4ECE60-7EB0-11E4-B4A9-0800200C9A66;27750;20;-159
2016-09-01 19:54:40.566;4A4ECE60-7EB0-11E4-B4A9-0800200C9A66;27750;20;-159
2016-09-01 19:54:41.859;4A4ECE60-7EB0-11E4-B4A9-0800200C9A66;27750;20;-159
2016-09-01 19:54:43.184;4A4ECE60-7EB0-11E4-B4A9-0800200C9A66;27750;20;-159
2016-09-01 19:54:44.424;4A4ECE60-7EB0-11E4-B4A9-0800200C9A66;27750;20;-159
2016-09-01 19:54:45.709;4A4ECE60-7EB0-11E4-B4A9-0800200C9A66;27750;20;-159
2016-09-01 19:54:49.563;4A4ECE60-7EB0-11E4-B4A9-0800200C9A66;27750;20;-159
2016-09-01 19:54:50.851;4A4ECE60-7EB0-11E4-B4A9-0800200C9A66;27750;20;-159
2016-09-01 19:54:52.137;4A4ECE60-7EB0-11E4-B4A9-0800200C9A66;27750;20;-159
2016-09-01 19:54:53.466;4A4ECE60-7EB0-11E4-B4A9-0800200C9A66;27750;20;-159
2016-09-01 19:54:54.703;4A4ECE60-7EB0-11E4-B4A9-0800200C9A66;27750;20;-159
2016-09-01 19:54:57.285;4A4ECE60-7EB0-11E4-B4A9-0800200C9A66;27750;20;-159
2016-09-01 19:54:57.509;4A4ECE60-7EB0-11E4-B4A9-0800200C9A66;27750;20;-159
2016-09-01 19:54:58.555;4A4ECE60-7EB0-11E4-B4A9-0800200C9A66;27750;20;-159
2016-09-01 19:55:01.130;4A4ECE60-7EB0-11E4-B4A9-0800200C9A66;27750;20;-159
2016-09-01 19:55:03.738;4A4ECE60-7EB0-11E4-B4A9-0800200C9A66;27750;20;-159
2016-09-01 19:55:03.929;4A4ECE60-7EB0-11E4-B4A9-0800200C9A66;27750;20;-159
2016-09-01 19:55:04.993;4A4ECE60-7EB0-11E4-B4A9-0800200C9A66;27750;20;-159
2016-09-01 19:55:06.268;4A4ECE60-7EB0-11E4-B4A9-0800200C9A66;27750;20;-159
2016-09-01 19:55:07.595;4A4ECE60-7EB0-11E4-B4A9-0800200C9A66;27750;20;-159
2016-09-01 19:55:08.841;4A4ECE60-7EB0-11E4-B4A9-0800200C9A66;27750;20;-159
2016-09-01 19:55:10.122;4A4ECE60-7EB0-11E4-B4A9-0800200C9A66;27750;20;-159
2016-09-01 19:55:11.410;4A4ECE60-7EB0-11E4-B4A9-0800200C9A66;27750;20;-159
2016-09-01 19:55:12.693;4A4ECE60-7EB0-11E4-B4A9-0800200C9A66;27750;20;-159
2016-09-01 19:55:15.262;4A4ECE60-7EB0-11E4-B4A9-0800200C9A66;27750;20;-159
2016-09-01 19:55:16.542;4A4ECE60-7EB0-11E4-B4A9-0800200C9A66;27750;20;-159
2016-09-01 19:55:20.225;4A4ECE60-7EB0-11E4-B4A9-0800200C9A66;27750;20;-159
2016-09-01 19:55:20.472;4A4ECE60-7EB0-11E4-B4A9-0800200C9A66;27750;20;-159
2016-09-01 19:55:21.757;4A4ECE60-7EB0-11E4-B4A9-0800200C9A66;27750;20;-159
2016-09-01 19:55:23.032;4A4ECE60-7EB0-11E4-B4A9-0800200C9A66;27750;20;-159
2016-09-01 19:55:24.257;4A4ECE60-7EB0-11E4-B4A9-0800200C9A66;27750;20;-159
2016-09-01 19:55:25.545;4A4ECE60-7EB0-11E4-B4A9-0800200C9A66;27750;20;-159
2016-09-01 19:55:26.833;4A4ECE60-7EB0-11E4-B4A9-0800200C9A66;27750;20;-159
2016-09-01 19:55:30.718;4A4ECE60-7EB0-11E4-B4A9-0800200C9A66;27750;20;-159
2016-09-01 19:55:31.962;4A4ECE60-7EB0-11E4-B4A9-0800200C9A66;27750;20;-159
2016-09-01 19:55:33.311;4A4ECE60-7EB0-11E4-B4A9-0800200C9A66;27750;20;-159
2016-09-01 19:55:34.531;4A4ECE60-7EB0-11E4-B4A9-0800200C9A66;27750;20;-159
2016-09-01 19:55:34.693;4A4ECE60-7EB0-11E4-B4A9-0800200C9A66;27750;20;-159
2016-09-01 19:55:35.833;4A4ECE60-7EB0-11E4-B4A9-0800200C9A66;27750;20;-159
2016-09-01 19:55:37.107;4A4ECE60-7EB0-11E4-B4A9-0800200C9A66;27750;20;-159
2016-09-01 19:55:38.420;4A4ECE60-7EB0-11E4-B4A9-0800200C9A66;27750;20;-159
2016-09-01 19:55:39.670;4A4ECE60-7EB0-11E4-B4A9-0800200C9A66;27750;20;-159
2016-09-01 19:55:43.536;4A4ECE60-7EB0-11E4-B4A9-0800200C9A66;27750;20;-159
2016-09-01 19:55:43.700;4A4ECE60-7EB0-11E4-B4A9-0800200C9A66;27750;20;-159
2016-09-01 19:55:44.814;4A4ECE60-7EB0-11E4-B4A9-0800200C9A66;27750;20;-159
2016-09-01 19:55:46.092;4A4ECE60-7EB0-11E4-B4A9-0800200C9A66;27750;20;-159
2016-09-01 19:55:47.420;4A4ECE60-7EB0-11E4-B4A9-0800200C9A66;27750;20;-159
2016-09-01 19:55:48.675;4A4ECE60-7EB0-11E4-B4A9-0800200C9A66;27750;20;-159
2016-09-01 19:55:49.953;4A4ECE60-7EB0-11E4-B4A9-0800200C9A66;27750;20;-159
2016-09-01 19:55:51.234;4A4ECE60-7EB0-11E4-B4A9-0800200C9A66;27750;20;-159
2016-09-01 19:55:52.578;4A4ECE60-7EB0-11E4-B4A9-0800200C9A66;27750;20;-159
2016-09-01 19:55:53.868;4A4ECE60-7EB0-11E4-B4A9-0800200C9A66;27750;20;-159
2016-09-01 19:55:55.097;4A4ECE60-7EB0-11E4-B4A9-0800200C9A66;27750;20;-159
2016-09-01 19:55:56.380;4A4ECE60-7EB0-11E4-B4A9-0800200C9A66;27750;20;-159
2016-09-01 19:55:57.733;4A4ECE60-7EB0-11E4-B4A9-0800200C9A66;27750;20;-159
2016-09-01 19:56:01.506;4A4ECE60-7EB0-11E4-B4A9-0800200C9A66;27750;20;-159
2016-09-01 19:56:01.666;4A4ECE60-7EB0-11E4-B4A9-0800200C9A66;27750;20;-159
2016-09-01 19:56:02.859;4A4ECE60-7EB0-11E4-B4A9-0800200C9A66;27750;20;-159
2016-09-01 19:56:06.651;4A4ECE60-7EB0-11E4-B4A9-0800200C9A66;27750;20;-159
2016-09-01 19:56:06.813;4A4ECE60-7EB0-11E4-B4A9-0800200C9A66;27750;20;-159
2016-09-01 19:56:08.010;4A4ECE60-7EB0-11E4-B4A9-0800200C9A66;27750;20;-159
2016-09-01 19:56:09.300;4A4ECE60-7EB0-11E4-B4A9-0800200C9A66;27750;20;-159
2016-09-01 19:56:11.806;4A4ECE60-7EB0-11E4-B4A9-0800200C9A66;27750;20;-159
2016-09-01 19:56:13.089;4A4ECE60-7EB0-11E4-B4A9-0800200C9A66;27750;20;-159
2016-09-01 19:56:14.371;4A4ECE60-7EB0-11E4-B4A9-0800200C9A66;27750;20;-159
2016-09-01 19:56:16.926;4A4ECE60-7EB0-11E4-B4A9-0800200C9A66;27750;20;-159
2016-09-01 19:56:17.089;4A4ECE60-7EB0-11E4-B4A9-0800200C9A66;27750;20;-159
2016-09-01 19:56:18.279;4A4ECE60-7EB0-11E4-B4A9-0800200C9A66;27750;20;-159
2016-09-01 19:56:19.515;4A4ECE60-7EB0-11E4-B4A9-0800200C9A66;27750;20;-159
2016-09-01 19:56:23.896;4A4ECE60-7EB0-11E4-B4A9-0800200C9A66;27750;20;-159
