2016-09-04 11:25:38.341;1
2016-09-04 11:25:39.869;2
2016-09-04 11:25:41.395;3
2016-09-04 11:25:42.921;4
2016-09-04 11:25:44.442;5
2016-09-04 11:25:45.961;6
2016-09-04 11:25:47.484;7
2016-09-04 11:25:49.019;8
2016-09-04 11:25:50.544;9
2016-09-04 11:25:52.069;10
2016-09-04 11:26:03.500;1
2016-09-04 11:26:05.026;2
2016-09-04 11:26:06.552;3
2016-09-04 11:26:08.073;4
2016-09-04 11:26:09.592;5
2016-09-04 11:26:11.111;6
2016-09-04 11:26:12.635;7
2016-09-04 11:26:14.162;8
2016-09-04 11:26:15.688;9
2016-09-04 11:26:17.214;10
2016-09-04 11:30:06.892;1
2016-09-04 11:30:08.421;2
2016-09-04 11:30:09.949;3
2016-09-04 11:30:11.478;4
2016-09-04 11:31:08.316;1
2016-09-04 11:31:09.842;2
2016-09-04 11:31:41.074;1
2016-09-04 11:31:42.604;2
2016-09-04 11:33:17.459;1
2016-09-04 11:33:18.988;2
2016-09-04 11:33:56.521;1
2016-09-04 11:33:58.054;2
2016-09-04 11:33:59.589;3
2016-09-04 11:34:19.863;1;2.5
2016-09-04 11:34:21.389;2;2.5
2016-09-04 11:34:22.923;3;2.5
2016-09-04 11:34:24.458;4;2.5
2016-09-04 11:34:25.985;5;2.5
2016-09-04 11:34:27.519;6;2.5
2016-09-04 11:34:29.046;7;2.5
2016-09-04 11:34:30.571;8;2.5
2016-09-04 11:34:32.103;9;2.5
2016-09-04 11:34:33.638;10;2.5
2016-09-04 11:39:20.000;4A4ECE60-7EB0-11E4-B4A9-0800200C9A66;27750;20;-159;2.5
2016-09-04 11:39:22.595;4A4ECE60-7EB0-11E4-B4A9-0800200C9A66;27750;20;-159;2.5
2016-09-04 11:39:22.788;4A4ECE60-7EB0-11E4-B4A9-0800200C9A66;27750;20;-159;2.5
2016-09-04 11:39:23.832;4A4ECE60-7EB0-11E4-B4A9-0800200C9A66;27750;20;-159;2.5
2016-09-04 11:39:25.143;4A4ECE60-7EB0-11E4-B4A9-0800200C9A66;27750;20;-159;2.5
2016-09-04 11:39:27.703;4A4ECE60-7EB0-11E4-B4A9-0800200C9A66;27750;20;-159;2.5
2016-09-04 11:39:30.264;4A4ECE60-7EB0-11E4-B4A9-0800200C9A66;27750;20;-159;2.5
2016-09-04 11:39:32.832;4A4ECE60-7EB0-11E4-B4A9-0800200C9A66;27750;20;-159;2.5
2016-09-04 11:39:32.999;4A4ECE60-7EB0-11E4-B4A9-0800200C9A66;27750;20;-159;2.5
2016-09-04 11:39:34.121;4A4ECE60-7EB0-11E4-B4A9-0800200C9A66;27750;20;-159;2.5
2016-09-04 11:39:35.403;4A4ECE60-7EB0-11E4-B4A9-0800200C9A66;27750;20;-159;2.5
2016-09-04 11:39:36.685;4A4ECE60-7EB0-11E4-B4A9-0800200C9A66;27750;20;-159;2.5
2016-09-04 11:39:39.262;4A4ECE60-7EB0-11E4-B4A9-0800200C9A66;27750;20;-159;2.5
2016-09-04 11:39:40.551;4A4ECE60-7EB0-11E4-B4A9-0800200C9A66;27750;20;-159;2.5
2016-09-04 11:39:41.855;4A4ECE60-7EB0-11E4-B4A9-0800200C9A66;27750;20;-159;2.5
2016-09-04 11:39:42.027;4A4ECE60-7EB0-11E4-B4A9-0800200C9A66;27750;20;-159;2.5
2016-09-04 11:39:43.111;4A4ECE60-7EB0-11E4-B4A9-0800200C9A66;27750;20;-159;0.5
2016-09-04 11:39:45.670;4A4ECE60-7EB0-11E4-B4A9-0800200C9A66;27750;20;-159;0.5
2016-09-04 11:39:45.834;4A4ECE60-7EB0-11E4-B4A9-0800200C9A66;27750;20;-159;0.5
2016-09-04 11:39:47.032;4A4ECE60-7EB0-11E4-B4A9-0800200C9A66;27750;20;-159;0.5
2016-09-04 11:39:48.258;4A4ECE60-7EB0-11E4-B4A9-0800200C9A66;27750;20;-159;0.5
2016-09-04 11:39:50.828;4A4ECE60-7EB0-11E4-B4A9-0800200C9A66;27750;20;-159;0.5
2016-09-04 11:39:52.121;4A4ECE60-7EB0-11E4-B4A9-0800200C9A66;27750;20;-159;0.5
2016-09-04 11:39:54.684;4A4ECE60-7EB0-11E4-B4A9-0800200C9A66;27750;20;-159;0.5
2016-09-04 11:39:55.962;4A4ECE60-7EB0-11E4-B4A9-0800200C9A66;27750;20;-159;0.5
2016-09-04 11:39:57.272;4A4ECE60-7EB0-11E4-B4A9-0800200C9A66;27750;20;-159;0.5
2016-09-04 11:39:59.816;4A4ECE60-7EB0-11E4-B4A9-0800200C9A66;27750;20;-159;0.5
2016-09-04 11:40:01.101;4A4ECE60-7EB0-11E4-B4A9-0800200C9A66;27750;20;-159;0.5
2016-09-04 11:40:02.439;4A4ECE60-7EB0-11E4-B4A9-0800200C9A66;27750;20;-159;0.5
2016-09-04 11:40:03.693;4A4ECE60-7EB0-11E4-B4A9-0800200C9A66;27750;20;-159;0.5
2016-09-04 11:40:04.960;4A4ECE60-7EB0-11E4-B4A9-0800200C9A66;27750;20;-159;0.5
2016-09-04 11:40:06.248;4A4ECE60-7EB0-11E4-B4A9-0800200C9A66;27750;20;-159;0.5
2016-09-04 11:40:08.815;4A4ECE60-7EB0-11E4-B4A9-0800200C9A66;27750;20;-159;0.5
2016-09-04 11:40:10.098;4A4ECE60-7EB0-11E4-B4A9-0800200C9A66;27750;20;-159;0.5
2016-09-04 11:40:11.392;4A4ECE60-7EB0-11E4-B4A9-0800200C9A66;27750;20;-159;0.5
2016-09-04 11:40:12.670;4A4ECE60-7EB0-11E4-B4A9-0800200C9A66;27750;20;-159;0.5
2016-09-04 11:40:13.953;4A4ECE60-7EB0-11E4-B4A9-0800200C9A66;27750;20;-159;0.5
2016-09-04 11:40:15.241;4A4ECE60-7EB0-11E4-B4A9-0800200C9A66;27750;20;-159;0.5
2016-09-04 11:40:17.783;4A4ECE60-7EB0-11E4-B4A9-0800200C9A66;27750;20;-159;0.5
2016-09-04 11:40:18.621;4A4ECE60-7EB0-11E4-B4A9-0800200C9A66;27750;20;-159;0.5
2016-09-04 11:40:20.376;4A4ECE60-7EB0-11E4-B4A9-0800200C9A66;27750;20;-159;0.5
2016-09-04 11:40:24.275;4A4ECE60-7EB0-11E4-B4A9-0800200C9A66;27750;20;-159;0.5
2016-09-04 11:40:24.470;4A4ECE60-7EB0-11E4-B4A9-0800200C9A66;27750;20;-159;0.5
2016-09-04 11:40:25.517;4A4ECE60-7EB0-11E4-B4A9-0800200C9A66;27750;20;-159;0.5
2016-09-04 11:40:26.817;4A4ECE60-7EB0-11E4-B4A9-0800200C9A66;27750;20;-159;0.5
2016-09-04 11:40:28.095;4A4ECE60-7EB0-11E4-B4A9-0800200C9A66;27750;20;-159;0.5
2016-09-04 11:40:31.956;4A4ECE60-7EB0-11E4-B4A9-0800200C9A66;27750;20;-159;0.5
2016-09-04 11:40:32.119;4A4ECE60-7EB0-11E4-B4A9-0800200C9A66;27750;20;-159;0.5
2016-09-04 11:40:33.223;4A4ECE60-7EB0-11E4-B4A9-0800200C9A66;27750;20;-159;0.5
2016-09-04 11:40:34.502;4A4ECE60-7EB0-11E4-B4A9-0800200C9A66;27750;20;-159;0.5
2016-09-04 11:40:35.786;4A4ECE60-7EB0-11E4-B4A9-0800200C9A66;27750;20;-159;0.5
2016-09-04 13:59:20.113;4A4ECE60-7EB0-11E4-B4A9-0800200C9A66;27750;20;-159;0.5
2016-09-04 13:59:22.700;4A4ECE60-7EB0-11E4-B4A9-0800200C9A66;27750;20;-159;0.5
2016-09-04 13:59:23.979;4A4ECE60-7EB0-11E4-B4A9-0800200C9A66;27750;20;-159;0.5
2016-09-04 13:59:25.267;4A4ECE60-7EB0-11E4-B4A9-0800200C9A66;27750;20;-159;0.5
2016-09-04 13:59:26.540;4A4ECE60-7EB0-11E4-B4A9-0800200C9A66;27750;20;-159;0.5
2016-09-04 13:59:27.888;4A4ECE60-7EB0-11E4-B4A9-0800200C9A66;27750;20;-159;0.5
2016-09-04 13:59:31.679;4A4ECE60-7EB0-11E4-B4A9-0800200C9A66;27750;20;-159;0.5
2016-09-04 13:59:31.885;4A4ECE60-7EB0-11E4-B4A9-0800200C9A66;27750;20;-159;0.5
2016-09-04 13:59:32.974;4A4ECE60-7EB0-11E4-B4A9-0800200C9A66;27750;20;-159;0.5
2016-09-04 13:59:35.535;4A4ECE60-7EB0-11E4-B4A9-0800200C9A66;27750;20;-159;0.5
2016-09-04 13:59:38.137;4A4ECE60-7EB0-11E4-B4A9-0800200C9A66;27750;20;-159;0.5
2016-09-04 13:59:38.303;4A4ECE60-7EB0-11E4-B4A9-0800200C9A66;27750;20;-159;0.5
2016-09-04 13:59:39.395;4A4ECE60-7EB0-11E4-B4A9-0800200C9A66;27750;20;-159;0.5
2016-09-04 13:59:40.677;4A4ECE60-7EB0-11E4-B4A9-0800200C9A66;27750;20;-159;0.5
2016-09-04 13:59:42.024;4A4ECE60-7EB0-11E4-B4A9-0800200C9A66;27750;20;-159;0.5
2016-09-04 13:59:43.317;4A4ECE60-7EB0-11E4-B4A9-0800200C9A66;27750;20;-159;0.5
2016-09-04 13:59:44.569;4A4ECE60-7EB0-11E4-B4A9-0800200C9A66;27750;20;-159;0.5
2016-09-04 13:59:47.127;4A4ECE60-7EB0-11E4-B4A9-0800200C9A66;27750;20;-159;0.5
2016-09-04 13:59:49.665;4A4ECE60-7EB0-11E4-B4A9-0800200C9A66;27750;20;-159;0.5
2016-09-04 13:59:49.832;4A4ECE60-7EB0-11E4-B4A9-0800200C9A66;27750;20;-159;0.5
2016-09-04 13:59:50.954;4A4ECE60-7EB0-11E4-B4A9-0800200C9A66;27750;20;-159;0.5
2016-09-04 13:59:53.592;4A4ECE60-7EB0-11E4-B4A9-0800200C9A66;27750;20;-159;0.5
2016-09-04 13:59:54.888;4A4ECE60-7EB0-11E4-B4A9-0800200C9A66;27750;20;-159;0.5
2016-09-04 13:59:56.094;4A4ECE60-7EB0-11E4-B4A9-0800200C9A66;27750;20;-159;0.5
2016-09-04 13:59:58.667;4A4ECE60-7EB0-11E4-B4A9-0800200C9A66;27750;20;-159;0.5
2016-09-04 13:59:59.949;4A4ECE60-7EB0-11E4-B4A9-0800200C9A66;27750;20;-159;0.5
2016-09-04 14:00:01.240;4A4ECE60-7EB0-11E4-B4A9-0800200C9A66;27750;20;-159;0.5
2016-09-04 14:00:02.555;4A4ECE60-7EB0-11E4-B4A9-0800200C9A66;27750;20;-159;0.5
2016-09-04 14:00:03.807;4A4ECE60-7EB0-11E4-B4A9-0800200C9A66;27750;20;-159;0.5
2016-09-04 14:00:05.097;4A4ECE60-7EB0-11E4-B4A9-0800200C9A66;27750;20;-159;0.5
2016-09-04 14:00:06.396;4A4ECE60-7EB0-11E4-B4A9-0800200C9A66;27750;20;-159;0.5
2016-09-04 14:00:08.946;4A4ECE60-7EB0-11E4-B4A9-0800200C9A66;27750;20;-159;1
2016-09-04 14:00:10.234;4A4ECE60-7EB0-11E4-B4A9-0800200C9A66;27750;20;-159;1
2016-09-04 14:00:11.514;4A4ECE60-7EB0-11E4-B4A9-0800200C9A66;27750;20;-159;1
2016-09-04 14:00:12.239;4A4ECE60-7EB0-11E4-B4A9-0800200C9A66;27750;20;-159;1
2016-09-04 14:00:12.804;4A4ECE60-7EB0-11E4-B4A9-0800200C9A66;27750;20;-159;1
2016-09-04 14:00:14.089;4A4ECE60-7EB0-11E4-B4A9-0800200C9A66;27750;20;-159;1
2016-09-04 14:00:16.663;4A4ECE60-7EB0-11E4-B4A9-0800200C9A66;27750;20;-159;1
2016-09-04 14:00:17.938;4A4ECE60-7EB0-11E4-B4A9-0800200C9A66;27750;20;-159;1
2016-09-04 14:00:19.224;4A4ECE60-7EB0-11E4-B4A9-0800200C9A66;27750;20;-159;1
2016-09-04 14:00:20.510;4A4ECE60-7EB0-11E4-B4A9-0800200C9A66;27750;20;-159;1
2016-09-04 14:00:21.816;4A4ECE60-7EB0-11E4-B4A9-0800200C9A66;27750;20;-159;1
2016-09-04 14:00:23.084;4A4ECE60-7EB0-11E4-B4A9-0800200C9A66;27750;20;-159;1
2016-09-04 14:00:24.370;4A4ECE60-7EB0-11E4-B4A9-0800200C9A66;27750;20;-159;1
2016-09-04 14:00:25.665;4A4ECE60-7EB0-11E4-B4A9-0800200C9A66;27750;20;-159;1
2016-09-04 14:00:29.506;4A4ECE60-7EB0-11E4-B4A9-0800200C9A66;27750;20;-159;1
2016-09-04 14:00:30.803;4A4ECE60-7EB0-11E4-B4A9-0800200C9A66;27750;20;-159;1
2016-09-04 14:00:32.148;4A4ECE60-7EB0-11E4-B4A9-0800200C9A66;27750;20;-159;1
2016-09-04 14:00:33.364;4A4ECE60-7EB0-11E4-B4A9-0800200C9A66;27750;20;-159;1
2016-09-04 14:00:34.648;4A4ECE60-7EB0-11E4-B4A9-0800200C9A66;27750;20;-159;1
2016-09-04 14:00:35.931;4A4ECE60-7EB0-11E4-B4A9-0800200C9A66;27750;20;-159;2.5
2016-09-04 14:00:37.227;4A4ECE60-7EB0-11E4-B4A9-0800200C9A66;27750;20;-159;2.5
2016-09-04 14:00:38.541;4A4ECE60-7EB0-11E4-B4A9-0800200C9A66;27750;20;-159;2.5
2016-09-04 14:00:39.789;4A4ECE60-7EB0-11E4-B4A9-0800200C9A66;27750;20;-159;2.5
2016-09-04 14:00:41.068;4A4ECE60-7EB0-11E4-B4A9-0800200C9A66;27750;20;-159;2.5
2016-09-04 14:00:42.392;4A4ECE60-7EB0-11E4-B4A9-0800200C9A66;27750;20;-159;2.5
2016-09-04 14:00:43.641;4A4ECE60-7EB0-11E4-B4A9-0800200C9A66;27750;20;-159;2.5
2016-09-04 14:00:47.500;4A4ECE60-7EB0-11E4-B4A9-0800200C9A66;27750;20;-159;2.5
2016-09-04 14:00:49.282;4A4ECE60-7EB0-11E4-B4A9-0800200C9A66;27750;20;-159;2.5
2016-09-04 14:00:51.344;4A4ECE60-7EB0-11E4-B4A9-0800200C9A66;27750;20;-159;2.5
2016-09-04 14:00:51.509;4A4ECE60-7EB0-11E4-B4A9-0800200C9A66;27750;20;-159;2.5
2016-09-04 14:00:51.678;4A4ECE60-7EB0-11E4-B4A9-0800200C9A66;27750;20;-159;2.5
2016-09-04 14:00:52.672;4A4ECE60-7EB0-11E4-B4A9-0800200C9A66;27750;20;-159;2.5
2016-09-04 14:00:53.916;4A4ECE60-7EB0-11E4-B4A9-0800200C9A66;27750;20;-159;2.5
2016-09-04 14:00:55.202;4A4ECE60-7EB0-11E4-B4A9-0800200C9A66;27750;20;-159;2.5
2016-09-04 14:00:56.490;4A4ECE60-7EB0-11E4-B4A9-0800200C9A66;27750;20;-159;2.5
2016-09-04 14:00:57.793;4A4ECE60-7EB0-11E4-B4A9-0800200C9A66;27750;20;-159;2.5
2016-09-04 14:00:59.066;4A4ECE60-7EB0-11E4-B4A9-0800200C9A66;27750;20;-159;2.5
2016-09-04 14:01:00.344;4A4ECE60-7EB0-11E4-B4A9-0800200C9A66;27750;20;-159;2.5
2016-09-04 14:01:02.955;4A4ECE60-7EB0-11E4-B4A9-0800200C9A66;27750;20;-159;2.5
2016-09-04 14:01:04.230;4A4ECE60-7EB0-11E4-B4A9-0800200C9A66;27750;20;-159;2.5
2016-09-04 14:01:04.394;4A4ECE60-7EB0-11E4-B4A9-0800200C9A66;27750;20;-159;2.5
2016-09-04 14:01:06.770;4A4ECE60-7EB0-11E4-B4A9-0800200C9A66;27750;20;-159;2.5
2016-09-04 14:01:08.101;4A4ECE60-7EB0-11E4-B4A9-0800200C9A66;27750;20;-159;2.5
2016-09-04 14:01:10.628;4A4ECE60-7EB0-11E4-B4A9-0800200C9A66;27750;20;-159;2.5
2016-09-04 14:01:11.969;4A4ECE60-7EB0-11E4-B4A9-0800200C9A66;27750;20;-159;2.5
2016-09-04 14:01:13.205;4A4ECE60-7EB0-11E4-B4A9-0800200C9A66;27750;20;-159;2.5
2016-09-04 14:01:13.370;4A4ECE60-7EB0-11E4-B4A9-0800200C9A66;27750;20;-159;2.5
2016-09-04 14:01:15.053;4A4ECE60-7EB0-11E4-B4A9-0800200C9A66;27750;20;-159;2.5
2016-09-04 14:01:15.767;4A4ECE60-7EB0-11E4-B4A9-0800200C9A66;27750;20;-159;2.5
2016-09-04 14:01:17.109;4A4ECE60-7EB0-11E4-B4A9-0800200C9A66;27750;20;-159;2.5
2016-09-04 14:01:19.630;4A4ECE60-7EB0-11E4-B4A9-0800200C9A66;27750;20;-159;2.7
2016-09-04 14:01:22.203;4A4ECE60-7EB0-11E4-B4A9-0800200C9A66;27750;20;-159;2.7
2016-09-04 14:01:23.478;4A4ECE60-7EB0-11E4-B4A9-0800200C9A66;27750;20;-159;2.7
2016-09-04 14:01:24.769;4A4ECE60-7EB0-11E4-B4A9-0800200C9A66;27750;20;-159;2.7
2016-09-04 14:01:26.048;4A4ECE60-7EB0-11E4-B4A9-0800200C9A66;27750;20;-159;2.7
2016-09-04 14:01:27.399;4A4ECE60-7EB0-11E4-B4A9-0800200C9A66;27750;20;-159;2.7
2016-09-04 14:01:28.657;4A4ECE60-7EB0-11E4-B4A9-0800200C9A66;27750;20;-159;2.7
2016-09-04 14:01:29.916;4A4ECE60-7EB0-11E4-B4A9-0800200C9A66;27750;20;-159;2.7
2016-09-04 14:01:31.193;4A4ECE60-7EB0-11E4-B4A9-0800200C9A66;27750;20;-159;2.7
2016-09-04 14:01:33.758;4A4ECE60-7EB0-11E4-B4A9-0800200C9A66;27750;20;-159;2.7
2016-09-04 14:01:35.040;4A4ECE60-7EB0-11E4-B4A9-0800200C9A66;27750;20;-159;2.7
2016-09-04 14:01:36.326;4A4ECE60-7EB0-11E4-B4A9-0800200C9A66;27750;20;-159;2.7
2016-09-04 14:01:37.646;4A4ECE60-7EB0-11E4-B4A9-0800200C9A66;27750;20;-159;2.7
2016-09-04 14:01:38.898;4A4ECE60-7EB0-11E4-B4A9-0800200C9A66;27750;20;-159;2.7
2016-09-04 14:01:40.186;4A4ECE60-7EB0-11E4-B4A9-0800200C9A66;27750;20;-159;2.7
2016-09-04 14:01:41.474;4A4ECE60-7EB0-11E4-B4A9-0800200C9A66;27750;20;-159;2.7
2016-09-04 14:01:42.808;4A4ECE60-7EB0-11E4-B4A9-0800200C9A66;27750;20;-159;2.7
2016-09-04 14:01:44.058;4A4ECE60-7EB0-11E4-B4A9-0800200C9A66;27750;20;-159;2.7
2016-09-04 14:01:45.322;4A4ECE60-7EB0-11E4-B4A9-0800200C9A66;27750;20;-159;2.7
2016-09-04 14:01:47.211;4A4ECE60-7EB0-11E4-B4A9-0800200C9A66;27750;20;-159;3
2016-09-04 14:01:47.962;4A4ECE60-7EB0-11E4-B4A9-0800200C9A66;27750;20;-159;3
2016-09-04 14:01:51.734;4A4ECE60-7EB0-11E4-B4A9-0800200C9A66;27750;20;-159;3
2016-09-04 14:01:51.952;4A4ECE60-7EB0-11E4-B4A9-0800200C9A66;27750;20;-159;3
2016-09-04 14:01:53.096;4A4ECE60-7EB0-11E4-B4A9-0800200C9A66;27750;20;-159;3
2016-09-04 14:01:55.641;4A4ECE60-7EB0-11E4-B4A9-0800200C9A66;27750;20;-159;3
2016-09-04 14:01:56.922;4A4ECE60-7EB0-11E4-B4A9-0800200C9A66;27750;20;-159;3
2016-09-04 14:01:58.192;4A4ECE60-7EB0-11E4-B4A9-0800200C9A66;27750;20;-159;3
2016-09-04 14:01:59.462;4A4ECE60-7EB0-11E4-B4A9-0800200C9A66;27750;20;-159;3
2016-09-04 14:02:00.745;4A4ECE60-7EB0-11E4-B4A9-0800200C9A66;27750;20;-159;3
2016-09-04 14:02:04.642;4A4ECE60-7EB0-11E4-B4A9-0800200C9A66;27750;20;-159;3
2016-09-04 14:02:07.212;4A4ECE60-7EB0-11E4-B4A9-0800200C9A66;27750;20;-159;3
2016-09-04 14:02:07.398;4A4ECE60-7EB0-11E4-B4A9-0800200C9A66;27750;20;-159;3
2016-09-04 14:02:08.455;4A4ECE60-7EB0-11E4-B4A9-0800200C9A66;27750;20;-159;3
2016-09-04 14:02:11.014;4A4ECE60-7EB0-11E4-B4A9-0800200C9A66;27750;20;-159;3
2016-09-04 14:02:13.635;4A4ECE60-7EB0-11E4-B4A9-0800200C9A66;27750;20;-159;3
2016-09-04 14:02:14.762;4A4ECE60-7EB0-11E4-B4A9-0800200C9A66;27750;20;-159;3
2016-09-04 14:02:14.942;4A4ECE60-7EB0-11E4-B4A9-0800200C9A66;27750;20;-159;3
2016-09-04 14:02:16.159;4A4ECE60-7EB0-11E4-B4A9-0800200C9A66;27750;20;-159;3
2016-09-04 14:02:17.505;4A4ECE60-7EB0-11E4-B4A9-0800200C9A66;27750;20;-159;3
2016-09-04 14:02:18.768;4A4ECE60-7EB0-11E4-B4A9-0800200C9A66;27750;20;-159;3
2016-09-04 14:02:21.323;4A4ECE60-7EB0-11E4-B4A9-0800200C9A66;27750;20;-159;3
2016-09-04 14:02:22.602;4A4ECE60-7EB0-11E4-B4A9-0800200C9A66;27750;20;-159;3
2016-09-04 14:02:22.771;4A4ECE60-7EB0-11E4-B4A9-0800200C9A66;27750;20;-159;3
2016-09-04 14:02:25.613;4A4ECE60-7EB0-11E4-B4A9-0800200C9A66;27750;20;-159;3
2016-09-04 14:02:27.764;4A4ECE60-7EB0-11E4-B4A9-0800200C9A66;27750;20;-159;3
2016-09-04 14:02:29.017;4A4ECE60-7EB0-11E4-B4A9-0800200C9A66;27750;20;-159;3
2016-09-04 14:02:30.309;4A4ECE60-7EB0-11E4-B4A9-0800200C9A66;27750;20;-159;3
2016-09-04 14:02:32.894;4A4ECE60-7EB0-11E4-B4A9-0800200C9A66;27750;20;-159;3
2016-09-04 14:02:34.177;4A4ECE60-7EB0-11E4-B4A9-0800200C9A66;27750;20;-159;3
2016-09-04 14:02:35.441;4A4ECE60-7EB0-11E4-B4A9-0800200C9A66;27750;20;-159;3
2016-09-04 14:02:37.138;4A4ECE60-7EB0-11E4-B4A9-0800200C9A66;27750;20;-159;3
2016-09-04 14:02:38.010;4A4ECE60-7EB0-11E4-B4A9-0800200C9A66;27750;20;-159;3
2016-09-04 14:02:39.299;4A4ECE60-7EB0-11E4-B4A9-0800200C9A66;27750;20;-159;3
2016-09-04 14:02:41.886;4A4ECE60-7EB0-11E4-B4A9-0800200C9A66;27750;20;-159;3
2016-09-04 14:02:42.051;4A4ECE60-7EB0-11E4-B4A9-0800200C9A66;27750;20;-159;3
2016-09-04 14:02:44.446;4A4ECE60-7EB0-11E4-B4A9-0800200C9A66;27750;20;-159;3
2016-09-04 14:02:45.729;4A4ECE60-7EB0-11E4-B4A9-0800200C9A66;27750;20;-159;3
2016-09-04 14:02:47.053;4A4ECE60-7EB0-11E4-B4A9-0800200C9A66;27750;20;-159;3
2016-09-04 14:02:48.296;4A4ECE60-7EB0-11E4-B4A9-0800200C9A66;27750;20;-159;3
2016-09-04 14:02:49.575;4A4ECE60-7EB0-11E4-B4A9-0800200C9A66;27750;20;-159;3
2016-09-04 14:02:50.855;4A4ECE60-7EB0-11E4-B4A9-0800200C9A66;27750;20;-159;3
2016-09-04 14:02:52.205;4A4ECE60-7EB0-11E4-B4A9-0800200C9A66;27750;20;-159;3
2016-09-04 14:02:53.432;4A4ECE60-7EB0-11E4-B4A9-0800200C9A66;27750;20;-159;3
2016-09-04 14:02:54.704;4A4ECE60-7EB0-11E4-B4A9-0800200C9A66;27750;20;-159;3
2016-09-04 14:02:55.998;4A4ECE60-7EB0-11E4-B4A9-0800200C9A66;27750;20;-159;3
2016-09-04 14:02:57.282;4A4ECE60-7EB0-11E4-B4A9-0800200C9A66;27750;20;-159;3
2016-09-04 14:02:58.578;4A4ECE60-7EB0-11E4-B4A9-0800200C9A66;27750;20;-159;3
2016-09-04 14:02:59.857;4A4ECE60-7EB0-11E4-B4A9-0800200C9A66;27750;20;-159;3
2016-09-04 14:03:02.459;4A4ECE60-7EB0-11E4-B4A9-0800200C9A66;27750;20;-159;3
2016-09-04 14:03:03.714;4A4ECE60-7EB0-11E4-B4A9-0800200C9A66;27750;20;-159;3
2016-09-04 14:03:04.992;4A4ECE60-7EB0-11E4-B4A9-0800200C9A66;27750;20;-159;3
2016-09-04 14:03:07.602;4A4ECE60-7EB0-11E4-B4A9-0800200C9A66;27750;20;-159;3
2016-09-04 14:03:07.769;4A4ECE60-7EB0-11E4-B4A9-0800200C9A66;27750;20;-159;3
2016-09-04 14:03:08.843;4A4ECE60-7EB0-11E4-B4A9-0800200C9A66;27750;20;-159;3
2016-09-04 14:03:11.405;4A4ECE60-7EB0-11E4-B4A9-0800200C9A66;27750;20;-159;3
2016-09-04 14:03:11.569;4A4ECE60-7EB0-11E4-B4A9-0800200C9A66;27750;20;-159;3
2016-09-04 14:03:14.037;4A4ECE60-7EB0-11E4-B4A9-0800200C9A66;27750;20;-159;3
2016-09-04 14:03:15.283;4A4ECE60-7EB0-11E4-B4A9-0800200C9A66;27750;20;-159;3
2016-09-04 14:03:16.557;4A4ECE60-7EB0-11E4-B4A9-0800200C9A66;27750;20;-159;3
2016-09-04 14:03:17.895;4A4ECE60-7EB0-11E4-B4A9-0800200C9A66;27750;20;-159;3
2016-09-04 14:03:19.128;4A4ECE60-7EB0-11E4-B4A9-0800200C9A66;27750;20;-159;3
2016-09-04 14:03:20.436;4A4ECE60-7EB0-11E4-B4A9-0800200C9A66;27750;20;-159;3
2016-09-04 14:03:22.969;4A4ECE60-7EB0-11E4-B4A9-0800200C9A66;27750;20;-159;3
2016-09-04 14:03:23.133;4A4ECE60-7EB0-11E4-B4A9-0800200C9A66;27750;20;-159;3
2016-09-04 14:03:24.271;4A4ECE60-7EB0-11E4-B4A9-0800200C9A66;27750;20;-159;3
2016-09-04 14:03:25.553;4A4ECE60-7EB0-11E4-B4A9-0800200C9A66;27750;20;-159;3
2016-09-04 14:03:26.855;4A4ECE60-7EB0-11E4-B4A9-0800200C9A66;27750;20;-159;3
2016-09-04 14:03:29.444;4A4ECE60-7EB0-11E4-B4A9-0800200C9A66;27750;20;-159;3
2016-09-04 14:03:31.715;4A4ECE60-7EB0-11E4-B4A9-0800200C9A66;27750;20;-159;3
2016-09-04 14:03:32.030;4A4ECE60-7EB0-11E4-B4A9-0800200C9A66;27750;20;-159;3
2016-09-04 14:03:33.292;4A4ECE60-7EB0-11E4-B4A9-0800200C9A66;27750;20;-159;3
2016-09-04 14:03:34.548;4A4ECE60-7EB0-11E4-B4A9-0800200C9A66;27750;20;-159;3
2016-09-04 14:03:35.836;4A4ECE60-7EB0-11E4-B4A9-0800200C9A66;27750;20;-159;3
2016-09-04 14:03:37.184;4A4ECE60-7EB0-11E4-B4A9-0800200C9A66;27750;20;-159;3
2016-09-04 14:03:38.400;4A4ECE60-7EB0-11E4-B4A9-0800200C9A66;27750;20;-159;3
2016-09-04 14:03:39.687;4A4ECE60-7EB0-11E4-B4A9-0800200C9A66;27750;20;-159;3
2016-09-04 14:03:40.967;4A4ECE60-7EB0-11E4-B4A9-0800200C9A66;27750;20;-159;3
2016-09-04 14:03:43.579;4A4ECE60-7EB0-11E4-B4A9-0800200C9A66;27750;20;-159;3
2016-09-04 14:03:46.114;4A4ECE60-7EB0-11E4-B4A9-0800200C9A66;27750;20;-159;3
2016-09-04 14:03:46.279;4A4ECE60-7EB0-11E4-B4A9-0800200C9A66;27750;20;-159;3
2016-09-04 14:03:48.716;4A4ECE60-7EB0-11E4-B4A9-0800200C9A66;27750;20;-159;3
2016-09-04 14:03:48.930;4A4ECE60-7EB0-11E4-B4A9-0800200C9A66;27750;20;-159;3
2016-09-04 14:03:49.970;4A4ECE60-7EB0-11E4-B4A9-0800200C9A66;27750;20;-159;3
2016-09-04 14:03:51.249;4A4ECE60-7EB0-11E4-B4A9-0800200C9A66;27750;20;-159;3
2016-09-04 14:03:52.568;4A4ECE60-7EB0-11E4-B4A9-0800200C9A66;27750;20;-159;3
2016-09-04 14:03:55.113;4A4ECE60-7EB0-11E4-B4A9-0800200C9A66;27750;20;-159;3
2016-09-04 14:03:56.403;4A4ECE60-7EB0-11E4-B4A9-0800200C9A66;27750;20;-159;3
2016-09-04 14:03:57.679;4A4ECE60-7EB0-11E4-B4A9-0800200C9A66;27750;20;-159;3
2016-09-04 14:03:58.967;4A4ECE60-7EB0-11E4-B4A9-0800200C9A66;27750;20;-159;3
2016-09-04 14:04:00.253;4A4ECE60-7EB0-11E4-B4A9-0800200C9A66;27750;20;-159;3
2016-09-04 14:04:02.855;4A4ECE60-7EB0-11E4-B4A9-0800200C9A66;27750;20;-159;3
2016-09-04 14:04:03.055;4A4ECE60-7EB0-11E4-B4A9-0800200C9A66;27750;20;-159;3
2016-09-04 14:04:05.364;4A4ECE60-7EB0-11E4-B4A9-0800200C9A66;27750;20;-159;3
2016-09-04 14:04:05.959;4A4ECE60-7EB0-11E4-B4A9-0800200C9A66;27750;20;-159;3
2016-09-04 14:04:06.688;4A4ECE60-7EB0-11E4-B4A9-0800200C9A66;27750;20;-159;3
2016-09-04 14:04:07.984;4A4ECE60-7EB0-11E4-B4A9-0800200C9A66;27750;20;-159;3
2016-09-04 14:04:10.507;4A4ECE60-7EB0-11E4-B4A9-0800200C9A66;27750;20;-159;3
2016-09-04 14:04:11.393;4A4ECE60-7EB0-11E4-B4A9-0800200C9A66;27750;20;-159;3
2016-09-04 14:04:13.145;4A4ECE60-7EB0-11E4-B4A9-0800200C9A66;27750;20;-159;3
2016-09-04 14:04:14.386;4A4ECE60-7EB0-11E4-B4A9-0800200C9A66;27750;20;-159;3
2016-09-04 14:04:16.986;4A4ECE60-7EB0-11E4-B4A9-0800200C9A66;27750;20;-159;3
2016-09-04 14:04:18.279;4A4ECE60-7EB0-11E4-B4A9-0800200C9A66;27750;20;-159;3
2016-09-04 14:04:22.116;4A4ECE60-7EB0-11E4-B4A9-0800200C9A66;27750;20;-159;3
2016-09-04 14:04:22.282;4A4ECE60-7EB0-11E4-B4A9-0800200C9A66;27750;20;-159;3
2016-09-04 14:04:24.665;4A4ECE60-7EB0-11E4-B4A9-0800200C9A66;27750;20;-159;3
2016-09-04 14:04:25.957;4A4ECE60-7EB0-11E4-B4A9-0800200C9A66;27750;20;-159;3
2016-09-04 14:04:27.268;4A4ECE60-7EB0-11E4-B4A9-0800200C9A66;27750;20;-159;3
2016-09-04 14:04:28.517;4A4ECE60-7EB0-11E4-B4A9-0800200C9A66;27750;20;-159;3
2016-09-04 14:04:29.804;4A4ECE60-7EB0-11E4-B4A9-0800200C9A66;27750;20;-159;3
2016-09-04 14:04:31.085;4A4ECE60-7EB0-11E4-B4A9-0800200C9A66;27750;20;-159;3
2016-09-04 14:04:32.370;4A4ECE60-7EB0-11E4-B4A9-0800200C9A66;27750;20;-159;3
2016-09-04 14:04:33.668;4A4ECE60-7EB0-11E4-B4A9-0800200C9A66;27750;20;-159;3
2016-09-04 14:04:36.228;4A4ECE60-7EB0-11E4-B4A9-0800200C9A66;27750;20;-159;3
2016-09-04 14:04:37.577;4A4ECE60-7EB0-11E4-B4A9-0800200C9A66;27750;20;-159;3
2016-09-04 14:04:39.857;4A4ECE60-7EB0-11E4-B4A9-0800200C9A66;27750;20;-159;3
2016-09-04 14:04:40.141;4A4ECE60-7EB0-11E4-B4A9-0800200C9A66;27750;20;-159;3
2016-09-04 14:04:42.720;4A4ECE60-7EB0-11E4-B4A9-0800200C9A66;27750;20;-159;3
2016-09-04 14:04:43.977;4A4ECE60-7EB0-11E4-B4A9-0800200C9A66;27750;20;-159;3
2016-09-04 14:04:47.840;4A4ECE60-7EB0-11E4-B4A9-0800200C9A66;27750;20;-159;3
2016-09-04 14:04:48.018;4A4ECE60-7EB0-11E4-B4A9-0800200C9A66;27750;20;-159;3
2016-09-04 14:04:49.076;4A4ECE60-7EB0-11E4-B4A9-0800200C9A66;27750;20;-159;3
2016-09-04 14:04:50.353;4A4ECE60-7EB0-11E4-B4A9-0800200C9A66;27750;20;-159;3
2016-09-04 14:04:54.288;4A4ECE60-7EB0-11E4-B4A9-0800200C9A66;27750;20;-159;3
2016-09-04 14:04:55.574;4A4ECE60-7EB0-11E4-B4A9-0800200C9A66;27750;20;-159;3
2016-09-04 14:04:56.828;4A4ECE60-7EB0-11E4-B4A9-0800200C9A66;27750;20;-159;3
2016-09-04 14:04:58.067;4A4ECE60-7EB0-11E4-B4A9-0800200C9A66;27750;20;-159;3
2016-09-04 14:04:59.362;4A4ECE60-7EB0-11E4-B4A9-0800200C9A66;27750;20;-159;3
2016-09-04 14:05:00.644;4A4ECE60-7EB0-11E4-B4A9-0800200C9A66;27750;20;-159;3
2016-09-04 14:05:01.963;4A4ECE60-7EB0-11E4-B4A9-0800200C9A66;27750;20;-159;3
2016-09-04 14:05:03.214;4A4ECE60-7EB0-11E4-B4A9-0800200C9A66;27750;20;-159;3
2016-09-04 14:05:04.499;4A4ECE60-7EB0-11E4-B4A9-0800200C9A66;27750;20;-159;3
2016-09-04 14:05:05.784;4A4ECE60-7EB0-11E4-B4A9-0800200C9A66;27750;20;-159;3
2016-09-04 14:05:07.131;4A4ECE60-7EB0-11E4-B4A9-0800200C9A66;27750;20;-159;3
2016-09-04 14:05:08.365;4A4ECE60-7EB0-11E4-B4A9-0800200C9A66;27750;20;-159;3
2016-09-04 14:05:09.644;4A4ECE60-7EB0-11E4-B4A9-0800200C9A66;27750;20;-159;3
2016-09-04 14:05:12.250;4A4ECE60-7EB0-11E4-B4A9-0800200C9A66;27750;20;-159;3
2016-09-04 14:05:13.552;4A4ECE60-7EB0-11E4-B4A9-0800200C9A66;27750;20;-159;3
2016-09-04 14:05:14.779;4A4ECE60-7EB0-11E4-B4A9-0800200C9A66;27750;20;-159;3
2016-09-04 14:05:17.416;4A4ECE60-7EB0-11E4-B4A9-0800200C9A66;27750;20;-159;3
2016-09-04 14:05:18.671;4A4ECE60-7EB0-11E4-B4A9-0800200C9A66;27750;20;-159;3
2016-09-04 14:05:19.924;4A4ECE60-7EB0-11E4-B4A9-0800200C9A66;27750;20;-159;3
2016-09-04 14:05:22.552;4A4ECE60-7EB0-11E4-B4A9-0800200C9A66;27750;20;-159;3
2016-09-04 14:05:23.840;4A4ECE60-7EB0-11E4-B4A9-0800200C9A66;27750;20;-159;3
2016-09-04 14:05:25.088;4A4ECE60-7EB0-11E4-B4A9-0800200C9A66;27750;20;-159;3
2016-09-04 14:05:26.339;4A4ECE60-7EB0-11E4-B4A9-0800200C9A66;27750;20;-159;3
2016-09-04 14:05:27.656;4A4ECE60-7EB0-11E4-B4A9-0800200C9A66;27750;20;-159;3
2016-09-04 14:05:30.245;4A4ECE60-7EB0-11E4-B4A9-0800200C9A66;27750;20;-159;3
2016-09-04 14:05:31.486;4A4ECE60-7EB0-11E4-B4A9-0800200C9A66;27750;20;-159;3
2016-09-04 14:05:32.770;4A4ECE60-7EB0-11E4-B4A9-0800200C9A66;27750;20;-159;3
2016-09-04 14:05:34.047;4A4ECE60-7EB0-11E4-B4A9-0800200C9A66;27750;20;-159;3
2016-09-04 14:05:35.343;4A4ECE60-7EB0-11E4-B4A9-0800200C9A66;27750;20;-159;3
2016-09-04 14:05:37.930;4A4ECE60-7EB0-11E4-B4A9-0800200C9A66;27750;20;-159;3
2016-09-04 14:05:38.095;4A4ECE60-7EB0-11E4-B4A9-0800200C9A66;27750;20;-159;3
2016-09-04 14:05:39.188;4A4ECE60-7EB0-11E4-B4A9-0800200C9A66;27750;20;-159;3
2016-09-04 14:05:41.776;4A4ECE60-7EB0-11E4-B4A9-0800200C9A66;27750;20;-159;3
2016-09-04 14:05:43.083;4A4ECE60-7EB0-11E4-B4A9-0800200C9A66;27750;20;-159;3
2016-09-04 14:05:44.336;4A4ECE60-7EB0-11E4-B4A9-0800200C9A66;27750;20;-159;3
2016-09-04 14:05:45.622;4A4ECE60-7EB0-11E4-B4A9-0800200C9A66;27750;20;-159;3
2016-09-04 14:05:46.946;4A4ECE60-7EB0-11E4-B4A9-0800200C9A66;27750;20;-159;3
2016-09-04 14:05:50.755;4A4ECE60-7EB0-11E4-B4A9-0800200C9A66;27750;20;-159;3
2016-09-04 14:05:50.921;4A4ECE60-7EB0-11E4-B4A9-0800200C9A66;27750;20;-159;3
2016-09-04 14:05:52.127;4A4ECE60-7EB0-11E4-B4A9-0800200C9A66;27750;20;-159;3
2016-09-04 14:05:53.339;4A4ECE60-7EB0-11E4-B4A9-0800200C9A66;27750;20;-159;3
2016-09-04 14:05:55.897;4A4ECE60-7EB0-11E4-B4A9-0800200C9A66;27750;20;-159;3
2016-09-04 14:05:59.756;4A4ECE60-7EB0-11E4-B4A9-0800200C9A66;27750;20;-159;3
2016-09-04 14:06:01.046;4A4ECE60-7EB0-11E4-B4A9-0800200C9A66;27750;20;-159;3
2016-09-04 14:06:03.641;4A4ECE60-7EB0-11E4-B4A9-0800200C9A66;27750;20;-159;3
2016-09-04 14:06:03.804;4A4ECE60-7EB0-11E4-B4A9-0800200C9A66;27750;20;-159;3
2016-09-04 14:06:04.899;4A4ECE60-7EB0-11E4-B4A9-0800200C9A66;27750;20;-159;3
2016-09-04 14:06:06.182;4A4ECE60-7EB0-11E4-B4A9-0800200C9A66;27750;20;-159;3
2016-09-04 14:06:07.488;4A4ECE60-7EB0-11E4-B4A9-0800200C9A66;27750;20;-159;3
2016-09-04 14:06:11.321;4A4ECE60-7EB0-11E4-B4A9-0800200C9A66;27750;20;-159;3
2016-09-04 14:06:12.677;4A4ECE60-7EB0-11E4-B4A9-0800200C9A66;27750;20;-159;3
2016-09-04 14:06:13.891;4A4ECE60-7EB0-11E4-B4A9-0800200C9A66;27750;20;-159;3
2016-09-04 14:06:16.444;4A4ECE60-7EB0-11E4-B4A9-0800200C9A66;27750;20;-159;3
2016-09-04 14:06:16.613;4A4ECE60-7EB0-11E4-B4A9-0800200C9A66;27750;20;-159;3
2016-09-04 14:06:19.064;4A4ECE60-7EB0-11E4-B4A9-0800200C9A66;27750;20;-159;3
2016-09-04 14:06:20.331;4A4ECE60-7EB0-11E4-B4A9-0800200C9A66;27750;20;-159;3
2016-09-04 14:06:22.952;4A4ECE60-7EB0-11E4-B4A9-0800200C9A66;27750;20;-159;3
2016-09-04 14:06:24.242;4A4ECE60-7EB0-11E4-B4A9-0800200C9A66;27750;20;-159;3
2016-09-04 14:06:25.523;4A4ECE60-7EB0-11E4-B4A9-0800200C9A66;27750;20;-159;3
2016-09-04 14:06:28.088;4A4ECE60-7EB0-11E4-B4A9-0800200C9A66;27750;20;-159;3
2016-09-04 14:06:29.351;4A4ECE60-7EB0-11E4-B4A9-0800200C9A66;27750;20;-159;3
2016-09-04 14:06:30.592;4A4ECE60-7EB0-11E4-B4A9-0800200C9A66;27750;20;-159;3
2016-09-04 14:06:31.919;4A4ECE60-7EB0-11E4-B4A9-0800200C9A66;27750;20;-159;3
2016-09-04 14:06:34.453;4A4ECE60-7EB0-11E4-B4A9-0800200C9A66;27750;20;-159;3
2016-09-04 14:06:35.736;4A4ECE60-7EB0-11E4-B4A9-0800200C9A66;27750;20;-159;3
2016-09-04 14:06:37.090;4A4ECE60-7EB0-11E4-B4A9-0800200C9A66;27750;20;-159;3
2016-09-04 14:06:38.301;4A4ECE60-7EB0-11E4-B4A9-0800200C9A66;27750;20;-159;3
2016-09-04 14:06:39.592;4A4ECE60-7EB0-11E4-B4A9-0800200C9A66;27750;20;-159;3
2016-09-04 14:06:40.874;4A4ECE60-7EB0-11E4-B4A9-0800200C9A66;27750;20;-159;3
2016-09-04 14:06:43.460;4A4ECE60-7EB0-11E4-B4A9-0800200C9A66;27750;20;-159;3
2016-09-04 14:06:46.001;4A4ECE60-7EB0-11E4-B4A9-0800200C9A66;27750;20;-159;3
2016-09-04 14:06:46.165;4A4ECE60-7EB0-11E4-B4A9-0800200C9A66;27750;20;-159;3
2016-09-04 14:06:47.345;4A4ECE60-7EB0-11E4-B4A9-0800200C9A66;27750;20;-159;3
2016-09-04 14:06:48.589;4A4ECE60-7EB0-11E4-B4A9-0800200C9A66;27750;20;-159;3
2016-09-04 14:06:50.802;4A4ECE60-7EB0-11E4-B4A9-0800200C9A66;27750;20;-159;3
2016-09-04 14:06:52.473;4A4ECE60-7EB0-11E4-B4A9-0800200C9A66;27750;20;-159;3
2016-09-04 14:06:53.728;4A4ECE60-7EB0-11E4-B4A9-0800200C9A66;27750;20;-159;3
2016-09-04 14:06:55.023;4A4ECE60-7EB0-11E4-B4A9-0800200C9A66;27750;20;-159;3
2016-09-04 14:06:57.625;4A4ECE60-7EB0-11E4-B4A9-0800200C9A66;27750;20;-159;3
2016-09-04 14:06:58.907;4A4ECE60-7EB0-11E4-B4A9-0800200C9A66;27750;20;-159;3
2016-09-04 14:06:59.129;4A4ECE60-7EB0-11E4-B4A9-0800200C9A66;27750;20;-159;3
2016-09-04 14:07:00.160;4A4ECE60-7EB0-11E4-B4A9-0800200C9A66;27750;20;-159;3
2016-09-04 14:07:01.433;4A4ECE60-7EB0-11E4-B4A9-0800200C9A66;27750;20;-159;3
2016-09-04 14:07:04.049;4A4ECE60-7EB0-11E4-B4A9-0800200C9A66;27750;20;-159;3
2016-09-04 14:07:07.872;4A4ECE60-7EB0-11E4-B4A9-0800200C9A66;27750;20;-159;3
2016-09-04 14:07:09.147;4A4ECE60-7EB0-11E4-B4A9-0800200C9A66;27750;20;-159;3
2016-09-04 14:07:10.433;4A4ECE60-7EB0-11E4-B4A9-0800200C9A66;27750;20;-159;3
2016-09-04 14:07:11.721;4A4ECE60-7EB0-11E4-B4A9-0800200C9A66;27750;20;-159;3
2016-09-04 14:07:15.637;4A4ECE60-7EB0-11E4-B4A9-0800200C9A66;27750;20;-159;3
2016-09-04 14:07:16.917;4A4ECE60-7EB0-11E4-B4A9-0800200C9A66;27750;20;-159;3
2016-09-04 14:07:18.143;4A4ECE60-7EB0-11E4-B4A9-0800200C9A66;27750;20;-159;3
2016-09-04 14:07:19.436;4A4ECE60-7EB0-11E4-B4A9-0800200C9A66;27750;20;-159;3
2016-09-04 14:07:20.712;4A4ECE60-7EB0-11E4-B4A9-0800200C9A66;27750;20;-159;3
2016-09-04 14:07:22.048;4A4ECE60-7EB0-11E4-B4A9-0800200C9A66;27750;20;-159;3
2016-09-04 14:07:23.290;4A4ECE60-7EB0-11E4-B4A9-0800200C9A66;27750;20;-159;3
2016-09-04 14:07:24.570;4A4ECE60-7EB0-11E4-B4A9-0800200C9A66;27750;20;-159;3
2016-09-04 14:07:27.171;4A4ECE60-7EB0-11E4-B4A9-0800200C9A66;27750;20;-159;3
2016-09-04 14:07:30.986;4A4ECE60-7EB0-11E4-B4A9-0800200C9A66;27750;20;-159;3
2016-09-04 14:07:31.153;4A4ECE60-7EB0-11E4-B4A9-0800200C9A66;27750;20;-159;3
2016-09-04 14:07:32.280;4A4ECE60-7EB0-11E4-B4A9-0800200C9A66;27750;20;-159;3
2016-09-04 14:07:33.569;4A4ECE60-7EB0-11E4-B4A9-0800200C9A66;27750;20;-159;3
2016-09-04 14:07:34.852;4A4ECE60-7EB0-11E4-B4A9-0800200C9A66;27750;20;-159;3
2016-09-04 14:07:36.138;4A4ECE60-7EB0-11E4-B4A9-0800200C9A66;27750;20;-159;3
2016-09-04 14:07:38.759;4A4ECE60-7EB0-11E4-B4A9-0800200C9A66;27750;20;-159;3
2016-09-04 14:07:38.932;4A4ECE60-7EB0-11E4-B4A9-0800200C9A66;27750;20;-159;3
2016-09-04 14:07:39.982;4A4ECE60-7EB0-11E4-B4A9-0800200C9A66;27750;20;-159;3
2016-09-04 14:07:42.575;4A4ECE60-7EB0-11E4-B4A9-0800200C9A66;27750;20;-159;3
2016-09-04 14:07:45.140;4A4ECE60-7EB0-11E4-B4A9-0800200C9A66;27750;20;-159;3
2016-09-04 14:07:46.412;4A4ECE60-7EB0-11E4-B4A9-0800200C9A66;27750;20;-159;3
2016-09-04 14:07:47.755;4A4ECE60-7EB0-11E4-B4A9-0800200C9A66;27750;20;-159;3
2016-09-04 14:07:50.332;4A4ECE60-7EB0-11E4-B4A9-0800200C9A66;27750;20;-159;3
2016-09-04 14:07:51.551;4A4ECE60-7EB0-11E4-B4A9-0800200C9A66;27750;20;-159;3
2016-09-04 14:07:52.903;4A4ECE60-7EB0-11E4-B4A9-0800200C9A66;27750;20;-159;3
2016-09-04 14:07:54.158;4A4ECE60-7EB0-11E4-B4A9-0800200C9A66;27750;20;-159;3
2016-09-04 14:07:56.698;4A4ECE60-7EB0-11E4-B4A9-0800200C9A66;27750;20;-159;3
2016-09-04 14:07:58.029;4A4ECE60-7EB0-11E4-B4A9-0800200C9A66;27750;20;-159;3
2016-09-04 14:07:59.270;4A4ECE60-7EB0-11E4-B4A9-0800200C9A66;27750;20;-159;3
2016-09-04 14:08:00.550;4A4ECE60-7EB0-11E4-B4A9-0800200C9A66;27750;20;-159;3
2016-09-04 14:08:01.870;4A4ECE60-7EB0-11E4-B4A9-0800200C9A66;27750;20;-159;3
2016-09-04 14:08:03.154;4A4ECE60-7EB0-11E4-B4A9-0800200C9A66;27750;20;-159;3
2016-09-04 14:08:03.318;4A4ECE60-7EB0-11E4-B4A9-0800200C9A66;27750;20;-159;3
2016-09-04 14:08:04.402;4A4ECE60-7EB0-11E4-B4A9-0800200C9A66;27750;20;-159;3
2016-09-04 14:08:05.692;4A4ECE60-7EB0-11E4-B4A9-0800200C9A66;27750;20;-159;3
2016-09-04 14:08:08.247;4A4ECE60-7EB0-11E4-B4A9-0800200C9A66;27750;20;-159;3
2016-09-04 14:08:08.412;4A4ECE60-7EB0-11E4-B4A9-0800200C9A66;27750;20;-159;3
2016-09-04 14:08:09.546;4A4ECE60-7EB0-11E4-B4A9-0800200C9A66;27750;20;-159;3
2016-09-04 14:08:10.830;4A4ECE60-7EB0-11E4-B4A9-0800200C9A66;27750;20;-159;3
2016-09-04 14:08:12.187;4A4ECE60-7EB0-11E4-B4A9-0800200C9A66;27750;20;-159;3
2016-09-04 14:08:13.398;4A4ECE60-7EB0-11E4-B4A9-0800200C9A66;27750;20;-159;3
2016-09-04 14:08:15.974;4A4ECE60-7EB0-11E4-B4A9-0800200C9A66;27750;20;-159;3
2016-09-04 14:08:18.564;4A4ECE60-7EB0-11E4-B4A9-0800200C9A66;27750;20;-159;3
2016-09-04 14:08:18.732;4A4ECE60-7EB0-11E4-B4A9-0800200C9A66;27750;20;-159;3
2016-09-04 14:08:19.826;4A4ECE60-7EB0-11E4-B4A9-0800200C9A66;27750;20;-159;3
2016-09-04 14:08:21.105;4A4ECE60-7EB0-11E4-B4A9-0800200C9A66;27750;20;-159;3
2016-09-04 14:08:22.455;4A4ECE60-7EB0-11E4-B4A9-0800200C9A66;27750;20;-159;3
2016-09-04 14:08:23.734;4A4ECE60-7EB0-11E4-B4A9-0800200C9A66;27750;20;-159;3
2016-09-04 14:08:26.250;4A4ECE60-7EB0-11E4-B4A9-0800200C9A66;27750;20;-159;3
2016-09-04 14:08:27.565;4A4ECE60-7EB0-11E4-B4A9-0800200C9A66;27750;20;-159;3
2016-09-04 14:08:30.153;4A4ECE60-7EB0-11E4-B4A9-0800200C9A66;27750;20;-159;3
2016-09-04 14:08:31.393;4A4ECE60-7EB0-11E4-B4A9-0800200C9A66;27750;20;-159;3
2016-09-04 14:08:32.672;4A4ECE60-7EB0-11E4-B4A9-0800200C9A66;27750;20;-159;3
2016-09-04 14:08:33.961;4A4ECE60-7EB0-11E4-B4A9-0800200C9A66;27750;20;-159;3
2016-09-04 14:08:37.822;4A4ECE60-7EB0-11E4-B4A9-0800200C9A66;27750;20;-159;3
2016-09-04 14:08:39.083;4A4ECE60-7EB0-11E4-B4A9-0800200C9A66;27750;20;-159;3
2016-09-04 14:08:39.254;4A4ECE60-7EB0-11E4-B4A9-0800200C9A66;27750;20;-159;3
2016-09-04 14:08:40.382;4A4ECE60-7EB0-11E4-B4A9-0800200C9A66;27750;20;-159;3
2016-09-04 14:08:41.663;4A4ECE60-7EB0-11E4-B4A9-0800200C9A66;27750;20;-159;3
2016-09-04 14:08:45.522;4A4ECE60-7EB0-11E4-B4A9-0800200C9A66;27750;20;-159;3
2016-09-04 14:08:46.821;4A4ECE60-7EB0-11E4-B4A9-0800200C9A66;27750;20;-159;3
2016-09-04 14:08:49.427;4A4ECE60-7EB0-11E4-B4A9-0800200C9A66;27750;20;-159;3
2016-09-04 14:08:50.667;4A4ECE60-7EB0-11E4-B4A9-0800200C9A66;27750;20;-159;3
2016-09-04 14:08:53.299;4A4ECE60-7EB0-11E4-B4A9-0800200C9A66;27750;20;-159;3
2016-09-04 14:08:54.526;4A4ECE60-7EB0-11E4-B4A9-0800200C9A66;27750;20;-159;3
2016-09-04 14:08:55.803;4A4ECE60-7EB0-11E4-B4A9-0800200C9A66;27750;20;-159;3
2016-09-04 14:08:57.173;4A4ECE60-7EB0-11E4-B4A9-0800200C9A66;27750;20;-159;3
2016-09-04 14:08:59.627;4A4ECE60-7EB0-11E4-B4A9-0800200C9A66;27750;20;-159;3
2016-09-04 14:09:00.928;4A4ECE60-7EB0-11E4-B4A9-0800200C9A66;27750;20;-159;3
2016-09-04 14:09:02.256;4A4ECE60-7EB0-11E4-B4A9-0800200C9A66;27750;20;-159;3
2016-09-04 14:09:02.420;4A4ECE60-7EB0-11E4-B4A9-0800200C9A66;27750;20;-159;3
2016-09-04 14:09:03.512;4A4ECE60-7EB0-11E4-B4A9-0800200C9A66;27750;20;-159;3
2016-09-04 14:09:04.796;4A4ECE60-7EB0-11E4-B4A9-0800200C9A66;27750;20;-159;3
2016-09-04 14:09:07.376;4A4ECE60-7EB0-11E4-B4A9-0800200C9A66;27750;20;-159;3
2016-09-04 14:09:09.939;4A4ECE60-7EB0-11E4-B4A9-0800200C9A66;27750;20;-159;3
2016-09-04 14:09:11.226;4A4ECE60-7EB0-11E4-B4A9-0800200C9A66;27750;20;-159;3
2016-09-04 14:09:12.586;4A4ECE60-7EB0-11E4-B4A9-0800200C9A66;27750;20;-159;3
2016-09-04 14:09:13.796;4A4ECE60-7EB0-11E4-B4A9-0800200C9A66;27750;20;-159;3
2016-09-04 14:09:15.087;4A4ECE60-7EB0-11E4-B4A9-0800200C9A66;27750;20;-159;3
2016-09-04 14:09:16.368;4A4ECE60-7EB0-11E4-B4A9-0800200C9A66;27750;20;-159;3
2016-09-04 14:09:18.960;4A4ECE60-7EB0-11E4-B4A9-0800200C9A66;27750;20;-159;3
2016-09-04 14:09:20.217;4A4ECE60-7EB0-11E4-B4A9-0800200C9A66;27750;20;-159;3
2016-09-04 14:09:21.505;4A4ECE60-7EB0-11E4-B4A9-0800200C9A66;27750;20;-159;3
2016-09-04 14:09:22.855;4A4ECE60-7EB0-11E4-B4A9-0800200C9A66;27750;20;-159;3
2016-09-04 14:09:25.406;4A4ECE60-7EB0-11E4-B4A9-0800200C9A66;27750;20;-159;3
2016-09-04 14:09:25.635;4A4ECE60-7EB0-11E4-B4A9-0800200C9A66;27750;20;-159;3
2016-09-04 14:09:27.965;4A4ECE60-7EB0-11E4-B4A9-0800200C9A66;27750;20;-159;3
2016-09-04 14:09:30.518;4A4ECE60-7EB0-11E4-B4A9-0800200C9A66;27750;20;-159;3
2016-09-04 14:09:31.782;4A4ECE60-7EB0-11E4-B4A9-0800200C9A66;27750;20;-159;3
2016-09-04 14:09:33.132;4A4ECE60-7EB0-11E4-B4A9-0800200C9A66;27750;20;-159;3
2016-09-04 14:09:34.385;4A4ECE60-7EB0-11E4-B4A9-0800200C9A66;27750;20;-159;3
2016-09-04 14:09:35.650;4A4ECE60-7EB0-11E4-B4A9-0800200C9A66;27750;20;-159;3
2016-09-04 14:09:36.948;4A4ECE60-7EB0-11E4-B4A9-0800200C9A66;27750;20;-159;3
2016-09-04 14:09:38.207;4A4ECE60-7EB0-11E4-B4A9-0800200C9A66;27750;20;-159;3
2016-09-04 14:09:39.492;4A4ECE60-7EB0-11E4-B4A9-0800200C9A66;27750;20;-159;3
2016-09-04 14:09:43.345;4A4ECE60-7EB0-11E4-B4A9-0800200C9A66;27750;20;-159;3
2016-09-04 14:09:43.508;4A4ECE60-7EB0-11E4-B4A9-0800200C9A66;27750;20;-159;3
2016-09-04 14:09:44.634;4A4ECE60-7EB0-11E4-B4A9-0800200C9A66;27750;20;-159;3
2016-09-04 14:09:45.915;4A4ECE60-7EB0-11E4-B4A9-0800200C9A66;27750;20;-159;3
2016-09-04 14:09:48.534;4A4ECE60-7EB0-11E4-B4A9-0800200C9A66;27750;20;-159;3
2016-09-04 14:09:48.712;4A4ECE60-7EB0-11E4-B4A9-0800200C9A66;27750;20;-159;3
2016-09-04 14:09:49.773;4A4ECE60-7EB0-11E4-B4A9-0800200C9A66;27750;20;-159;3
2016-09-04 14:09:49.938;4A4ECE60-7EB0-11E4-B4A9-0800200C9A66;27750;20;-159;3
2016-09-04 14:09:51.055;4A4ECE60-7EB0-11E4-B4A9-0800200C9A66;27750;20;-159;3
2016-09-04 14:09:52.383;4A4ECE60-7EB0-11E4-B4A9-0800200C9A66;27750;20;-159;3
2016-09-04 14:09:53.691;4A4ECE60-7EB0-11E4-B4A9-0800200C9A66;27750;20;-159;3
2016-09-04 14:09:54.910;4A4ECE60-7EB0-11E4-B4A9-0800200C9A66;27750;20;-159;3
2016-09-04 14:09:56.193;4A4ECE60-7EB0-11E4-B4A9-0800200C9A66;27750;20;-159;3
2016-09-04 14:10:00.063;4A4ECE60-7EB0-11E4-B4A9-0800200C9A66;27750;20;-159;3
2016-09-04 14:10:00.226;4A4ECE60-7EB0-11E4-B4A9-0800200C9A66;27750;20;-159;3
2016-09-04 14:10:01.337;4A4ECE60-7EB0-11E4-B4A9-0800200C9A66;27750;20;-159;3
2016-09-04 14:10:03.962;4A4ECE60-7EB0-11E4-B4A9-0800200C9A66;27750;20;-159;3
2016-09-04 14:10:06.481;4A4ECE60-7EB0-11E4-B4A9-0800200C9A66;27750;20;-159;3
2016-09-04 14:10:08.516;4A4ECE60-7EB0-11E4-B4A9-0800200C9A66;27750;20;-159;3
2016-09-04 14:10:09.055;4A4ECE60-7EB0-11E4-B4A9-0800200C9A66;27750;20;-159;3
2016-09-04 14:10:11.621;4A4ECE60-7EB0-11E4-B4A9-0800200C9A66;27750;20;-159;3
2016-09-04 14:10:12.945;4A4ECE60-7EB0-11E4-B4A9-0800200C9A66;27750;20;-159;3
2016-09-04 14:10:14.187;4A4ECE60-7EB0-11E4-B4A9-0800200C9A66;27750;20;-159;3
2016-09-04 14:10:15.471;4A4ECE60-7EB0-11E4-B4A9-0800200C9A66;27750;20;-159;3
2016-09-04 14:10:16.758;4A4ECE60-7EB0-11E4-B4A9-0800200C9A66;27750;20;-159;3
2016-09-04 14:10:18.044;4A4ECE60-7EB0-11E4-B4A9-0800200C9A66;27750;20;-159;3
2016-09-04 14:10:19.329;4A4ECE60-7EB0-11E4-B4A9-0800200C9A66;27750;20;-159;3
2016-09-04 14:10:20.615;4A4ECE60-7EB0-11E4-B4A9-0800200C9A66;27750;20;-159;3
2016-09-04 14:10:23.248;4A4ECE60-7EB0-11E4-B4A9-0800200C9A66;27750;20;-159;3
2016-09-04 14:10:24.519;4A4ECE60-7EB0-11E4-B4A9-0800200C9A66;27750;20;-159;3
2016-09-04 14:10:25.751;4A4ECE60-7EB0-11E4-B4A9-0800200C9A66;27750;20;-159;3
2016-09-04 14:10:27.073;4A4ECE60-7EB0-11E4-B4A9-0800200C9A66;27750;20;-159;3
2016-09-04 14:10:29.593;4A4ECE60-7EB0-11E4-B4A9-0800200C9A66;27750;20;-159;3
2016-09-04 14:10:29.757;4A4ECE60-7EB0-11E4-B4A9-0800200C9A66;27750;20;-159;3
2016-09-04 14:10:30.893;4A4ECE60-7EB0-11E4-B4A9-0800200C9A66;27750;20;-159;3
2016-09-04 14:10:32.232;4A4ECE60-7EB0-11E4-B4A9-0800200C9A66;27750;20;-159;3
2016-09-04 14:10:34.750;4A4ECE60-7EB0-11E4-B4A9-0800200C9A66;27750;20;-159;3
2016-09-04 14:10:37.374;4A4ECE60-7EB0-11E4-B4A9-0800200C9A66;27750;20;-159;3
2016-09-04 14:10:37.540;4A4ECE60-7EB0-11E4-B4A9-0800200C9A66;27750;20;-159;3
2016-09-04 14:10:38.602;4A4ECE60-7EB0-11E4-B4A9-0800200C9A66;27750;20;-159;3
2016-09-04 14:10:39.888;4A4ECE60-7EB0-11E4-B4A9-0800200C9A66;27750;20;-159;3
2016-09-04 14:10:42.449;4A4ECE60-7EB0-11E4-B4A9-0800200C9A66;27750;20;-159;3
2016-09-04 14:10:42.628;4A4ECE60-7EB0-11E4-B4A9-0800200C9A66;27750;20;-159;3
2016-09-04 14:10:43.758;4A4ECE60-7EB0-11E4-B4A9-0800200C9A66;27750;20;-159;3
2016-09-04 14:10:45.041;4A4ECE60-7EB0-11E4-B4A9-0800200C9A66;27750;20;-159;3
2016-09-04 14:10:46.314;4A4ECE60-7EB0-11E4-B4A9-0800200C9A66;27750;20;-159;3
2016-09-04 14:10:47.638;4A4ECE60-7EB0-11E4-B4A9-0800200C9A66;27750;20;-159;3
2016-09-04 14:10:48.893;4A4ECE60-7EB0-11E4-B4A9-0800200C9A66;27750;20;-159;3
2016-09-04 14:10:50.161;4A4ECE60-7EB0-11E4-B4A9-0800200C9A66;27750;20;-159;3
2016-09-04 14:10:52.772;4A4ECE60-7EB0-11E4-B4A9-0800200C9A66;27750;20;-159;3
2016-09-04 14:10:54.034;4A4ECE60-7EB0-11E4-B4A9-0800200C9A66;27750;20;-159;3
2016-09-04 14:10:56.593;4A4ECE60-7EB0-11E4-B4A9-0800200C9A66;27750;20;-159;3
2016-09-04 14:10:57.946;4A4ECE60-7EB0-11E4-B4A9-0800200C9A66;27750;20;-159;3
2016-09-04 14:10:59.235;4A4ECE60-7EB0-11E4-B4A9-0800200C9A66;27750;20;-159;3
2016-09-04 14:11:00.454;4A4ECE60-7EB0-11E4-B4A9-0800200C9A66;27750;20;-159;3
2016-09-04 14:11:01.734;4A4ECE60-7EB0-11E4-B4A9-0800200C9A66;27750;20;-159;3
2016-09-04 14:11:05.652;4A4ECE60-7EB0-11E4-B4A9-0800200C9A66;27750;20;-159;3
2016-09-04 14:11:06.873;4A4ECE60-7EB0-11E4-B4A9-0800200C9A66;27750;20;-159;3
2016-09-04 14:11:08.154;4A4ECE60-7EB0-11E4-B4A9-0800200C9A66;27750;20;-159;3
2016-09-04 14:11:09.444;4A4ECE60-7EB0-11E4-B4A9-0800200C9A66;27750;20;-159;3
2016-09-04 14:11:12.052;4A4ECE60-7EB0-11E4-B4A9-0800200C9A66;27750;20;-159;3
2016-09-04 14:11:13.298;4A4ECE60-7EB0-11E4-B4A9-0800200C9A66;27750;20;-159;3
2016-09-04 14:11:15.870;4A4ECE60-7EB0-11E4-B4A9-0800200C9A66;27750;20;-159;3
2016-09-04 14:11:17.190;4A4ECE60-7EB0-11E4-B4A9-0800200C9A66;27750;20;-159;3
2016-09-04 14:11:17.354;4A4ECE60-7EB0-11E4-B4A9-0800200C9A66;27750;20;-159;3
2016-09-04 14:11:19.713;4A4ECE60-7EB0-11E4-B4A9-0800200C9A66;27750;20;-159;3
2016-09-04 14:11:19.880;4A4ECE60-7EB0-11E4-B4A9-0800200C9A66;27750;20;-159;3
2016-09-04 14:11:21.010;4A4ECE60-7EB0-11E4-B4A9-0800200C9A66;27750;20;-159;3
2016-09-04 14:11:22.351;4A4ECE60-7EB0-11E4-B4A9-0800200C9A66;27750;20;-159;3
2016-09-04 14:11:23.582;4A4ECE60-7EB0-11E4-B4A9-0800200C9A66;27750;20;-159;3
2016-09-04 14:11:24.869;4A4ECE60-7EB0-11E4-B4A9-0800200C9A66;27750;20;-159;3
2016-09-04 14:11:26.160;4A4ECE60-7EB0-11E4-B4A9-0800200C9A66;27750;20;-159;3
2016-09-04 14:11:28.729;4A4ECE60-7EB0-11E4-B4A9-0800200C9A66;27750;20;-159;3
2016-09-04 14:11:30.009;4A4ECE60-7EB0-11E4-B4A9-0800200C9A66;27750;20;-159;3
2016-09-04 14:11:31.289;4A4ECE60-7EB0-11E4-B4A9-0800200C9A66;27750;20;-159;3
2016-09-04 14:11:33.893;4A4ECE60-7EB0-11E4-B4A9-0800200C9A66;27750;20;-159;3
2016-09-04 14:11:36.413;4A4ECE60-7EB0-11E4-B4A9-0800200C9A66;27750;20;-159;3
2016-09-04 14:11:36.579;4A4ECE60-7EB0-11E4-B4A9-0800200C9A66;27750;20;-159;3
2016-09-04 14:11:37.753;4A4ECE60-7EB0-11E4-B4A9-0800200C9A66;27750;20;-159;3
2016-09-04 14:11:39.009;4A4ECE60-7EB0-11E4-B4A9-0800200C9A66;27750;20;-159;3
2016-09-04 14:11:41.572;4A4ECE60-7EB0-11E4-B4A9-0800200C9A66;27750;20;-159;3
2016-09-04 14:11:42.861;4A4ECE60-7EB0-11E4-B4A9-0800200C9A66;27750;20;-159;3
2016-09-04 14:11:46.692;4A4ECE60-7EB0-11E4-B4A9-0800200C9A66;27750;20;-159;3
2016-09-04 14:11:46.886;4A4ECE60-7EB0-11E4-B4A9-0800200C9A66;27750;20;-159;3
2016-09-04 14:11:48.054;4A4ECE60-7EB0-11E4-B4A9-0800200C9A66;27750;20;-159;3
2016-09-04 14:11:51.880;4A4ECE60-7EB0-11E4-B4A9-0800200C9A66;27750;20;-159;3
2016-09-04 14:11:53.180;4A4ECE60-7EB0-11E4-B4A9-0800200C9A66;27750;20;-159;3
2016-09-04 14:11:54.417;4A4ECE60-7EB0-11E4-B4A9-0800200C9A66;27750;20;-159;3
2016-09-04 14:11:54.582;4A4ECE60-7EB0-11E4-B4A9-0800200C9A66;27750;20;-159;3
2016-09-04 14:11:57.035;4A4ECE60-7EB0-11E4-B4A9-0800200C9A66;27750;20;-159;3
2016-09-04 14:11:58.270;4A4ECE60-7EB0-11E4-B4A9-0800200C9A66;27750;20;-159;3
2016-09-04 14:11:59.550;4A4ECE60-7EB0-11E4-B4A9-0800200C9A66;27750;20;-159;3
2016-09-04 14:12:00.830;4A4ECE60-7EB0-11E4-B4A9-0800200C9A66;27750;20;-159;3
2016-09-04 14:12:02.162;4A4ECE60-7EB0-11E4-B4A9-0800200C9A66;27750;20;-159;3
2016-09-04 14:12:03.416;4A4ECE60-7EB0-11E4-B4A9-0800200C9A66;27750;20;-159;3
2016-09-04 14:12:04.702;4A4ECE60-7EB0-11E4-B4A9-0800200C9A66;27750;20;-159;3
2016-09-04 14:12:05.986;4A4ECE60-7EB0-11E4-B4A9-0800200C9A66;27750;20;-159;3
2016-09-04 14:12:07.288;4A4ECE60-7EB0-11E4-B4A9-0800200C9A66;27750;20;-159;3
2016-09-04 14:12:08.603;4A4ECE60-7EB0-11E4-B4A9-0800200C9A66;27750;20;-159;3
2016-09-04 14:12:09.843;4A4ECE60-7EB0-11E4-B4A9-0800200C9A66;27750;20;-159;3
2016-09-04 14:12:11.121;4A4ECE60-7EB0-11E4-B4A9-0800200C9A66;27750;20;-159;3
2016-09-04 14:12:12.456;4A4ECE60-7EB0-11E4-B4A9-0800200C9A66;27750;20;-159;3
2016-09-04 14:12:14.980;4A4ECE60-7EB0-11E4-B4A9-0800200C9A66;27750;20;-159;3
2016-09-04 14:12:17.125;4A4ECE60-7EB0-11E4-B4A9-0800200C9A66;27750;20;-159;3
2016-09-04 14:12:17.562;4A4ECE60-7EB0-11E4-B4A9-0800200C9A66;27750;20;-159;3
2016-09-04 14:12:18.832;4A4ECE60-7EB0-11E4-B4A9-0800200C9A66;27750;20;-159;3
2016-09-04 14:12:20.120;4A4ECE60-7EB0-11E4-B4A9-0800200C9A66;27750;20;-159;3
2016-09-04 14:12:22.736;4A4ECE60-7EB0-11E4-B4A9-0800200C9A66;27750;20;-159;3
2016-09-04 14:12:23.969;4A4ECE60-7EB0-11E4-B4A9-0800200C9A66;27750;20;-159;3
2016-09-04 14:12:27.561;4A4ECE60-7EB0-11E4-B4A9-0800200C9A66;27750;20;-159;3
2016-09-04 14:12:27.830;4A4ECE60-7EB0-11E4-B4A9-0800200C9A66;27750;20;-159;3
2016-09-04 14:12:30.407;4A4ECE60-7EB0-11E4-B4A9-0800200C9A66;27750;20;-159;3
2016-09-04 14:12:31.685;4A4ECE60-7EB0-11E4-B4A9-0800200C9A66;27750;20;-159;3
2016-09-04 14:12:31.874;4A4ECE60-7EB0-11E4-B4A9-0800200C9A66;27750;20;-159;3
2016-09-04 14:12:33.035;4A4ECE60-7EB0-11E4-B4A9-0800200C9A66;27750;20;-159;3
2016-09-04 14:12:34.319;4A4ECE60-7EB0-11E4-B4A9-0800200C9A66;27750;20;-159;3
2016-09-04 14:12:35.547;4A4ECE60-7EB0-11E4-B4A9-0800200C9A66;27750;20;-159;3
2016-09-04 14:12:38.176;4A4ECE60-7EB0-11E4-B4A9-0800200C9A66;27750;20;-159;3
2016-09-04 14:12:39.442;4A4ECE60-7EB0-11E4-B4A9-0800200C9A66;27750;20;-159;3
2016-09-04 14:12:40.686;4A4ECE60-7EB0-11E4-B4A9-0800200C9A66;27750;20;-159;3
2016-09-04 14:12:42.807;4A4ECE60-7EB0-11E4-B4A9-0800200C9A66;27750;20;-159;3
2016-09-04 14:12:43.251;4A4ECE60-7EB0-11E4-B4A9-0800200C9A66;27750;20;-159;3
2016-09-04 14:12:44.539;4A4ECE60-7EB0-11E4-B4A9-0800200C9A66;27750;20;-159;3
2016-09-04 14:12:46.222;4A4ECE60-7EB0-11E4-B4A9-0800200C9A66;27750;20;-159;3
2016-09-04 14:12:47.173;4A4ECE60-7EB0-11E4-B4A9-0800200C9A66;27750;20;-159;3
2016-09-04 14:12:49.851;4A4ECE60-7EB0-11E4-B4A9-0800200C9A66;27750;20;-159;3
2016-09-04 14:12:51.020;4A4ECE60-7EB0-11E4-B4A9-0800200C9A66;27750;20;-159;3
2016-09-04 14:12:53.550;4A4ECE60-7EB0-11E4-B4A9-0800200C9A66;27750;20;-159;3
2016-09-04 14:12:56.104;4A4ECE60-7EB0-11E4-B4A9-0800200C9A66;27750;20;-159;3
2016-09-04 14:12:57.436;4A4ECE60-7EB0-11E4-B4A9-0800200C9A66;27750;20;-159;3
2016-09-04 14:12:58.669;4A4ECE60-7EB0-11E4-B4A9-0800200C9A66;27750;20;-159;3
2016-09-04 14:12:59.954;4A4ECE60-7EB0-11E4-B4A9-0800200C9A66;27750;20;-159;3
2016-09-04 14:13:01.240;4A4ECE60-7EB0-11E4-B4A9-0800200C9A66;27750;20;-159;3
2016-09-04 14:13:02.571;4A4ECE60-7EB0-11E4-B4A9-0800200C9A66;27750;20;-159;3
2016-09-04 14:13:03.806;4A4ECE60-7EB0-11E4-B4A9-0800200C9A66;27750;20;-159;3
2016-09-04 14:13:05.681;4A4ECE60-7EB0-11E4-B4A9-0800200C9A66;27750;20;-159;3
2016-09-04 14:13:08.993;4A4ECE60-7EB0-11E4-B4A9-0800200C9A66;27750;20;-159;3
2016-09-04 14:13:10.270;4A4ECE60-7EB0-11E4-B4A9-0800200C9A66;27750;20;-159;3
2016-09-04 14:13:11.519;4A4ECE60-7EB0-11E4-B4A9-0800200C9A66;27750;20;-159;3
2016-09-04 14:13:12.863;4A4ECE60-7EB0-11E4-B4A9-0800200C9A66;27750;20;-159;3
2016-09-04 14:13:15.370;4A4ECE60-7EB0-11E4-B4A9-0800200C9A66;27750;20;-159;3
2016-09-04 14:13:19.231;4A4ECE60-7EB0-11E4-B4A9-0800200C9A66;27750;20;-159;3
2016-09-04 14:13:20.519;4A4ECE60-7EB0-11E4-B4A9-0800200C9A66;27750;20;-159;3
2016-09-04 14:13:21.803;4A4ECE60-7EB0-11E4-B4A9-0800200C9A66;27750;20;-159;3
2016-09-04 14:13:23.152;4A4ECE60-7EB0-11E4-B4A9-0800200C9A66;27750;20;-159;3
2016-09-04 14:13:24.435;4A4ECE60-7EB0-11E4-B4A9-0800200C9A66;27750;20;-159;3
2016-09-04 14:13:25.687;4A4ECE60-7EB0-11E4-B4A9-0800200C9A66;27750;20;-159;3
2016-09-04 14:13:26.990;4A4ECE60-7EB0-11E4-B4A9-0800200C9A66;27750;20;-159;3
2016-09-04 14:13:28.647;4A4ECE60-7EB0-11E4-B4A9-0800200C9A66;27750;20;-159;3
2016-09-04 14:13:32.141;4A4ECE60-7EB0-11E4-B4A9-0800200C9A66;27750;20;-159;3
2016-09-04 14:13:33.388;4A4ECE60-7EB0-11E4-B4A9-0800200C9A66;27750;20;-159;3
2016-09-04 14:13:34.641;4A4ECE60-7EB0-11E4-B4A9-0800200C9A66;27750;20;-159;3
2016-09-04 14:13:37.394;4A4ECE60-7EB0-11E4-B4A9-0800200C9A66;27750;20;-159;3
2016-09-04 14:13:38.507;4A4ECE60-7EB0-11E4-B4A9-0800200C9A66;27750;20;-159;3
2016-09-04 14:13:39.783;4A4ECE60-7EB0-11E4-B4A9-0800200C9A66;27750;20;-159;3
2016-09-04 14:13:41.064;4A4ECE60-7EB0-11E4-B4A9-0800200C9A66;27750;20;-159;3
2016-09-04 14:13:42.386;4A4ECE60-7EB0-11E4-B4A9-0800200C9A66;27750;20;-159;3
2016-09-04 14:13:43.644;4A4ECE60-7EB0-11E4-B4A9-0800200C9A66;27750;20;-159;3
2016-09-04 14:13:44.930;4A4ECE60-7EB0-11E4-B4A9-0800200C9A66;27750;20;-159;3
2016-09-04 14:13:48.855;4A4ECE60-7EB0-11E4-B4A9-0800200C9A66;27750;20;-159;3
2016-09-04 14:13:50.070;4A4ECE60-7EB0-11E4-B4A9-0800200C9A66;27750;20;-159;3
2016-09-04 14:13:52.629;4A4ECE60-7EB0-11E4-B4A9-0800200C9A66;27750;20;-159;3
2016-09-04 14:13:52.802;4A4ECE60-7EB0-11E4-B4A9-0800200C9A66;27750;20;-159;3
2016-09-04 14:13:55.210;4A4ECE60-7EB0-11E4-B4A9-0800200C9A66;27750;20;-159;3
2016-09-04 14:13:56.493;4A4ECE60-7EB0-11E4-B4A9-0800200C9A66;27750;20;-159;3
2016-09-04 14:13:58.796;4A4ECE60-7EB0-11E4-B4A9-0800200C9A66;27750;20;-159;3
2016-09-04 14:14:00.380;4A4ECE60-7EB0-11E4-B4A9-0800200C9A66;27750;20;-159;3
2016-09-04 14:14:01.636;4A4ECE60-7EB0-11E4-B4A9-0800200C9A66;27750;20;-159;3
2016-09-04 14:14:02.957;4A4ECE60-7EB0-11E4-B4A9-0800200C9A66;27750;20;-159;3
2016-09-04 14:14:04.205;4A4ECE60-7EB0-11E4-B4A9-0800200C9A66;27750;20;-159;3
2016-09-04 14:14:05.490;4A4ECE60-7EB0-11E4-B4A9-0800200C9A66;27750;20;-159;3
2016-09-04 14:14:06.775;4A4ECE60-7EB0-11E4-B4A9-0800200C9A66;27750;20;-159;3
2016-09-04 14:14:08.087;4A4ECE60-7EB0-11E4-B4A9-0800200C9A66;27750;20;-159;3
2016-09-04 14:14:09.402;4A4ECE60-7EB0-11E4-B4A9-0800200C9A66;27750;20;-159;3
2016-09-04 14:14:11.968;4A4ECE60-7EB0-11E4-B4A9-0800200C9A66;27750;20;-159;3
2016-09-04 14:14:13.243;4A4ECE60-7EB0-11E4-B4A9-0800200C9A66;27750;20;-159;3
2016-09-04 14:14:14.482;4A4ECE60-7EB0-11E4-B4A9-0800200C9A66;27750;20;-159;3
2016-09-04 14:14:15.775;4A4ECE60-7EB0-11E4-B4A9-0800200C9A66;27750;20;-159;3
2016-09-04 14:14:18.343;4A4ECE60-7EB0-11E4-B4A9-0800200C9A66;27750;20;-159;3
2016-09-04 14:14:19.623;4A4ECE60-7EB0-11E4-B4A9-0800200C9A66;27750;20;-159;3
2016-09-04 14:14:20.914;4A4ECE60-7EB0-11E4-B4A9-0800200C9A66;27750;20;-159;3
2016-09-04 14:14:23.543;4A4ECE60-7EB0-11E4-B4A9-0800200C9A66;27750;20;-159;3
2016-09-04 14:14:24.816;4A4ECE60-7EB0-11E4-B4A9-0800200C9A66;27750;20;-159;3
2016-09-04 14:14:26.041;4A4ECE60-7EB0-11E4-B4A9-0800200C9A66;27750;20;-159;3
2016-09-04 14:14:27.369;4A4ECE60-7EB0-11E4-B4A9-0800200C9A66;27750;20;-159;3
2016-09-04 14:14:28.623;4A4ECE60-7EB0-11E4-B4A9-0800200C9A66;27750;20;-159;3
2016-09-04 14:14:29.917;4A4ECE60-7EB0-11E4-B4A9-0800200C9A66;27750;20;-159;3
2016-09-04 14:14:31.191;4A4ECE60-7EB0-11E4-B4A9-0800200C9A66;27750;20;-159;3
2016-09-04 14:14:32.534;4A4ECE60-7EB0-11E4-B4A9-0800200C9A66;27750;20;-159;3
2016-09-04 14:14:33.762;4A4ECE60-7EB0-11E4-B4A9-0800200C9A66;27750;20;-159;3
2016-09-04 14:14:35.047;4A4ECE60-7EB0-11E4-B4A9-0800200C9A66;27750;20;-159;3
2016-09-04 14:14:36.334;4A4ECE60-7EB0-11E4-B4A9-0800200C9A66;27750;20;-159;3
2016-09-04 14:14:37.659;4A4ECE60-7EB0-11E4-B4A9-0800200C9A66;27750;20;-159;3
2016-09-04 14:14:41.474;4A4ECE60-7EB0-11E4-B4A9-0800200C9A66;27750;20;-159;3
2016-09-04 14:14:42.759;4A4ECE60-7EB0-11E4-B4A9-0800200C9A66;27750;20;-159;3
2016-09-04 14:14:44.549;4A4ECE60-7EB0-11E4-B4A9-0800200C9A66;27750;20;-159;3
2016-09-04 14:14:45.333;4A4ECE60-7EB0-11E4-B4A9-0800200C9A66;27750;20;-159;3
2016-09-04 14:14:46.611;4A4ECE60-7EB0-11E4-B4A9-0800200C9A66;27750;20;-159;3
2016-09-04 14:14:49.237;4A4ECE60-7EB0-11E4-B4A9-0800200C9A66;27750;20;-159;3
2016-09-04 14:14:50.467;4A4ECE60-7EB0-11E4-B4A9-0800200C9A66;27750;20;-159;3
2016-09-04 14:14:54.322;4A4ECE60-7EB0-11E4-B4A9-0800200C9A66;27750;20;-159;3
2016-09-04 14:14:55.609;4A4ECE60-7EB0-11E4-B4A9-0800200C9A66;27750;20;-159;3
2016-09-04 14:14:58.244;4A4ECE60-7EB0-11E4-B4A9-0800200C9A66;27750;20;-159;3
2016-09-04 14:14:59.669;4A4ECE60-7EB0-11E4-B4A9-0800200C9A66;27750;20;-159;3
2016-09-04 14:15:00.759;4A4ECE60-7EB0-11E4-B4A9-0800200C9A66;27750;20;-159;3
2016-09-04 14:15:02.072;4A4ECE60-7EB0-11E4-B4A9-0800200C9A66;27750;20;-159;3
2016-09-04 14:15:04.613;4A4ECE60-7EB0-11E4-B4A9-0800200C9A66;27750;20;-159;3
2016-09-04 14:15:05.889;4A4ECE60-7EB0-11E4-B4A9-0800200C9A66;27750;20;-159;3
2016-09-04 14:15:07.218;4A4ECE60-7EB0-11E4-B4A9-0800200C9A66;27750;20;-159;3
2016-09-04 14:15:07.385;4A4ECE60-7EB0-11E4-B4A9-0800200C9A66;27750;20;-159;3
2016-09-04 14:15:08.452;4A4ECE60-7EB0-11E4-B4A9-0800200C9A66;27750;20;-159;3
2016-09-04 14:15:09.742;4A4ECE60-7EB0-11E4-B4A9-0800200C9A66;27750;20;-159;3
2016-09-04 14:15:11.030;4A4ECE60-7EB0-11E4-B4A9-0800200C9A66;27750;20;-159;3
2016-09-04 14:15:13.669;4A4ECE60-7EB0-11E4-B4A9-0800200C9A66;27750;20;-159;3
2016-09-04 14:15:16.167;4A4ECE60-7EB0-11E4-B4A9-0800200C9A66;27750;20;-159;3
2016-09-04 14:15:16.344;4A4ECE60-7EB0-11E4-B4A9-0800200C9A66;27750;20;-159;3
2016-09-04 14:15:17.461;4A4ECE60-7EB0-11E4-B4A9-0800200C9A66;27750;20;-159;3
2016-09-04 14:15:19.037;4A4ECE60-7EB0-11E4-B4A9-0800200C9A66;27750;20;-159;3
2016-09-04 14:15:20.022;4A4ECE60-7EB0-11E4-B4A9-0800200C9A66;27750;20;-159;3
2016-09-04 14:15:22.644;4A4ECE60-7EB0-11E4-B4A9-0800200C9A66;27750;20;-159;3
2016-09-04 14:15:23.877;4A4ECE60-7EB0-11E4-B4A9-0800200C9A66;27750;20;-159;3
2016-09-04 14:15:25.163;4A4ECE60-7EB0-11E4-B4A9-0800200C9A66;27750;20;-159;3
2016-09-04 14:15:26.446;4A4ECE60-7EB0-11E4-B4A9-0800200C9A66;27750;20;-159;3
2016-09-04 14:15:27.772;4A4ECE60-7EB0-11E4-B4A9-0800200C9A66;27750;20;-159;3
2016-09-04 14:15:29.020;4A4ECE60-7EB0-11E4-B4A9-0800200C9A66;27750;20;-159;3
2016-09-04 14:15:30.303;4A4ECE60-7EB0-11E4-B4A9-0800200C9A66;27750;20;-159;3
2016-09-04 14:15:31.591;4A4ECE60-7EB0-11E4-B4A9-0800200C9A66;27750;20;-159;3
2016-09-04 14:15:35.504;4A4ECE60-7EB0-11E4-B4A9-0800200C9A66;27750;20;-159;3
2016-09-04 14:15:36.923;4A4ECE60-7EB0-11E4-B4A9-0800200C9A66;27750;20;-159;3
2016-09-04 14:15:38.047;4A4ECE60-7EB0-11E4-B4A9-0800200C9A66;27750;20;-159;3
2016-09-04 14:15:39.303;4A4ECE60-7EB0-11E4-B4A9-0800200C9A66;27750;20;-159;3
2016-09-04 14:15:40.583;4A4ECE60-7EB0-11E4-B4A9-0800200C9A66;27750;20;-159;3
2016-09-04 14:15:41.906;4A4ECE60-7EB0-11E4-B4A9-0800200C9A66;27750;20;-159;3
2016-09-04 14:15:43.220;4A4ECE60-7EB0-11E4-B4A9-0800200C9A66;27750;20;-159;3
2016-09-04 14:15:45.772;4A4ECE60-7EB0-11E4-B4A9-0800200C9A66;27750;20;-159;3
2016-09-04 14:15:47.075;4A4ECE60-7EB0-11E4-B4A9-0800200C9A66;27750;20;-159;3
2016-09-04 14:15:49.512;4A4ECE60-7EB0-11E4-B4A9-0800200C9A66;27750;20;-159;3
2016-09-04 14:15:50.873;4A4ECE60-7EB0-11E4-B4A9-0800200C9A66;27750;20;-159;3
2016-09-04 14:15:52.154;4A4ECE60-7EB0-11E4-B4A9-0800200C9A66;27750;20;-159;3
2016-09-04 14:15:53.430;4A4ECE60-7EB0-11E4-B4A9-0800200C9A66;27750;20;-159;3
2016-09-04 14:15:55.193;4A4ECE60-7EB0-11E4-B4A9-0800200C9A66;27750;20;-159;3
2016-09-04 14:15:58.621;4A4ECE60-7EB0-11E4-B4A9-0800200C9A66;27750;20;-159;3
2016-09-04 14:15:59.855;4A4ECE60-7EB0-11E4-B4A9-0800200C9A66;27750;20;-159;3
2016-09-04 14:16:01.137;4A4ECE60-7EB0-11E4-B4A9-0800200C9A66;27750;20;-159;3
2016-09-04 14:16:02.500;4A4ECE60-7EB0-11E4-B4A9-0800200C9A66;27750;20;-159;3
2016-09-04 14:16:03.719;4A4ECE60-7EB0-11E4-B4A9-0800200C9A66;27750;20;-159;3
2016-09-04 14:16:04.999;4A4ECE60-7EB0-11E4-B4A9-0800200C9A66;27750;20;-159;3
2016-09-04 14:16:06.280;4A4ECE60-7EB0-11E4-B4A9-0800200C9A66;27750;20;-159;3
2016-09-04 14:16:07.587;4A4ECE60-7EB0-11E4-B4A9-0800200C9A66;27750;20;-159;3
2016-09-04 14:16:08.861;4A4ECE60-7EB0-11E4-B4A9-0800200C9A66;27750;20;-159;3
2016-09-04 14:16:10.141;4A4ECE60-7EB0-11E4-B4A9-0800200C9A66;27750;20;-159;3
2016-09-04 14:16:11.423;4A4ECE60-7EB0-11E4-B4A9-0800200C9A66;27750;20;-159;3
2016-09-04 14:16:12.754;4A4ECE60-7EB0-11E4-B4A9-0800200C9A66;27750;20;-159;3
2016-09-04 14:16:15.278;4A4ECE60-7EB0-11E4-B4A9-0800200C9A66;27750;20;-159;3
2016-09-04 14:16:16.559;4A4ECE60-7EB0-11E4-B4A9-0800200C9A66;27750;20;-159;3
2016-09-04 14:16:17.847;4A4ECE60-7EB0-11E4-B4A9-0800200C9A66;27750;20;-159;3
2016-09-04 14:16:19.140;4A4ECE60-7EB0-11E4-B4A9-0800200C9A66;27750;20;-159;3
2016-09-04 14:16:21.699;4A4ECE60-7EB0-11E4-B4A9-0800200C9A66;27750;20;-159;3
2016-09-04 14:16:23.030;4A4ECE60-7EB0-11E4-B4A9-0800200C9A66;27750;20;-159;3
2016-09-04 14:16:24.686;4A4ECE60-7EB0-11E4-B4A9-0800200C9A66;27750;20;-159;3
2016-09-04 14:16:26.873;4A4ECE60-7EB0-11E4-B4A9-0800200C9A66;27750;20;-159;3
2016-09-04 14:16:32.054;4A4ECE60-7EB0-11E4-B4A9-0800200C9A66;27750;20;-159;3
2016-09-04 14:16:33.271;4A4ECE60-7EB0-11E4-B4A9-0800200C9A66;27750;20;-159;3
2016-09-04 14:16:35.519;4A4ECE60-7EB0-11E4-B4A9-0800200C9A66;27750;20;-159;3
2016-09-04 14:16:35.853;4A4ECE60-7EB0-11E4-B4A9-0800200C9A66;27750;20;-159;3
2016-09-04 14:16:38.475;4A4ECE60-7EB0-11E4-B4A9-0800200C9A66;27750;20;-159;3
2016-09-04 14:16:40.988;4A4ECE60-7EB0-11E4-B4A9-0800200C9A66;27750;20;-159;3
2016-09-04 14:16:42.320;4A4ECE60-7EB0-11E4-B4A9-0800200C9A66;27750;20;-159;3
2016-09-04 14:16:43.546;4A4ECE60-7EB0-11E4-B4A9-0800200C9A66;27750;20;-159;3
2016-09-04 14:16:44.827;4A4ECE60-7EB0-11E4-B4A9-0800200C9A66;27750;20;-159;3
2016-09-04 14:16:46.113;4A4ECE60-7EB0-11E4-B4A9-0800200C9A66;27750;20;-159;3
2016-09-04 14:16:47.449;4A4ECE60-7EB0-11E4-B4A9-0800200C9A66;27750;20;-159;3
2016-09-04 14:16:48.684;4A4ECE60-7EB0-11E4-B4A9-0800200C9A66;27750;20;-159;3
2016-09-04 14:16:49.982;4A4ECE60-7EB0-11E4-B4A9-0800200C9A66;27750;20;-159;3
2016-09-04 14:16:51.261;4A4ECE60-7EB0-11E4-B4A9-0800200C9A66;27750;20;-159;3
2016-09-04 14:16:52.595;4A4ECE60-7EB0-11E4-B4A9-0800200C9A66;27750;20;-159;3
2016-09-04 14:16:53.831;4A4ECE60-7EB0-11E4-B4A9-0800200C9A66;27750;20;-159;3
2016-09-04 14:16:56.399;4A4ECE60-7EB0-11E4-B4A9-0800200C9A66;27750;20;-159;3
2016-09-04 14:16:57.739;4A4ECE60-7EB0-11E4-B4A9-0800200C9A66;27750;20;-159;3
2016-09-04 14:16:58.968;4A4ECE60-7EB0-11E4-B4A9-0800200C9A66;27750;20;-159;3
2016-09-04 14:17:00.254;4A4ECE60-7EB0-11E4-B4A9-0800200C9A66;27750;20;-159;3
2016-09-04 14:17:01.543;4A4ECE60-7EB0-11E4-B4A9-0800200C9A66;27750;20;-159;3
2016-09-04 14:17:02.828;4A4ECE60-7EB0-11E4-B4A9-0800200C9A66;27750;20;-159;3
2016-09-04 14:17:04.114;4A4ECE60-7EB0-11E4-B4A9-0800200C9A66;27750;20;-159;3
2016-09-04 14:17:05.388;4A4ECE60-7EB0-11E4-B4A9-0800200C9A66;27750;20;-159;3
2016-09-04 14:17:08.018;4A4ECE60-7EB0-11E4-B4A9-0800200C9A66;27750;20;-159;3
2016-09-04 14:17:09.261;4A4ECE60-7EB0-11E4-B4A9-0800200C9A66;27750;20;-159;3
2016-09-04 14:17:10.538;4A4ECE60-7EB0-11E4-B4A9-0800200C9A66;27750;20;-159;3
2016-09-04 14:17:11.832;4A4ECE60-7EB0-11E4-B4A9-0800200C9A66;27750;20;-159;3
2016-09-04 14:17:13.147;4A4ECE60-7EB0-11E4-B4A9-0800200C9A66;27750;20;-159;3
2016-09-04 14:17:14.390;4A4ECE60-7EB0-11E4-B4A9-0800200C9A66;27750;20;-159;3
2016-09-04 14:17:15.676;4A4ECE60-7EB0-11E4-B4A9-0800200C9A66;27750;20;-159;3
2016-09-04 14:17:16.996;4A4ECE60-7EB0-11E4-B4A9-0800200C9A66;27750;20;-159;3
2016-09-04 14:17:18.239;4A4ECE60-7EB0-11E4-B4A9-0800200C9A66;27750;20;-159;3
2016-09-04 14:17:19.528;4A4ECE60-7EB0-11E4-B4A9-0800200C9A66;27750;20;-159;3
2016-09-04 14:17:20.819;4A4ECE60-7EB0-11E4-B4A9-0800200C9A66;27750;20;-159;3
2016-09-04 14:17:22.167;4A4ECE60-7EB0-11E4-B4A9-0800200C9A66;27750;20;-159;3
2016-09-04 14:17:23.449;4A4ECE60-7EB0-11E4-B4A9-0800200C9A66;27750;20;-159;3
2016-09-04 14:17:26.017;4A4ECE60-7EB0-11E4-B4A9-0800200C9A66;27750;20;-159;3
2016-09-04 14:17:27.272;4A4ECE60-7EB0-11E4-B4A9-0800200C9A66;27750;20;-159;3
2016-09-04 14:17:28.521;4A4ECE60-7EB0-11E4-B4A9-0800200C9A66;27750;20;-159;3
2016-09-04 14:17:29.813;4A4ECE60-7EB0-11E4-B4A9-0800200C9A66;27750;20;-159;3
2016-09-04 14:17:31.095;4A4ECE60-7EB0-11E4-B4A9-0800200C9A66;27750;20;-159;3
2016-09-04 14:17:32.430;4A4ECE60-7EB0-11E4-B4A9-0800200C9A66;27750;20;-159;3
2016-09-04 14:17:34.884;4A4ECE60-7EB0-11E4-B4A9-0800200C9A66;27750;20;-159;3
2016-09-04 14:17:35.064;4A4ECE60-7EB0-11E4-B4A9-0800200C9A66;27750;20;-159;3
2016-09-04 14:17:38.851;4A4ECE60-7EB0-11E4-B4A9-0800200C9A66;27750;20;-159;3
2016-09-04 14:17:40.944;4A4ECE60-7EB0-11E4-B4A9-0800200C9A66;27750;20;-159;3
2016-09-04 14:17:41.376;4A4ECE60-7EB0-11E4-B4A9-0800200C9A66;27750;20;-159;3
2016-09-04 14:17:42.725;4A4ECE60-7EB0-11E4-B4A9-0800200C9A66;27750;20;-159;3
2016-09-04 14:17:43.976;4A4ECE60-7EB0-11E4-B4A9-0800200C9A66;27750;20;-159;3
2016-09-04 14:17:46.508;4A4ECE60-7EB0-11E4-B4A9-0800200C9A66;27750;20;-159;3
2016-09-04 14:17:49.132;4A4ECE60-7EB0-11E4-B4A9-0800200C9A66;27750;20;-159;3
2016-09-04 14:17:50.372;4A4ECE60-7EB0-11E4-B4A9-0800200C9A66;27750;20;-159;3
2016-09-04 14:17:51.652;4A4ECE60-7EB0-11E4-B4A9-0800200C9A66;27750;20;-159;3
2016-09-04 14:17:52.941;4A4ECE60-7EB0-11E4-B4A9-0800200C9A66;27750;20;-159;3
2016-09-04 14:17:54.224;4A4ECE60-7EB0-11E4-B4A9-0800200C9A66;27750;20;-159;3
2016-09-04 14:17:56.779;4A4ECE60-7EB0-11E4-B4A9-0800200C9A66;27750;20;-159;3
2016-09-04 14:17:56.974;4A4ECE60-7EB0-11E4-B4A9-0800200C9A66;27750;20;-159;3
2016-09-04 14:17:58.076;4A4ECE60-7EB0-11E4-B4A9-0800200C9A66;27750;20;-159;3
2016-09-04 14:18:00.659;4A4ECE60-7EB0-11E4-B4A9-0800200C9A66;27750;20;-159;3
2016-09-04 14:18:03.226;4A4ECE60-7EB0-11E4-B4A9-0800200C9A66;27750;20;-159;3
2016-09-04 14:18:04.507;4A4ECE60-7EB0-11E4-B4A9-0800200C9A66;27750;20;-159;3
2016-09-04 14:18:07.122;4A4ECE60-7EB0-11E4-B4A9-0800200C9A66;27750;20;-159;3
2016-09-04 14:18:08.355;4A4ECE60-7EB0-11E4-B4A9-0800200C9A66;27750;20;-159;3
2016-09-04 14:18:09.645;4A4ECE60-7EB0-11E4-B4A9-0800200C9A66;27750;20;-159;3
2016-09-04 14:18:10.926;4A4ECE60-7EB0-11E4-B4A9-0800200C9A66;27750;20;-159;3
2016-09-04 14:18:12.257;4A4ECE60-7EB0-11E4-B4A9-0800200C9A66;27750;20;-159;3
2016-09-04 14:18:13.505;4A4ECE60-7EB0-11E4-B4A9-0800200C9A66;27750;20;-159;3
2016-09-04 14:18:14.785;4A4ECE60-7EB0-11E4-B4A9-0800200C9A66;27750;20;-159;3
2016-09-04 14:18:18.704;4A4ECE60-7EB0-11E4-B4A9-0800200C9A66;27750;20;-159;3
2016-09-04 14:18:19.991;4A4ECE60-7EB0-11E4-B4A9-0800200C9A66;27750;20;-159;3
2016-09-04 14:18:21.273;4A4ECE60-7EB0-11E4-B4A9-0800200C9A66;27750;20;-159;3
2016-09-04 14:18:22.543;4A4ECE60-7EB0-11E4-B4A9-0800200C9A66;27750;20;-159;3
2016-09-04 14:18:23.779;4A4ECE60-7EB0-11E4-B4A9-0800200C9A66;27750;20;-159;3
2016-09-04 14:18:26.352;4A4ECE60-7EB0-11E4-B4A9-0800200C9A66;27750;20;-159;3
2016-09-04 14:18:27.644;4A4ECE60-7EB0-11E4-B4A9-0800200C9A66;27750;20;-159;3
2016-09-04 14:18:30.214;4A4ECE60-7EB0-11E4-B4A9-0800200C9A66;27750;20;-159;3
2016-09-04 14:18:32.833;4A4ECE60-7EB0-11E4-B4A9-0800200C9A66;27750;20;-159;3
2016-09-04 14:18:34.104;4A4ECE60-7EB0-11E4-B4A9-0800200C9A66;27750;20;-159;3
2016-09-04 14:18:35.352;4A4ECE60-7EB0-11E4-B4A9-0800200C9A66;27750;20;-159;3
2016-09-04 14:18:36.632;4A4ECE60-7EB0-11E4-B4A9-0800200C9A66;27750;20;-159;3
2016-09-04 14:18:37.954;4A4ECE60-7EB0-11E4-B4A9-0800200C9A66;27750;20;-159;3
2016-09-04 14:18:39.195;4A4ECE60-7EB0-11E4-B4A9-0800200C9A66;27750;20;-159;3
2016-09-04 14:18:41.774;4A4ECE60-7EB0-11E4-B4A9-0800200C9A66;27750;20;-159;3
2016-09-04 14:18:43.116;4A4ECE60-7EB0-11E4-B4A9-0800200C9A66;27750;20;-159;3
2016-09-04 14:18:44.402;4A4ECE60-7EB0-11E4-B4A9-0800200C9A66;27750;20;-159;3
2016-09-04 14:18:45.623;4A4ECE60-7EB0-11E4-B4A9-0800200C9A66;27750;20;-159;3
2016-09-04 14:18:46.945;4A4ECE60-7EB0-11E4-B4A9-0800200C9A66;27750;20;-159;3
2016-09-04 14:18:48.189;4A4ECE60-7EB0-11E4-B4A9-0800200C9A66;27750;20;-159;3
2016-09-04 14:18:49.476;4A4ECE60-7EB0-11E4-B4A9-0800200C9A66;27750;20;-159;3
2016-09-04 14:18:50.764;4A4ECE60-7EB0-11E4-B4A9-0800200C9A66;27750;20;-159;3
2016-09-04 14:18:53.334;4A4ECE60-7EB0-11E4-B4A9-0800200C9A66;27750;20;-159;3
2016-09-04 14:18:54.618;4A4ECE60-7EB0-11E4-B4A9-0800200C9A66;27750;20;-159;3
2016-09-04 14:18:57.242;4A4ECE60-7EB0-11E4-B4A9-0800200C9A66;27750;20;-159;3
2016-09-04 14:18:59.759;4A4ECE60-7EB0-11E4-B4A9-0800200C9A66;27750;20;-159;3
2016-09-04 14:19:03.624;4A4ECE60-7EB0-11E4-B4A9-0800200C9A66;27750;20;-159;3
2016-09-04 14:19:04.901;4A4ECE60-7EB0-11E4-B4A9-0800200C9A66;27750;20;-159;3
2016-09-04 14:19:06.328;4A4ECE60-7EB0-11E4-B4A9-0800200C9A66;27750;20;-159;3
2016-09-04 14:19:07.535;4A4ECE60-7EB0-11E4-B4A9-0800200C9A66;27750;20;-159;3
2016-09-04 14:19:08.792;4A4ECE60-7EB0-11E4-B4A9-0800200C9A66;27750;20;-159;3
2016-09-04 14:19:11.393;4A4ECE60-7EB0-11E4-B4A9-0800200C9A66;27750;20;-159;3
2016-09-04 14:19:12.673;4A4ECE60-7EB0-11E4-B4A9-0800200C9A66;27750;20;-159;3
2016-09-04 14:19:13.960;4A4ECE60-7EB0-11E4-B4A9-0800200C9A66;27750;20;-159;3
2016-09-04 14:19:16.465;4A4ECE60-7EB0-11E4-B4A9-0800200C9A66;27750;20;-159;3
2016-09-04 14:19:19.070;4A4ECE60-7EB0-11E4-B4A9-0800200C9A66;27750;20;-159;3
2016-09-04 14:19:20.334;4A4ECE60-7EB0-11E4-B4A9-0800200C9A66;27750;20;-159;3
2016-09-04 14:19:22.937;4A4ECE60-7EB0-11E4-B4A9-0800200C9A66;27750;20;-159;3
2016-09-04 14:19:24.183;4A4ECE60-7EB0-11E4-B4A9-0800200C9A66;27750;20;-159;3
2016-09-04 14:19:25.462;4A4ECE60-7EB0-11E4-B4A9-0800200C9A66;27750;20;-159;3
2016-09-04 14:19:28.029;4A4ECE60-7EB0-11E4-B4A9-0800200C9A66;27750;20;-159;3
2016-09-04 14:19:29.313;4A4ECE60-7EB0-11E4-B4A9-0800200C9A66;27750;20;-159;3
2016-09-04 14:19:30.596;4A4ECE60-7EB0-11E4-B4A9-0800200C9A66;27750;20;-159;3
2016-09-04 14:19:31.911;4A4ECE60-7EB0-11E4-B4A9-0800200C9A66;27750;20;-159;3
2016-09-04 14:19:33.174;4A4ECE60-7EB0-11E4-B4A9-0800200C9A66;27750;20;-159;3
2016-09-04 14:19:34.454;4A4ECE60-7EB0-11E4-B4A9-0800200C9A66;27750;20;-159;3
2016-09-04 14:19:35.742;4A4ECE60-7EB0-11E4-B4A9-0800200C9A66;27750;20;-159;3
2016-09-04 14:19:37.066;4A4ECE60-7EB0-11E4-B4A9-0800200C9A66;27750;20;-159;3
2016-09-04 14:19:38.313;4A4ECE60-7EB0-11E4-B4A9-0800200C9A66;27750;20;-159;3
2016-09-04 14:19:40.880;4A4ECE60-7EB0-11E4-B4A9-0800200C9A66;27750;20;-159;3
2016-09-04 14:19:42.223;4A4ECE60-7EB0-11E4-B4A9-0800200C9A66;27750;20;-159;3
2016-09-04 14:19:43.450;4A4ECE60-7EB0-11E4-B4A9-0800200C9A66;27750;20;-159;3
2016-09-04 14:19:44.735;4A4ECE60-7EB0-11E4-B4A9-0800200C9A66;27750;20;-159;3
2016-09-04 14:19:46.020;4A4ECE60-7EB0-11E4-B4A9-0800200C9A66;27750;20;-159;3
2016-09-04 14:19:47.345;4A4ECE60-7EB0-11E4-B4A9-0800200C9A66;27750;20;-159;3
2016-09-04 14:19:48.589;4A4ECE60-7EB0-11E4-B4A9-0800200C9A66;27750;20;-159;3
2016-09-04 14:19:49.868;4A4ECE60-7EB0-11E4-B4A9-0800200C9A66;27750;20;-159;3
2016-09-04 14:19:52.445;4A4ECE60-7EB0-11E4-B4A9-0800200C9A66;27750;20;-159;3
2016-09-04 14:19:53.735;4A4ECE60-7EB0-11E4-B4A9-0800200C9A66;27750;20;-159;3
2016-09-04 14:19:55.012;4A4ECE60-7EB0-11E4-B4A9-0800200C9A66;27750;20;-159;3
2016-09-04 14:19:56.294;4A4ECE60-7EB0-11E4-B4A9-0800200C9A66;27750;20;-159;3
2016-09-04 14:19:57.634;4A4ECE60-7EB0-11E4-B4A9-0800200C9A66;27750;20;-159;3
2016-09-04 14:19:58.879;4A4ECE60-7EB0-11E4-B4A9-0800200C9A66;27750;20;-159;3
2016-09-04 14:20:00.176;4A4ECE60-7EB0-11E4-B4A9-0800200C9A66;27750;20;-159;3
2016-09-04 14:20:02.324;4A4ECE60-7EB0-11E4-B4A9-0800200C9A66;27750;20;-159;3
2016-09-04 14:20:04.027;4A4ECE60-7EB0-11E4-B4A9-0800200C9A66;27750;20;-159;3
2016-09-04 14:20:05.289;4A4ECE60-7EB0-11E4-B4A9-0800200C9A66;27750;20;-159;3
2016-09-04 14:20:06.578;4A4ECE60-7EB0-11E4-B4A9-0800200C9A66;27750;20;-159;3
2016-09-04 14:20:07.917;4A4ECE60-7EB0-11E4-B4A9-0800200C9A66;27750;20;-159;3
2016-09-04 14:20:09.205;4A4ECE60-7EB0-11E4-B4A9-0800200C9A66;27750;20;-159;3
2016-09-04 14:20:10.440;4A4ECE60-7EB0-11E4-B4A9-0800200C9A66;27750;20;-159;3
2016-09-04 14:20:11.715;4A4ECE60-7EB0-11E4-B4A9-0800200C9A66;27750;20;-159;3
2016-09-04 14:20:13.040;4A4ECE60-7EB0-11E4-B4A9-0800200C9A66;27750;20;-159;3
2016-09-04 14:20:13.205;4A4ECE60-7EB0-11E4-B4A9-0800200C9A66;27750;20;-159;3
2016-09-04 14:20:15.587;4A4ECE60-7EB0-11E4-B4A9-0800200C9A66;27750;20;-159;3
2016-09-04 14:20:17.691;4A4ECE60-7EB0-11E4-B4A9-0800200C9A66;27750;20;-159;3
2016-09-04 14:20:18.144;4A4ECE60-7EB0-11E4-B4A9-0800200C9A66;27750;20;-159;3
2016-09-04 14:20:20.724;4A4ECE60-7EB0-11E4-B4A9-0800200C9A66;27750;20;-159;3
2016-09-04 14:20:22.070;4A4ECE60-7EB0-11E4-B4A9-0800200C9A66;27750;20;-159;3
2016-09-04 14:20:24.335;4A4ECE60-7EB0-11E4-B4A9-0800200C9A66;27750;20;-159;3
2016-09-04 14:20:24.573;4A4ECE60-7EB0-11E4-B4A9-0800200C9A66;27750;20;-159;3
2016-09-04 14:20:25.860;4A4ECE60-7EB0-11E4-B4A9-0800200C9A66;27750;20;-159;3
2016-09-04 14:20:27.170;4A4ECE60-7EB0-11E4-B4A9-0800200C9A66;27750;20;-159;3
2016-09-04 14:20:28.423;4A4ECE60-7EB0-11E4-B4A9-0800200C9A66;27750;20;-159;3
2016-09-04 14:20:29.873;4A4ECE60-7EB0-11E4-B4A9-0800200C9A66;27750;20;-159;3
2016-09-04 14:20:30.992;4A4ECE60-7EB0-11E4-B4A9-0800200C9A66;27750;20;-159;3
2016-09-04 14:20:33.587;4A4ECE60-7EB0-11E4-B4A9-0800200C9A66;27750;20;-159;3
2016-09-04 14:20:34.851;4A4ECE60-7EB0-11E4-B4A9-0800200C9A66;27750;20;-159;3
2016-09-04 14:20:36.131;4A4ECE60-7EB0-11E4-B4A9-0800200C9A66;27750;20;-159;3
2016-09-04 14:20:38.703;4A4ECE60-7EB0-11E4-B4A9-0800200C9A66;27750;20;-159;3
2016-09-04 14:20:39.993;4A4ECE60-7EB0-11E4-B4A9-0800200C9A66;27750;20;-159;3
2016-09-04 14:20:41.282;4A4ECE60-7EB0-11E4-B4A9-0800200C9A66;27750;20;-159;3
2016-09-04 14:20:42.632;4A4ECE60-7EB0-11E4-B4A9-0800200C9A66;27750;20;-159;3
2016-09-04 14:20:45.134;4A4ECE60-7EB0-11E4-B4A9-0800200C9A66;27750;20;-159;3
2016-09-04 14:20:46.413;4A4ECE60-7EB0-11E4-B4A9-0800200C9A66;27750;20;-159;3
2016-09-04 14:20:47.746;4A4ECE60-7EB0-11E4-B4A9-0800200C9A66;27750;20;-159;3
2016-09-04 14:20:50.279;4A4ECE60-7EB0-11E4-B4A9-0800200C9A66;27750;20;-159;3
2016-09-04 14:20:51.562;4A4ECE60-7EB0-11E4-B4A9-0800200C9A66;27750;20;-159;3
2016-09-04 14:20:52.871;4A4ECE60-7EB0-11E4-B4A9-0800200C9A66;27750;20;-159;3
2016-09-04 14:20:54.135;4A4ECE60-7EB0-11E4-B4A9-0800200C9A66;27750;20;-159;3
2016-09-04 14:20:56.696;4A4ECE60-7EB0-11E4-B4A9-0800200C9A66;27750;20;-159;3
2016-09-04 14:20:58.052;4A4ECE60-7EB0-11E4-B4A9-0800200C9A66;27750;20;-159;3
2016-09-04 14:21:00.584;4A4ECE60-7EB0-11E4-B4A9-0800200C9A66;27750;20;-159;3
2016-09-04 14:21:01.872;4A4ECE60-7EB0-11E4-B4A9-0800200C9A66;27750;20;-159;3
2016-09-04 14:21:03.121;4A4ECE60-7EB0-11E4-B4A9-0800200C9A66;27750;20;-159;3
2016-09-04 14:21:04.403;4A4ECE60-7EB0-11E4-B4A9-0800200C9A66;27750;20;-159;3
2016-09-04 14:21:05.700;4A4ECE60-7EB0-11E4-B4A9-0800200C9A66;27750;20;-159;3
2016-09-04 14:21:07.027;4A4ECE60-7EB0-11E4-B4A9-0800200C9A66;27750;20;-159;3
2016-09-04 14:21:08.265;4A4ECE60-7EB0-11E4-B4A9-0800200C9A66;27750;20;-159;3
2016-09-04 14:21:09.551;4A4ECE60-7EB0-11E4-B4A9-0800200C9A66;27750;20;-159;3
2016-09-04 14:21:10.844;4A4ECE60-7EB0-11E4-B4A9-0800200C9A66;27750;20;-159;3
2016-09-04 14:21:12.186;4A4ECE60-7EB0-11E4-B4A9-0800200C9A66;27750;20;-159;3
2016-09-04 14:21:14.816;4A4ECE60-7EB0-11E4-B4A9-0800200C9A66;27750;20;-159;3
2016-09-04 14:21:15.972;4A4ECE60-7EB0-11E4-B4A9-0800200C9A66;27750;20;-159;3
2016-09-04 14:21:17.517;4A4ECE60-7EB0-11E4-B4A9-0800200C9A66;27750;20;-159;3
2016-09-04 14:21:18.607;4A4ECE60-7EB0-11E4-B4A9-0800200C9A66;27750;20;-159;3
2016-09-04 14:21:19.888;4A4ECE60-7EB0-11E4-B4A9-0800200C9A66;27750;20;-159;3
2016-09-04 14:21:22.449;4A4ECE60-7EB0-11E4-B4A9-0800200C9A66;27750;20;-159;3
2016-09-04 14:21:24.719;4A4ECE60-7EB0-11E4-B4A9-0800200C9A66;27750;20;-159;3
2016-09-04 14:21:26.253;4A4ECE60-7EB0-11E4-B4A9-0800200C9A66;27750;20;-159;3
2016-09-04 14:21:27.546;4A4ECE60-7EB0-11E4-B4A9-0800200C9A66;27750;20;-159;3
2016-09-04 14:21:30.102;4A4ECE60-7EB0-11E4-B4A9-0800200C9A66;27750;20;-159;3
2016-09-04 14:21:31.407;4A4ECE60-7EB0-11E4-B4A9-0800200C9A66;27750;20;-159;3
2016-09-04 14:21:32.730;4A4ECE60-7EB0-11E4-B4A9-0800200C9A66;27750;20;-159;3
2016-09-04 14:21:34.929;4A4ECE60-7EB0-11E4-B4A9-0800200C9A66;27750;20;-159;3
2016-09-04 14:21:35.254;4A4ECE60-7EB0-11E4-B4A9-0800200C9A66;27750;20;-159;3
2016-09-04 14:21:37.820;4A4ECE60-7EB0-11E4-B4A9-0800200C9A66;27750;20;-159;3
2016-09-04 14:21:40.369;4A4ECE60-7EB0-11E4-B4A9-0800200C9A66;27750;20;-159;3
2016-09-04 14:21:40.532;4A4ECE60-7EB0-11E4-B4A9-0800200C9A66;27750;20;-159;3
2016-09-04 14:21:41.668;4A4ECE60-7EB0-11E4-B4A9-0800200C9A66;27750;20;-159;3
2016-09-04 14:21:43.022;4A4ECE60-7EB0-11E4-B4A9-0800200C9A66;27750;20;-159;3
2016-09-04 14:21:44.305;4A4ECE60-7EB0-11E4-B4A9-0800200C9A66;27750;20;-159;3
2016-09-04 14:21:45.628;4A4ECE60-7EB0-11E4-B4A9-0800200C9A66;27750;20;-159;3
2016-09-04 14:21:46.829;4A4ECE60-7EB0-11E4-B4A9-0800200C9A66;27750;20;-159;3
2016-09-04 14:21:49.445;4A4ECE60-7EB0-11E4-B4A9-0800200C9A66;27750;20;-159;3
2016-09-04 14:21:50.679;4A4ECE60-7EB0-11E4-B4A9-0800200C9A66;27750;20;-159;3
2016-09-04 14:21:52.003;4A4ECE60-7EB0-11E4-B4A9-0800200C9A66;27750;20;-159;3
2016-09-04 14:21:53.226;4A4ECE60-7EB0-11E4-B4A9-0800200C9A66;27750;20;-159;3
2016-09-04 14:21:54.522;4A4ECE60-7EB0-11E4-B4A9-0800200C9A66;27750;20;-159;3
2016-09-04 14:21:55.823;4A4ECE60-7EB0-11E4-B4A9-0800200C9A66;27750;20;-159;3
2016-09-04 14:21:57.165;4A4ECE60-7EB0-11E4-B4A9-0800200C9A66;27750;20;-159;3
2016-09-04 14:21:58.454;4A4ECE60-7EB0-11E4-B4A9-0800200C9A66;27750;20;-159;3
2016-09-04 14:21:59.690;4A4ECE60-7EB0-11E4-B4A9-0800200C9A66;27750;20;-159;3
2016-09-04 14:22:00.993;4A4ECE60-7EB0-11E4-B4A9-0800200C9A66;27750;20;-159;3
2016-09-04 14:22:02.237;4A4ECE60-7EB0-11E4-B4A9-0800200C9A66;27750;20;-159;3
2016-09-04 14:22:03.511;4A4ECE60-7EB0-11E4-B4A9-0800200C9A66;27750;20;-159;3
2016-09-04 14:22:04.798;4A4ECE60-7EB0-11E4-B4A9-0800200C9A66;27750;20;-159;3
2016-09-04 14:22:07.428;4A4ECE60-7EB0-11E4-B4A9-0800200C9A66;27750;20;-159;3
2016-09-04 14:22:08.658;4A4ECE60-7EB0-11E4-B4A9-0800200C9A66;27750;20;-159;3
2016-09-04 14:22:09.944;4A4ECE60-7EB0-11E4-B4A9-0800200C9A66;27750;20;-159;3
2016-09-04 14:22:12.569;4A4ECE60-7EB0-11E4-B4A9-0800200C9A66;27750;20;-159;3
2016-09-04 14:22:13.797;4A4ECE60-7EB0-11E4-B4A9-0800200C9A66;27750;20;-159;3
2016-09-04 14:22:15.083;4A4ECE60-7EB0-11E4-B4A9-0800200C9A66;27750;20;-159;3
2016-09-04 14:22:16.356;4A4ECE60-7EB0-11E4-B4A9-0800200C9A66;27750;20;-159;3
2016-09-04 14:22:19.003;4A4ECE60-7EB0-11E4-B4A9-0800200C9A66;27750;20;-159;3
2016-09-04 14:22:20.259;4A4ECE60-7EB0-11E4-B4A9-0800200C9A66;27750;20;-159;3
2016-09-04 14:22:21.814;4A4ECE60-7EB0-11E4-B4A9-0800200C9A66;27750;20;-159;3
2016-09-04 14:22:22.796;4A4ECE60-7EB0-11E4-B4A9-0800200C9A66;27750;20;-159;3
2016-09-04 14:22:24.297;4A4ECE60-7EB0-11E4-B4A9-0800200C9A66;27750;20;-159;3
2016-09-04 14:22:25.365;4A4ECE60-7EB0-11E4-B4A9-0800200C9A66;27750;20;-159;3
2016-09-04 14:22:26.648;4A4ECE60-7EB0-11E4-B4A9-0800200C9A66;27750;20;-159;3
2016-09-04 14:22:27.923;4A4ECE60-7EB0-11E4-B4A9-0800200C9A66;27750;20;-159;3
2016-09-04 14:22:30.501;4A4ECE60-7EB0-11E4-B4A9-0800200C9A66;27750;20;-159;3
2016-09-04 14:22:32.576;4A4ECE60-7EB0-11E4-B4A9-0800200C9A66;27750;20;-159;3
2016-09-04 14:22:34.287;4A4ECE60-7EB0-11E4-B4A9-0800200C9A66;27750;20;-159;3
2016-09-04 14:22:34.498;4A4ECE60-7EB0-11E4-B4A9-0800200C9A66;27750;20;-159;3
2016-09-04 14:22:35.643;4A4ECE60-7EB0-11E4-B4A9-0800200C9A66;27750;20;-159;3
2016-09-04 14:22:36.985;4A4ECE60-7EB0-11E4-B4A9-0800200C9A66;27750;20;-159;3
2016-09-04 14:22:38.740;4A4ECE60-7EB0-11E4-B4A9-0800200C9A66;27750;20;-159;3
2016-09-04 14:22:39.498;4A4ECE60-7EB0-11E4-B4A9-0800200C9A66;27750;20;-159;3
2016-09-04 14:22:42.120;4A4ECE60-7EB0-11E4-B4A9-0800200C9A66;27750;20;-159;3
2016-09-04 14:22:43.357;4A4ECE60-7EB0-11E4-B4A9-0800200C9A66;27750;20;-159;3
2016-09-04 14:22:44.646;4A4ECE60-7EB0-11E4-B4A9-0800200C9A66;27750;20;-159;3
2016-09-04 14:22:45.941;4A4ECE60-7EB0-11E4-B4A9-0800200C9A66;27750;20;-159;3
2016-09-04 14:22:48.354;4A4ECE60-7EB0-11E4-B4A9-0800200C9A66;27750;20;-159;3
2016-09-04 14:22:48.602;4A4ECE60-7EB0-11E4-B4A9-0800200C9A66;27750;20;-159;3
2016-09-04 14:22:49.774;4A4ECE60-7EB0-11E4-B4A9-0800200C9A66;27750;20;-159;3
2016-09-04 14:22:51.053;4A4ECE60-7EB0-11E4-B4A9-0800200C9A66;27750;20;-159;3
2016-09-04 14:22:52.405;4A4ECE60-7EB0-11E4-B4A9-0800200C9A66;27750;20;-159;3
2016-09-04 14:22:53.664;4A4ECE60-7EB0-11E4-B4A9-0800200C9A66;27750;20;-159;3
2016-09-04 14:22:56.274;4A4ECE60-7EB0-11E4-B4A9-0800200C9A66;27750;20;-159;3
2016-09-04 14:22:57.546;4A4ECE60-7EB0-11E4-B4A9-0800200C9A66;27750;20;-159;3
2016-09-04 14:23:00.057;4A4ECE60-7EB0-11E4-B4A9-0800200C9A66;27750;20;-159;3
2016-09-04 14:23:02.656;4A4ECE60-7EB0-11E4-B4A9-0800200C9A66;27750;20;-159;3
2016-09-04 14:23:03.906;4A4ECE60-7EB0-11E4-B4A9-0800200C9A66;27750;20;-159;3
2016-09-04 14:23:05.196;4A4ECE60-7EB0-11E4-B4A9-0800200C9A66;27750;20;-159;3
2016-09-04 14:23:06.481;4A4ECE60-7EB0-11E4-B4A9-0800200C9A66;27750;20;-159;3
2016-09-04 14:23:07.840;4A4ECE60-7EB0-11E4-B4A9-0800200C9A66;27750;20;-159;3
2016-09-04 14:23:09.083;4A4ECE60-7EB0-11E4-B4A9-0800200C9A66;27750;20;-159;3
2016-09-04 14:23:11.623;4A4ECE60-7EB0-11E4-B4A9-0800200C9A66;27750;20;-159;3
2016-09-04 14:23:12.953;4A4ECE60-7EB0-11E4-B4A9-0800200C9A66;27750;20;-159;3
2016-09-04 14:23:14.213;4A4ECE60-7EB0-11E4-B4A9-0800200C9A66;27750;20;-159;3
2016-09-04 14:23:15.479;4A4ECE60-7EB0-11E4-B4A9-0800200C9A66;27750;20;-159;3
2016-09-04 14:23:16.760;4A4ECE60-7EB0-11E4-B4A9-0800200C9A66;27750;20;-159;3
2016-09-04 14:23:18.416;4A4ECE60-7EB0-11E4-B4A9-0800200C9A66;27750;20;-159;3
2016-09-04 14:23:19.340;4A4ECE60-7EB0-11E4-B4A9-0800200C9A66;27750;20;-159;3
2016-09-04 14:23:20.619;4A4ECE60-7EB0-11E4-B4A9-0800200C9A66;27750;20;-159;3
2016-09-04 14:23:23.260;4A4ECE60-7EB0-11E4-B4A9-0800200C9A66;27750;20;-159;3
2016-09-04 14:23:24.525;4A4ECE60-7EB0-11E4-B4A9-0800200C9A66;27750;20;-159;3
2016-09-04 14:23:27.076;4A4ECE60-7EB0-11E4-B4A9-0800200C9A66;27750;20;-159;3
2016-09-04 14:23:29.597;4A4ECE60-7EB0-11E4-B4A9-0800200C9A66;27750;20;-159;3
2016-09-04 14:23:29.763;4A4ECE60-7EB0-11E4-B4A9-0800200C9A66;27750;20;-159;3
2016-09-04 14:23:30.907;4A4ECE60-7EB0-11E4-B4A9-0800200C9A66;27750;20;-159;3
2016-09-04 14:23:32.251;4A4ECE60-7EB0-11E4-B4A9-0800200C9A66;27750;20;-159;3
2016-09-04 14:23:34.809;4A4ECE60-7EB0-11E4-B4A9-0800200C9A66;27750;20;-159;3
2016-09-04 14:23:36.040;4A4ECE60-7EB0-11E4-B4A9-0800200C9A66;27750;20;-159;3
2016-09-04 14:23:37.324;4A4ECE60-7EB0-11E4-B4A9-0800200C9A66;27750;20;-159;3
2016-09-04 14:23:38.608;4A4ECE60-7EB0-11E4-B4A9-0800200C9A66;27750;20;-159;3
2016-09-04 14:23:39.894;4A4ECE60-7EB0-11E4-B4A9-0800200C9A66;27750;20;-159;3
2016-09-04 14:23:41.182;4A4ECE60-7EB0-11E4-B4A9-0800200C9A66;27750;20;-159;3
2016-09-04 14:23:42.504;4A4ECE60-7EB0-11E4-B4A9-0800200C9A66;27750;20;-159;3
2016-09-04 14:23:43.804;4A4ECE60-7EB0-11E4-B4A9-0800200C9A66;27750;20;-159;3
2016-09-04 14:23:45.029;4A4ECE60-7EB0-11E4-B4A9-0800200C9A66;27750;20;-159;3
2016-09-04 14:23:46.320;4A4ECE60-7EB0-11E4-B4A9-0800200C9A66;27750;20;-159;3
2016-09-04 14:23:47.650;4A4ECE60-7EB0-11E4-B4A9-0800200C9A66;27750;20;-159;3
2016-09-04 14:23:48.894;4A4ECE60-7EB0-11E4-B4A9-0800200C9A66;27750;20;-159;3
2016-09-04 14:23:50.188;4A4ECE60-7EB0-11E4-B4A9-0800200C9A66;27750;20;-159;3
2016-09-04 14:23:52.780;4A4ECE60-7EB0-11E4-B4A9-0800200C9A66;27750;20;-159;3
2016-09-04 14:23:54.024;4A4ECE60-7EB0-11E4-B4A9-0800200C9A66;27750;20;-159;3
2016-09-04 14:23:56.592;4A4ECE60-7EB0-11E4-B4A9-0800200C9A66;27750;20;-159;3
2016-09-04 14:23:57.956;4A4ECE60-7EB0-11E4-B4A9-0800200C9A66;27750;20;-159;3
2016-09-04 14:23:59.171;4A4ECE60-7EB0-11E4-B4A9-0800200C9A66;27750;20;-159;3
2016-09-04 14:24:00.449;4A4ECE60-7EB0-11E4-B4A9-0800200C9A66;27750;20;-159;3
2016-09-04 14:24:01.735;4A4ECE60-7EB0-11E4-B4A9-0800200C9A66;27750;20;-159;3
2016-09-04 14:24:05.582;4A4ECE60-7EB0-11E4-B4A9-0800200C9A66;27750;20;-159;3
2016-09-04 14:24:05.752;4A4ECE60-7EB0-11E4-B4A9-0800200C9A66;27750;20;-159;3
2016-09-04 14:24:06.916;4A4ECE60-7EB0-11E4-B4A9-0800200C9A66;27750;20;-159;3
2016-09-04 14:24:08.171;4A4ECE60-7EB0-11E4-B4A9-0800200C9A66;27750;20;-159;3
2016-09-04 14:24:09.460;4A4ECE60-7EB0-11E4-B4A9-0800200C9A66;27750;20;-159;3
2016-09-04 14:24:10.732;4A4ECE60-7EB0-11E4-B4A9-0800200C9A66;27750;20;-159;3
2016-09-04 14:24:12.538;4A4ECE60-7EB0-11E4-B4A9-0800200C9A66;27750;20;-159;3
2016-09-04 14:24:13.314;4A4ECE60-7EB0-11E4-B4A9-0800200C9A66;27750;20;-159;3
2016-09-04 14:24:14.589;4A4ECE60-7EB0-11E4-B4A9-0800200C9A66;27750;20;-159;3
2016-09-04 14:24:15.876;4A4ECE60-7EB0-11E4-B4A9-0800200C9A66;27750;20;-159;3
2016-09-04 14:24:17.179;4A4ECE60-7EB0-11E4-B4A9-0800200C9A66;27750;20;-159;3
2016-09-04 14:24:18.441;4A4ECE60-7EB0-11E4-B4A9-0800200C9A66;27750;20;-159;3
2016-09-04 14:24:19.725;4A4ECE60-7EB0-11E4-B4A9-0800200C9A66;27750;20;-159;3
2016-09-04 14:24:22.613;4A4ECE60-7EB0-11E4-B4A9-0800200C9A66;27750;20;-159;3
2016-09-04 14:24:23.651;4A4ECE60-7EB0-11E4-B4A9-0800200C9A66;27750;20;-159;3
2016-09-04 14:24:24.877;4A4ECE60-7EB0-11E4-B4A9-0800200C9A66;27750;20;-159;3
2016-09-04 14:24:26.149;4A4ECE60-7EB0-11E4-B4A9-0800200C9A66;27750;20;-159;3
2016-09-04 14:24:28.230;4A4ECE60-7EB0-11E4-B4A9-0800200C9A66;27750;20;-159;3
2016-09-04 14:24:28.722;4A4ECE60-7EB0-11E4-B4A9-0800200C9A66;27750;20;-159;3
2016-09-04 14:24:30.002;4A4ECE60-7EB0-11E4-B4A9-0800200C9A66;27750;20;-159;3
2016-09-04 14:24:31.419;4A4ECE60-7EB0-11E4-B4A9-0800200C9A66;27750;20;-159;3
2016-09-04 14:24:33.890;4A4ECE60-7EB0-11E4-B4A9-0800200C9A66;27750;20;-159;3
2016-09-04 14:24:35.427;4A4ECE60-7EB0-11E4-B4A9-0800200C9A66;27750;20;-159;3
2016-09-04 14:24:36.434;4A4ECE60-7EB0-11E4-B4A9-0800200C9A66;27750;20;-159;3
2016-09-04 14:24:37.743;4A4ECE60-7EB0-11E4-B4A9-0800200C9A66;27750;20;-159;3
2016-09-04 14:24:39.003;4A4ECE60-7EB0-11E4-B4A9-0800200C9A66;27750;20;-159;3
2016-09-04 14:24:40.708;4A4ECE60-7EB0-11E4-B4A9-0800200C9A66;27750;20;-159;3
2016-09-04 14:24:41.577;4A4ECE60-7EB0-11E4-B4A9-0800200C9A66;27750;20;-159;3
2016-09-04 14:24:42.945;4A4ECE60-7EB0-11E4-B4A9-0800200C9A66;27750;20;-159;3
2016-09-04 14:24:45.500;4A4ECE60-7EB0-11E4-B4A9-0800200C9A66;27750;20;-159;3
2016-09-04 14:24:46.709;4A4ECE60-7EB0-11E4-B4A9-0800200C9A66;27750;20;-159;3
2016-09-04 14:24:48.035;4A4ECE60-7EB0-11E4-B4A9-0800200C9A66;27750;20;-159;3
2016-09-04 14:24:49.294;4A4ECE60-7EB0-11E4-B4A9-0800200C9A66;27750;20;-159;3
2016-09-04 14:24:51.893;4A4ECE60-7EB0-11E4-B4A9-0800200C9A66;27750;20;-159;3
2016-09-04 14:24:53.142;4A4ECE60-7EB0-11E4-B4A9-0800200C9A66;27750;20;-159;3
2016-09-04 14:24:54.427;4A4ECE60-7EB0-11E4-B4A9-0800200C9A66;27750;20;-159;3
2016-09-04 14:24:57.058;4A4ECE60-7EB0-11E4-B4A9-0800200C9A66;27750;20;-159;3
2016-09-04 14:24:58.327;4A4ECE60-7EB0-11E4-B4A9-0800200C9A66;27750;20;-159;3
2016-09-04 14:24:59.565;4A4ECE60-7EB0-11E4-B4A9-0800200C9A66;27750;20;-159;3
2016-09-04 14:25:00.901;4A4ECE60-7EB0-11E4-B4A9-0800200C9A66;27750;20;-159;3
2016-09-04 14:25:02.145;4A4ECE60-7EB0-11E4-B4A9-0800200C9A66;27750;20;-159;3
2016-09-04 14:25:03.416;4A4ECE60-7EB0-11E4-B4A9-0800200C9A66;27750;20;-159;3
2016-09-04 14:25:04.695;4A4ECE60-7EB0-11E4-B4A9-0800200C9A66;27750;20;-159;3
2016-09-04 14:25:05.981;4A4ECE60-7EB0-11E4-B4A9-0800200C9A66;27750;20;-159;3
2016-09-04 14:25:07.291;4A4ECE60-7EB0-11E4-B4A9-0800200C9A66;27750;20;-159;3
2016-09-04 14:25:09.453;4A4ECE60-7EB0-11E4-B4A9-0800200C9A66;27750;20;-159;3
2016-09-04 14:25:09.847;4A4ECE60-7EB0-11E4-B4A9-0800200C9A66;27750;20;-159;3
2016-09-04 14:25:11.142;4A4ECE60-7EB0-11E4-B4A9-0800200C9A66;27750;20;-159;3
2016-09-04 14:25:14.987;4A4ECE60-7EB0-11E4-B4A9-0800200C9A66;27750;20;-159;3
2016-09-04 14:25:16.283;4A4ECE60-7EB0-11E4-B4A9-0800200C9A66;27750;20;-159;3
2016-09-04 14:25:17.581;4A4ECE60-7EB0-11E4-B4A9-0800200C9A66;27750;20;-159;3
2016-09-04 14:25:18.835;4A4ECE60-7EB0-11E4-B4A9-0800200C9A66;27750;20;-159;3
2016-09-04 14:25:20.124;4A4ECE60-7EB0-11E4-B4A9-0800200C9A66;27750;20;-159;3
2016-09-04 14:25:21.419;4A4ECE60-7EB0-11E4-B4A9-0800200C9A66;27750;20;-159;3
2016-09-04 14:25:22.740;4A4ECE60-7EB0-11E4-B4A9-0800200C9A66;27750;20;-159;3
2016-09-04 14:25:25.110;4A4ECE60-7EB0-11E4-B4A9-0800200C9A66;27750;20;-159;3
2016-09-04 14:25:26.670;4A4ECE60-7EB0-11E4-B4A9-0800200C9A66;27750;20;-159;3
2016-09-04 14:25:27.877;4A4ECE60-7EB0-11E4-B4A9-0800200C9A66;27750;20;-159;3
2016-09-04 14:25:30.404;4A4ECE60-7EB0-11E4-B4A9-0800200C9A66;27750;20;-159;3
2016-09-04 14:25:32.226;4A4ECE60-7EB0-11E4-B4A9-0800200C9A66;27750;20;-159;3
2016-09-04 14:25:32.981;4A4ECE60-7EB0-11E4-B4A9-0800200C9A66;27750;20;-159;3
2016-09-04 14:25:34.266;4A4ECE60-7EB0-11E4-B4A9-0800200C9A66;27750;20;-159;3
2016-09-04 14:25:35.551;4A4ECE60-7EB0-11E4-B4A9-0800200C9A66;27750;20;-159;3
2016-09-04 14:25:38.117;4A4ECE60-7EB0-11E4-B4A9-0800200C9A66;27750;20;-159;3
2016-09-04 14:25:39.400;4A4ECE60-7EB0-11E4-B4A9-0800200C9A66;27750;20;-159;3
2016-09-04 14:25:40.686;4A4ECE60-7EB0-11E4-B4A9-0800200C9A66;27750;20;-159;3
2016-09-04 14:25:41.991;4A4ECE60-7EB0-11E4-B4A9-0800200C9A66;27750;20;-159;3
2016-09-04 14:25:43.281;4A4ECE60-7EB0-11E4-B4A9-0800200C9A66;27750;20;-159;3
2016-09-04 14:25:45.358;4A4ECE60-7EB0-11E4-B4A9-0800200C9A66;27750;20;-159;3
2016-09-04 14:25:45.820;4A4ECE60-7EB0-11E4-B4A9-0800200C9A66;27750;20;-159;3
2016-09-04 14:25:48.608;4A4ECE60-7EB0-11E4-B4A9-0800200C9A66;27750;20;-159;3
2016-09-04 14:25:49.700;4A4ECE60-7EB0-11E4-B4A9-0800200C9A66;27750;20;-159;3
2016-09-04 14:25:53.564;4A4ECE60-7EB0-11E4-B4A9-0800200C9A66;27750;20;-159;3
2016-09-04 14:25:56.107;4A4ECE60-7EB0-11E4-B4A9-0800200C9A66;27750;20;-159;3
2016-09-04 14:25:57.403;4A4ECE60-7EB0-11E4-B4A9-0800200C9A66;27750;20;-159;3
2016-09-04 14:25:58.665;4A4ECE60-7EB0-11E4-B4A9-0800200C9A66;27750;20;-159;3
2016-09-04 14:25:59.945;4A4ECE60-7EB0-11E4-B4A9-0800200C9A66;27750;20;-159;3
2016-09-04 14:26:01.255;4A4ECE60-7EB0-11E4-B4A9-0800200C9A66;27750;20;-159;3
2016-09-04 14:26:02.592;4A4ECE60-7EB0-11E4-B4A9-0800200C9A66;27750;20;-159;3
2016-09-04 14:26:03.877;4A4ECE60-7EB0-11E4-B4A9-0800200C9A66;27750;20;-159;3
2016-09-04 14:26:05.096;4A4ECE60-7EB0-11E4-B4A9-0800200C9A66;27750;20;-159;3
2016-09-04 14:26:10.299;4A4ECE60-7EB0-11E4-B4A9-0800200C9A66;27750;20;-159;3
2016-09-04 14:26:11.557;4A4ECE60-7EB0-11E4-B4A9-0800200C9A66;27750;20;-159;3
2016-09-04 14:26:14.077;4A4ECE60-7EB0-11E4-B4A9-0800200C9A66;27750;20;-159;3
2016-09-04 14:26:14.240;4A4ECE60-7EB0-11E4-B4A9-0800200C9A66;27750;20;-159;3
2016-09-04 14:26:16.170;4A4ECE60-7EB0-11E4-B4A9-0800200C9A66;27750;20;-159;3
2016-09-04 14:26:16.668;4A4ECE60-7EB0-11E4-B4A9-0800200C9A66;27750;20;-159;3
2016-09-04 14:26:19.300;4A4ECE60-7EB0-11E4-B4A9-0800200C9A66;27750;20;-159;3
2016-09-04 14:26:20.584;4A4ECE60-7EB0-11E4-B4A9-0800200C9A66;27750;20;-159;3
2016-09-04 14:26:21.847;4A4ECE60-7EB0-11E4-B4A9-0800200C9A66;27750;20;-159;3
2016-09-04 14:26:23.090;4A4ECE60-7EB0-11E4-B4A9-0800200C9A66;27750;20;-159;3
2016-09-04 14:26:24.377;4A4ECE60-7EB0-11E4-B4A9-0800200C9A66;27750;20;-159;3
2016-09-04 14:26:25.661;4A4ECE60-7EB0-11E4-B4A9-0800200C9A66;27750;20;-159;3
2016-09-04 14:26:25.824;4A4ECE60-7EB0-11E4-B4A9-0800200C9A66;27750;20;-159;3
2016-09-04 14:26:26.977;4A4ECE60-7EB0-11E4-B4A9-0800200C9A66;27750;20;-159;3
2016-09-04 14:26:28.266;4A4ECE60-7EB0-11E4-B4A9-0800200C9A66;27750;20;-159;3
2016-09-04 14:26:32.150;4A4ECE60-7EB0-11E4-B4A9-0800200C9A66;27750;20;-159;3
2016-09-04 14:26:33.368;4A4ECE60-7EB0-11E4-B4A9-0800200C9A66;27750;20;-159;3
2016-09-04 14:26:34.662;4A4ECE60-7EB0-11E4-B4A9-0800200C9A66;27750;20;-159;3
2016-09-04 14:26:37.222;4A4ECE60-7EB0-11E4-B4A9-0800200C9A66;27750;20;-159;3
2016-09-04 14:26:37.384;4A4ECE60-7EB0-11E4-B4A9-0800200C9A66;27750;20;-159;3
2016-09-04 14:26:38.511;4A4ECE60-7EB0-11E4-B4A9-0800200C9A66;27750;20;-159;3
2016-09-04 14:26:40.555;4A4ECE60-7EB0-11E4-B4A9-0800200C9A66;27750;20;-159;3
2016-09-04 14:26:41.083;4A4ECE60-7EB0-11E4-B4A9-0800200C9A66;27750;20;-159;3
2016-09-04 14:26:53.979;4A4ECE60-7EB0-11E4-B4A9-0800200C9A66;27750;20;-159;3
2016-09-04 14:26:55.243;4A4ECE60-7EB0-11E4-B4A9-0800200C9A66;27750;20;-159;3
2016-09-04 14:26:56.484;4A4ECE60-7EB0-11E4-B4A9-0800200C9A66;27750;20;-159;3
2016-09-04 14:26:59.108;4A4ECE60-7EB0-11E4-B4A9-0800200C9A66;27750;20;-159;3
2016-09-04 14:27:00.343;4A4ECE60-7EB0-11E4-B4A9-0800200C9A66;27750;20;-159;3
2016-09-04 14:27:04.263;4A4ECE60-7EB0-11E4-B4A9-0800200C9A66;27750;20;-159;3
2016-09-04 14:27:05.551;4A4ECE60-7EB0-11E4-B4A9-0800200C9A66;27750;20;-159;3
2016-09-04 14:27:06.794;4A4ECE60-7EB0-11E4-B4A9-0800200C9A66;27750;20;-159;3
2016-09-04 14:27:09.397;4A4ECE60-7EB0-11E4-B4A9-0800200C9A66;27750;20;-159;3
2016-09-04 14:27:10.680;4A4ECE60-7EB0-11E4-B4A9-0800200C9A66;27750;20;-159;3
2016-09-04 14:27:13.185;4A4ECE60-7EB0-11E4-B4A9-0800200C9A66;27750;20;-159;3
2016-09-04 14:27:14.463;4A4ECE60-7EB0-11E4-B4A9-0800200C9A66;27750;20;-159;3
2016-09-04 14:27:15.747;4A4ECE60-7EB0-11E4-B4A9-0800200C9A66;27750;20;-159;3
2016-09-04 14:27:17.066;4A4ECE60-7EB0-11E4-B4A9-0800200C9A66;27750;20;-159;3
2016-09-04 14:27:18.354;4A4ECE60-7EB0-11E4-B4A9-0800200C9A66;27750;20;-159;3
2016-09-04 14:27:19.605;4A4ECE60-7EB0-11E4-B4A9-0800200C9A66;27750;20;-159;3
2016-09-04 14:27:21.482;4A4ECE60-7EB0-11E4-B4A9-0800200C9A66;27750;20;-159;3
2016-09-04 14:27:22.235;4A4ECE60-7EB0-11E4-B4A9-0800200C9A66;27750;20;-159;3
2016-09-04 14:27:23.465;4A4ECE60-7EB0-11E4-B4A9-0800200C9A66;27750;20;-159;3
2016-09-04 14:27:24.754;4A4ECE60-7EB0-11E4-B4A9-0800200C9A66;27750;20;-159;3
2016-09-04 14:27:26.033;4A4ECE60-7EB0-11E4-B4A9-0800200C9A66;27750;20;-159;3
2016-09-04 14:27:28.197;4A4ECE60-7EB0-11E4-B4A9-0800200C9A66;27750;20;-159;3
2016-09-04 14:27:28.610;4A4ECE60-7EB0-11E4-B4A9-0800200C9A66;27750;20;-159;3
2016-09-04 14:27:29.886;4A4ECE60-7EB0-11E4-B4A9-0800200C9A66;27750;20;-159;3
2016-09-04 14:27:31.171;4A4ECE60-7EB0-11E4-B4A9-0800200C9A66;27750;20;-159;3
2016-09-04 14:27:32.519;4A4ECE60-7EB0-11E4-B4A9-0800200C9A66;27750;20;-159;3
2016-09-04 14:27:33.742;4A4ECE60-7EB0-11E4-B4A9-0800200C9A66;27750;20;-159;3
2016-09-04 14:27:36.317;4A4ECE60-7EB0-11E4-B4A9-0800200C9A66;27750;20;-159;3
2016-09-04 14:27:37.597;4A4ECE60-7EB0-11E4-B4A9-0800200C9A66;27750;20;-159;3
2016-09-04 14:27:38.897;4A4ECE60-7EB0-11E4-B4A9-0800200C9A66;27750;20;-159;3
2016-09-04 14:27:40.176;4A4ECE60-7EB0-11E4-B4A9-0800200C9A66;27750;20;-159;3
2016-09-04 14:27:41.460;4A4ECE60-7EB0-11E4-B4A9-0800200C9A66;27750;20;-159;3
2016-09-04 14:27:42.776;4A4ECE60-7EB0-11E4-B4A9-0800200C9A66;27750;20;-159;3
2016-09-04 14:27:44.034;4A4ECE60-7EB0-11E4-B4A9-0800200C9A66;27750;20;-159;3
2016-09-04 14:27:45.309;4A4ECE60-7EB0-11E4-B4A9-0800200C9A66;27750;20;-159;3
2016-09-04 14:27:46.590;4A4ECE60-7EB0-11E4-B4A9-0800200C9A66;27750;20;-159;3
2016-09-04 14:27:47.872;4A4ECE60-7EB0-11E4-B4A9-0800200C9A66;27750;20;-159;3
2016-09-04 14:27:49.160;4A4ECE60-7EB0-11E4-B4A9-0800200C9A66;27750;20;-159;3
2016-09-04 14:27:50.436;4A4ECE60-7EB0-11E4-B4A9-0800200C9A66;27750;20;-159;3
2016-09-04 14:27:51.712;4A4ECE60-7EB0-11E4-B4A9-0800200C9A66;27750;20;-159;3
2016-09-04 14:27:53.037;4A4ECE60-7EB0-11E4-B4A9-0800200C9A66;27750;20;-159;3
2016-09-04 14:27:54.279;4A4ECE60-7EB0-11E4-B4A9-0800200C9A66;27750;20;-159;3
2016-09-04 14:27:55.571;4A4ECE60-7EB0-11E4-B4A9-0800200C9A66;27750;20;-159;3
2016-09-04 14:27:56.860;4A4ECE60-7EB0-11E4-B4A9-0800200C9A66;27750;20;-159;3
2016-09-04 14:27:58.163;4A4ECE60-7EB0-11E4-B4A9-0800200C9A66;27750;20;-159;3
2016-09-04 14:27:59.407;4A4ECE60-7EB0-11E4-B4A9-0800200C9A66;27750;20;-159;3
2016-09-04 14:28:00.714;4A4ECE60-7EB0-11E4-B4A9-0800200C9A66;27750;20;-159;3
2016-09-04 14:28:02.027;4A4ECE60-7EB0-11E4-B4A9-0800200C9A66;27750;20;-159;3
2016-09-04 14:28:03.263;4A4ECE60-7EB0-11E4-B4A9-0800200C9A66;27750;20;-159;3
2016-09-04 14:28:04.546;4A4ECE60-7EB0-11E4-B4A9-0800200C9A66;27750;20;-159;3
2016-09-04 14:28:05.840;4A4ECE60-7EB0-11E4-B4A9-0800200C9A66;27750;20;-159;3
2016-09-04 14:28:07.157;4A4ECE60-7EB0-11E4-B4A9-0800200C9A66;27750;20;-159;3
2016-09-04 14:28:08.401;4A4ECE60-7EB0-11E4-B4A9-0800200C9A66;27750;20;-159;3
2016-09-04 14:28:09.685;4A4ECE60-7EB0-11E4-B4A9-0800200C9A66;27750;20;-159;3
2016-09-04 14:28:12.262;4A4ECE60-7EB0-11E4-B4A9-0800200C9A66;27750;20;-159;3
2016-09-04 14:28:13.539;4A4ECE60-7EB0-11E4-B4A9-0800200C9A66;27750;20;-159;3
2016-09-04 14:28:14.824;4A4ECE60-7EB0-11E4-B4A9-0800200C9A66;27750;20;-159;3
2016-09-04 14:28:16.105;4A4ECE60-7EB0-11E4-B4A9-0800200C9A66;27750;20;-159;3
2016-09-04 14:28:17.430;4A4ECE60-7EB0-11E4-B4A9-0800200C9A66;27750;20;-159;3
2016-09-04 14:28:18.680;4A4ECE60-7EB0-11E4-B4A9-0800200C9A66;27750;20;-159;3
2016-09-04 14:28:19.952;4A4ECE60-7EB0-11E4-B4A9-0800200C9A66;27750;20;-159;3
2016-09-04 14:28:21.240;4A4ECE60-7EB0-11E4-B4A9-0800200C9A66;27750;20;-159;3
2016-09-04 14:28:23.277;4A4ECE60-7EB0-11E4-B4A9-0800200C9A66;27750;20;-159;3
2016-09-04 14:28:23.815;4A4ECE60-7EB0-11E4-B4A9-0800200C9A66;27750;20;-159;3
2016-09-04 14:28:25.094;4A4ECE60-7EB0-11E4-B4A9-0800200C9A66;27750;20;-159;3
2016-09-04 14:28:26.374;4A4ECE60-7EB0-11E4-B4A9-0800200C9A66;27750;20;-159;3
2016-09-04 14:28:27.716;4A4ECE60-7EB0-11E4-B4A9-0800200C9A66;27750;20;-159;3
2016-09-04 14:28:30.233;4A4ECE60-7EB0-11E4-B4A9-0800200C9A66;27750;20;-159;3
2016-09-04 14:28:31.549;4A4ECE60-7EB0-11E4-B4A9-0800200C9A66;27750;20;-159;3
2016-09-04 14:28:33.726;4A4ECE60-7EB0-11E4-B4A9-0800200C9A66;27750;20;-159;3
2016-09-04 14:28:34.076;4A4ECE60-7EB0-11E4-B4A9-0800200C9A66;27750;20;-159;3
2016-09-04 14:28:35.370;4A4ECE60-7EB0-11E4-B4A9-0800200C9A66;27750;20;-159;3
2016-09-04 14:28:36.654;4A4ECE60-7EB0-11E4-B4A9-0800200C9A66;27750;20;-159;3
2016-09-04 14:28:38.031;4A4ECE60-7EB0-11E4-B4A9-0800200C9A66;27750;20;-159;3
2016-09-04 14:28:39.213;4A4ECE60-7EB0-11E4-B4A9-0800200C9A66;27750;20;-159;3
2016-09-04 14:28:40.501;4A4ECE60-7EB0-11E4-B4A9-0800200C9A66;27750;20;-159;3
2016-09-04 14:28:40.670;4A4ECE60-7EB0-11E4-B4A9-0800200C9A66;27750;20;-159;3
2016-09-04 14:28:41.784;4A4ECE60-7EB0-11E4-B4A9-0800200C9A66;27750;20;-159;3
2016-09-04 14:28:43.088;4A4ECE60-7EB0-11E4-B4A9-0800200C9A66;27750;20;-159;3
2016-09-04 14:28:44.352;4A4ECE60-7EB0-11E4-B4A9-0800200C9A66;27750;20;-159;3
2016-09-04 14:28:45.634;4A4ECE60-7EB0-11E4-B4A9-0800200C9A66;27750;20;-159;3
2016-09-04 14:28:46.958;4A4ECE60-7EB0-11E4-B4A9-0800200C9A66;27750;20;-159;3
2016-09-04 14:28:49.498;4A4ECE60-7EB0-11E4-B4A9-0800200C9A66;27750;20;-159;3
2016-09-04 14:28:50.787;4A4ECE60-7EB0-11E4-B4A9-0800200C9A66;27750;20;-159;3
2016-09-04 14:28:53.387;4A4ECE60-7EB0-11E4-B4A9-0800200C9A66;27750;20;-159;3
2016-09-04 14:28:54.638;4A4ECE60-7EB0-11E4-B4A9-0800200C9A66;27750;20;-159;3
2016-09-04 14:28:55.922;4A4ECE60-7EB0-11E4-B4A9-0800200C9A66;27750;20;-159;3
