Tue  9 Aug 18:34:45 UTC 2016;4A4ECE60-7EB0-11E4-B4A9-0800200C9A66;30625;19;-59
Tue  9 Aug 18:34:47 UTC 2016;4A4ECE60-7EB0-11E4-B4A9-0800200C9A66;30625;19;-59
Tue  9 Aug 18:34:47 UTC 2016;4A4ECE60-7EB0-11E4-B4A9-0800200C9A66;30625;19;-59
Tue  9 Aug 18:34:48 UTC 2016;4A4ECE60-7EB0-11E4-B4A9-0800200C9A66;30625;19;-59
Tue  9 Aug 18:34:48 UTC 2016;4A4ECE60-7EB0-11E4-B4A9-0800200C9A66;30625;19;-59
Tue  9 Aug 18:34:50 UTC 2016;4A4ECE60-7EB0-11E4-B4A9-0800200C9A66;30500;19;-59
Tue  9 Aug 18:34:51 UTC 2016;4A4ECE60-7EB0-11E4-B4A9-0800200C9A66;30500;19;-59
Tue  9 Aug 18:34:52 UTC 2016;4A4ECE60-7EB0-11E4-B4A9-0800200C9A66;30500;19;-59
Tue  9 Aug 18:34:55 UTC 2016;4A4ECE60-7EB0-11E4-B4A9-0800200C9A66;30500;19;-59
Tue  9 Aug 18:34:56 UTC 2016;4A4ECE60-7EB0-11E4-B4A9-0800200C9A66;30437;19;-59
Tue  9 Aug 18:34:56 UTC 2016;4A4ECE60-7EB0-11E4-B4A9-0800200C9A66;30437;19;-59
Tue  9 Aug 18:34:57 UTC 2016;4A4ECE60-7EB0-11E4-B4A9-0800200C9A66;30437;19;-59
Tue  9 Aug 18:34:59 UTC 2016;4A4ECE60-7EB0-11E4-B4A9-0800200C9A66;30437;19;-59
Tue  9 Aug 18:35:01 UTC 2016;4A4ECE60-7EB0-11E4-B4A9-0800200C9A66;30562;19;-59
Tue  9 Aug 18:35:03 UTC 2016;4A4ECE60-7EB0-11E4-B4A9-0800200C9A66;30562;19;-59
Tue  9 Aug 18:35:04 UTC 2016;4A4ECE60-7EB0-11E4-B4A9-0800200C9A66;30562;19;-59
Tue  9 Aug 18:35:05 UTC 2016;4A4ECE60-7EB0-11E4-B4A9-0800200C9A66;30562;19;-59
Tue  9 Aug 18:35:06 UTC 2016;4A4ECE60-7EB0-11E4-B4A9-0800200C9A66;30562;19;-59
Tue  9 Aug 18:35:08 UTC 2016;4A4ECE60-7EB0-11E4-B4A9-0800200C9A66;30562;19;-59
Tue  9 Aug 18:35:09 UTC 2016;4A4ECE60-7EB0-11E4-B4A9-0800200C9A66;30562;19;-59
Tue  9 Aug 18:35:10 UTC 2016;4A4ECE60-7EB0-11E4-B4A9-0800200C9A66;30562;19;-59
Tue  9 Aug 18:35:12 UTC 2016;4A4ECE60-7EB0-11E4-B4A9-0800200C9A66;30562;19;-59
Tue  9 Aug 18:35:13 UTC 2016;4A4ECE60-7EB0-11E4-B4A9-0800200C9A66;30375;19;-59
Tue  9 Aug 18:35:14 UTC 2016;4A4ECE60-7EB0-11E4-B4A9-0800200C9A66;30375;19;-59
Tue  9 Aug 18:35:15 UTC 2016;4A4ECE60-7EB0-11E4-B4A9-0800200C9A66;30375;19;-59
Tue  9 Aug 18:35:17 UTC 2016;4A4ECE60-7EB0-11E4-B4A9-0800200C9A66;30375;19;-59
Tue  9 Aug 18:35:19 UTC 2016;4A4ECE60-7EB0-11E4-B4A9-0800200C9A66;30500;19;-59
Tue  9 Aug 18:35:21 UTC 2016;4A4ECE60-7EB0-11E4-B4A9-0800200C9A66;30500;19;-59
Tue  9 Aug 18:35:22 UTC 2016;4A4ECE60-7EB0-11E4-B4A9-0800200C9A66;30500;19;-59
Tue  9 Aug 18:35:23 UTC 2016;4A4ECE60-7EB0-11E4-B4A9-0800200C9A66;30500;19;-59
Tue  9 Aug 18:35:24 UTC 2016;4A4ECE60-7EB0-11E4-B4A9-0800200C9A66;30437;19;-59
Tue  9 Aug 18:35:26 UTC 2016;4A4ECE60-7EB0-11E4-B4A9-0800200C9A66;30437;19;-59
Tue  9 Aug 18:35:27 UTC 2016;4A4ECE60-7EB0-11E4-B4A9-0800200C9A66;30437;19;-59
Tue  9 Aug 18:35:28 UTC 2016;4A4ECE60-7EB0-11E4-B4A9-0800200C9A66;30437;19;-59
Tue  9 Aug 18:35:31 UTC 2016;4A4ECE60-7EB0-11E4-B4A9-0800200C9A66;30250;19;-59
Tue  9 Aug 18:35:32 UTC 2016;4A4ECE60-7EB0-11E4-B4A9-0800200C9A66;30250;19;-59
Tue  9 Aug 18:35:33 UTC 2016;4A4ECE60-7EB0-11E4-B4A9-0800200C9A66;30250;19;-59
Tue  9 Aug 18:35:35 UTC 2016;4A4ECE60-7EB0-11E4-B4A9-0800200C9A66;30250;19;-59
Tue  9 Aug 18:35:37 UTC 2016;4A4ECE60-7EB0-11E4-B4A9-0800200C9A66;30125;19;-59
Tue  9 Aug 18:35:39 UTC 2016;4A4ECE60-7EB0-11E4-B4A9-0800200C9A66;30125;19;-59
Tue  9 Aug 18:35:40 UTC 2016;4A4ECE60-7EB0-11E4-B4A9-0800200C9A66;30125;19;-59
Tue  9 Aug 18:35:42 UTC 2016;4A4ECE60-7EB0-11E4-B4A9-0800200C9A66;30125;19;-59
Tue  9 Aug 18:35:43 UTC 2016;4A4ECE60-7EB0-11E4-B4A9-0800200C9A66;30000;19;-59
Tue  9 Aug 18:35:44 UTC 2016;4A4ECE60-7EB0-11E4-B4A9-0800200C9A66;30000;19;-59
Tue  9 Aug 18:35:46 UTC 2016;4A4ECE60-7EB0-11E4-B4A9-0800200C9A66;30000;19;-59
Tue  9 Aug 18:35:49 UTC 2016;4A4ECE60-7EB0-11E4-B4A9-0800200C9A66;30000;19;-59
Tue  9 Aug 18:35:50 UTC 2016;4A4ECE60-7EB0-11E4-B4A9-0800200C9A66;30000;19;-59
Tue  9 Aug 18:35:53 UTC 2016;4A4ECE60-7EB0-11E4-B4A9-0800200C9A66;30000;19;-59
Tue  9 Aug 18:35:55 UTC 2016;4A4ECE60-7EB0-11E4-B4A9-0800200C9A66;29937;19;-59
Tue  9 Aug 18:35:57 UTC 2016;4A4ECE60-7EB0-11E4-B4A9-0800200C9A66;29937;19;-59
Tue  9 Aug 18:35:58 UTC 2016;4A4ECE60-7EB0-11E4-B4A9-0800200C9A66;29937;19;-59
Tue  9 Aug 18:35:59 UTC 2016;4A4ECE60-7EB0-11E4-B4A9-0800200C9A66;29937;19;-59
Tue  9 Aug 18:36:00 UTC 2016;4A4ECE60-7EB0-11E4-B4A9-0800200C9A66;30062;19;-59
Tue  9 Aug 18:36:02 UTC 2016;4A4ECE60-7EB0-11E4-B4A9-0800200C9A66;30062;19;-59
Tue  9 Aug 18:36:03 UTC 2016;4A4ECE60-7EB0-11E4-B4A9-0800200C9A66;30062;19;-59
Tue  9 Aug 18:36:04 UTC 2016;4A4ECE60-7EB0-11E4-B4A9-0800200C9A66;30062;19;-59
Tue  9 Aug 18:36:07 UTC 2016;4A4ECE60-7EB0-11E4-B4A9-0800200C9A66;30062;19;-59
Tue  9 Aug 18:36:08 UTC 2016;4A4ECE60-7EB0-11E4-B4A9-0800200C9A66;30062;19;-59
Tue  9 Aug 18:36:11 UTC 2016;4A4ECE60-7EB0-11E4-B4A9-0800200C9A66;30062;19;-59
Tue  9 Aug 18:36:11 UTC 2016;4A4ECE60-7EB0-11E4-B4A9-0800200C9A66;30062;19;-59
Tue  9 Aug 18:36:12 UTC 2016;4A4ECE60-7EB0-11E4-B4A9-0800200C9A66;30062;19;-59
Tue  9 Aug 18:36:13 UTC 2016;4A4ECE60-7EB0-11E4-B4A9-0800200C9A66;30062;19;-59
Tue  9 Aug 18:36:15 UTC 2016;4A4ECE60-7EB0-11E4-B4A9-0800200C9A66;30062;19;-59
Tue  9 Aug 18:36:16 UTC 2016;4A4ECE60-7EB0-11E4-B4A9-0800200C9A66;30062;19;-59
Tue  9 Aug 18:36:17 UTC 2016;4A4ECE60-7EB0-11E4-B4A9-0800200C9A66;30062;19;-59
Tue  9 Aug 18:36:18 UTC 2016;4A4ECE60-7EB0-11E4-B4A9-0800200C9A66;30000;19;-59
Tue  9 Aug 18:36:20 UTC 2016;4A4ECE60-7EB0-11E4-B4A9-0800200C9A66;30000;19;-59
Tue  9 Aug 18:36:21 UTC 2016;4A4ECE60-7EB0-11E4-B4A9-0800200C9A66;30000;19;-59
Tue  9 Aug 18:36:22 UTC 2016;4A4ECE60-7EB0-11E4-B4A9-0800200C9A66;30000;19;-59
Tue  9 Aug 18:36:25 UTC 2016;4A4ECE60-7EB0-11E4-B4A9-0800200C9A66;30250;19;-59
Tue  9 Aug 18:36:26 UTC 2016;4A4ECE60-7EB0-11E4-B4A9-0800200C9A66;30250;19;-59
Tue  9 Aug 18:36:27 UTC 2016;4A4ECE60-7EB0-11E4-B4A9-0800200C9A66;30250;19;-59
Tue  9 Aug 18:36:30 UTC 2016;4A4ECE60-7EB0-11E4-B4A9-0800200C9A66;30250;19;-59
Tue  9 Aug 18:36:30 UTC 2016;4A4ECE60-7EB0-11E4-B4A9-0800200C9A66;30250;19;-59
Tue  9 Aug 18:36:31 UTC 2016;4A4ECE60-7EB0-11E4-B4A9-0800200C9A66;30437;19;-59
Tue  9 Aug 18:36:36 UTC 2016;4A4ECE60-7EB0-11E4-B4A9-0800200C9A66;30437;19;-59
Tue  9 Aug 18:36:37 UTC 2016;4A4ECE60-7EB0-11E4-B4A9-0800200C9A66;30312;19;-59
Tue  9 Aug 18:36:38 UTC 2016;4A4ECE60-7EB0-11E4-B4A9-0800200C9A66;30312;19;-59
Tue  9 Aug 18:36:39 UTC 2016;4A4ECE60-7EB0-11E4-B4A9-0800200C9A66;30312;19;-59
Tue  9 Aug 18:36:40 UTC 2016;4A4ECE60-7EB0-11E4-B4A9-0800200C9A66;30312;19;-59
Tue  9 Aug 18:37:02 UTC 2016;4A4ECE60-7EB0-11E4-B4A9-0800200C9A66;30250;19;-59
Tue  9 Aug 18:37:02 UTC 2016;4A4ECE60-7EB0-11E4-B4A9-0800200C9A66;30250;19;-59
Tue  9 Aug 18:37:02 UTC 2016;4A4ECE60-7EB0-11E4-B4A9-0800200C9A66;30250;19;-59
Tue  9 Aug 18:37:02 UTC 2016;4A4ECE60-7EB0-11E4-B4A9-0800200C9A66;30250;19;-59
Tue  9 Aug 18:37:02 UTC 2016;4A4ECE60-7EB0-11E4-B4A9-0800200C9A66;30062;19;-59
Tue  9 Aug 18:37:03 UTC 2016;4A4ECE60-7EB0-11E4-B4A9-0800200C9A66;30062;19;-59
Tue  9 Aug 18:37:03 UTC 2016;4A4ECE60-7EB0-11E4-B4A9-0800200C9A66;30062;19;-59
Tue  9 Aug 18:37:03 UTC 2016;4A4ECE60-7EB0-11E4-B4A9-0800200C9A66;29937;19;-59
Tue  9 Aug 18:38:04 UTC 2016;4A4ECE60-7EB0-11E4-B4A9-0800200C9A66;30437;19;-59
Tue  9 Aug 18:38:06 UTC 2016;4A4ECE60-7EB0-11E4-B4A9-0800200C9A66;30437;19;-59
Tue  9 Aug 18:38:09 UTC 2016;4A4ECE60-7EB0-11E4-B4A9-0800200C9A66;30437;19;-59
Tue  9 Aug 18:38:09 UTC 2016;4A4ECE60-7EB0-11E4-B4A9-0800200C9A66;30437;19;-59
Tue  9 Aug 18:38:10 UTC 2016;4A4ECE60-7EB0-11E4-B4A9-0800200C9A66;30437;19;-59
Tue  9 Aug 18:38:12 UTC 2016;4A4ECE60-7EB0-11E4-B4A9-0800200C9A66;30750;19;-59
Tue  9 Aug 18:38:14 UTC 2016;4A4ECE60-7EB0-11E4-B4A9-0800200C9A66;30750;19;-59
Tue  9 Aug 18:38:42 UTC 2016;4A4ECE60-7EB0-11E4-B4A9-0800200C9A66;29875;19;-59
Tue  9 Aug 18:38:44 UTC 2016;4A4ECE60-7EB0-11E4-B4A9-0800200C9A66;29875;19;-59
Tue  9 Aug 18:38:45 UTC 2016;4A4ECE60-7EB0-11E4-B4A9-0800200C9A66;29875;19;-59
Tue  9 Aug 18:38:46 UTC 2016;4A4ECE60-7EB0-11E4-B4A9-0800200C9A66;29875;19;-59
Tue  9 Aug 18:38:48 UTC 2016;4A4ECE60-7EB0-11E4-B4A9-0800200C9A66;29875;19;-59
Tue  9 Aug 18:38:49 UTC 2016;4A4ECE60-7EB0-11E4-B4A9-0800200C9A66;29875;19;-59
Tue  9 Aug 18:38:50 UTC 2016;4A4ECE60-7EB0-11E4-B4A9-0800200C9A66;29875;19;-59
